#
# There is insufficient memory for the Java Runtime Environment to continue.
# Native memory allocation (malloc) failed to allocate 981392 bytes for Chunk::new
# Possible reasons:
#   The system is out of physical RAM or swap space
#   The process is running with CompressedOops enabled, and the Java Heap may be blocking the growth of the native heap
# Possible solutions:
#   Reduce memory load on the system
#   Increase physical memory or swap space
#   Check if swap backing store is full
#   Decrease Java heap size (-Xmx/-Xms)
#   Decrease number of Java threads
#   Decrease Java thread stack sizes (-Xss)
#   Set larger code cache with -XX:ReservedCodeCacheSize=
#   JVM is running with Zero Based Compressed Oops mode in which the Java heap is
#     placed in the first 32GB address space. The Java Heap base address is the
#     maximum limit for the native heap growth. Please use -XX:HeapBaseMinAddress
#     to set the Java Heap base and to place the Java Heap above 32GB virtual address.
# This output file may be truncated or incomplete.
#
#  Out of Memory Error (arena.cpp:184), pid=22976, tid=19516
#
# JRE version: Java(TM) SE Runtime Environment (20.0.2+9) (build 20.0.2+9-78)
# Java VM: Java HotSpot(TM) 64-Bit Server VM (20.0.2+9-78, mixed mode, sharing, tiered, compressed oops, compressed class ptrs, g1 gc, windows-amd64)
# No core dump will be written. Minidumps are not enabled by default on client versions of Windows
#

---------------  S U M M A R Y ------------

Command Line: -javaagent:C:\Program Files\JetBrains\IntelliJ IDEA Community Edition 2023.2.2\lib\idea_rt.jar=51295:C:\Program Files\JetBrains\IntelliJ IDEA Community Edition 2023.2.2\bin -Dfile.encoding=UTF-8 -Dsun.stdout.encoding=UTF-8 -Dsun.stderr.encoding=UTF-8 --module-path=C:\Users\16473\.m2\repository\org\openjfx\javafx-controls\20.0.1\javafx-controls-20.0.1-win.jar;C:\Users\16473\Desktop\GraphicalUserInterface\target\classes;C:\Users\16473\.m2\repository\org\openjfx\javafx-graphics\20.0.1\javafx-graphics-20.0.1-win.jar;C:\Users\16473\.m2\repository\org\openjfx\javafx-base\20.0.1\javafx-base-20.0.1-win.jar;C:\Users\16473\.m2\repository\org\openjfx\javafx-fxml\20.0.1\javafx-fxml-20.0.1-win.jar -Djdk.module.main=com.example.graphicaluserinterface com.example.graphicaluserinterface/com.example.graphicaluserinterface.MySQLChartApp

Host: 12th Gen Intel(R) Core(TM) i7-1255U, 12 cores, 11G,  Windows 11 , 64 bit Build 22621 (10.0.22621.3085)
Time: Thu Feb 29 23:56:28 2024 Eastern Standard Time elapsed time: 1.359369 seconds (0d 0h 0m 1s)

---------------  T H R E A D  ---------------

Current thread (0x0000018fc18f2c80):  JavaThread "C2 CompilerThread0" daemon [_thread_in_native, id=19516, stack(0x0000000e8f000000,0x0000000e8f100000)]


Current CompileTask:
C2:   1359 1738       4       java.io.DataInputStream::readUTF (501 bytes)

Stack: [0x0000000e8f000000,0x0000000e8f100000]
Native frames: (J=compiled Java code, j=interpreted, Vv=VM code, C=native code)
V  [jvm.dll+0x6bc25a]
V  [jvm.dll+0x84971a]
V  [jvm.dll+0x84b315]
V  [jvm.dll+0x84ba13]
V  [jvm.dll+0x280e4f]
V  [jvm.dll+0xc2ab1]
V  [jvm.dll+0xc2dd5]
V  [jvm.dll+0x3bb64c]
V  [jvm.dll+0x385b75]
V  [jvm.dll+0x384fea]
V  [jvm.dll+0x24b529]
V  [jvm.dll+0x24a921]
V  [jvm.dll+0x1ce761]
V  [jvm.dll+0x25a0eb]
V  [jvm.dll+0x2587c0]
V  [jvm.dll+0x3f2dd5]
V  [jvm.dll+0x7f5c76]
V  [jvm.dll+0x6baecb]
C  [ucrtbase.dll+0x29363]
C  [KERNEL32.DLL+0x1257d]
C  [ntdll.dll+0x5aa58]


---------------  P R O C E S S  ---------------

Threads class SMR info:
_java_thread_list=0x00000190080229f0, length=20, elements={
0x0000018fa35f1b20, 0x0000018fc18e4a20, 0x0000018fc18e54c0, 0x0000018fc18e6bf0,
0x0000018fc18e8ce0, 0x0000018fc18f17c0, 0x0000018fc18f1e40, 0x0000018fc18f2c80,
0x0000018fc18f3ae0, 0x0000019006c85e40, 0x00000190071ef2f0, 0x00000190071ef840,
0x0000019006cc78a0, 0x00000190076f1fd0, 0x00000190076eeab0, 0x00000190076f0a90,
0x00000190076f0fe0, 0x00000190076f1530, 0x0000019007ebb010, 0x00000190080669a0
}

Java Threads: ( => current thread )
  0x0000018fa35f1b20 JavaThread "main" [_thread_blocked, id=23236, stack(0x0000000e8e300000,0x0000000e8e400000)]
  0x0000018fc18e4a20 JavaThread "Reference Handler" daemon [_thread_blocked, id=20888, stack(0x0000000e8ea00000,0x0000000e8eb00000)]
  0x0000018fc18e54c0 JavaThread "Finalizer" daemon [_thread_blocked, id=15928, stack(0x0000000e8eb00000,0x0000000e8ec00000)]
  0x0000018fc18e6bf0 JavaThread "Signal Dispatcher" daemon [_thread_blocked, id=33504, stack(0x0000000e8ec00000,0x0000000e8ed00000)]
  0x0000018fc18e8ce0 JavaThread "Attach Listener" daemon [_thread_blocked, id=2520, stack(0x0000000e8ed00000,0x0000000e8ee00000)]
  0x0000018fc18f17c0 JavaThread "Service Thread" daemon [_thread_blocked, id=34920, stack(0x0000000e8ee00000,0x0000000e8ef00000)]
  0x0000018fc18f1e40 JavaThread "Monitor Deflation Thread" daemon [_thread_blocked, id=8428, stack(0x0000000e8ef00000,0x0000000e8f000000)]
=>0x0000018fc18f2c80 JavaThread "C2 CompilerThread0" daemon [_thread_in_native, id=19516, stack(0x0000000e8f000000,0x0000000e8f100000)]
  0x0000018fc18f3ae0 JavaThread "C1 CompilerThread0" daemon [_thread_in_native, id=19116, stack(0x0000000e8f100000,0x0000000e8f200000)]
  0x0000019006c85e40 JavaThread "Common-Cleaner" daemon [_thread_blocked, id=30680, stack(0x0000000e8f200000,0x0000000e8f300000)]
  0x00000190071ef2f0 JavaThread "Monitor Ctrl-Break" daemon [_thread_in_native, id=23348, stack(0x0000000e8f500000,0x0000000e8f600000)]
  0x00000190071ef840 JavaThread "Notification Thread" daemon [_thread_blocked, id=15044, stack(0x0000000e8f600000,0x0000000e8f700000)]
  0x0000019006cc78a0 JavaThread "QuantumRenderer-0" daemon [_thread_blocked, id=27152, stack(0x0000000e8f300000,0x0000000e8f400000)]
  0x00000190076f1fd0 JavaThread "InvokeLaterDispatcher" daemon [_thread_blocked, id=22212, stack(0x0000000e8fb00000,0x0000000e8fc00000)]
  0x00000190076eeab0 JavaThread "JavaFX Application Thread" [_thread_in_Java, id=1440, stack(0x0000000e8fc00000,0x0000000e8fd00000)]
  0x00000190076f0a90 JavaThread "Thread-1" daemon [_thread_in_native, id=24924, stack(0x0000000e8fd00000,0x0000000e8fe00000)]
  0x00000190076f0fe0 JavaThread "JavaFX-Launcher" [_thread_blocked, id=23788, stack(0x0000000e8fe00000,0x0000000e8ff00000)]
  0x00000190076f1530 JavaThread "mysql-cj-abandoned-connection-cleanup" daemon [_thread_blocked, id=34392, stack(0x0000000e8ff00000,0x0000000e90000000)]
  0x0000019007ebb010 JavaThread "C2 CompilerThread1" daemon [_thread_in_native, id=14364, stack(0x0000000e90500000,0x0000000e90600000)]
  0x00000190080669a0 JavaThread "C2 CompilerThread2" daemon [_thread_in_native, id=23908, stack(0x0000000e90600000,0x0000000e90700000)]

Other Threads:
  0x0000018fc18c49f0 VMThread "VM Thread" [stack: 0x0000000e8e900000,0x0000000e8ea00000] [id=32200]
  0x00000190071302b0 WatcherThread "VM Periodic Task Thread" [stack: 0x0000000e8f700000,0x0000000e8f800000] [id=27464]
  0x0000018fa364dcf0 WorkerThread "GC Thread#0" [stack: 0x0000000e8e400000,0x0000000e8e500000] [id=27928]
  0x0000019007d02150 WorkerThread "GC Thread#1" [stack: 0x0000000e90000000,0x0000000e90100000] [id=17752]
  0x0000019007d7f8c0 WorkerThread "GC Thread#2" [stack: 0x0000000e90100000,0x0000000e90200000] [id=32100]
  0x0000019007d7f320 WorkerThread "GC Thread#3" [stack: 0x0000000e90200000,0x0000000e90300000] [id=28252]
  0x0000019007d7f5f0 WorkerThread "GC Thread#4" [stack: 0x0000000e90300000,0x0000000e90400000] [id=19068]
  0x0000019007d806d0 WorkerThread "GC Thread#5" [stack: 0x0000000e90400000,0x0000000e90500000] [id=34264]
  0x0000018fa365a750 ConcurrentGCThread "G1 Main Marker" [stack: 0x0000000e8e500000,0x0000000e8e600000] [id=23568]
  0x0000018fa365b080 WorkerThread "G1 Conc#0" [stack: 0x0000000e8e600000,0x0000000e8e700000] [id=15108]
  0x0000018fa36adf20 ConcurrentGCThread "G1 Refine#0" [stack: 0x0000000e8e700000,0x0000000e8e800000] [id=29112]
  0x0000018fa36ae8c0 ConcurrentGCThread "G1 Service" [stack: 0x0000000e8e800000,0x0000000e8e900000] [id=31776]

Threads with active compile tasks:
C2 CompilerThread0     1381 1738       4       java.io.DataInputStream::readUTF (501 bytes)
C1 CompilerThread0     1381 1832       3       java.util.HashMap$TreeNode::find (172 bytes)
C2 CompilerThread1     1381 1830       4       java.io.DataInputStream::readFully (59 bytes)
C2 CompilerThread2     1381 1829       4       java.util.HashMap::getNode (150 bytes)

VM state: not at safepoint (normal execution)

VM Mutex/Monitor currently owned by a thread: None

Heap address: 0x0000000744400000, size: 3004 MB, Compressed Oops mode: Zero based, Oop shift amount: 3

CDS archive(s) mapped at: [0x0000018fc1c00000-0x0000018fc2860000-0x0000018fc2860000), size 12976128, SharedBaseAddress: 0x0000018fc1c00000, ArchiveRelocationMode: 1.
Compressed class space mapped at: 0x0000018fc2c00000-0x0000019002c00000, reserved size: 1073741824
Narrow klass base: 0x0000018fc1c00000, Narrow klass shift: 0, Narrow klass range: 0x100000000

GC Precious Log:
 CardTable entry size: 512
 Card Set container configuration: InlinePtr #cards 4 size 8 Array Of Cards #cards 16 size 48 Howl #buckets 8 coarsen threshold 3686 Howl Bitmap #cards 512 size 80 coarsen threshold 460 Card regions per heap region 1 cards per card region 4096
 CPUs: 12 total, 12 available
 Memory: 12012M
 Large Page Support: Disabled
 NUMA Support: Disabled
 Compressed Oops: Enabled (Zero based)
 Heap Region Size: 2M
 Heap Min Capacity: 8M
 Heap Initial Capacity: 188M
 Heap Max Capacity: 3004M
 Pre-touch: Disabled
 Parallel Workers: 10
 Concurrent Workers: 3
 Concurrent Refinement Workers: 10
 Periodic GC: Disabled

Heap:
 garbage-first heap   total 192512K, used 23114K [0x0000000744400000, 0x0000000800000000)
  region size 2048K, 13 young (26624K), 2 survivors (4096K)
 Metaspace       used 15595K, committed 15808K, reserved 1114112K
  class space    used 1872K, committed 1984K, reserved 1048576K

Heap Regions: E=young(eden), S=young(survivor), O=old, HS=humongous(starts), HC=humongous(continues), CS=collection set, F=free, OA=open archive, CA=closed archive, TAMS=top-at-mark-start, PB=parsable bottom
|   0|0x0000000744400000, 0x0000000744400000, 0x0000000744600000|  0%| F|  |TAMS 0x0000000744400000| PB 0x0000000744400000| Untracked 
|   1|0x0000000744600000, 0x0000000744600000, 0x0000000744800000|  0%| F|  |TAMS 0x0000000744600000| PB 0x0000000744600000| Untracked 
|   2|0x0000000744800000, 0x0000000744800000, 0x0000000744a00000|  0%| F|  |TAMS 0x0000000744800000| PB 0x0000000744800000| Untracked 
|   3|0x0000000744a00000, 0x0000000744a00000, 0x0000000744c00000|  0%| F|  |TAMS 0x0000000744a00000| PB 0x0000000744a00000| Untracked 
|   4|0x0000000744c00000, 0x0000000744c00000, 0x0000000744e00000|  0%| F|  |TAMS 0x0000000744c00000| PB 0x0000000744c00000| Untracked 
|   5|0x0000000744e00000, 0x0000000744e00000, 0x0000000745000000|  0%| F|  |TAMS 0x0000000744e00000| PB 0x0000000744e00000| Untracked 
|   6|0x0000000745000000, 0x0000000745000000, 0x0000000745200000|  0%| F|  |TAMS 0x0000000745000000| PB 0x0000000745000000| Untracked 
|   7|0x0000000745200000, 0x0000000745200000, 0x0000000745400000|  0%| F|  |TAMS 0x0000000745200000| PB 0x0000000745200000| Untracked 
|   8|0x0000000745400000, 0x0000000745400000, 0x0000000745600000|  0%| F|  |TAMS 0x0000000745400000| PB 0x0000000745400000| Untracked 
|   9|0x0000000745600000, 0x0000000745600000, 0x0000000745800000|  0%| F|  |TAMS 0x0000000745600000| PB 0x0000000745600000| Untracked 
|  10|0x0000000745800000, 0x0000000745800000, 0x0000000745a00000|  0%| F|  |TAMS 0x0000000745800000| PB 0x0000000745800000| Untracked 
|  11|0x0000000745a00000, 0x0000000745a00000, 0x0000000745c00000|  0%| F|  |TAMS 0x0000000745a00000| PB 0x0000000745a00000| Untracked 
|  12|0x0000000745c00000, 0x0000000745c00000, 0x0000000745e00000|  0%| F|  |TAMS 0x0000000745c00000| PB 0x0000000745c00000| Untracked 
|  13|0x0000000745e00000, 0x0000000745e00000, 0x0000000746000000|  0%| F|  |TAMS 0x0000000745e00000| PB 0x0000000745e00000| Untracked 
|  14|0x0000000746000000, 0x0000000746000000, 0x0000000746200000|  0%| F|  |TAMS 0x0000000746000000| PB 0x0000000746000000| Untracked 
|  15|0x0000000746200000, 0x0000000746200000, 0x0000000746400000|  0%| F|  |TAMS 0x0000000746200000| PB 0x0000000746200000| Untracked 
|  16|0x0000000746400000, 0x0000000746400000, 0x0000000746600000|  0%| F|  |TAMS 0x0000000746400000| PB 0x0000000746400000| Untracked 
|  17|0x0000000746600000, 0x0000000746600000, 0x0000000746800000|  0%| F|  |TAMS 0x0000000746600000| PB 0x0000000746600000| Untracked 
|  18|0x0000000746800000, 0x0000000746800000, 0x0000000746a00000|  0%| F|  |TAMS 0x0000000746800000| PB 0x0000000746800000| Untracked 
|  19|0x0000000746a00000, 0x0000000746a00000, 0x0000000746c00000|  0%| F|  |TAMS 0x0000000746a00000| PB 0x0000000746a00000| Untracked 
|  20|0x0000000746c00000, 0x0000000746c00000, 0x0000000746e00000|  0%| F|  |TAMS 0x0000000746c00000| PB 0x0000000746c00000| Untracked 
|  21|0x0000000746e00000, 0x0000000746e00000, 0x0000000747000000|  0%| F|  |TAMS 0x0000000746e00000| PB 0x0000000746e00000| Untracked 
|  22|0x0000000747000000, 0x0000000747000000, 0x0000000747200000|  0%| F|  |TAMS 0x0000000747000000| PB 0x0000000747000000| Untracked 
|  23|0x0000000747200000, 0x0000000747200000, 0x0000000747400000|  0%| F|  |TAMS 0x0000000747200000| PB 0x0000000747200000| Untracked 
|  24|0x0000000747400000, 0x0000000747400000, 0x0000000747600000|  0%| F|  |TAMS 0x0000000747400000| PB 0x0000000747400000| Untracked 
|  25|0x0000000747600000, 0x0000000747600000, 0x0000000747800000|  0%| F|  |TAMS 0x0000000747600000| PB 0x0000000747600000| Untracked 
|  26|0x0000000747800000, 0x0000000747800000, 0x0000000747a00000|  0%| F|  |TAMS 0x0000000747800000| PB 0x0000000747800000| Untracked 
|  27|0x0000000747a00000, 0x0000000747a00000, 0x0000000747c00000|  0%| F|  |TAMS 0x0000000747a00000| PB 0x0000000747a00000| Untracked 
|  28|0x0000000747c00000, 0x0000000747c00000, 0x0000000747e00000|  0%| F|  |TAMS 0x0000000747c00000| PB 0x0000000747c00000| Untracked 
|  29|0x0000000747e00000, 0x0000000747e00000, 0x0000000748000000|  0%| F|  |TAMS 0x0000000747e00000| PB 0x0000000747e00000| Untracked 
|  30|0x0000000748000000, 0x0000000748000000, 0x0000000748200000|  0%| F|  |TAMS 0x0000000748000000| PB 0x0000000748000000| Untracked 
|  31|0x0000000748200000, 0x0000000748200000, 0x0000000748400000|  0%| F|  |TAMS 0x0000000748200000| PB 0x0000000748200000| Untracked 
|  32|0x0000000748400000, 0x0000000748400000, 0x0000000748600000|  0%| F|  |TAMS 0x0000000748400000| PB 0x0000000748400000| Untracked 
|  33|0x0000000748600000, 0x0000000748600000, 0x0000000748800000|  0%| F|  |TAMS 0x0000000748600000| PB 0x0000000748600000| Untracked 
|  34|0x0000000748800000, 0x0000000748800000, 0x0000000748a00000|  0%| F|  |TAMS 0x0000000748800000| PB 0x0000000748800000| Untracked 
|  35|0x0000000748a00000, 0x0000000748a00000, 0x0000000748c00000|  0%| F|  |TAMS 0x0000000748a00000| PB 0x0000000748a00000| Untracked 
|  36|0x0000000748c00000, 0x0000000748c00000, 0x0000000748e00000|  0%| F|  |TAMS 0x0000000748c00000| PB 0x0000000748c00000| Untracked 
|  37|0x0000000748e00000, 0x0000000748e00000, 0x0000000749000000|  0%| F|  |TAMS 0x0000000748e00000| PB 0x0000000748e00000| Untracked 
|  38|0x0000000749000000, 0x0000000749000000, 0x0000000749200000|  0%| F|  |TAMS 0x0000000749000000| PB 0x0000000749000000| Untracked 
|  39|0x0000000749200000, 0x0000000749200000, 0x0000000749400000|  0%| F|  |TAMS 0x0000000749200000| PB 0x0000000749200000| Untracked 
|  40|0x0000000749400000, 0x0000000749400000, 0x0000000749600000|  0%| F|  |TAMS 0x0000000749400000| PB 0x0000000749400000| Untracked 
|  41|0x0000000749600000, 0x0000000749600000, 0x0000000749800000|  0%| F|  |TAMS 0x0000000749600000| PB 0x0000000749600000| Untracked 
|  42|0x0000000749800000, 0x0000000749800000, 0x0000000749a00000|  0%| F|  |TAMS 0x0000000749800000| PB 0x0000000749800000| Untracked 
|  43|0x0000000749a00000, 0x0000000749a00000, 0x0000000749c00000|  0%| F|  |TAMS 0x0000000749a00000| PB 0x0000000749a00000| Untracked 
|  44|0x0000000749c00000, 0x0000000749c00000, 0x0000000749e00000|  0%| F|  |TAMS 0x0000000749c00000| PB 0x0000000749c00000| Untracked 
|  45|0x0000000749e00000, 0x0000000749e00000, 0x000000074a000000|  0%| F|  |TAMS 0x0000000749e00000| PB 0x0000000749e00000| Untracked 
|  46|0x000000074a000000, 0x000000074a000000, 0x000000074a200000|  0%| F|  |TAMS 0x000000074a000000| PB 0x000000074a000000| Untracked 
|  47|0x000000074a200000, 0x000000074a200000, 0x000000074a400000|  0%| F|  |TAMS 0x000000074a200000| PB 0x000000074a200000| Untracked 
|  48|0x000000074a400000, 0x000000074a400000, 0x000000074a600000|  0%| F|  |TAMS 0x000000074a400000| PB 0x000000074a400000| Untracked 
|  49|0x000000074a600000, 0x000000074a600000, 0x000000074a800000|  0%| F|  |TAMS 0x000000074a600000| PB 0x000000074a600000| Untracked 
|  50|0x000000074a800000, 0x000000074a800000, 0x000000074aa00000|  0%| F|  |TAMS 0x000000074a800000| PB 0x000000074a800000| Untracked 
|  51|0x000000074aa00000, 0x000000074aa00000, 0x000000074ac00000|  0%| F|  |TAMS 0x000000074aa00000| PB 0x000000074aa00000| Untracked 
|  52|0x000000074ac00000, 0x000000074ac00000, 0x000000074ae00000|  0%| F|  |TAMS 0x000000074ac00000| PB 0x000000074ac00000| Untracked 
|  53|0x000000074ae00000, 0x000000074ae00000, 0x000000074b000000|  0%| F|  |TAMS 0x000000074ae00000| PB 0x000000074ae00000| Untracked 
|  54|0x000000074b000000, 0x000000074b000000, 0x000000074b200000|  0%| F|  |TAMS 0x000000074b000000| PB 0x000000074b000000| Untracked 
|  55|0x000000074b200000, 0x000000074b200000, 0x000000074b400000|  0%| F|  |TAMS 0x000000074b200000| PB 0x000000074b200000| Untracked 
|  56|0x000000074b400000, 0x000000074b400000, 0x000000074b600000|  0%| F|  |TAMS 0x000000074b400000| PB 0x000000074b400000| Untracked 
|  57|0x000000074b600000, 0x000000074b600000, 0x000000074b800000|  0%| F|  |TAMS 0x000000074b600000| PB 0x000000074b600000| Untracked 
|  58|0x000000074b800000, 0x000000074b800000, 0x000000074ba00000|  0%| F|  |TAMS 0x000000074b800000| PB 0x000000074b800000| Untracked 
|  59|0x000000074ba00000, 0x000000074ba00000, 0x000000074bc00000|  0%| F|  |TAMS 0x000000074ba00000| PB 0x000000074ba00000| Untracked 
|  60|0x000000074bc00000, 0x000000074bc00000, 0x000000074be00000|  0%| F|  |TAMS 0x000000074bc00000| PB 0x000000074bc00000| Untracked 
|  61|0x000000074be00000, 0x000000074be00000, 0x000000074c000000|  0%| F|  |TAMS 0x000000074be00000| PB 0x000000074be00000| Untracked 
|  62|0x000000074c000000, 0x000000074c000000, 0x000000074c200000|  0%| F|  |TAMS 0x000000074c000000| PB 0x000000074c000000| Untracked 
|  63|0x000000074c200000, 0x000000074c200000, 0x000000074c400000|  0%| F|  |TAMS 0x000000074c200000| PB 0x000000074c200000| Untracked 
|  64|0x000000074c400000, 0x000000074c400000, 0x000000074c600000|  0%| F|  |TAMS 0x000000074c400000| PB 0x000000074c400000| Untracked 
|  65|0x000000074c600000, 0x000000074c600000, 0x000000074c800000|  0%| F|  |TAMS 0x000000074c600000| PB 0x000000074c600000| Untracked 
|  66|0x000000074c800000, 0x000000074c800000, 0x000000074ca00000|  0%| F|  |TAMS 0x000000074c800000| PB 0x000000074c800000| Untracked 
|  67|0x000000074ca00000, 0x000000074ca00000, 0x000000074cc00000|  0%| F|  |TAMS 0x000000074ca00000| PB 0x000000074ca00000| Untracked 
|  68|0x000000074cc00000, 0x000000074cc00000, 0x000000074ce00000|  0%| F|  |TAMS 0x000000074cc00000| PB 0x000000074cc00000| Untracked 
|  69|0x000000074ce00000, 0x000000074ce00000, 0x000000074d000000|  0%| F|  |TAMS 0x000000074ce00000| PB 0x000000074ce00000| Untracked 
|  70|0x000000074d000000, 0x000000074d000000, 0x000000074d200000|  0%| F|  |TAMS 0x000000074d000000| PB 0x000000074d000000| Untracked 
|  71|0x000000074d200000, 0x000000074d200000, 0x000000074d400000|  0%| F|  |TAMS 0x000000074d200000| PB 0x000000074d200000| Untracked 
|  72|0x000000074d400000, 0x000000074d400000, 0x000000074d600000|  0%| F|  |TAMS 0x000000074d400000| PB 0x000000074d400000| Untracked 
|  73|0x000000074d600000, 0x000000074d600000, 0x000000074d800000|  0%| F|  |TAMS 0x000000074d600000| PB 0x000000074d600000| Untracked 
|  74|0x000000074d800000, 0x000000074d800000, 0x000000074da00000|  0%| F|  |TAMS 0x000000074d800000| PB 0x000000074d800000| Untracked 
|  75|0x000000074da00000, 0x000000074da00000, 0x000000074dc00000|  0%| F|  |TAMS 0x000000074da00000| PB 0x000000074da00000| Untracked 
|  76|0x000000074dc00000, 0x000000074dc00000, 0x000000074de00000|  0%| F|  |TAMS 0x000000074dc00000| PB 0x000000074dc00000| Untracked 
|  77|0x000000074de00000, 0x000000074de00000, 0x000000074e000000|  0%| F|  |TAMS 0x000000074de00000| PB 0x000000074de00000| Untracked 
|  78|0x000000074e000000, 0x000000074e000000, 0x000000074e200000|  0%| F|  |TAMS 0x000000074e000000| PB 0x000000074e000000| Untracked 
|  79|0x000000074e200000, 0x000000074e200000, 0x000000074e400000|  0%| F|  |TAMS 0x000000074e200000| PB 0x000000074e200000| Untracked 
|  80|0x000000074e400000, 0x000000074e400000, 0x000000074e600000|  0%| F|  |TAMS 0x000000074e400000| PB 0x000000074e400000| Untracked 
|  81|0x000000074e600000, 0x000000074e692a70, 0x000000074e800000| 28%| S|CS|TAMS 0x000000074e600000| PB 0x000000074e600000| Complete 
|  82|0x000000074e800000, 0x000000074ea00000, 0x000000074ea00000|100%| S|CS|TAMS 0x000000074e800000| PB 0x000000074e800000| Complete 
|  83|0x000000074ea00000, 0x000000074ebee4c0, 0x000000074ec00000| 96%| E|  |TAMS 0x000000074ea00000| PB 0x000000074ea00000| Complete 
|  84|0x000000074ec00000, 0x000000074ee00000, 0x000000074ee00000|100%| E|CS|TAMS 0x000000074ec00000| PB 0x000000074ec00000| Complete 
|  85|0x000000074ee00000, 0x000000074f000000, 0x000000074f000000|100%| E|CS|TAMS 0x000000074ee00000| PB 0x000000074ee00000| Complete 
|  86|0x000000074f000000, 0x000000074f200000, 0x000000074f200000|100%| E|CS|TAMS 0x000000074f000000| PB 0x000000074f000000| Complete 
|  87|0x000000074f200000, 0x000000074f400000, 0x000000074f400000|100%| E|CS|TAMS 0x000000074f200000| PB 0x000000074f200000| Complete 
|  88|0x000000074f400000, 0x000000074f600000, 0x000000074f600000|100%| E|CS|TAMS 0x000000074f400000| PB 0x000000074f400000| Complete 
|  89|0x000000074f600000, 0x000000074f800000, 0x000000074f800000|100%| E|CS|TAMS 0x000000074f600000| PB 0x000000074f600000| Complete 
|  90|0x000000074f800000, 0x000000074fa00000, 0x000000074fa00000|100%| E|CS|TAMS 0x000000074f800000| PB 0x000000074f800000| Complete 
|  91|0x000000074fa00000, 0x000000074fc00000, 0x000000074fc00000|100%| E|CS|TAMS 0x000000074fa00000| PB 0x000000074fa00000| Complete 
|  92|0x000000074fc00000, 0x000000074fe00000, 0x000000074fe00000|100%| E|CS|TAMS 0x000000074fc00000| PB 0x000000074fc00000| Complete 
|  93|0x000000074fe00000, 0x0000000750000000, 0x0000000750000000|100%| E|CS|TAMS 0x000000074fe00000| PB 0x000000074fe00000| Complete 

Card table byte_map: [0x0000018fbb1f0000,0x0000018fbb7d0000] _byte_map_base: 0x0000018fb77ce000

Marking Bits: (CMBitMap*) 0x0000018fa364e230
 Bits: [0x0000018fbbdb0000, 0x0000018fbeca0000)

Polling page: 0x0000018fa2db0000

Metaspace:

Usage:
  Non-class:     13.41 MB used.
      Class:      1.83 MB used.
       Both:     15.24 MB used.

Virtual space:
  Non-class space:       64.00 MB reserved,      13.56 MB ( 21%) committed,  1 nodes.
      Class space:        1.00 GB reserved,       1.94 MB ( <1%) committed,  1 nodes.
             Both:        1.06 GB reserved,      15.50 MB (  1%) committed. 

Chunk freelists:
   Non-Class:  2.17 MB
       Class:  2.11 MB
        Both:  4.28 MB

MaxMetaspaceSize: unlimited
CompressedClassSpaceSize: 1.00 GB
Initial GC threshold: 21.00 MB
Current GC threshold: 21.00 MB
CDS: on
MetaspaceReclaimPolicy: balanced
 - commit_granule_bytes: 65536.
 - commit_granule_words: 8192.
 - virtual_space_node_default_size: 8388608.
 - enlarge_chunks_in_place: 1.
 - new_chunks_are_fully_committed: 0.
 - uncommit_free_chunks: 1.
 - use_allocation_guard: 0.


Internal statistics:

num_allocs_failed_limit: 0.
num_arena_births: 186.
num_arena_deaths: 0.
num_vsnodes_births: 2.
num_vsnodes_deaths: 0.
num_space_committed: 248.
num_space_uncommitted: 0.
num_chunks_returned_to_freelist: 0.
num_chunks_taken_from_freelist: 534.
num_chunk_merges: 0.
num_chunk_splits: 368.
num_chunks_enlarged: 276.
num_inconsistent_stats: 0.

CodeHeap 'non-profiled nmethods': size=120000Kb used=750Kb max_used=750Kb free=119249Kb
 bounds [0x0000018fb3190000, 0x0000018fb3400000, 0x0000018fba6c0000]
CodeHeap 'profiled nmethods': size=120000Kb used=3170Kb max_used=3170Kb free=116830Kb
 bounds [0x0000018fab6c0000, 0x0000018fab9e0000, 0x0000018fb2bf0000]
CodeHeap 'non-nmethods': size=5760Kb used=1634Kb max_used=1662Kb free=4125Kb
 bounds [0x0000018fb2bf0000, 0x0000018fb2e60000, 0x0000018fb3190000]
 total_blobs=2470 nmethods=1837 adapters=543
 compilation: enabled
              stopped_count=0, restarted_count=0
 full_count=0

Compilation events (20 events):
Event: 1.338 Thread 0x0000018fc18f3ae0 nmethod 1776 0x0000018fab9b0890 code [0x0000018fab9b0a40, 0x0000018fab9b0ce8]
Event: 1.338 Thread 0x0000018fc18f3ae0 1777       3       java.util.AbstractList$SubList$1::nextIndex (18 bytes)
Event: 1.339 Thread 0x0000018fc18f3ae0 nmethod 1777 0x0000018fab9b0e10 code [0x0000018fab9b0fa0, 0x0000018fab9b1190]
Event: 1.339 Thread 0x0000018fc18f3ae0 1778   !   3       java.util.AbstractList$Itr::next (46 bytes)
Event: 1.339 Thread 0x0000018fc18f3ae0 nmethod 1778 0x0000018fab9b1290 code [0x0000018fab9b1480, 0x0000018fab9b19d8]
Event: 1.339 Thread 0x0000018fc18f3ae0 1779       3       java.util.AbstractList$Itr::checkForComodification (23 bytes)
Event: 1.339 Thread 0x0000018fc18f3ae0 nmethod 1779 0x0000018fab9b1c10 code [0x0000018fab9b1da0, 0x0000018fab9b1f70]
Event: 1.339 Thread 0x0000018fc18f3ae0 1771       3       java.util.Collections::unmodifiableList (51 bytes)
Event: 1.340 Thread 0x0000018fc18f3ae0 nmethod 1771 0x0000018fab9b2090 code [0x0000018fab9b22c0, 0x0000018fab9b2e48]
Event: 1.340 Thread 0x0000018fc18f3ae0 1770       3       java.util.Collections$UnmodifiableRandomAccessList::<init> (6 bytes)
Event: 1.341 Thread 0x0000018fc18f3ae0 nmethod 1770 0x0000018fab9b3110 code [0x0000018fab9b32c0, 0x0000018fab9b36b8]
Event: 1.343 Thread 0x00000190080669a0 nmethod 1745 0x0000018fb3241290 code [0x0000018fb3241420, 0x0000018fb3241c88]
Event: 1.343 Thread 0x00000190080669a0 1773       4       java.util.ArrayList::get (15 bytes)
Event: 1.344 Thread 0x00000190080669a0 nmethod 1773 0x0000018fb3241f90 code [0x0000018fb3242100, 0x0000018fb3242200]
Event: 1.344 Thread 0x00000190080669a0 1741       4       java.util.zip.ZipEntry::<init> (84 bytes)
Event: 1.345 Thread 0x00000190080669a0 nmethod 1741 0x0000018fb3242310 code [0x0000018fb3242480, 0x0000018fb3242648]
Event: 1.352 Thread 0x0000018fc18f3ae0 1781       3       java.io.DataInputStream::readBoolean (13 bytes)
Event: 1.352 Thread 0x00000190080669a0 1780       4       java.io.DataInputStream::readShort (6 bytes)
Event: 1.352 Thread 0x0000018fc18f3ae0 nmethod 1781 0x0000018fab9b3810 code [0x0000018fab9b39c0, 0x0000018fab9b3d58]
Event: 1.354 Thread 0x0000018fc18f3ae0 1782   !   3       com.sun.javafx.css.ParsedValueImpl::readBinary (691 bytes)

GC Heap History (2 events):
Event: 0.745 GC heap before
{Heap before GC invocations=0 (full 0):
 garbage-first heap   total 192512K, used 20480K [0x0000000744400000, 0x0000000800000000)
  region size 2048K, 11 young (22528K), 0 survivors (0K)
 Metaspace       used 5393K, committed 5696K, reserved 1114112K
  class space    used 640K, committed 768K, reserved 1048576K
}
Event: 0.748 GC heap after
{Heap after GC invocations=1 (full 0):
 garbage-first heap   total 192512K, used 2634K [0x0000000744400000, 0x0000000800000000)
  region size 2048K, 2 young (4096K), 2 survivors (4096K)
 Metaspace       used 5393K, committed 5696K, reserved 1114112K
  class space    used 640K, committed 768K, reserved 1048576K
}

Dll operation events (20 events):
Event: 0.411 Loaded shared library C:\Users\16473\.openjfx\cache\20.0.1+2\amd64\api-ms-win-crt-math-l1-1-0.dll
Event: 0.416 Loaded shared library C:\Users\16473\.openjfx\cache\20.0.1+2\amd64\api-ms-win-crt-multibyte-l1-1-0.dll
Event: 0.420 Loaded shared library C:\Users\16473\.openjfx\cache\20.0.1+2\amd64\api-ms-win-crt-private-l1-1-0.dll
Event: 0.424 Loaded shared library C:\Users\16473\.openjfx\cache\20.0.1+2\amd64\api-ms-win-crt-process-l1-1-0.dll
Event: 0.427 Loaded shared library C:\Users\16473\.openjfx\cache\20.0.1+2\amd64\api-ms-win-crt-runtime-l1-1-0.dll
Event: 0.431 Loaded shared library C:\Users\16473\.openjfx\cache\20.0.1+2\amd64\api-ms-win-crt-stdio-l1-1-0.dll
Event: 0.434 Loaded shared library C:\Users\16473\.openjfx\cache\20.0.1+2\amd64\api-ms-win-crt-string-l1-1-0.dll
Event: 0.438 Loaded shared library C:\Users\16473\.openjfx\cache\20.0.1+2\amd64\api-ms-win-crt-time-l1-1-0.dll
Event: 0.442 Loaded shared library C:\Users\16473\.openjfx\cache\20.0.1+2\amd64\api-ms-win-crt-utility-l1-1-0.dll
Event: 0.457 Loaded shared library C:\Users\16473\.openjfx\cache\20.0.1+2\amd64\ucrtbase.dll
Event: 0.461 Loaded shared library C:\Users\16473\.openjfx\cache\20.0.1+2\amd64\vcruntime140.dll
Event: 0.465 Loaded shared library C:\Users\16473\.openjfx\cache\20.0.1+2\amd64\vcruntime140_1.dll
Event: 0.476 Loaded shared library C:\Users\16473\.openjfx\cache\20.0.1+2\amd64\msvcp140.dll
Event: 0.479 Loaded shared library C:\Users\16473\.openjfx\cache\20.0.1+2\amd64\msvcp140_1.dll
Event: 0.485 Loaded shared library C:\Users\16473\.openjfx\cache\20.0.1+2\amd64\msvcp140_2.dll
Event: 0.524 Loaded shared library C:\Users\16473\.openjfx\cache\20.0.1+2\amd64\prism_d3d.dll
Event: 0.612 Loaded shared library C:\Users\16473\.openjfx\cache\20.0.1+2\amd64\glass.dll
Event: 0.707 Loaded shared library C:\Program Files\Java\jdk-20\bin\jimage.dll
Event: 1.016 Loaded shared library C:\Program Files\Java\jdk-20\bin\sunmscapi.dll
Event: 1.309 Loaded shared library C:\Users\16473\.openjfx\cache\20.0.1+2\amd64\javafx_font.dll

Deoptimization events (20 events):
Event: 1.030 Thread 0x0000018fc18e8ce0 DEOPT PACKING pc=0x0000018fb3208164 sp=0x0000000e8edfe0d0
Event: 1.030 Thread 0x0000018fc18e8ce0 DEOPT UNPACKING pc=0x0000018fb2c59d22 sp=0x0000000e8edfe030 mode 2
Event: 1.036 Thread 0x0000018fc18e8ce0 Uncommon trap: trap_request=0xffffff45 fr.pc=0x0000018fb31fbc50 relative=0x0000000000000150
Event: 1.036 Thread 0x0000018fc18e8ce0 Uncommon trap: reason=unstable_if action=reinterpret pc=0x0000018fb31fbc50 method=java.util.concurrent.locks.ReentrantLock$NonfairSync.initialTryLock()Z @ 10 c2
Event: 1.036 Thread 0x0000018fc18e8ce0 DEOPT PACKING pc=0x0000018fb31fbc50 sp=0x0000000e8edfedd0
Event: 1.036 Thread 0x0000018fc18e8ce0 DEOPT UNPACKING pc=0x0000018fb2c59d22 sp=0x0000000e8edfed78 mode 2
Event: 1.036 Thread 0x0000018fc18e8ce0 Uncommon trap: trap_request=0xffffff45 fr.pc=0x0000018fb32097c8 relative=0x0000000000000128
Event: 1.036 Thread 0x0000018fc18e8ce0 Uncommon trap: reason=unstable_if action=reinterpret pc=0x0000018fb32097c8 method=java.util.concurrent.locks.ReentrantLock$Sync.tryRelease(I)Z @ 26 c2
Event: 1.036 Thread 0x0000018fc18e8ce0 DEOPT PACKING pc=0x0000018fb32097c8 sp=0x0000000e8edfee30
Event: 1.036 Thread 0x0000018fc18e8ce0 DEOPT UNPACKING pc=0x0000018fb2c59d22 sp=0x0000000e8edfecb0 mode 2
Event: 1.038 Thread 0x0000018fc18e8ce0 DEOPT PACKING pc=0x0000018fab79e6ae sp=0x0000000e8edfecf0
Event: 1.038 Thread 0x0000018fc18e8ce0 DEOPT UNPACKING pc=0x0000018fb2c5a4c2 sp=0x0000000e8edfe190 mode 0
Event: 1.039 Thread 0x0000018fc18e8ce0 Uncommon trap: trap_request=0xffffff45 fr.pc=0x0000018fb31fb854 relative=0x00000000000000d4
Event: 1.039 Thread 0x0000018fc18e8ce0 Uncommon trap: reason=unstable_if action=reinterpret pc=0x0000018fb31fb854 method=java.util.concurrent.locks.ReentrantLock$Sync.tryRelease(I)Z @ 26 c2
Event: 1.039 Thread 0x0000018fc18e8ce0 DEOPT PACKING pc=0x0000018fb31fb854 sp=0x0000000e8edfed80
Event: 1.039 Thread 0x0000018fc18e8ce0 DEOPT UNPACKING pc=0x0000018fb2c59d22 sp=0x0000000e8edfed20 mode 2
Event: 1.298 Thread 0x00000190076eeab0 Uncommon trap: trap_request=0xffffff45 fr.pc=0x0000018fb31a7248 relative=0x0000000000000048
Event: 1.298 Thread 0x00000190076eeab0 Uncommon trap: reason=unstable_if action=reinterpret pc=0x0000018fb31a7248 method=java.lang.StringLatin1.canEncode(I)Z @ 4 c2
Event: 1.298 Thread 0x00000190076eeab0 DEOPT PACKING pc=0x0000018fb31a7248 sp=0x0000000e8fcfbc10
Event: 1.298 Thread 0x00000190076eeab0 DEOPT UNPACKING pc=0x0000018fb2c59d22 sp=0x0000000e8fcfbba0 mode 2

Classes loaded (20 events):
Event: 1.254 Loading class java/io/InterruptedIOException
Event: 1.254 Loading class java/io/InterruptedIOException done
Event: 1.301 Loading class java/nio/charset/IllegalCharsetNameException
Event: 1.301 Loading class java/nio/charset/IllegalCharsetNameException done
Event: 1.301 Loading class java/io/FileNotFoundException
Event: 1.302 Loading class java/io/FileNotFoundException done
Event: 1.302 Loading class java/security/AccessControlException
Event: 1.302 Loading class java/security/AccessControlException done
Event: 1.304 Loading class java/text/CharacterIterator
Event: 1.304 Loading class java/text/CharacterIterator done
Event: 1.305 Loading class java/io/FilenameFilter
Event: 1.305 Loading class java/io/FilenameFilter done
Event: 1.335 Loading class java/util/AbstractList$RandomAccessSubList
Event: 1.335 Loading class java/util/AbstractList$SubList
Event: 1.335 Loading class java/util/AbstractList$SubList done
Event: 1.335 Loading class java/util/AbstractList$RandomAccessSubList done
Event: 1.337 Loading class java/util/AbstractList$SubList$1
Event: 1.337 Loading class java/util/AbstractList$SubList$1 done
Event: 1.337 Loading class java/util/AbstractList$ListItr
Event: 1.337 Loading class java/util/AbstractList$ListItr done

Classes unloaded (0 events):
No events

Classes redefined (0 events):
No events

Internal exceptions (20 events):
Event: 0.743 Thread 0x00000190076eeab0 Exception <a 'sun/nio/fs/WindowsException'{0x000000074ebf2098}> (0x000000074ebf2098) 
thrown [s\open\src\hotspot\share\prims\jni.cpp, line 519]
Event: 0.756 Thread 0x00000190076eeab0 Exception <a 'sun/nio/fs/WindowsException'{0x000000074fed7dc8}> (0x000000074fed7dc8) 
thrown [s\open\src\hotspot\share\prims\jni.cpp, line 519]
Event: 0.757 Thread 0x00000190076eeab0 Exception <a 'sun/nio/fs/WindowsException'{0x000000074fed9390}> (0x000000074fed9390) 
thrown [s\open\src\hotspot\share\prims\jni.cpp, line 519]
Event: 0.762 Thread 0x00000190076eeab0 Exception <a 'java/lang/NoSuchMethodError'{0x000000074feed328}: 'java.lang.Object java.lang.invoke.DirectMethodHandle$Holder.invokeVirtual(java.lang.Object, java.lang.Object, java.lang.Object)'> (0x000000074feed328) 
thrown [s\open\src\hotspot\share\interpreter\linkResolver.cpp, line 773]
Event: 0.817 Thread 0x00000190076eeab0 Exception <a 'sun/nio/fs/WindowsException'{0x000000074fde2918}> (0x000000074fde2918) 
thrown [s\open\src\hotspot\share\prims\jni.cpp, line 519]
Event: 0.888 Thread 0x00000190076eeab0 Exception <a 'sun/nio/fs/WindowsException'{0x000000074f88a8c8}> (0x000000074f88a8c8) 
thrown [s\open\src\hotspot\share\prims\jni.cpp, line 519]
Event: 0.888 Thread 0x00000190076eeab0 Exception <a 'java/lang/NoSuchMethodError'{0x000000074f891d38}: 'void java.lang.invoke.DirectMethodHandle$Holder.invokeStaticInit(java.lang.Object, java.lang.Object)'> (0x000000074f891d38) 
thrown [s\open\src\hotspot\share\interpreter\linkResolver.cpp, line 773]
Event: 0.922 Thread 0x00000190076eeab0 Exception <a 'sun/nio/fs/WindowsException'{0x000000074f99a368}> (0x000000074f99a368) 
thrown [s\open\src\hotspot\share\prims\jni.cpp, line 519]
Event: 0.929 Thread 0x00000190076eeab0 Exception <a 'sun/nio/fs/WindowsException'{0x000000074f9af5b0}> (0x000000074f9af5b0) 
thrown [s\open\src\hotspot\share\prims\jni.cpp, line 519]
Event: 0.954 Thread 0x00000190076eeab0 Exception <a 'java/lang/NoSuchMethodError'{0x000000074f64bfc8}: 'java.lang.Object java.lang.invoke.DirectMethodHandle$Holder.invokeStaticInit(java.lang.Object, int, int, int, int)'> (0x000000074f64bfc8) 
thrown [s\open\src\hotspot\share\interpreter\linkResolver.cpp, line 773]
Event: 0.998 Thread 0x00000190076eeab0 Exception <a 'java/lang/NoSuchMethodError'{0x000000074f6a0a38}: 'java.lang.Object java.lang.invoke.DirectMethodHandle$Holder.invokeStaticInit(java.lang.Object, java.lang.Object, int, int, int, int)'> (0x000000074f6a0a38) 
thrown [s\open\src\hotspot\share\interpreter\linkResolver.cpp, line 773]
Event: 1.051 Thread 0x00000190076eeab0 Exception <a 'java/lang/NoSuchMethodError'{0x000000074f7d1e28}: 'int java.lang.invoke.DirectMethodHandle$Holder.invokeSpecial(java.lang.Object, java.lang.Object, java.lang.Object)'> (0x000000074f7d1e28) 
thrown [s\open\src\hotspot\share\interpreter\linkResolver.cpp, line 773]
Event: 1.172 Thread 0x00000190076eeab0 Exception <a 'sun/nio/fs/WindowsException'{0x000000074f50a010}> (0x000000074f50a010) 
thrown [s\open\src\hotspot\share\prims\jni.cpp, line 519]
Event: 1.254 Thread 0x00000190076eeab0 Exception <a 'java/io/IOException'{0x000000074f39c720}> (0x000000074f39c720) 
thrown [s\open\src\hotspot\share\prims\jni.cpp, line 519]
Event: 1.254 Thread 0x00000190076eeab0 Exception <a 'java/lang/NoSuchMethodError'{0x000000074f39d510}: 'void java.lang.invoke.DirectMethodHandle$Holder.invokeInterface(java.lang.Object, java.lang.Object)'> (0x000000074f39d510) 
thrown [s\open\src\hotspot\share\interpreter\linkResolver.cpp, line 773]
Event: 1.282 Thread 0x00000190076eeab0 Exception <a 'java/lang/NoSuchMethodError'{0x000000074f1d22e0}: 'java.lang.Object java.lang.invoke.DirectMethodHandle$Holder.invokeStaticInit(java.lang.Object, java.lang.Object, java.lang.Object, java.lang.Object)'> (0x000000074f1d22e0) 
thrown [s\open\src\hotspot\share\interpreter\linkResolver.cpp, line 773]
Event: 1.282 Thread 0x00000190076eeab0 Exception <a 'java/lang/NullPointerException'{0x000000074f1dd8b0}> (0x000000074f1dd8b0) 
thrown [s\open\src\hotspot\share\interpreter\linkResolver.cpp, line 1373]
Event: 1.299 Thread 0x00000190076eeab0 Exception <a 'java/lang/ClassNotFoundException'{0x000000074ef7f3d8}: com/sun/glass/ui/win/themes> (0x000000074ef7f3d8) 
thrown [s\open\src\hotspot\share\prims\jni.cpp, line 538]
Event: 1.300 Thread 0x00000190076eeab0 Exception <a 'java/lang/ClassNotFoundException'{0x000000074ef8ab30}: com/sun/glass/ui/win/themes_en> (0x000000074ef8ab30) 
thrown [s\open\src\hotspot\share\prims\jni.cpp, line 538]
Event: 1.300 Thread 0x00000190076eeab0 Exception <a 'java/lang/ClassNotFoundException'{0x000000074ef926f0}: com/sun/glass/ui/win/themes_en_CA> (0x000000074ef926f0) 
thrown [s\open\src\hotspot\share\prims\jni.cpp, line 538]

VM Operations (20 events):
Event: 0.716 Executing VM operation: HandshakeAllThreads
Event: 0.716 Executing VM operation: HandshakeAllThreads done
Event: 0.720 Executing VM operation: HandshakeAllThreads
Event: 0.720 Executing VM operation: HandshakeAllThreads done
Event: 0.724 Executing VM operation: HandshakeAllThreads
Event: 0.724 Executing VM operation: HandshakeAllThreads done
Event: 0.741 Executing VM operation: HandshakeAllThreads
Event: 0.741 Executing VM operation: HandshakeAllThreads done
Event: 0.745 Executing VM operation: G1CollectForAllocation
Event: 0.748 Executing VM operation: G1CollectForAllocation done
Event: 0.757 Executing VM operation: HandshakeAllThreads
Event: 0.757 Executing VM operation: HandshakeAllThreads done
Event: 0.929 Executing VM operation: HandshakeAllThreads
Event: 0.929 Executing VM operation: HandshakeAllThreads done
Event: 0.943 Executing VM operation: HandshakeAllThreads
Event: 0.943 Executing VM operation: HandshakeAllThreads done
Event: 1.085 Executing VM operation: ICBufferFull
Event: 1.085 Executing VM operation: ICBufferFull done
Event: 1.164 Executing VM operation: HandshakeAllThreads
Event: 1.164 Executing VM operation: HandshakeAllThreads done

Events (20 events):
Event: 0.046 Thread 0x0000018fc18e8ce0 Thread added: 0x0000018fc18e8ce0
Event: 0.046 Thread 0x0000018fc18f17c0 Thread added: 0x0000018fc18f17c0
Event: 0.046 Thread 0x0000018fc18f1e40 Thread added: 0x0000018fc18f1e40
Event: 0.046 Thread 0x0000018fc18f2c80 Thread added: 0x0000018fc18f2c80
Event: 0.046 Thread 0x0000018fc18f3ae0 Thread added: 0x0000018fc18f3ae0
Event: 0.066 Thread 0x0000019006c85e40 Thread added: 0x0000019006c85e40
Event: 0.096 Thread 0x0000019006d4c9f0 Thread added: 0x0000019006d4c9f0
Event: 0.136 Thread 0x0000019006cc78a0 Thread added: 0x0000019006cc78a0
Event: 0.191 Thread 0x00000190071ef2f0 Thread added: 0x00000190071ef2f0
Event: 0.191 Thread 0x00000190071ef840 Thread added: 0x00000190071ef840
Event: 0.451 Thread 0x0000019006cc78a0 Thread exited: 0x0000019006cc78a0
Event: 0.452 Thread 0x0000019006d4c9f0 Thread exited: 0x0000019006d4c9f0
Event: 0.512 Thread 0x0000019006cc78a0 Thread added: 0x0000019006cc78a0
Event: 0.614 Thread 0x00000190076f1fd0 Thread added: 0x00000190076f1fd0
Event: 0.616 Thread 0x00000190076eeab0 Thread added: 0x00000190076eeab0
Event: 0.680 Thread 0x00000190076f0a90 Thread added: 0x00000190076f0a90
Event: 0.689 Thread 0x00000190076f0fe0 Thread added: 0x00000190076f0fe0
Event: 0.721 Thread 0x00000190076f1530 Thread added: 0x00000190076f1530
Event: 0.901 Thread 0x0000019007ebb010 Thread added: 0x0000019007ebb010
Event: 1.090 Thread 0x00000190080669a0 Thread added: 0x00000190080669a0


Dynamic libraries:
0x00007ff72f500000 - 0x00007ff72f510000 	C:\Program Files\Java\jdk-20\bin\java.exe
0x00007ff9e6e30000 - 0x00007ff9e7047000 	C:\WINDOWS\SYSTEM32\ntdll.dll
0x00007ff9e6060000 - 0x00007ff9e6124000 	C:\WINDOWS\System32\KERNEL32.DLL
0x00007ff9e4550000 - 0x00007ff9e48f6000 	C:\WINDOWS\System32\KERNELBASE.dll
0x00007ff9e4430000 - 0x00007ff9e4541000 	C:\WINDOWS\System32\ucrtbase.dll
0x00007ff9e0320000 - 0x00007ff9e0339000 	C:\Program Files\Java\jdk-20\bin\jli.dll
0x00007ff9e0300000 - 0x00007ff9e031b000 	C:\Program Files\Java\jdk-20\bin\VCRUNTIME140.dll
0x00007ff9e5610000 - 0x00007ff9e56c3000 	C:\WINDOWS\System32\ADVAPI32.dll
0x00007ff9e56e0000 - 0x00007ff9e5787000 	C:\WINDOWS\System32\msvcrt.dll
0x00007ff9e6d40000 - 0x00007ff9e6de8000 	C:\WINDOWS\System32\sechost.dll
0x00007ff9e43d0000 - 0x00007ff9e43f8000 	C:\WINDOWS\System32\bcrypt.dll
0x00007ff9e62e0000 - 0x00007ff9e63f7000 	C:\WINDOWS\System32\RPCRT4.dll
0x00007ff9e4ce0000 - 0x00007ff9e4e8e000 	C:\WINDOWS\System32\USER32.dll
0x00007ff9e4400000 - 0x00007ff9e4426000 	C:\WINDOWS\System32\win32u.dll
0x00007ff9e5580000 - 0x00007ff9e55a9000 	C:\WINDOWS\System32\GDI32.dll
0x00007ff9e4900000 - 0x00007ff9e4a18000 	C:\WINDOWS\System32\gdi32full.dll
0x00007ff9e4a20000 - 0x00007ff9e4aba000 	C:\WINDOWS\System32\msvcp_win.dll
0x00007ff9c4a60000 - 0x00007ff9c4cf3000 	C:\WINDOWS\WinSxS\amd64_microsoft.windows.common-controls_6595b64144ccf1df_6.0.22621.2506_none_270c5ae97388e100\COMCTL32.dll
0x00007ff9d8110000 - 0x00007ff9d811a000 	C:\WINDOWS\SYSTEM32\VERSION.dll
0x00007ff9e54e0000 - 0x00007ff9e5511000 	C:\WINDOWS\System32\IMM32.DLL
0x00007ff9e0850000 - 0x00007ff9e085c000 	C:\Program Files\Java\jdk-20\bin\vcruntime140_1.dll
0x00007ff9be640000 - 0x00007ff9be6ce000 	C:\Program Files\Java\jdk-20\bin\msvcp140.dll
0x00007ff977760000 - 0x00007ff9783f8000 	C:\Program Files\Java\jdk-20\bin\server\jvm.dll
0x00007ff9d7ed0000 - 0x00007ff9d7ed9000 	C:\WINDOWS\SYSTEM32\WSOCK32.dll
0x00007ff9e0cf0000 - 0x00007ff9e0d24000 	C:\WINDOWS\SYSTEM32\WINMM.dll
0x00007ff9e5e60000 - 0x00007ff9e5ed1000 	C:\WINDOWS\System32\WS2_32.dll
0x00007ff9e3200000 - 0x00007ff9e3218000 	C:\WINDOWS\SYSTEM32\kernel.appcore.dll
0x00007ff9e06a0000 - 0x00007ff9e06aa000 	C:\Program Files\Java\jdk-20\bin\jimage.dll
0x00007ff9e1990000 - 0x00007ff9e1bc3000 	C:\WINDOWS\SYSTEM32\DBGHELP.DLL
0x00007ff9e5150000 - 0x00007ff9e54d9000 	C:\WINDOWS\System32\combase.dll
0x00007ff9e4e90000 - 0x00007ff9e4f67000 	C:\WINDOWS\System32\OLEAUT32.dll
0x00007ff9e0cb0000 - 0x00007ff9e0ce2000 	C:\WINDOWS\SYSTEM32\dbgcore.DLL
0x00007ff9e4350000 - 0x00007ff9e43ca000 	C:\WINDOWS\System32\bcryptPrimitives.dll
0x00007ff9e02f0000 - 0x00007ff9e02fe000 	C:\Program Files\Java\jdk-20\bin\instrument.dll
0x00007ff9dd370000 - 0x00007ff9dd396000 	C:\Program Files\Java\jdk-20\bin\java.dll
0x00007ff9a0f20000 - 0x00007ff9a0ff7000 	C:\Program Files\Java\jdk-20\bin\jsvml.dll
0x00007ff9e64e0000 - 0x00007ff9e6d3b000 	C:\WINDOWS\System32\SHELL32.dll
0x00007ff9e2090000 - 0x00007ff9e2986000 	C:\WINDOWS\SYSTEM32\windows.storage.dll
0x00007ff9e1f50000 - 0x00007ff9e208e000 	C:\WINDOWS\SYSTEM32\wintypes.dll
0x00007ff9e5f60000 - 0x00007ff9e6053000 	C:\WINDOWS\System32\SHCORE.dll
0x00007ff9e5520000 - 0x00007ff9e557e000 	C:\WINDOWS\System32\shlwapi.dll
0x00007ff9e40a0000 - 0x00007ff9e40c6000 	C:\WINDOWS\SYSTEM32\profapi.dll
0x00007ff9e02d0000 - 0x00007ff9e02e3000 	C:\Program Files\Java\jdk-20\bin\net.dll
0x00007ff9de1b0000 - 0x00007ff9de2e7000 	C:\WINDOWS\SYSTEM32\WINHTTP.dll
0x00007ff9e36d0000 - 0x00007ff9e3739000 	C:\WINDOWS\system32\mswsock.dll
0x00007ff9e0100000 - 0x00007ff9e0116000 	C:\Program Files\Java\jdk-20\bin\nio.dll
0x00007ff9dd350000 - 0x00007ff9dd368000 	C:\Program Files\Java\jdk-20\bin\zip.dll
0x00007ff9dd230000 - 0x00007ff9dd24a000 	C:\Program Files\JetBrains\IntelliJ IDEA Community Edition 2023.2.2\bin\breakgen64.dll
0x0000018fc1a70000 - 0x0000018fc1a73000 	C:\Users\16473\.openjfx\cache\20.0.1+2\amd64\api-ms-win-core-console-l1-1-0.dll
0x0000018fc1a80000 - 0x0000018fc1a83000 	C:\Users\16473\.openjfx\cache\20.0.1+2\amd64\api-ms-win-core-console-l1-2-0.dll
0x0000018fc1a90000 - 0x0000018fc1a93000 	C:\Users\16473\.openjfx\cache\20.0.1+2\amd64\api-ms-win-core-datetime-l1-1-0.dll
0x0000018fc1aa0000 - 0x0000018fc1aa3000 	C:\Users\16473\.openjfx\cache\20.0.1+2\amd64\api-ms-win-core-debug-l1-1-0.dll
0x0000018fc1ab0000 - 0x0000018fc1ab3000 	C:\Users\16473\.openjfx\cache\20.0.1+2\amd64\api-ms-win-core-errorhandling-l1-1-0.dll
0x0000018fc1ac0000 - 0x0000018fc1ac4000 	C:\Users\16473\.openjfx\cache\20.0.1+2\amd64\api-ms-win-core-file-l1-1-0.dll
0x0000018fc1ad0000 - 0x0000018fc1ad3000 	C:\Users\16473\.openjfx\cache\20.0.1+2\amd64\api-ms-win-core-file-l1-2-0.dll
0x0000018fc1ae0000 - 0x0000018fc1ae3000 	C:\Users\16473\.openjfx\cache\20.0.1+2\amd64\api-ms-win-core-file-l2-1-0.dll
0x0000018fc1af0000 - 0x0000018fc1af3000 	C:\Users\16473\.openjfx\cache\20.0.1+2\amd64\api-ms-win-core-handle-l1-1-0.dll
0x0000018fc1b00000 - 0x0000018fc1b03000 	C:\Users\16473\.openjfx\cache\20.0.1+2\amd64\api-ms-win-core-heap-l1-1-0.dll
0x0000018fc1b10000 - 0x0000018fc1b13000 	C:\Users\16473\.openjfx\cache\20.0.1+2\amd64\api-ms-win-core-interlocked-l1-1-0.dll
0x0000018fc1b20000 - 0x0000018fc1b23000 	C:\Users\16473\.openjfx\cache\20.0.1+2\amd64\api-ms-win-core-libraryloader-l1-1-0.dll
0x0000018fc1b30000 - 0x0000018fc1b33000 	C:\Users\16473\.openjfx\cache\20.0.1+2\amd64\api-ms-win-core-localization-l1-2-0.dll
0x0000018fc1b40000 - 0x0000018fc1b43000 	C:\Users\16473\.openjfx\cache\20.0.1+2\amd64\api-ms-win-core-memory-l1-1-0.dll
0x0000018fc1b50000 - 0x0000018fc1b53000 	C:\Users\16473\.openjfx\cache\20.0.1+2\amd64\api-ms-win-core-namedpipe-l1-1-0.dll
0x0000018fc1b60000 - 0x0000018fc1b63000 	C:\Users\16473\.openjfx\cache\20.0.1+2\amd64\api-ms-win-core-processenvironment-l1-1-0.dll
0x0000018fc1b70000 - 0x0000018fc1b73000 	C:\Users\16473\.openjfx\cache\20.0.1+2\amd64\api-ms-win-core-processthreads-l1-1-0.dll
0x0000018fc1b80000 - 0x0000018fc1b83000 	C:\Users\16473\.openjfx\cache\20.0.1+2\amd64\api-ms-win-core-processthreads-l1-1-1.dll
0x0000018fc1b90000 - 0x0000018fc1b93000 	C:\Users\16473\.openjfx\cache\20.0.1+2\amd64\api-ms-win-core-profile-l1-1-0.dll
0x0000018fc1ba0000 - 0x0000018fc1ba3000 	C:\Users\16473\.openjfx\cache\20.0.1+2\amd64\api-ms-win-core-rtlsupport-l1-1-0.dll
0x0000018fc1bb0000 - 0x0000018fc1bb3000 	C:\Users\16473\.openjfx\cache\20.0.1+2\amd64\api-ms-win-core-string-l1-1-0.dll
0x0000018fc1bc0000 - 0x0000018fc1bc3000 	C:\Users\16473\.openjfx\cache\20.0.1+2\amd64\api-ms-win-core-synch-l1-1-0.dll
0x0000018fc1bd0000 - 0x0000018fc1bd3000 	C:\Users\16473\.openjfx\cache\20.0.1+2\amd64\api-ms-win-core-synch-l1-2-0.dll
0x0000018fc1be0000 - 0x0000018fc1be3000 	C:\Users\16473\.openjfx\cache\20.0.1+2\amd64\api-ms-win-core-sysinfo-l1-1-0.dll
0x0000018fc1bf0000 - 0x0000018fc1bf3000 	C:\Users\16473\.openjfx\cache\20.0.1+2\amd64\api-ms-win-core-timezone-l1-1-0.dll
0x0000019007800000 - 0x0000019007803000 	C:\Users\16473\.openjfx\cache\20.0.1+2\amd64\api-ms-win-core-util-l1-1-0.dll
0x0000019007810000 - 0x0000019007813000 	C:\Users\16473\.openjfx\cache\20.0.1+2\amd64\api-ms-win-crt-conio-l1-1-0.dll
0x0000019007820000 - 0x0000019007824000 	C:\Users\16473\.openjfx\cache\20.0.1+2\amd64\api-ms-win-crt-convert-l1-1-0.dll
0x0000019007830000 - 0x0000019007833000 	C:\Users\16473\.openjfx\cache\20.0.1+2\amd64\api-ms-win-crt-environment-l1-1-0.dll
0x0000019007840000 - 0x0000019007843000 	C:\Users\16473\.openjfx\cache\20.0.1+2\amd64\api-ms-win-crt-filesystem-l1-1-0.dll
0x0000019007850000 - 0x0000019007853000 	C:\Users\16473\.openjfx\cache\20.0.1+2\amd64\api-ms-win-crt-heap-l1-1-0.dll
0x0000019007860000 - 0x0000019007863000 	C:\Users\16473\.openjfx\cache\20.0.1+2\amd64\api-ms-win-crt-locale-l1-1-0.dll
0x0000019007870000 - 0x0000019007875000 	C:\Users\16473\.openjfx\cache\20.0.1+2\amd64\api-ms-win-crt-math-l1-1-0.dll
0x0000019007880000 - 0x0000019007885000 	C:\Users\16473\.openjfx\cache\20.0.1+2\amd64\api-ms-win-crt-multibyte-l1-1-0.dll
0x0000019007890000 - 0x00000190078a0000 	C:\Users\16473\.openjfx\cache\20.0.1+2\amd64\api-ms-win-crt-private-l1-1-0.dll
0x00000190078a0000 - 0x00000190078a3000 	C:\Users\16473\.openjfx\cache\20.0.1+2\amd64\api-ms-win-crt-process-l1-1-0.dll
0x00000190078b0000 - 0x00000190078b4000 	C:\Users\16473\.openjfx\cache\20.0.1+2\amd64\api-ms-win-crt-runtime-l1-1-0.dll
0x00000190078c0000 - 0x00000190078c4000 	C:\Users\16473\.openjfx\cache\20.0.1+2\amd64\api-ms-win-crt-stdio-l1-1-0.dll
0x00000190078d0000 - 0x00000190078d4000 	C:\Users\16473\.openjfx\cache\20.0.1+2\amd64\api-ms-win-crt-string-l1-1-0.dll
0x00000190078e0000 - 0x00000190078e3000 	C:\Users\16473\.openjfx\cache\20.0.1+2\amd64\api-ms-win-crt-time-l1-1-0.dll
0x00000190078f0000 - 0x00000190078f3000 	C:\Users\16473\.openjfx\cache\20.0.1+2\amd64\api-ms-win-crt-utility-l1-1-0.dll
0x00007ff99f9c0000 - 0x00007ff99fabc000 	C:\Users\16473\.openjfx\cache\20.0.1+2\amd64\ucrtbase.dll
0x00007ff9dc0c0000 - 0x00007ff9dc0db000 	C:\Users\16473\.openjfx\cache\20.0.1+2\amd64\vcruntime140.dll
0x00007ff9dd340000 - 0x00007ff9dd34c000 	C:\Users\16473\.openjfx\cache\20.0.1+2\amd64\vcruntime140_1.dll
0x00007ff9a6720000 - 0x00007ff9a67ae000 	C:\Users\16473\.openjfx\cache\20.0.1+2\amd64\msvcp140.dll
0x00007ff9dbf00000 - 0x00007ff9dbf09000 	C:\Users\16473\.openjfx\cache\20.0.1+2\amd64\msvcp140_1.dll
0x00007ff9c2f70000 - 0x00007ff9c2fa0000 	C:\Users\16473\.openjfx\cache\20.0.1+2\amd64\msvcp140_2.dll
0x00007ff9bd480000 - 0x00007ff9bd4af000 	C:\Users\16473\.openjfx\cache\20.0.1+2\amd64\prism_d3d.dll
0x00007ff9bec10000 - 0x00007ff9bedb9000 	C:\WINDOWS\system32\d3d9.dll
0x00007ff9e0c80000 - 0x00007ff9e0cab000 	C:\WINDOWS\SYSTEM32\dwmapi.dll
0x00007ff9e1400000 - 0x00007ff9e1439000 	C:\WINDOWS\SYSTEM32\dxcore.dll
0x00007ff9e0a00000 - 0x00007ff9e0aab000 	C:\WINDOWS\system32\uxtheme.dll
0x00007ff9beb60000 - 0x00007ff9bec10000 	C:\WINDOWS\SYSTEM32\d3d9on12.dll
0x00007ff9e0b70000 - 0x00007ff9e0c68000 	C:\WINDOWS\SYSTEM32\dxgi.dll
0x00007ff9dbf70000 - 0x00007ff9dbf99000 	C:\WINDOWS\SYSTEM32\d3d12.dll
0x00007ff9e3e60000 - 0x00007ff9e3eae000 	C:\WINDOWS\SYSTEM32\cfgmgr32.dll
0x00007ff964650000 - 0x00007ff964853000 	C:\WINDOWS\SYSTEM32\D3D12Core.dll
0x00007ff969990000 - 0x00007ff969a97000 	C:\WINDOWS\System32\DriverStore\FileRepository\iigd_dch.inf_amd64_83257a102e1a6c76\igd12umd64.dll
0x00007ff963010000 - 0x00007ff963f15000 	C:\WINDOWS\System32\DriverStore\FileRepository\iigd_dch.inf_amd64_83257a102e1a6c76\igd12um64xel.dll
0x00007ff9e41e0000 - 0x00007ff9e4346000 	C:\WINDOWS\System32\CRYPT32.dll
0x00007ff9e6130000 - 0x00007ff9e62d0000 	C:\WINDOWS\System32\ole32.dll
0x00007ff9b7240000 - 0x00007ff9b7284000 	C:\WINDOWS\SYSTEM32\ControlLib.dll
0x00007ff9e57a0000 - 0x00007ff9e5c14000 	C:\WINDOWS\System32\SETUPAPI.dll
0x00007ff9e3e30000 - 0x00007ff9e3e5c000 	C:\WINDOWS\SYSTEM32\DEVOBJ.dll
0x00007ff9d81c0000 - 0x00007ff9d824b000 	C:\WINDOWS\System32\DriverStore\FileRepository\iigd_dch.inf_amd64_83257a102e1a6c76\IntelControlLib.dll
0x00007ff9e4170000 - 0x00007ff9e41db000 	C:\WINDOWS\System32\WINTRUST.dll
0x00007ff9e3e10000 - 0x00007ff9e3e22000 	C:\WINDOWS\SYSTEM32\MSASN1.dll
0x00007ff9dd5f0000 - 0x00007ff9dd63a000 	C:\WINDOWS\SYSTEM32\directxdatabasehelper.dll
0x00007ff9d7800000 - 0x00007ff9d7c38000 	C:\WINDOWS\System32\DriverStore\FileRepository\iigd_dch.inf_amd64_83257a102e1a6c76\igdgmm64.dll
0x00007ff9d38e0000 - 0x00007ff9d778d000 	C:\WINDOWS\System32\DriverStore\FileRepository\iigd_dch.inf_amd64_83257a102e1a6c76\igc64.dll
0x00007ff9cde90000 - 0x00007ff9cdebf000 	C:\WINDOWS\SYSTEM32\D3DSCache.dll
0x00007ff9e3770000 - 0x00007ff9e379c000 	C:\WINDOWS\SYSTEM32\USERENV.dll
0x00007ff964350000 - 0x00007ff96464c000 	C:\WINDOWS\System32\DriverStore\FileRepository\iigd_dch.inf_amd64_83257a102e1a6c76\igd12dxva64.dll
0x00007ff97f360000 - 0x00007ff980543000 	C:\WINDOWS\System32\DriverStore\FileRepository\iigd_dch.inf_amd64_83257a102e1a6c76\igddxvacommon64.dll
0x00007ff97d630000 - 0x00007ff97f351000 	C:\WINDOWS\System32\DriverStore\FileRepository\iigd_dch.inf_amd64_83257a102e1a6c76\media_bin_64.dll
0x00007ff9810d0000 - 0x00007ff9810f7000 	C:\WINDOWS\System32\DriverStore\FileRepository\iigd_dch.inf_amd64_83257a102e1a6c76\igdinfo64.dll
0x00007ff9e39c0000 - 0x00007ff9e39db000 	C:\WINDOWS\SYSTEM32\CRYPTSP.dll
0x00007ff9e31c0000 - 0x00007ff9e31f5000 	C:\WINDOWS\system32\rsaenh.dll
0x00007ff9e38d0000 - 0x00007ff9e38dc000 	C:\WINDOWS\SYSTEM32\CRYPTBASE.dll
0x00007ff9b9d20000 - 0x00007ff9b9d62000 	C:\Users\16473\.openjfx\cache\20.0.1+2\amd64\glass.dll

dbghelp: loaded successfully - version: 4.0.5 - missing functions: none
symbol engine: initialized successfully - sym options: 0x614 - pdb path: .;C:\Program Files\Java\jdk-20\bin;C:\WINDOWS\SYSTEM32;C:\WINDOWS\WinSxS\amd64_microsoft.windows.common-controls_6595b64144ccf1df_6.0.22621.2506_none_270c5ae97388e100;C:\Program Files\Java\jdk-20\bin\server;C:\Program Files\JetBrains\IntelliJ IDEA Community Edition 2023.2.2\bin;C:\Users\16473\.openjfx\cache\20.0.1+2\amd64;C:\WINDOWS\System32\DriverStore\FileRepository\iigd_dch.inf_amd64_83257a102e1a6c76

VM Arguments:
jvm_args: -javaagent:C:\Program Files\JetBrains\IntelliJ IDEA Community Edition 2023.2.2\lib\idea_rt.jar=51295:C:\Program Files\JetBrains\IntelliJ IDEA Community Edition 2023.2.2\bin -Dfile.encoding=UTF-8 -Dsun.stdout.encoding=UTF-8 -Dsun.stderr.encoding=UTF-8 --module-path=C:\Users\16473\.m2\repository\org\openjfx\javafx-controls\20.0.1\javafx-controls-20.0.1-win.jar;C:\Users\16473\Desktop\GraphicalUserInterface\target\classes;C:\Users\16473\.m2\repository\org\openjfx\javafx-graphics\20.0.1\javafx-graphics-20.0.1-win.jar;C:\Users\16473\.m2\repository\org\openjfx\javafx-base\20.0.1\javafx-base-20.0.1-win.jar;C:\Users\16473\.m2\repository\org\openjfx\javafx-fxml\20.0.1\javafx-fxml-20.0.1-win.jar -Djdk.module.main=com.example.graphicaluserinterface 
java_command: com.example.graphicaluserinterface/com.example.graphicaluserinterface.MySQLChartApp
java_class_path (initial): C:\Users\16473\.m2\repository\org\openjfx\javafx-controls\20.0.1\javafx-controls-20.0.1.jar;C:\Users\16473\.m2\repository\org\openjfx\javafx-graphics\20.0.1\javafx-graphics-20.0.1.jar;C:\Users\16473\.m2\repository\org\openjfx\javafx-base\20.0.1\javafx-base-20.0.1.jar;C:\Users\16473\.m2\repository\org\openjfx\javafx-fxml\20.0.1\javafx-fxml-20.0.1.jar;C:\Users\16473\Desktop\mysql-connector-j-8.3.0\mysql-connector-j-8.3.0.jar
Launcher Type: SUN_STANDARD

[Global flags]
     intx CICompilerCount                          = 4                                         {product} {ergonomic}
     uint ConcGCThreads                            = 3                                         {product} {ergonomic}
     uint G1ConcRefinementThreads                  = 10                                        {product} {ergonomic}
   size_t G1HeapRegionSize                         = 2097152                                   {product} {ergonomic}
    uintx GCDrainStackTargetSize                   = 64                                        {product} {ergonomic}
   size_t InitialHeapSize                          = 197132288                                 {product} {ergonomic}
   size_t MarkStackSize                            = 4194304                                   {product} {ergonomic}
   size_t MaxHeapSize                              = 3149922304                                {product} {ergonomic}
   size_t MaxNewSize                               = 1889533952                                {product} {ergonomic}
   size_t MinHeapDeltaBytes                        = 2097152                                   {product} {ergonomic}
   size_t MinHeapSize                              = 8388608                                   {product} {ergonomic}
    uintx NonNMethodCodeHeapSize                   = 5839372                                {pd product} {ergonomic}
    uintx NonProfiledCodeHeapSize                  = 122909434                              {pd product} {ergonomic}
    uintx ProfiledCodeHeapSize                     = 122909434                              {pd product} {ergonomic}
    uintx ReservedCodeCacheSize                    = 251658240                              {pd product} {ergonomic}
     bool SegmentedCodeCache                       = true                                      {product} {ergonomic}
   size_t SoftMaxHeapSize                          = 3149922304                             {manageable} {ergonomic}
     bool UseCompressedClassPointers               = true                           {product lp64_product} {ergonomic}
     bool UseCompressedOops                        = true                           {product lp64_product} {ergonomic}
     bool UseG1GC                                  = true                                      {product} {ergonomic}
     bool UseLargePagesIndividualAllocation        = false                                  {pd product} {ergonomic}

Logging:
Log output configuration:
 #0: stdout all=warning uptime,level,tags foldmultilines=false
 #1: stderr all=off uptime,level,tags foldmultilines=false

Environment Variables:
PATH=C:\Program Files\Common Files\Oracle\Java\javapath;C:\WINDOWS\system32;C:\WINDOWS;C:\WINDOWS\System32\Wbem;C:\WINDOWS\System32\WindowsPowerShell\v1.0\;C:\WINDOWS\System32\OpenSSH\;C:\Program Files\Microsoft SQL Server\150\Tools\Binn\;C:\Program Files\Microsoft SQL Server\Client SDK\ODBC\170\Tools\Binn\;C:\Program Files\dotnet\;C:\Program Files\Git\cmd;C:\Users\16473\AppData\Local\Microsoft\WindowsApps;C:\Users\16473\AppData\Local\Programs\Microsoft VS Code\bin;C:\Users\16473\AppData\Local\GitHubDesktop\bin;C:\Users\16473\.dotnet\tools
USERNAME=16473
OS=Windows_NT
PROCESSOR_IDENTIFIER=Intel64 Family 6 Model 154 Stepping 4, GenuineIntel
TMP=C:\Users\16473\AppData\Local\Temp
TEMP=C:\Users\16473\AppData\Local\Temp




---------------  S Y S T E M  ---------------

OS:
 Windows 11 , 64 bit Build 22621 (10.0.22621.3085)
OS uptime: 7 days 18:55 hours
Hyper-V role detected

CPU: total 12 (initial active 12) (6 cores per cpu, 2 threads per core) family 6 model 154 stepping 4 microcode 0x416, cx8, cmov, fxsr, ht, mmx, 3dnowpref, sse, sse2, sse3, ssse3, sse4.1, sse4.2, popcnt, lzcnt, tsc, tscinvbit, avx, avx2, aes, erms, clmul, bmi1, bmi2, adx, sha, fma, vzeroupper, clflush, clflushopt, clwb, hv, serialize, rdtscp, rdpid, fsrm, f16c, cet_ibt, cet_ss

Memory: 4k page, system-wide physical 12012M (1490M free)
TotalPageFile size 16108M (AvailPageFile size 5M)
current process WorkingSet (physical memory assigned to process): 129M, peak: 129M
current process commit charge ("private bytes"): 342M, peak: 375M

vm_info: Java HotSpot(TM) 64-Bit Server VM (20.0.2+9-78) for windows-amd64 JRE (20.0.2+9-78), built on 2023-06-14T10:08:48Z by "mach5one" with MS VC++ 17.1 (VS2022)

END.
