#
# There is insufficient memory for the Java Runtime Environment to continue.
# Native memory allocation (malloc) failed to allocate 247296 bytes for Chunk::new
# Possible reasons:
#   The system is out of physical RAM or swap space
#   The process is running with CompressedOops enabled, and the Java Heap may be blocking the growth of the native heap
# Possible solutions:
#   Reduce memory load on the system
#   Increase physical memory or swap space
#   Check if swap backing store is full
#   Decrease Java heap size (-Xmx/-Xms)
#   Decrease number of Java threads
#   Decrease Java thread stack sizes (-Xss)
#   Set larger code cache with -XX:ReservedCodeCacheSize=
#   JVM is running with Zero Based Compressed Oops mode in which the Java heap is
#     placed in the first 32GB address space. The Java Heap base address is the
#     maximum limit for the native heap growth. Please use -XX:HeapBaseMinAddress
#     to set the Java Heap base and to place the Java Heap above 32GB virtual address.
# This output file may be truncated or incomplete.
#
#  Out of Memory Error (arena.cpp:184), pid=25168, tid=24504
#
# JRE version: Java(TM) SE Runtime Environment (20.0.2+9) (build 20.0.2+9-78)
# Java VM: Java HotSpot(TM) 64-Bit Server VM (20.0.2+9-78, mixed mode, sharing, tiered, compressed oops, compressed class ptrs, g1 gc, windows-amd64)
# No core dump will be written. Minidumps are not enabled by default on client versions of Windows
#

---------------  S U M M A R Y ------------

Command Line: -javaagent:C:\Program Files\JetBrains\IntelliJ IDEA Community Edition 2023.2.2\lib\idea_rt.jar=51335:C:\Program Files\JetBrains\IntelliJ IDEA Community Edition 2023.2.2\bin -Dfile.encoding=UTF-8 -Dsun.stdout.encoding=UTF-8 -Dsun.stderr.encoding=UTF-8 --module-path=C:\Users\16473\.m2\repository\org\openjfx\javafx-controls\20.0.1\javafx-controls-20.0.1-win.jar;C:\Users\16473\Desktop\GraphicalUserInterface\target\classes;C:\Users\16473\.m2\repository\org\openjfx\javafx-graphics\20.0.1\javafx-graphics-20.0.1-win.jar;C:\Users\16473\.m2\repository\org\openjfx\javafx-base\20.0.1\javafx-base-20.0.1-win.jar;C:\Users\16473\.m2\repository\org\openjfx\javafx-fxml\20.0.1\javafx-fxml-20.0.1-win.jar -Djdk.module.main=com.example.graphicaluserinterface com.example.graphicaluserinterface/com.example.graphicaluserinterface.MySQLChartApp

Host: 12th Gen Intel(R) Core(TM) i7-1255U, 12 cores, 11G,  Windows 11 , 64 bit Build 22621 (10.0.22621.3085)
Time: Thu Feb 29 23:59:09 2024 Eastern Standard Time elapsed time: 1.468117 seconds (0d 0h 0m 1s)

---------------  T H R E A D  ---------------

Current thread (0x0000026a5734d910):  JavaThread "C2 CompilerThread0" daemon [_thread_in_native, id=24504, stack(0x000000f764100000,0x000000f764200000)]


Current CompileTask:
C2:   1468 1864       4       java.io.DataInputStream::readFully (59 bytes)

Stack: [0x000000f764100000,0x000000f764200000]
Native frames: (J=compiled Java code, j=interpreted, Vv=VM code, C=native code)
V  [jvm.dll+0x6bc25a]
V  [jvm.dll+0x84971a]
V  [jvm.dll+0x84b315]
V  [jvm.dll+0x84ba13]
V  [jvm.dll+0x280e4f]
V  [jvm.dll+0xc2ab1]
V  [jvm.dll+0xc2dd5]
V  [jvm.dll+0x3bb64c]
V  [jvm.dll+0x1e6f13]
V  [jvm.dll+0x24b67b]
V  [jvm.dll+0x24a921]
V  [jvm.dll+0x1ce761]
V  [jvm.dll+0x25a0eb]
V  [jvm.dll+0x2587c0]
V  [jvm.dll+0x3f2dd5]
V  [jvm.dll+0x7f5c76]
V  [jvm.dll+0x6baecb]
C  [ucrtbase.dll+0x29363]
C  [KERNEL32.DLL+0x1257d]
C  [ntdll.dll+0x5aa58]


---------------  P R O C E S S  ---------------

Threads class SMR info:
_java_thread_list=0x0000026a9db2d230, length=20, elements={
0x0000026a39061630, 0x0000026a57343f70, 0x0000026a57344b70, 0x0000026a57349060,
0x0000026a5734a9b0, 0x0000026a5734ba90, 0x0000026a5734c3d0, 0x0000026a5734d910,
0x0000026a57355080, 0x0000026a5730da50, 0x0000026a9c64ce20, 0x0000026a9c9437a0,
0x0000026a9c7ff320, 0x0000026a9d0256d0, 0x0000026a9d61b770, 0x0000026a9d61c210,
0x0000026a9d6167c0, 0x0000026a9d617d00, 0x0000026a9d615280, 0x0000026a9db65830
}

Java Threads: ( => current thread )
  0x0000026a39061630 JavaThread "main" [_thread_blocked, id=17888, stack(0x000000f763400000,0x000000f763500000)]
  0x0000026a57343f70 JavaThread "Reference Handler" daemon [_thread_blocked, id=21988, stack(0x000000f763b00000,0x000000f763c00000)]
  0x0000026a57344b70 JavaThread "Finalizer" daemon [_thread_blocked, id=22180, stack(0x000000f763c00000,0x000000f763d00000)]
  0x0000026a57349060 JavaThread "Signal Dispatcher" daemon [_thread_blocked, id=26956, stack(0x000000f763d00000,0x000000f763e00000)]
  0x0000026a5734a9b0 JavaThread "Attach Listener" daemon [_thread_blocked, id=13432, stack(0x000000f763e00000,0x000000f763f00000)]
  0x0000026a5734ba90 JavaThread "Service Thread" daemon [_thread_blocked, id=6064, stack(0x000000f763f00000,0x000000f764000000)]
  0x0000026a5734c3d0 JavaThread "Monitor Deflation Thread" daemon [_thread_blocked, id=27748, stack(0x000000f764000000,0x000000f764100000)]
=>0x0000026a5734d910 JavaThread "C2 CompilerThread0" daemon [_thread_in_native, id=24504, stack(0x000000f764100000,0x000000f764200000)]
  0x0000026a57355080 JavaThread "C1 CompilerThread0" daemon [_thread_blocked, id=18044, stack(0x000000f764200000,0x000000f764300000)]
  0x0000026a5730da50 JavaThread "Common-Cleaner" daemon [_thread_blocked, id=11416, stack(0x000000f764300000,0x000000f764400000)]
  0x0000026a9c64ce20 JavaThread "C2 CompilerThread1" daemon [_thread_in_vm, id=25920, stack(0x000000f764400000,0x000000f764500000)]
  0x0000026a9c9437a0 JavaThread "Monitor Ctrl-Break" daemon [_thread_in_native, id=15220, stack(0x000000f764600000,0x000000f764700000)]
  0x0000026a9c7ff320 JavaThread "Notification Thread" daemon [_thread_blocked, id=12392, stack(0x000000f764700000,0x000000f764800000)]
  0x0000026a9d0256d0 JavaThread "QuantumRenderer-0" daemon [_thread_blocked, id=31240, stack(0x000000f764900000,0x000000f764a00000)]
  0x0000026a9d61b770 JavaThread "InvokeLaterDispatcher" daemon [_thread_blocked, id=17552, stack(0x000000f764500000,0x000000f764600000)]
  0x0000026a9d61c210 JavaThread "JavaFX Application Thread" [_thread_in_vm, id=33308, stack(0x000000f764e00000,0x000000f764f00000)]
  0x0000026a9d6167c0 JavaThread "Thread-1" daemon [_thread_in_native, id=23128, stack(0x000000f764f00000,0x000000f765000000)]
  0x0000026a9d617d00 JavaThread "JavaFX-Launcher" [_thread_blocked, id=23528, stack(0x000000f765000000,0x000000f765100000)]
  0x0000026a9d615280 JavaThread "mysql-cj-abandoned-connection-cleanup" daemon [_thread_blocked, id=13608, stack(0x000000f765100000,0x000000f765200000)]
  0x0000026a9db65830 JavaThread "C2 CompilerThread2" daemon [_thread_in_native, id=11960, stack(0x000000f765700000,0x000000f765800000)]

Other Threads:
  0x0000026a57322bc0 VMThread "VM Thread" [stack: 0x000000f763a00000,0x000000f763b00000] [id=27988]
  0x0000026a9cd65be0 WatcherThread "VM Periodic Task Thread" [stack: 0x000000f764800000,0x000000f764900000] [id=19528]
  0x0000026a390bf3a0 WorkerThread "GC Thread#0" [stack: 0x000000f763500000,0x000000f763600000] [id=13708]
  0x0000026a9d814260 WorkerThread "GC Thread#1" [stack: 0x000000f765200000,0x000000f765300000] [id=16888]
  0x0000026a9d869780 WorkerThread "GC Thread#2" [stack: 0x000000f765300000,0x000000f765400000] [id=29172]
  0x0000026a9d869a50 WorkerThread "GC Thread#3" [stack: 0x000000f765400000,0x000000f765500000] [id=19056]
  0x0000026a9d7d1a00 WorkerThread "GC Thread#4" [stack: 0x000000f765500000,0x000000f765600000] [id=25924]
  0x0000026a9d7d0bf0 WorkerThread "GC Thread#5" [stack: 0x000000f765600000,0x000000f765700000] [id=24984]
  0x0000026a390cbf10 ConcurrentGCThread "G1 Main Marker" [stack: 0x000000f763600000,0x000000f763700000] [id=27756]
  0x0000026a390ccfe0 WorkerThread "G1 Conc#0" [stack: 0x000000f763700000,0x000000f763800000] [id=34388]
  0x0000026a571e20c0 ConcurrentGCThread "G1 Refine#0" [stack: 0x000000f763800000,0x000000f763900000] [id=19428]
  0x0000026a571e2a60 ConcurrentGCThread "G1 Service" [stack: 0x000000f763900000,0x000000f763a00000] [id=34368]

Threads with active compile tasks:
C2 CompilerThread0     1496 1864       4       java.io.DataInputStream::readFully (59 bytes)
C2 CompilerThread1     1497 1766       4       java.io.DataInputStream::readUTF (501 bytes)
C2 CompilerThread2     1497 1870   !   4       com.sun.javafx.css.ParsedValueImpl::readBinary (691 bytes)

VM state: not at safepoint (normal execution)

VM Mutex/Monitor currently owned by a thread:  ([mutex/lock_event])
[0x0000026a3905d5a0] MethodCompileQueue_lock - owner thread: 0x0000026a9c64ce20
[0x0000026a3905dcf0] CodeCache_lock - owner thread: 0x0000026a9c64ce20
[0x0000026a3905dfc0] Compile_lock - owner thread: 0x0000026a9c64ce20

Heap address: 0x0000000744400000, size: 3004 MB, Compressed Oops mode: Zero based, Oop shift amount: 3

CDS archive(s) mapped at: [0x0000026a57400000-0x0000026a58060000-0x0000026a58060000), size 12976128, SharedBaseAddress: 0x0000026a57400000, ArchiveRelocationMode: 1.
Compressed class space mapped at: 0x0000026a58400000-0x0000026a98400000, reserved size: 1073741824
Narrow klass base: 0x0000026a57400000, Narrow klass shift: 0, Narrow klass range: 0x100000000

GC Precious Log:
 CardTable entry size: 512
 Card Set container configuration: InlinePtr #cards 4 size 8 Array Of Cards #cards 16 size 48 Howl #buckets 8 coarsen threshold 3686 Howl Bitmap #cards 512 size 80 coarsen threshold 460 Card regions per heap region 1 cards per card region 4096
 CPUs: 12 total, 12 available
 Memory: 12012M
 Large Page Support: Disabled
 NUMA Support: Disabled
 Compressed Oops: Enabled (Zero based)
 Heap Region Size: 2M
 Heap Min Capacity: 8M
 Heap Initial Capacity: 188M
 Heap Max Capacity: 3004M
 Pre-touch: Disabled
 Parallel Workers: 10
 Concurrent Workers: 3
 Concurrent Refinement Workers: 10
 Periodic GC: Disabled

Heap:
 garbage-first heap   total 192512K, used 25055K [0x0000000744400000, 0x0000000800000000)
  region size 2048K, 14 young (28672K), 2 survivors (4096K)
 Metaspace       used 16069K, committed 16320K, reserved 1114112K
  class space    used 1966K, committed 2048K, reserved 1048576K

Heap Regions: E=young(eden), S=young(survivor), O=old, HS=humongous(starts), HC=humongous(continues), CS=collection set, F=free, OA=open archive, CA=closed archive, TAMS=top-at-mark-start, PB=parsable bottom
|   0|0x0000000744400000, 0x0000000744400000, 0x0000000744600000|  0%| F|  |TAMS 0x0000000744400000| PB 0x0000000744400000| Untracked 
|   1|0x0000000744600000, 0x0000000744600000, 0x0000000744800000|  0%| F|  |TAMS 0x0000000744600000| PB 0x0000000744600000| Untracked 
|   2|0x0000000744800000, 0x0000000744800000, 0x0000000744a00000|  0%| F|  |TAMS 0x0000000744800000| PB 0x0000000744800000| Untracked 
|   3|0x0000000744a00000, 0x0000000744a00000, 0x0000000744c00000|  0%| F|  |TAMS 0x0000000744a00000| PB 0x0000000744a00000| Untracked 
|   4|0x0000000744c00000, 0x0000000744c00000, 0x0000000744e00000|  0%| F|  |TAMS 0x0000000744c00000| PB 0x0000000744c00000| Untracked 
|   5|0x0000000744e00000, 0x0000000744e00000, 0x0000000745000000|  0%| F|  |TAMS 0x0000000744e00000| PB 0x0000000744e00000| Untracked 
|   6|0x0000000745000000, 0x0000000745000000, 0x0000000745200000|  0%| F|  |TAMS 0x0000000745000000| PB 0x0000000745000000| Untracked 
|   7|0x0000000745200000, 0x0000000745200000, 0x0000000745400000|  0%| F|  |TAMS 0x0000000745200000| PB 0x0000000745200000| Untracked 
|   8|0x0000000745400000, 0x0000000745400000, 0x0000000745600000|  0%| F|  |TAMS 0x0000000745400000| PB 0x0000000745400000| Untracked 
|   9|0x0000000745600000, 0x0000000745600000, 0x0000000745800000|  0%| F|  |TAMS 0x0000000745600000| PB 0x0000000745600000| Untracked 
|  10|0x0000000745800000, 0x0000000745800000, 0x0000000745a00000|  0%| F|  |TAMS 0x0000000745800000| PB 0x0000000745800000| Untracked 
|  11|0x0000000745a00000, 0x0000000745a00000, 0x0000000745c00000|  0%| F|  |TAMS 0x0000000745a00000| PB 0x0000000745a00000| Untracked 
|  12|0x0000000745c00000, 0x0000000745c00000, 0x0000000745e00000|  0%| F|  |TAMS 0x0000000745c00000| PB 0x0000000745c00000| Untracked 
|  13|0x0000000745e00000, 0x0000000745e00000, 0x0000000746000000|  0%| F|  |TAMS 0x0000000745e00000| PB 0x0000000745e00000| Untracked 
|  14|0x0000000746000000, 0x0000000746000000, 0x0000000746200000|  0%| F|  |TAMS 0x0000000746000000| PB 0x0000000746000000| Untracked 
|  15|0x0000000746200000, 0x0000000746200000, 0x0000000746400000|  0%| F|  |TAMS 0x0000000746200000| PB 0x0000000746200000| Untracked 
|  16|0x0000000746400000, 0x0000000746400000, 0x0000000746600000|  0%| F|  |TAMS 0x0000000746400000| PB 0x0000000746400000| Untracked 
|  17|0x0000000746600000, 0x0000000746600000, 0x0000000746800000|  0%| F|  |TAMS 0x0000000746600000| PB 0x0000000746600000| Untracked 
|  18|0x0000000746800000, 0x0000000746800000, 0x0000000746a00000|  0%| F|  |TAMS 0x0000000746800000| PB 0x0000000746800000| Untracked 
|  19|0x0000000746a00000, 0x0000000746a00000, 0x0000000746c00000|  0%| F|  |TAMS 0x0000000746a00000| PB 0x0000000746a00000| Untracked 
|  20|0x0000000746c00000, 0x0000000746c00000, 0x0000000746e00000|  0%| F|  |TAMS 0x0000000746c00000| PB 0x0000000746c00000| Untracked 
|  21|0x0000000746e00000, 0x0000000746e00000, 0x0000000747000000|  0%| F|  |TAMS 0x0000000746e00000| PB 0x0000000746e00000| Untracked 
|  22|0x0000000747000000, 0x0000000747000000, 0x0000000747200000|  0%| F|  |TAMS 0x0000000747000000| PB 0x0000000747000000| Untracked 
|  23|0x0000000747200000, 0x0000000747200000, 0x0000000747400000|  0%| F|  |TAMS 0x0000000747200000| PB 0x0000000747200000| Untracked 
|  24|0x0000000747400000, 0x0000000747400000, 0x0000000747600000|  0%| F|  |TAMS 0x0000000747400000| PB 0x0000000747400000| Untracked 
|  25|0x0000000747600000, 0x0000000747600000, 0x0000000747800000|  0%| F|  |TAMS 0x0000000747600000| PB 0x0000000747600000| Untracked 
|  26|0x0000000747800000, 0x0000000747800000, 0x0000000747a00000|  0%| F|  |TAMS 0x0000000747800000| PB 0x0000000747800000| Untracked 
|  27|0x0000000747a00000, 0x0000000747a00000, 0x0000000747c00000|  0%| F|  |TAMS 0x0000000747a00000| PB 0x0000000747a00000| Untracked 
|  28|0x0000000747c00000, 0x0000000747c00000, 0x0000000747e00000|  0%| F|  |TAMS 0x0000000747c00000| PB 0x0000000747c00000| Untracked 
|  29|0x0000000747e00000, 0x0000000747e00000, 0x0000000748000000|  0%| F|  |TAMS 0x0000000747e00000| PB 0x0000000747e00000| Untracked 
|  30|0x0000000748000000, 0x0000000748000000, 0x0000000748200000|  0%| F|  |TAMS 0x0000000748000000| PB 0x0000000748000000| Untracked 
|  31|0x0000000748200000, 0x0000000748200000, 0x0000000748400000|  0%| F|  |TAMS 0x0000000748200000| PB 0x0000000748200000| Untracked 
|  32|0x0000000748400000, 0x0000000748400000, 0x0000000748600000|  0%| F|  |TAMS 0x0000000748400000| PB 0x0000000748400000| Untracked 
|  33|0x0000000748600000, 0x0000000748600000, 0x0000000748800000|  0%| F|  |TAMS 0x0000000748600000| PB 0x0000000748600000| Untracked 
|  34|0x0000000748800000, 0x0000000748800000, 0x0000000748a00000|  0%| F|  |TAMS 0x0000000748800000| PB 0x0000000748800000| Untracked 
|  35|0x0000000748a00000, 0x0000000748a00000, 0x0000000748c00000|  0%| F|  |TAMS 0x0000000748a00000| PB 0x0000000748a00000| Untracked 
|  36|0x0000000748c00000, 0x0000000748c00000, 0x0000000748e00000|  0%| F|  |TAMS 0x0000000748c00000| PB 0x0000000748c00000| Untracked 
|  37|0x0000000748e00000, 0x0000000748e00000, 0x0000000749000000|  0%| F|  |TAMS 0x0000000748e00000| PB 0x0000000748e00000| Untracked 
|  38|0x0000000749000000, 0x0000000749000000, 0x0000000749200000|  0%| F|  |TAMS 0x0000000749000000| PB 0x0000000749000000| Untracked 
|  39|0x0000000749200000, 0x0000000749200000, 0x0000000749400000|  0%| F|  |TAMS 0x0000000749200000| PB 0x0000000749200000| Untracked 
|  40|0x0000000749400000, 0x0000000749400000, 0x0000000749600000|  0%| F|  |TAMS 0x0000000749400000| PB 0x0000000749400000| Untracked 
|  41|0x0000000749600000, 0x0000000749600000, 0x0000000749800000|  0%| F|  |TAMS 0x0000000749600000| PB 0x0000000749600000| Untracked 
|  42|0x0000000749800000, 0x0000000749800000, 0x0000000749a00000|  0%| F|  |TAMS 0x0000000749800000| PB 0x0000000749800000| Untracked 
|  43|0x0000000749a00000, 0x0000000749a00000, 0x0000000749c00000|  0%| F|  |TAMS 0x0000000749a00000| PB 0x0000000749a00000| Untracked 
|  44|0x0000000749c00000, 0x0000000749c00000, 0x0000000749e00000|  0%| F|  |TAMS 0x0000000749c00000| PB 0x0000000749c00000| Untracked 
|  45|0x0000000749e00000, 0x0000000749e00000, 0x000000074a000000|  0%| F|  |TAMS 0x0000000749e00000| PB 0x0000000749e00000| Untracked 
|  46|0x000000074a000000, 0x000000074a000000, 0x000000074a200000|  0%| F|  |TAMS 0x000000074a000000| PB 0x000000074a000000| Untracked 
|  47|0x000000074a200000, 0x000000074a200000, 0x000000074a400000|  0%| F|  |TAMS 0x000000074a200000| PB 0x000000074a200000| Untracked 
|  48|0x000000074a400000, 0x000000074a400000, 0x000000074a600000|  0%| F|  |TAMS 0x000000074a400000| PB 0x000000074a400000| Untracked 
|  49|0x000000074a600000, 0x000000074a600000, 0x000000074a800000|  0%| F|  |TAMS 0x000000074a600000| PB 0x000000074a600000| Untracked 
|  50|0x000000074a800000, 0x000000074a800000, 0x000000074aa00000|  0%| F|  |TAMS 0x000000074a800000| PB 0x000000074a800000| Untracked 
|  51|0x000000074aa00000, 0x000000074aa00000, 0x000000074ac00000|  0%| F|  |TAMS 0x000000074aa00000| PB 0x000000074aa00000| Untracked 
|  52|0x000000074ac00000, 0x000000074ac00000, 0x000000074ae00000|  0%| F|  |TAMS 0x000000074ac00000| PB 0x000000074ac00000| Untracked 
|  53|0x000000074ae00000, 0x000000074ae00000, 0x000000074b000000|  0%| F|  |TAMS 0x000000074ae00000| PB 0x000000074ae00000| Untracked 
|  54|0x000000074b000000, 0x000000074b000000, 0x000000074b200000|  0%| F|  |TAMS 0x000000074b000000| PB 0x000000074b000000| Untracked 
|  55|0x000000074b200000, 0x000000074b200000, 0x000000074b400000|  0%| F|  |TAMS 0x000000074b200000| PB 0x000000074b200000| Untracked 
|  56|0x000000074b400000, 0x000000074b400000, 0x000000074b600000|  0%| F|  |TAMS 0x000000074b400000| PB 0x000000074b400000| Untracked 
|  57|0x000000074b600000, 0x000000074b600000, 0x000000074b800000|  0%| F|  |TAMS 0x000000074b600000| PB 0x000000074b600000| Untracked 
|  58|0x000000074b800000, 0x000000074b800000, 0x000000074ba00000|  0%| F|  |TAMS 0x000000074b800000| PB 0x000000074b800000| Untracked 
|  59|0x000000074ba00000, 0x000000074ba00000, 0x000000074bc00000|  0%| F|  |TAMS 0x000000074ba00000| PB 0x000000074ba00000| Untracked 
|  60|0x000000074bc00000, 0x000000074bc00000, 0x000000074be00000|  0%| F|  |TAMS 0x000000074bc00000| PB 0x000000074bc00000| Untracked 
|  61|0x000000074be00000, 0x000000074be00000, 0x000000074c000000|  0%| F|  |TAMS 0x000000074be00000| PB 0x000000074be00000| Untracked 
|  62|0x000000074c000000, 0x000000074c000000, 0x000000074c200000|  0%| F|  |TAMS 0x000000074c000000| PB 0x000000074c000000| Untracked 
|  63|0x000000074c200000, 0x000000074c200000, 0x000000074c400000|  0%| F|  |TAMS 0x000000074c200000| PB 0x000000074c200000| Untracked 
|  64|0x000000074c400000, 0x000000074c400000, 0x000000074c600000|  0%| F|  |TAMS 0x000000074c400000| PB 0x000000074c400000| Untracked 
|  65|0x000000074c600000, 0x000000074c600000, 0x000000074c800000|  0%| F|  |TAMS 0x000000074c600000| PB 0x000000074c600000| Untracked 
|  66|0x000000074c800000, 0x000000074c800000, 0x000000074ca00000|  0%| F|  |TAMS 0x000000074c800000| PB 0x000000074c800000| Untracked 
|  67|0x000000074ca00000, 0x000000074ca00000, 0x000000074cc00000|  0%| F|  |TAMS 0x000000074ca00000| PB 0x000000074ca00000| Untracked 
|  68|0x000000074cc00000, 0x000000074cc00000, 0x000000074ce00000|  0%| F|  |TAMS 0x000000074cc00000| PB 0x000000074cc00000| Untracked 
|  69|0x000000074ce00000, 0x000000074ce00000, 0x000000074d000000|  0%| F|  |TAMS 0x000000074ce00000| PB 0x000000074ce00000| Untracked 
|  70|0x000000074d000000, 0x000000074d000000, 0x000000074d200000|  0%| F|  |TAMS 0x000000074d000000| PB 0x000000074d000000| Untracked 
|  71|0x000000074d200000, 0x000000074d200000, 0x000000074d400000|  0%| F|  |TAMS 0x000000074d200000| PB 0x000000074d200000| Untracked 
|  72|0x000000074d400000, 0x000000074d400000, 0x000000074d600000|  0%| F|  |TAMS 0x000000074d400000| PB 0x000000074d400000| Untracked 
|  73|0x000000074d600000, 0x000000074d600000, 0x000000074d800000|  0%| F|  |TAMS 0x000000074d600000| PB 0x000000074d600000| Untracked 
|  74|0x000000074d800000, 0x000000074d800000, 0x000000074da00000|  0%| F|  |TAMS 0x000000074d800000| PB 0x000000074d800000| Untracked 
|  75|0x000000074da00000, 0x000000074da00000, 0x000000074dc00000|  0%| F|  |TAMS 0x000000074da00000| PB 0x000000074da00000| Untracked 
|  76|0x000000074dc00000, 0x000000074dc00000, 0x000000074de00000|  0%| F|  |TAMS 0x000000074dc00000| PB 0x000000074dc00000| Untracked 
|  77|0x000000074de00000, 0x000000074de00000, 0x000000074e000000|  0%| F|  |TAMS 0x000000074de00000| PB 0x000000074de00000| Untracked 
|  78|0x000000074e000000, 0x000000074e000000, 0x000000074e200000|  0%| F|  |TAMS 0x000000074e000000| PB 0x000000074e000000| Untracked 
|  79|0x000000074e200000, 0x000000074e200000, 0x000000074e400000|  0%| F|  |TAMS 0x000000074e200000| PB 0x000000074e200000| Untracked 
|  80|0x000000074e400000, 0x000000074e5abf08, 0x000000074e600000| 83%| E|  |TAMS 0x000000074e400000| PB 0x000000074e400000| Complete 
|  81|0x000000074e600000, 0x000000074e677fd0, 0x000000074e800000| 23%| S|CS|TAMS 0x000000074e600000| PB 0x000000074e600000| Complete 
|  82|0x000000074e800000, 0x000000074ea00000, 0x000000074ea00000|100%| S|CS|TAMS 0x000000074e800000| PB 0x000000074e800000| Complete 
|  83|0x000000074ea00000, 0x000000074ec00000, 0x000000074ec00000|100%| E|CS|TAMS 0x000000074ea00000| PB 0x000000074ea00000| Complete 
|  84|0x000000074ec00000, 0x000000074ee00000, 0x000000074ee00000|100%| E|CS|TAMS 0x000000074ec00000| PB 0x000000074ec00000| Complete 
|  85|0x000000074ee00000, 0x000000074f000000, 0x000000074f000000|100%| E|CS|TAMS 0x000000074ee00000| PB 0x000000074ee00000| Complete 
|  86|0x000000074f000000, 0x000000074f200000, 0x000000074f200000|100%| E|CS|TAMS 0x000000074f000000| PB 0x000000074f000000| Complete 
|  87|0x000000074f200000, 0x000000074f400000, 0x000000074f400000|100%| E|CS|TAMS 0x000000074f200000| PB 0x000000074f200000| Complete 
|  88|0x000000074f400000, 0x000000074f600000, 0x000000074f600000|100%| E|CS|TAMS 0x000000074f400000| PB 0x000000074f400000| Complete 
|  89|0x000000074f600000, 0x000000074f800000, 0x000000074f800000|100%| E|CS|TAMS 0x000000074f600000| PB 0x000000074f600000| Complete 
|  90|0x000000074f800000, 0x000000074fa00000, 0x000000074fa00000|100%| E|CS|TAMS 0x000000074f800000| PB 0x000000074f800000| Complete 
|  91|0x000000074fa00000, 0x000000074fc00000, 0x000000074fc00000|100%| E|CS|TAMS 0x000000074fa00000| PB 0x000000074fa00000| Complete 
|  92|0x000000074fc00000, 0x000000074fe00000, 0x000000074fe00000|100%| E|CS|TAMS 0x000000074fc00000| PB 0x000000074fc00000| Complete 
|  93|0x000000074fe00000, 0x0000000750000000, 0x0000000750000000|100%| E|CS|TAMS 0x000000074fe00000| PB 0x000000074fe00000| Complete 

Card table byte_map: [0x0000026a50c60000,0x0000026a51240000] _byte_map_base: 0x0000026a4d23e000

Marking Bits: (CMBitMap*) 0x0000026a390bf8d0
 Bits: [0x0000026a51820000, 0x0000026a54710000)

Polling page: 0x0000026a36fb0000

Metaspace:

Usage:
  Non-class:     13.77 MB used.
      Class:      1.92 MB used.
       Both:     15.69 MB used.

Virtual space:
  Non-class space:       64.00 MB reserved,      13.94 MB ( 22%) committed,  1 nodes.
      Class space:        1.00 GB reserved,       2.00 MB ( <1%) committed,  1 nodes.
             Both:        1.06 GB reserved,      15.94 MB (  1%) committed. 

Chunk freelists:
   Non-Class:  1.86 MB
       Class:  2.00 MB
        Both:  3.86 MB

MaxMetaspaceSize: unlimited
CompressedClassSpaceSize: 1.00 GB
Initial GC threshold: 21.00 MB
Current GC threshold: 21.00 MB
CDS: on
MetaspaceReclaimPolicy: balanced
 - commit_granule_bytes: 65536.
 - commit_granule_words: 8192.
 - virtual_space_node_default_size: 8388608.
 - enlarge_chunks_in_place: 1.
 - new_chunks_are_fully_committed: 0.
 - uncommit_free_chunks: 1.
 - use_allocation_guard: 0.


Internal statistics:

num_allocs_failed_limit: 0.
num_arena_births: 186.
num_arena_deaths: 0.
num_vsnodes_births: 2.
num_vsnodes_deaths: 0.
num_space_committed: 255.
num_space_uncommitted: 0.
num_chunks_returned_to_freelist: 0.
num_chunks_taken_from_freelist: 544.
num_chunk_merges: 0.
num_chunk_splits: 380.
num_chunks_enlarged: 294.
num_inconsistent_stats: 0.

CodeHeap 'non-profiled nmethods': size=120000Kb used=750Kb max_used=750Kb free=119249Kb
 bounds [0x0000026a48c00000, 0x0000026a48e70000, 0x0000026a50130000]
CodeHeap 'profiled nmethods': size=120000Kb used=3286Kb max_used=3286Kb free=116713Kb
 bounds [0x0000026a41130000, 0x0000026a41470000, 0x0000026a48660000]
CodeHeap 'non-nmethods': size=5760Kb used=1697Kb max_used=1697Kb free=4062Kb
 bounds [0x0000026a48660000, 0x0000026a488d0000, 0x0000026a48c00000]
 total_blobs=2543 nmethods=1877 adapters=574
 compilation: enabled
              stopped_count=0, restarted_count=0
 full_count=0

Compilation events (20 events):
Event: 1.390 Thread 0x0000026a57355080 1871       3       java.io.DataInputStream::<init> (30 bytes)
Event: 1.390 Thread 0x0000026a57355080 nmethod 1871 0x0000026a4145e610 code [0x0000026a4145e7c0, 0x0000026a4145ed58]
Event: 1.394 Thread 0x0000026a57355080 1872       1       java.lang.reflect.Method::getDeclaringClass (5 bytes)
Event: 1.394 Thread 0x0000026a57355080 nmethod 1872 0x0000026a48cb3f90 code [0x0000026a48cb4100, 0x0000026a48cb41d0]
Event: 1.394 Thread 0x0000026a57355080 1873       3       java.lang.invoke.BoundMethodHandle$Species_L::<init> (12 bytes)
Event: 1.394 Thread 0x0000026a9db65830 nmethod 1863 0x0000026a48cb4290 code [0x0000026a48cb4440, 0x0000026a48cb4928]
Event: 1.394 Thread 0x0000026a9db65830 1870   !   4       com.sun.javafx.css.ParsedValueImpl::readBinary (691 bytes)
Event: 1.394 Thread 0x0000026a57355080 nmethod 1873 0x0000026a4145ee90 code [0x0000026a4145f020, 0x0000026a4145f248]
Event: 1.397 Thread 0x0000026a57355080 1874       3       java.lang.invoke.MethodHandles$Lookup::findBoundCallerLookup (30 bytes)
Event: 1.397 Thread 0x0000026a57355080 nmethod 1874 0x0000026a4145f390 code [0x0000026a4145f580, 0x0000026a4145fc10]
Event: 1.397 Thread 0x0000026a57355080 1875       3       java.lang.invoke.MethodHandles$Lookup::getDirectMethodCommon (280 bytes)
Event: 1.399 Thread 0x0000026a57355080 nmethod 1875 0x0000026a4145fe10 code [0x0000026a41460120, 0x0000026a41461180]
Event: 1.399 Thread 0x0000026a57355080 1876       3       java.lang.invoke.MethodHandles$Lookup::maybeBindCaller (72 bytes)
Event: 1.399 Thread 0x0000026a57355080 nmethod 1876 0x0000026a41461710 code [0x0000026a41461920, 0x0000026a414620d0]
Event: 1.401 Thread 0x0000026a57355080 1877       3       java.lang.invoke.MethodHandleNatives::linkCallSite (65 bytes)
Event: 1.401 Thread 0x0000026a57355080 nmethod 1877 0x0000026a41462390 code [0x0000026a41462560, 0x0000026a41462a98]
Event: 1.401 Thread 0x0000026a57355080 1879       3       java.lang.invoke.BoundMethodHandle::rebind (14 bytes)
Event: 1.401 Thread 0x0000026a57355080 nmethod 1879 0x0000026a41462c10 code [0x0000026a41462e00, 0x0000026a41463370]
Event: 1.401 Thread 0x0000026a57355080 1878       3       java.lang.invoke.MethodHandleNatives::linkCallSiteImpl (119 bytes)
Event: 1.402 Thread 0x0000026a57355080 nmethod 1878 0x0000026a41463590 code [0x0000026a414637c0, 0x0000026a414640f8]

GC Heap History (2 events):
Event: 0.774 GC heap before
{Heap before GC invocations=0 (full 0):
 garbage-first heap   total 192512K, used 20480K [0x0000000744400000, 0x0000000800000000)
  region size 2048K, 11 young (22528K), 0 survivors (0K)
 Metaspace       used 5398K, committed 5696K, reserved 1114112K
  class space    used 640K, committed 768K, reserved 1048576K
}
Event: 0.777 GC heap after
{Heap after GC invocations=1 (full 0):
 garbage-first heap   total 192512K, used 2527K [0x0000000744400000, 0x0000000800000000)
  region size 2048K, 2 young (4096K), 2 survivors (4096K)
 Metaspace       used 5398K, committed 5696K, reserved 1114112K
  class space    used 640K, committed 768K, reserved 1048576K
}

Dll operation events (20 events):
Event: 0.441 Loaded shared library C:\Users\16473\.openjfx\cache\20.0.1+2\amd64\api-ms-win-crt-math-l1-1-0.dll
Event: 0.445 Loaded shared library C:\Users\16473\.openjfx\cache\20.0.1+2\amd64\api-ms-win-crt-multibyte-l1-1-0.dll
Event: 0.449 Loaded shared library C:\Users\16473\.openjfx\cache\20.0.1+2\amd64\api-ms-win-crt-private-l1-1-0.dll
Event: 0.452 Loaded shared library C:\Users\16473\.openjfx\cache\20.0.1+2\amd64\api-ms-win-crt-process-l1-1-0.dll
Event: 0.455 Loaded shared library C:\Users\16473\.openjfx\cache\20.0.1+2\amd64\api-ms-win-crt-runtime-l1-1-0.dll
Event: 0.459 Loaded shared library C:\Users\16473\.openjfx\cache\20.0.1+2\amd64\api-ms-win-crt-stdio-l1-1-0.dll
Event: 0.463 Loaded shared library C:\Users\16473\.openjfx\cache\20.0.1+2\amd64\api-ms-win-crt-string-l1-1-0.dll
Event: 0.467 Loaded shared library C:\Users\16473\.openjfx\cache\20.0.1+2\amd64\api-ms-win-crt-time-l1-1-0.dll
Event: 0.471 Loaded shared library C:\Users\16473\.openjfx\cache\20.0.1+2\amd64\api-ms-win-crt-utility-l1-1-0.dll
Event: 0.488 Loaded shared library C:\Users\16473\.openjfx\cache\20.0.1+2\amd64\ucrtbase.dll
Event: 0.492 Loaded shared library C:\Users\16473\.openjfx\cache\20.0.1+2\amd64\vcruntime140.dll
Event: 0.496 Loaded shared library C:\Users\16473\.openjfx\cache\20.0.1+2\amd64\vcruntime140_1.dll
Event: 0.506 Loaded shared library C:\Users\16473\.openjfx\cache\20.0.1+2\amd64\msvcp140.dll
Event: 0.509 Loaded shared library C:\Users\16473\.openjfx\cache\20.0.1+2\amd64\msvcp140_1.dll
Event: 0.515 Loaded shared library C:\Users\16473\.openjfx\cache\20.0.1+2\amd64\msvcp140_2.dll
Event: 0.552 Loaded shared library C:\Users\16473\.openjfx\cache\20.0.1+2\amd64\prism_d3d.dll
Event: 0.634 Loaded shared library C:\Users\16473\.openjfx\cache\20.0.1+2\amd64\glass.dll
Event: 0.732 Loaded shared library C:\Program Files\Java\jdk-20\bin\jimage.dll
Event: 0.931 Loaded shared library C:\Program Files\Java\jdk-20\bin\sunmscapi.dll
Event: 1.328 Loaded shared library C:\Users\16473\.openjfx\cache\20.0.1+2\amd64\javafx_font.dll

Deoptimization events (20 events):
Event: 1.366 Thread 0x0000026a9d61c210 Uncommon trap: trap_request=0xffffffc6 fr.pc=0x0000026a48cac72c relative=0x00000000000012cc
Event: 1.366 Thread 0x0000026a9d61c210 Uncommon trap: reason=bimorphic_or_optimized_type_check action=maybe_recompile pc=0x0000026a48cac72c method=java.io.DataInputStream.readUnsignedShort()I @ 6 c2
Event: 1.366 Thread 0x0000026a9d61c210 DEOPT PACKING pc=0x0000026a48cac72c sp=0x000000f764efd350
Event: 1.366 Thread 0x0000026a9d61c210 DEOPT UNPACKING pc=0x0000026a486c9d22 sp=0x000000f764efd330 mode 2
Event: 1.366 Thread 0x0000026a9d61c210 Uncommon trap: trap_request=0xffffffc6 fr.pc=0x0000026a48cac72c relative=0x00000000000012cc
Event: 1.366 Thread 0x0000026a9d61c210 Uncommon trap: reason=bimorphic_or_optimized_type_check action=maybe_recompile pc=0x0000026a48cac72c method=java.io.DataInputStream.readUnsignedShort()I @ 6 c2
Event: 1.366 Thread 0x0000026a9d61c210 DEOPT PACKING pc=0x0000026a48cac72c sp=0x000000f764efd2c0
Event: 1.366 Thread 0x0000026a9d61c210 DEOPT UNPACKING pc=0x0000026a486c9d22 sp=0x000000f764efd2a0 mode 2
Event: 1.366 Thread 0x0000026a9d61c210 Uncommon trap: trap_request=0xffffff45 fr.pc=0x0000026a48c9ba1c relative=0x000000000000027c
Event: 1.366 Thread 0x0000026a9d61c210 Uncommon trap: reason=unstable_if action=reinterpret pc=0x0000026a48c9ba1c method=java.util.HashMap.getNode(Ljava/lang/Object;)Ljava/util/HashMap$Node; @ 85 c2
Event: 1.366 Thread 0x0000026a9d61c210 DEOPT PACKING pc=0x0000026a48c9ba1c sp=0x000000f764efd420
Event: 1.366 Thread 0x0000026a9d61c210 DEOPT UNPACKING pc=0x0000026a486c9d22 sp=0x000000f764efd330 mode 2
Event: 1.367 Thread 0x0000026a9d61c210 Uncommon trap: trap_request=0xffffff45 fr.pc=0x0000026a48c84a98 relative=0x0000000000000278
Event: 1.367 Thread 0x0000026a9d61c210 Uncommon trap: reason=unstable_if action=reinterpret pc=0x0000026a48c84a98 method=java.util.HashMap.getNode(Ljava/lang/Object;)Ljava/util/HashMap$Node; @ 85 c2
Event: 1.367 Thread 0x0000026a9d61c210 DEOPT PACKING pc=0x0000026a48c84a98 sp=0x000000f764efd340
Event: 1.367 Thread 0x0000026a9d61c210 DEOPT UNPACKING pc=0x0000026a486c9d22 sp=0x000000f764efd2c0 mode 2
Event: 1.369 Thread 0x0000026a9d61c210 Uncommon trap: trap_request=0xffffff45 fr.pc=0x0000026a48c62fe8 relative=0x0000000000000c08
Event: 1.369 Thread 0x0000026a9d61c210 Uncommon trap: reason=unstable_if action=reinterpret pc=0x0000026a48c62fe8 method=java.util.HashMap.resize()[Ljava/util/HashMap$Node; @ 203 c2
Event: 1.369 Thread 0x0000026a9d61c210 DEOPT PACKING pc=0x0000026a48c62fe8 sp=0x000000f764efd1f0
Event: 1.369 Thread 0x0000026a9d61c210 DEOPT UNPACKING pc=0x0000026a486c9d22 sp=0x000000f764efd1a0 mode 2

Classes loaded (20 events):
Event: 1.323 Loading class java/text/CharacterIterator
Event: 1.323 Loading class java/text/CharacterIterator done
Event: 1.324 Loading class java/io/FilenameFilter
Event: 1.324 Loading class java/io/FilenameFilter done
Event: 1.350 Loading class java/util/AbstractList$RandomAccessSubList
Event: 1.350 Loading class java/util/AbstractList$SubList
Event: 1.350 Loading class java/util/AbstractList$SubList done
Event: 1.350 Loading class java/util/AbstractList$RandomAccessSubList done
Event: 1.350 Loading class java/util/AbstractList$SubList$1
Event: 1.350 Loading class java/util/AbstractList$SubList$1 done
Event: 1.351 Loading class java/util/AbstractList$ListItr
Event: 1.351 Loading class java/util/AbstractList$ListItr done
Event: 1.386 Loading class java/util/WeakHashMap$Values
Event: 1.386 Loading class java/util/WeakHashMap$Values done
Event: 1.386 Loading class java/util/WeakHashMap$ValueIterator
Event: 1.386 Loading class java/util/WeakHashMap$ValueIterator done
Event: 1.387 Loading class java/util/EventListener
Event: 1.387 Loading class java/util/EventListener done
Event: 1.387 Loading class java/lang/CloneNotSupportedException
Event: 1.387 Loading class java/lang/CloneNotSupportedException done

Classes unloaded (0 events):
No events

Classes redefined (0 events):
No events

Internal exceptions (20 events):
Event: 0.773 Thread 0x0000026a9d61c210 Exception <a 'sun/nio/fs/WindowsException'{0x000000074ebf4aa0}> (0x000000074ebf4aa0) 
thrown [s\open\src\hotspot\share\prims\jni.cpp, line 519]
Event: 0.786 Thread 0x0000026a9d61c210 Exception <a 'sun/nio/fs/WindowsException'{0x000000074fedd6a0}> (0x000000074fedd6a0) 
thrown [s\open\src\hotspot\share\prims\jni.cpp, line 519]
Event: 0.786 Thread 0x0000026a9d61c210 Exception <a 'sun/nio/fs/WindowsException'{0x000000074fedec68}> (0x000000074fedec68) 
thrown [s\open\src\hotspot\share\prims\jni.cpp, line 519]
Event: 0.791 Thread 0x0000026a9d61c210 Exception <a 'java/lang/NoSuchMethodError'{0x000000074fef2c00}: 'java.lang.Object java.lang.invoke.DirectMethodHandle$Holder.invokeVirtual(java.lang.Object, java.lang.Object, java.lang.Object)'> (0x000000074fef2c00) 
thrown [s\open\src\hotspot\share\interpreter\linkResolver.cpp, line 773]
Event: 0.849 Thread 0x0000026a9d61c210 Exception <a 'sun/nio/fs/WindowsException'{0x000000074fde7c70}> (0x000000074fde7c70) 
thrown [s\open\src\hotspot\share\prims\jni.cpp, line 519]
Event: 0.920 Thread 0x0000026a9d61c210 Exception <a 'sun/nio/fs/WindowsException'{0x000000074f8906d8}> (0x000000074f8906d8) 
thrown [s\open\src\hotspot\share\prims\jni.cpp, line 519]
Event: 0.921 Thread 0x0000026a9d61c210 Exception <a 'java/lang/NoSuchMethodError'{0x000000074f897b48}: 'void java.lang.invoke.DirectMethodHandle$Holder.invokeStaticInit(java.lang.Object, java.lang.Object)'> (0x000000074f897b48) 
thrown [s\open\src\hotspot\share\interpreter\linkResolver.cpp, line 773]
Event: 0.960 Thread 0x0000026a9d61c210 Exception <a 'sun/nio/fs/WindowsException'{0x000000074f9ac8d8}> (0x000000074f9ac8d8) 
thrown [s\open\src\hotspot\share\prims\jni.cpp, line 519]
Event: 0.966 Thread 0x0000026a9d61c210 Exception <a 'sun/nio/fs/WindowsException'{0x000000074f9c14e0}> (0x000000074f9c14e0) 
thrown [s\open\src\hotspot\share\prims\jni.cpp, line 519]
Event: 0.989 Thread 0x0000026a9d61c210 Exception <a 'java/lang/NoSuchMethodError'{0x000000074f65dde0}: 'java.lang.Object java.lang.invoke.DirectMethodHandle$Holder.invokeStaticInit(java.lang.Object, int, int, int, int)'> (0x000000074f65dde0) 
thrown [s\open\src\hotspot\share\interpreter\linkResolver.cpp, line 773]
Event: 1.035 Thread 0x0000026a9d61c210 Exception <a 'java/lang/NoSuchMethodError'{0x000000074f76ae50}: 'java.lang.Object java.lang.invoke.DirectMethodHandle$Holder.invokeStaticInit(java.lang.Object, java.lang.Object, int, int, int, int)'> (0x000000074f76ae50) 
thrown [s\open\src\hotspot\share\interpreter\linkResolver.cpp, line 773]
Event: 1.074 Thread 0x0000026a9d61c210 Exception <a 'java/lang/NoSuchMethodError'{0x000000074f7dba30}: 'int java.lang.invoke.DirectMethodHandle$Holder.invokeSpecial(java.lang.Object, java.lang.Object, java.lang.Object)'> (0x000000074f7dba30) 
thrown [s\open\src\hotspot\share\interpreter\linkResolver.cpp, line 773]
Event: 1.188 Thread 0x0000026a9d61c210 Exception <a 'sun/nio/fs/WindowsException'{0x000000074f5136b0}> (0x000000074f5136b0) 
thrown [s\open\src\hotspot\share\prims\jni.cpp, line 519]
Event: 1.272 Thread 0x0000026a9d61c210 Exception <a 'java/io/IOException'{0x000000074f3a5f48}> (0x000000074f3a5f48) 
thrown [s\open\src\hotspot\share\prims\jni.cpp, line 519]
Event: 1.273 Thread 0x0000026a9d61c210 Exception <a 'java/lang/NoSuchMethodError'{0x000000074f3a6d38}: 'void java.lang.invoke.DirectMethodHandle$Holder.invokeInterface(java.lang.Object, java.lang.Object)'> (0x000000074f3a6d38) 
thrown [s\open\src\hotspot\share\interpreter\linkResolver.cpp, line 773]
Event: 1.300 Thread 0x0000026a9d61c210 Exception <a 'java/lang/NoSuchMethodError'{0x000000074f1da358}: 'java.lang.Object java.lang.invoke.DirectMethodHandle$Holder.invokeStaticInit(java.lang.Object, java.lang.Object, java.lang.Object, java.lang.Object)'> (0x000000074f1da358) 
thrown [s\open\src\hotspot\share\interpreter\linkResolver.cpp, line 773]
Event: 1.301 Thread 0x0000026a9d61c210 Exception <a 'java/lang/NullPointerException'{0x000000074f1e5928}> (0x000000074f1e5928) 
thrown [s\open\src\hotspot\share\interpreter\linkResolver.cpp, line 1373]
Event: 1.318 Thread 0x0000026a9d61c210 Exception <a 'java/lang/ClassNotFoundException'{0x000000074ef87598}: com/sun/glass/ui/win/themes> (0x000000074ef87598) 
thrown [s\open\src\hotspot\share\prims\jni.cpp, line 538]
Event: 1.319 Thread 0x0000026a9d61c210 Exception <a 'java/lang/ClassNotFoundException'{0x000000074ef92cf0}: com/sun/glass/ui/win/themes_en> (0x000000074ef92cf0) 
thrown [s\open\src\hotspot\share\prims\jni.cpp, line 538]
Event: 1.319 Thread 0x0000026a9d61c210 Exception <a 'java/lang/ClassNotFoundException'{0x000000074ef9a8b0}: com/sun/glass/ui/win/themes_en_CA> (0x000000074ef9a8b0) 
thrown [s\open\src\hotspot\share\prims\jni.cpp, line 538]

VM Operations (20 events):
Event: 0.743 Executing VM operation: HandshakeAllThreads
Event: 0.743 Executing VM operation: HandshakeAllThreads done
Event: 0.748 Executing VM operation: HandshakeAllThreads
Event: 0.748 Executing VM operation: HandshakeAllThreads done
Event: 0.752 Executing VM operation: HandshakeAllThreads
Event: 0.752 Executing VM operation: HandshakeAllThreads done
Event: 0.770 Executing VM operation: HandshakeAllThreads
Event: 0.770 Executing VM operation: HandshakeAllThreads done
Event: 0.773 Executing VM operation: G1CollectForAllocation
Event: 0.777 Executing VM operation: G1CollectForAllocation done
Event: 0.787 Executing VM operation: HandshakeAllThreads
Event: 0.787 Executing VM operation: HandshakeAllThreads done
Event: 0.966 Executing VM operation: HandshakeAllThreads
Event: 0.966 Executing VM operation: HandshakeAllThreads done
Event: 0.977 Executing VM operation: HandshakeAllThreads
Event: 0.977 Executing VM operation: HandshakeAllThreads done
Event: 1.181 Executing VM operation: HandshakeAllThreads
Event: 1.181 Executing VM operation: HandshakeAllThreads done
Event: 1.238 Executing VM operation: ICBufferFull
Event: 1.238 Executing VM operation: ICBufferFull done

Events (20 events):
Event: 0.050 Thread 0x0000026a57344b70 Thread added: 0x0000026a57344b70
Event: 0.050 Thread 0x0000026a57349060 Thread added: 0x0000026a57349060
Event: 0.050 Thread 0x0000026a5734a9b0 Thread added: 0x0000026a5734a9b0
Event: 0.050 Thread 0x0000026a5734ba90 Thread added: 0x0000026a5734ba90
Event: 0.051 Thread 0x0000026a5734c3d0 Thread added: 0x0000026a5734c3d0
Event: 0.051 Thread 0x0000026a5734d910 Thread added: 0x0000026a5734d910
Event: 0.051 Thread 0x0000026a57355080 Thread added: 0x0000026a57355080
Event: 0.069 Thread 0x0000026a5730da50 Thread added: 0x0000026a5730da50
Event: 0.100 Thread 0x0000026a9c64ce20 Thread added: 0x0000026a9c64ce20
Event: 0.107 Thread 0x0000026a9c6db630 Thread added: 0x0000026a9c6db630
Event: 0.215 Thread 0x0000026a9c9437a0 Thread added: 0x0000026a9c9437a0
Event: 0.215 Thread 0x0000026a9c7ff320 Thread added: 0x0000026a9c7ff320
Event: 0.541 Thread 0x0000026a9d0256d0 Thread added: 0x0000026a9d0256d0
Event: 0.614 Thread 0x0000026a9c6db630 Thread exited: 0x0000026a9c6db630
Event: 0.635 Thread 0x0000026a9d61b770 Thread added: 0x0000026a9d61b770
Event: 0.638 Thread 0x0000026a9d61c210 Thread added: 0x0000026a9d61c210
Event: 0.697 Thread 0x0000026a9d6167c0 Thread added: 0x0000026a9d6167c0
Event: 0.706 Thread 0x0000026a9d617d00 Thread added: 0x0000026a9d617d00
Event: 0.748 Thread 0x0000026a9d615280 Thread added: 0x0000026a9d615280
Event: 1.109 Thread 0x0000026a9db65830 Thread added: 0x0000026a9db65830


Dynamic libraries:
0x00007ff72f500000 - 0x00007ff72f510000 	C:\Program Files\Java\jdk-20\bin\java.exe
0x00007ff9e6e30000 - 0x00007ff9e7047000 	C:\WINDOWS\SYSTEM32\ntdll.dll
0x00007ff9e6060000 - 0x00007ff9e6124000 	C:\WINDOWS\System32\KERNEL32.DLL
0x00007ff9e4550000 - 0x00007ff9e48f6000 	C:\WINDOWS\System32\KERNELBASE.dll
0x00007ff9e4430000 - 0x00007ff9e4541000 	C:\WINDOWS\System32\ucrtbase.dll
0x00007ff9e0300000 - 0x00007ff9e031b000 	C:\Program Files\Java\jdk-20\bin\VCRUNTIME140.dll
0x00007ff9e0320000 - 0x00007ff9e0339000 	C:\Program Files\Java\jdk-20\bin\jli.dll
0x00007ff9e5610000 - 0x00007ff9e56c3000 	C:\WINDOWS\System32\ADVAPI32.dll
0x00007ff9e56e0000 - 0x00007ff9e5787000 	C:\WINDOWS\System32\msvcrt.dll
0x00007ff9e6d40000 - 0x00007ff9e6de8000 	C:\WINDOWS\System32\sechost.dll
0x00007ff9e43d0000 - 0x00007ff9e43f8000 	C:\WINDOWS\System32\bcrypt.dll
0x00007ff9e62e0000 - 0x00007ff9e63f7000 	C:\WINDOWS\System32\RPCRT4.dll
0x00007ff9e4ce0000 - 0x00007ff9e4e8e000 	C:\WINDOWS\System32\USER32.dll
0x00007ff9e4400000 - 0x00007ff9e4426000 	C:\WINDOWS\System32\win32u.dll
0x00007ff9e5580000 - 0x00007ff9e55a9000 	C:\WINDOWS\System32\GDI32.dll
0x00007ff9e4900000 - 0x00007ff9e4a18000 	C:\WINDOWS\System32\gdi32full.dll
0x00007ff9c4a60000 - 0x00007ff9c4cf3000 	C:\WINDOWS\WinSxS\amd64_microsoft.windows.common-controls_6595b64144ccf1df_6.0.22621.2506_none_270c5ae97388e100\COMCTL32.dll
0x00007ff9e4a20000 - 0x00007ff9e4aba000 	C:\WINDOWS\System32\msvcp_win.dll
0x00007ff9d8110000 - 0x00007ff9d811a000 	C:\WINDOWS\SYSTEM32\VERSION.dll
0x00007ff9e54e0000 - 0x00007ff9e5511000 	C:\WINDOWS\System32\IMM32.DLL
0x00007ff9e0850000 - 0x00007ff9e085c000 	C:\Program Files\Java\jdk-20\bin\vcruntime140_1.dll
0x00007ff9be640000 - 0x00007ff9be6ce000 	C:\Program Files\Java\jdk-20\bin\msvcp140.dll
0x00007ff977760000 - 0x00007ff9783f8000 	C:\Program Files\Java\jdk-20\bin\server\jvm.dll
0x00007ff9d7ed0000 - 0x00007ff9d7ed9000 	C:\WINDOWS\SYSTEM32\WSOCK32.dll
0x00007ff9e5e60000 - 0x00007ff9e5ed1000 	C:\WINDOWS\System32\WS2_32.dll
0x00007ff9e0cf0000 - 0x00007ff9e0d24000 	C:\WINDOWS\SYSTEM32\WINMM.dll
0x00007ff9e3200000 - 0x00007ff9e3218000 	C:\WINDOWS\SYSTEM32\kernel.appcore.dll
0x00007ff9e06a0000 - 0x00007ff9e06aa000 	C:\Program Files\Java\jdk-20\bin\jimage.dll
0x00007ff9e1990000 - 0x00007ff9e1bc3000 	C:\WINDOWS\SYSTEM32\DBGHELP.DLL
0x00007ff9e5150000 - 0x00007ff9e54d9000 	C:\WINDOWS\System32\combase.dll
0x00007ff9e4e90000 - 0x00007ff9e4f67000 	C:\WINDOWS\System32\OLEAUT32.dll
0x00007ff9e0cb0000 - 0x00007ff9e0ce2000 	C:\WINDOWS\SYSTEM32\dbgcore.DLL
0x00007ff9e4350000 - 0x00007ff9e43ca000 	C:\WINDOWS\System32\bcryptPrimitives.dll
0x00007ff9e02f0000 - 0x00007ff9e02fe000 	C:\Program Files\Java\jdk-20\bin\instrument.dll
0x00007ff9dd370000 - 0x00007ff9dd396000 	C:\Program Files\Java\jdk-20\bin\java.dll
0x00007ff9a0f20000 - 0x00007ff9a0ff7000 	C:\Program Files\Java\jdk-20\bin\jsvml.dll
0x00007ff9e64e0000 - 0x00007ff9e6d3b000 	C:\WINDOWS\System32\SHELL32.dll
0x00007ff9e2090000 - 0x00007ff9e2986000 	C:\WINDOWS\SYSTEM32\windows.storage.dll
0x00007ff9e1f50000 - 0x00007ff9e208e000 	C:\WINDOWS\SYSTEM32\wintypes.dll
0x00007ff9e5f60000 - 0x00007ff9e6053000 	C:\WINDOWS\System32\SHCORE.dll
0x00007ff9e5520000 - 0x00007ff9e557e000 	C:\WINDOWS\System32\shlwapi.dll
0x00007ff9e40a0000 - 0x00007ff9e40c6000 	C:\WINDOWS\SYSTEM32\profapi.dll
0x00007ff9e02d0000 - 0x00007ff9e02e3000 	C:\Program Files\Java\jdk-20\bin\net.dll
0x00007ff9de1b0000 - 0x00007ff9de2e7000 	C:\WINDOWS\SYSTEM32\WINHTTP.dll
0x00007ff9e36d0000 - 0x00007ff9e3739000 	C:\WINDOWS\system32\mswsock.dll
0x00007ff9e0100000 - 0x00007ff9e0116000 	C:\Program Files\Java\jdk-20\bin\nio.dll
0x00007ff9dd350000 - 0x00007ff9dd368000 	C:\Program Files\Java\jdk-20\bin\zip.dll
0x00007ff9dd230000 - 0x00007ff9dd24a000 	C:\Program Files\JetBrains\IntelliJ IDEA Community Edition 2023.2.2\bin\breakgen64.dll
0x0000026a38f80000 - 0x0000026a38f83000 	C:\Users\16473\.openjfx\cache\20.0.1+2\amd64\api-ms-win-core-console-l1-1-0.dll
0x0000026a38f90000 - 0x0000026a38f93000 	C:\Users\16473\.openjfx\cache\20.0.1+2\amd64\api-ms-win-core-console-l1-2-0.dll
0x0000026a38fa0000 - 0x0000026a38fa3000 	C:\Users\16473\.openjfx\cache\20.0.1+2\amd64\api-ms-win-core-datetime-l1-1-0.dll
0x0000026a38fb0000 - 0x0000026a38fb3000 	C:\Users\16473\.openjfx\cache\20.0.1+2\amd64\api-ms-win-core-debug-l1-1-0.dll
0x0000026a38fc0000 - 0x0000026a38fc3000 	C:\Users\16473\.openjfx\cache\20.0.1+2\amd64\api-ms-win-core-errorhandling-l1-1-0.dll
0x0000026a38fd0000 - 0x0000026a38fd4000 	C:\Users\16473\.openjfx\cache\20.0.1+2\amd64\api-ms-win-core-file-l1-1-0.dll
0x0000026a38fe0000 - 0x0000026a38fe3000 	C:\Users\16473\.openjfx\cache\20.0.1+2\amd64\api-ms-win-core-file-l1-2-0.dll
0x0000026a38ff0000 - 0x0000026a38ff3000 	C:\Users\16473\.openjfx\cache\20.0.1+2\amd64\api-ms-win-core-file-l2-1-0.dll
0x0000026a39000000 - 0x0000026a39003000 	C:\Users\16473\.openjfx\cache\20.0.1+2\amd64\api-ms-win-core-handle-l1-1-0.dll
0x0000026a39010000 - 0x0000026a39013000 	C:\Users\16473\.openjfx\cache\20.0.1+2\amd64\api-ms-win-core-heap-l1-1-0.dll
0x0000026a573b0000 - 0x0000026a573b3000 	C:\Users\16473\.openjfx\cache\20.0.1+2\amd64\api-ms-win-core-interlocked-l1-1-0.dll
0x0000026a573c0000 - 0x0000026a573c3000 	C:\Users\16473\.openjfx\cache\20.0.1+2\amd64\api-ms-win-core-libraryloader-l1-1-0.dll
0x0000026a573d0000 - 0x0000026a573d3000 	C:\Users\16473\.openjfx\cache\20.0.1+2\amd64\api-ms-win-core-localization-l1-2-0.dll
0x0000026a573e0000 - 0x0000026a573e3000 	C:\Users\16473\.openjfx\cache\20.0.1+2\amd64\api-ms-win-core-memory-l1-1-0.dll
0x0000026a573f0000 - 0x0000026a573f3000 	C:\Users\16473\.openjfx\cache\20.0.1+2\amd64\api-ms-win-core-namedpipe-l1-1-0.dll
0x0000026a9d100000 - 0x0000026a9d103000 	C:\Users\16473\.openjfx\cache\20.0.1+2\amd64\api-ms-win-core-processenvironment-l1-1-0.dll
0x0000026a9d110000 - 0x0000026a9d113000 	C:\Users\16473\.openjfx\cache\20.0.1+2\amd64\api-ms-win-core-processthreads-l1-1-0.dll
0x0000026a9d120000 - 0x0000026a9d123000 	C:\Users\16473\.openjfx\cache\20.0.1+2\amd64\api-ms-win-core-processthreads-l1-1-1.dll
0x0000026a9d130000 - 0x0000026a9d133000 	C:\Users\16473\.openjfx\cache\20.0.1+2\amd64\api-ms-win-core-profile-l1-1-0.dll
0x0000026a9d140000 - 0x0000026a9d143000 	C:\Users\16473\.openjfx\cache\20.0.1+2\amd64\api-ms-win-core-rtlsupport-l1-1-0.dll
0x0000026a9d150000 - 0x0000026a9d153000 	C:\Users\16473\.openjfx\cache\20.0.1+2\amd64\api-ms-win-core-string-l1-1-0.dll
0x0000026a9d160000 - 0x0000026a9d163000 	C:\Users\16473\.openjfx\cache\20.0.1+2\amd64\api-ms-win-core-synch-l1-1-0.dll
0x0000026a9d170000 - 0x0000026a9d173000 	C:\Users\16473\.openjfx\cache\20.0.1+2\amd64\api-ms-win-core-synch-l1-2-0.dll
0x0000026a9d180000 - 0x0000026a9d183000 	C:\Users\16473\.openjfx\cache\20.0.1+2\amd64\api-ms-win-core-sysinfo-l1-1-0.dll
0x0000026a9d190000 - 0x0000026a9d193000 	C:\Users\16473\.openjfx\cache\20.0.1+2\amd64\api-ms-win-core-timezone-l1-1-0.dll
0x0000026a9d1a0000 - 0x0000026a9d1a3000 	C:\Users\16473\.openjfx\cache\20.0.1+2\amd64\api-ms-win-core-util-l1-1-0.dll
0x0000026a9d1b0000 - 0x0000026a9d1b3000 	C:\Users\16473\.openjfx\cache\20.0.1+2\amd64\api-ms-win-crt-conio-l1-1-0.dll
0x0000026a9d1c0000 - 0x0000026a9d1c4000 	C:\Users\16473\.openjfx\cache\20.0.1+2\amd64\api-ms-win-crt-convert-l1-1-0.dll
0x0000026a9d1d0000 - 0x0000026a9d1d3000 	C:\Users\16473\.openjfx\cache\20.0.1+2\amd64\api-ms-win-crt-environment-l1-1-0.dll
0x0000026a9d1e0000 - 0x0000026a9d1e3000 	C:\Users\16473\.openjfx\cache\20.0.1+2\amd64\api-ms-win-crt-filesystem-l1-1-0.dll
0x0000026a9d1f0000 - 0x0000026a9d1f3000 	C:\Users\16473\.openjfx\cache\20.0.1+2\amd64\api-ms-win-crt-heap-l1-1-0.dll
0x0000026a9d200000 - 0x0000026a9d203000 	C:\Users\16473\.openjfx\cache\20.0.1+2\amd64\api-ms-win-crt-locale-l1-1-0.dll
0x0000026a9d210000 - 0x0000026a9d215000 	C:\Users\16473\.openjfx\cache\20.0.1+2\amd64\api-ms-win-crt-math-l1-1-0.dll
0x0000026a9d220000 - 0x0000026a9d225000 	C:\Users\16473\.openjfx\cache\20.0.1+2\amd64\api-ms-win-crt-multibyte-l1-1-0.dll
0x0000026a9d230000 - 0x0000026a9d240000 	C:\Users\16473\.openjfx\cache\20.0.1+2\amd64\api-ms-win-crt-private-l1-1-0.dll
0x0000026a9d240000 - 0x0000026a9d243000 	C:\Users\16473\.openjfx\cache\20.0.1+2\amd64\api-ms-win-crt-process-l1-1-0.dll
0x0000026a9d250000 - 0x0000026a9d254000 	C:\Users\16473\.openjfx\cache\20.0.1+2\amd64\api-ms-win-crt-runtime-l1-1-0.dll
0x0000026a9d260000 - 0x0000026a9d264000 	C:\Users\16473\.openjfx\cache\20.0.1+2\amd64\api-ms-win-crt-stdio-l1-1-0.dll
0x0000026a9d270000 - 0x0000026a9d274000 	C:\Users\16473\.openjfx\cache\20.0.1+2\amd64\api-ms-win-crt-string-l1-1-0.dll
0x0000026a9d280000 - 0x0000026a9d283000 	C:\Users\16473\.openjfx\cache\20.0.1+2\amd64\api-ms-win-crt-time-l1-1-0.dll
0x0000026a9d290000 - 0x0000026a9d293000 	C:\Users\16473\.openjfx\cache\20.0.1+2\amd64\api-ms-win-crt-utility-l1-1-0.dll
0x00007ff99f9c0000 - 0x00007ff99fabc000 	C:\Users\16473\.openjfx\cache\20.0.1+2\amd64\ucrtbase.dll
0x00007ff9dc0c0000 - 0x00007ff9dc0db000 	C:\Users\16473\.openjfx\cache\20.0.1+2\amd64\vcruntime140.dll
0x00007ff9dd340000 - 0x00007ff9dd34c000 	C:\Users\16473\.openjfx\cache\20.0.1+2\amd64\vcruntime140_1.dll
0x00007ff9a6720000 - 0x00007ff9a67ae000 	C:\Users\16473\.openjfx\cache\20.0.1+2\amd64\msvcp140.dll
0x00007ff9dbf00000 - 0x00007ff9dbf09000 	C:\Users\16473\.openjfx\cache\20.0.1+2\amd64\msvcp140_1.dll
0x00007ff9c2f70000 - 0x00007ff9c2fa0000 	C:\Users\16473\.openjfx\cache\20.0.1+2\amd64\msvcp140_2.dll
0x00007ff9bd480000 - 0x00007ff9bd4af000 	C:\Users\16473\.openjfx\cache\20.0.1+2\amd64\prism_d3d.dll
0x00007ff9bec10000 - 0x00007ff9bedb9000 	C:\WINDOWS\system32\d3d9.dll
0x00007ff9e0c80000 - 0x00007ff9e0cab000 	C:\WINDOWS\SYSTEM32\dwmapi.dll
0x00007ff9e1400000 - 0x00007ff9e1439000 	C:\WINDOWS\SYSTEM32\dxcore.dll
0x00007ff9e0a00000 - 0x00007ff9e0aab000 	C:\WINDOWS\system32\uxtheme.dll
0x00007ff9beb60000 - 0x00007ff9bec10000 	C:\WINDOWS\SYSTEM32\d3d9on12.dll
0x00007ff9e0b70000 - 0x00007ff9e0c68000 	C:\WINDOWS\SYSTEM32\dxgi.dll
0x00007ff9dbf70000 - 0x00007ff9dbf99000 	C:\WINDOWS\SYSTEM32\d3d12.dll
0x00007ff9e3e60000 - 0x00007ff9e3eae000 	C:\WINDOWS\SYSTEM32\cfgmgr32.dll
0x00007ff964650000 - 0x00007ff964853000 	C:\WINDOWS\SYSTEM32\D3D12Core.dll
0x00007ff969990000 - 0x00007ff969a97000 	C:\WINDOWS\System32\DriverStore\FileRepository\iigd_dch.inf_amd64_83257a102e1a6c76\igd12umd64.dll
0x00007ff963010000 - 0x00007ff963f15000 	C:\WINDOWS\System32\DriverStore\FileRepository\iigd_dch.inf_amd64_83257a102e1a6c76\igd12um64xel.dll
0x00007ff9e41e0000 - 0x00007ff9e4346000 	C:\WINDOWS\System32\CRYPT32.dll
0x00007ff9e6130000 - 0x00007ff9e62d0000 	C:\WINDOWS\System32\ole32.dll
0x00007ff9b7240000 - 0x00007ff9b7284000 	C:\WINDOWS\SYSTEM32\ControlLib.dll
0x00007ff9e57a0000 - 0x00007ff9e5c14000 	C:\WINDOWS\System32\SETUPAPI.dll
0x00007ff9e3e30000 - 0x00007ff9e3e5c000 	C:\WINDOWS\SYSTEM32\DEVOBJ.dll
0x00007ff9d81c0000 - 0x00007ff9d824b000 	C:\WINDOWS\System32\DriverStore\FileRepository\iigd_dch.inf_amd64_83257a102e1a6c76\IntelControlLib.dll
0x00007ff9e4170000 - 0x00007ff9e41db000 	C:\WINDOWS\System32\WINTRUST.dll
0x00007ff9e3e10000 - 0x00007ff9e3e22000 	C:\WINDOWS\SYSTEM32\MSASN1.dll
0x00007ff9dd5f0000 - 0x00007ff9dd63a000 	C:\WINDOWS\SYSTEM32\directxdatabasehelper.dll
0x00007ff9d7800000 - 0x00007ff9d7c38000 	C:\WINDOWS\System32\DriverStore\FileRepository\iigd_dch.inf_amd64_83257a102e1a6c76\igdgmm64.dll
0x00007ff9d38e0000 - 0x00007ff9d778d000 	C:\WINDOWS\System32\DriverStore\FileRepository\iigd_dch.inf_amd64_83257a102e1a6c76\igc64.dll
0x00007ff9cde90000 - 0x00007ff9cdebf000 	C:\WINDOWS\SYSTEM32\D3DSCache.dll
0x00007ff9e3770000 - 0x00007ff9e379c000 	C:\WINDOWS\SYSTEM32\USERENV.dll
0x00007ff964350000 - 0x00007ff96464c000 	C:\WINDOWS\System32\DriverStore\FileRepository\iigd_dch.inf_amd64_83257a102e1a6c76\igd12dxva64.dll
0x00007ff97f360000 - 0x00007ff980543000 	C:\WINDOWS\System32\DriverStore\FileRepository\iigd_dch.inf_amd64_83257a102e1a6c76\igddxvacommon64.dll
0x00007ff97d630000 - 0x00007ff97f351000 	C:\WINDOWS\System32\DriverStore\FileRepository\iigd_dch.inf_amd64_83257a102e1a6c76\media_bin_64.dll
0x00007ff9810d0000 - 0x00007ff9810f7000 	C:\WINDOWS\System32\DriverStore\FileRepository\iigd_dch.inf_amd64_83257a102e1a6c76\igdinfo64.dll
0x00007ff9e39c0000 - 0x00007ff9e39db000 	C:\WINDOWS\SYSTEM32\CRYPTSP.dll
0x00007ff9e31c0000 - 0x00007ff9e31f5000 	C:\WINDOWS\system32\rsaenh.dll
0x00007ff9e38d0000 - 0x00007ff9e38dc000 	C:\WINDOWS\SYSTEM32\CRYPTBASE.dll
0x00007ff9b9d20000 - 0x00007ff9b9d62000 	C:\Users\16473\.openjfx\cache\20.0.1+2\amd64\glass.dll

dbghelp: loaded successfully - version: 4.0.5 - missing functions: none
symbol engine: initialized successfully - sym options: 0x614 - pdb path: (cannot be retrieved)

VM Arguments:
jvm_args: -javaagent:C:\Program Files\JetBrains\IntelliJ IDEA Community Edition 2023.2.2\lib\idea_rt.jar=51335:C:\Program Files\JetBrains\IntelliJ IDEA Community Edition 2023.2.2\bin -Dfile.encoding=UTF-8 -Dsun.stdout.encoding=UTF-8 -Dsun.stderr.encoding=UTF-8 --module-path=C:\Users\16473\.m2\repository\org\openjfx\javafx-controls\20.0.1\javafx-controls-20.0.1-win.jar;C:\Users\16473\Desktop\GraphicalUserInterface\target\classes;C:\Users\16473\.m2\repository\org\openjfx\javafx-graphics\20.0.1\javafx-graphics-20.0.1-win.jar;C:\Users\16473\.m2\repository\org\openjfx\javafx-base\20.0.1\javafx-base-20.0.1-win.jar;C:\Users\16473\.m2\repository\org\openjfx\javafx-fxml\20.0.1\javafx-fxml-20.0.1-win.jar -Djdk.module.main=com.example.graphicaluserinterface 
java_command: com.example.graphicaluserinterface/com.example.graphicaluserinterface.MySQLChartApp
java_class_path (initial): C:\Users\16473\.m2\repository\org\openjfx\javafx-controls\20.0.1\javafx-controls-20.0.1.jar;C:\Users\16473\.m2\repository\org\openjfx\javafx-graphics\20.0.1\javafx-graphics-20.0.1.jar;C:\Users\16473\.m2\repository\org\openjfx\javafx-base\20.0.1\javafx-base-20.0.1.jar;C:\Users\16473\.m2\repository\org\openjfx\javafx-fxml\20.0.1\javafx-fxml-20.0.1.jar;C:\Users\16473\Desktop\mysql-connector-j-8.3.0\mysql-connector-j-8.3.0.jar
Launcher Type: SUN_STANDARD

[Global flags]
     intx CICompilerCount                          = 4                                         {product} {ergonomic}
     uint ConcGCThreads                            = 3                                         {product} {ergonomic}
     uint G1ConcRefinementThreads                  = 10                                        {product} {ergonomic}
   size_t G1HeapRegionSize                         = 2097152                                   {product} {ergonomic}
    uintx GCDrainStackTargetSize                   = 64                                        {product} {ergonomic}
   size_t InitialHeapSize                          = 197132288                                 {product} {ergonomic}
   size_t MarkStackSize                            = 4194304                                   {product} {ergonomic}
   size_t MaxHeapSize                              = 3149922304                                {product} {ergonomic}
   size_t MaxNewSize                               = 1889533952                                {product} {ergonomic}
   size_t MinHeapDeltaBytes                        = 2097152                                   {product} {ergonomic}
   size_t MinHeapSize                              = 8388608                                   {product} {ergonomic}
    uintx NonNMethodCodeHeapSize                   = 5839372                                {pd product} {ergonomic}
    uintx NonProfiledCodeHeapSize                  = 122909434                              {pd product} {ergonomic}
    uintx ProfiledCodeHeapSize                     = 122909434                              {pd product} {ergonomic}
    uintx ReservedCodeCacheSize                    = 251658240                              {pd product} {ergonomic}
     bool SegmentedCodeCache                       = true                                      {product} {ergonomic}
   size_t SoftMaxHeapSize                          = 3149922304                             {manageable} {ergonomic}
     bool UseCompressedClassPointers               = true                           {product lp64_product} {ergonomic}
     bool UseCompressedOops                        = true                           {product lp64_product} {ergonomic}
     bool UseG1GC                                  = true                                      {product} {ergonomic}
     bool UseLargePagesIndividualAllocation        = false                                  {pd product} {ergonomic}

Logging:
Log output configuration:
 #0: stdout all=warning uptime,level,tags foldmultilines=false
 #1: stderr all=off uptime,level,tags foldmultilines=false

Environment Variables:
PATH=C:\Program Files\Common Files\Oracle\Java\javapath;C:\WINDOWS\system32;C:\WINDOWS;C:\WINDOWS\System32\Wbem;C:\WINDOWS\System32\WindowsPowerShell\v1.0\;C:\WINDOWS\System32\OpenSSH\;C:\Program Files\Microsoft SQL Server\150\Tools\Binn\;C:\Program Files\Microsoft SQL Server\Client SDK\ODBC\170\Tools\Binn\;C:\Program Files\dotnet\;C:\Program Files\Git\cmd;C:\Users\16473\AppData\Local\Microsoft\WindowsApps;C:\Users\16473\AppData\Local\Programs\Microsoft VS Code\bin;C:\Users\16473\AppData\Local\GitHubDesktop\bin;C:\Users\16473\.dotnet\tools
USERNAME=16473
OS=Windows_NT
PROCESSOR_IDENTIFIER=Intel64 Family 6 Model 154 Stepping 4, GenuineIntel
TMP=C:\Users\16473\AppData\Local\Temp
TEMP=C:\Users\16473\AppData\Local\Temp




---------------  S Y S T E M  ---------------

OS:
 Windows 11 , 64 bit Build 22621 (10.0.22621.3085)
OS uptime: 7 days 18:57 hours
Hyper-V role detected

CPU: total 12 (initial active 12) (6 cores per cpu, 2 threads per core) family 6 model 154 stepping 4 microcode 0x416, cx8, cmov, fxsr, ht, mmx, 3dnowpref, sse, sse2, sse3, ssse3, sse4.1, sse4.2, popcnt, lzcnt, tsc, tscinvbit, avx, avx2, aes, erms, clmul, bmi1, bmi2, adx, sha, fma, vzeroupper, clflush, clflushopt, clwb, hv, serialize, rdtscp, rdpid, fsrm, f16c, cet_ibt, cet_ss

Memory: 4k page, system-wide physical 12012M (1548M free)
TotalPageFile size 16108M (AvailPageFile size 5M)
current process WorkingSet (physical memory assigned to process): 134M, peak: 134M
current process commit charge ("private bytes"): 345M, peak: 375M

vm_info: Java HotSpot(TM) 64-Bit Server VM (20.0.2+9-78) for windows-amd64 JRE (20.0.2+9-78), built on 2023-06-14T10:08:48Z by "mach5one" with MS VC++ 17.1 (VS2022)

END.
