#
# There is insufficient memory for the Java Runtime Environment to continue.
# Native memory allocation (mmap) failed to map 65536 bytes for Failed to commit metaspace.
# Possible reasons:
#   The system is out of physical RAM or swap space
#   The process is running with CompressedOops enabled, and the Java Heap may be blocking the growth of the native heap
# Possible solutions:
#   Reduce memory load on the system
#   Increase physical memory or swap space
#   Check if swap backing store is full
#   Decrease Java heap size (-Xmx/-Xms)
#   Decrease number of Java threads
#   Decrease Java thread stack sizes (-Xss)
#   Set larger code cache with -XX:ReservedCodeCacheSize=
#   JVM is running with Zero Based Compressed Oops mode in which the Java heap is
#     placed in the first 32GB address space. The Java Heap base address is the
#     maximum limit for the native heap growth. Please use -XX:HeapBaseMinAddress
#     to set the Java Heap base and to place the Java Heap above 32GB virtual address.
# This output file may be truncated or incomplete.
#
#  Out of Memory Error (virtualSpaceNode.cpp:110), pid=7824, tid=24492
#
# JRE version: Java(TM) SE Runtime Environment (20.0.2+9) (build 20.0.2+9-78)
# Java VM: Java HotSpot(TM) 64-Bit Server VM (20.0.2+9-78, mixed mode, sharing, tiered, compressed oops, compressed class ptrs, g1 gc, windows-amd64)
# No core dump will be written. Minidumps are not enabled by default on client versions of Windows
#

---------------  S U M M A R Y ------------

Command Line: -javaagent:C:\Program Files\JetBrains\IntelliJ IDEA Community Edition 2023.2.2\lib\idea_rt.jar=65234:C:\Program Files\JetBrains\IntelliJ IDEA Community Edition 2023.2.2\bin -Dfile.encoding=UTF-8 -Dsun.stdout.encoding=UTF-8 -Dsun.stderr.encoding=UTF-8 --module-path=C:\Users\16473\.m2\repository\org\openjfx\javafx-graphics\20.0.1\javafx-graphics-20.0.1-win.jar;C:\Users\16473\.m2\repository\org\openjfx\javafx-controls\20.0.1\javafx-controls-20.0.1-win.jar;C:\Users\16473\.m2\repository\org\openjfx\javafx-fxml\20.0.1\javafx-fxml-20.0.1-win.jar;C:\Users\16473\.m2\repository\org\openjfx\javafx-base\20.0.1\javafx-base-20.0.1-win.jar;C:\Users\16473\Desktop\GraphicalUserInterface\target\classes -Djdk.module.main=com.example.graphicaluserinterface com.example.graphicaluserinterface/com.example.graphicaluserinterface.MySQLChartApp

Host: 12th Gen Intel(R) Core(TM) i7-1255U, 12 cores, 11G,  Windows 11 , 64 bit Build 22621 (10.0.22621.3085)
Time: Wed Feb 28 23:11:21 2024 Eastern Standard Time elapsed time: 0.432355 seconds (0d 0h 0m 0s)

---------------  T H R E A D  ---------------

Current thread (0x000002c67f916a00):  JavaThread "QuantumRenderer-0" daemon [_thread_in_vm, id=24492, stack(0x000000cad1300000,0x000000cad1400000)]

Stack: [0x000000cad1300000,0x000000cad1400000]
Native frames: (J=compiled Java code, j=interpreted, Vv=VM code, C=native code)
V  [jvm.dll+0x6bc25a]
V  [jvm.dll+0x84971a]
V  [jvm.dll+0x84b315]
V  [jvm.dll+0x84ba13]
V  [jvm.dll+0x280e4f]
V  [jvm.dll+0x84565b]
V  [jvm.dll+0x660616]
V  [jvm.dll+0x66067a]
V  [jvm.dll+0x662f53]
V  [jvm.dll+0x662e1e]
V  [jvm.dll+0x66102e]
V  [jvm.dll+0x26c9df]
V  [jvm.dll+0x66b665]
V  [jvm.dll+0x21b712]
V  [jvm.dll+0x21bc45]
V  [jvm.dll+0x21c631]
V  [jvm.dll+0x211a50]
V  [jvm.dll+0x59c7cc]
V  [jvm.dll+0x22303a]
V  [jvm.dll+0x7c38c4]
V  [jvm.dll+0x7c4a0f]
V  [jvm.dll+0x7c4fbf]
V  [jvm.dll+0x7c4c68]
V  [jvm.dll+0x2705bb]
V  [jvm.dll+0x3d89fe]
C  0x000002c62f2af8ff

Java frames: (J=compiled Java code, j=interpreted, Vv=VM code)
j  sun.nio.ch.Streams.of(Ljava/nio/channels/WritableByteChannel;)Ljava/io/OutputStream;+21 java.base@20.0.2
j  java.nio.channels.Channels.newOutputStream(Ljava/nio/channels/WritableByteChannel;)Ljava/io/OutputStream;+8 java.base@20.0.2
j  java.nio.file.spi.FileSystemProvider.newOutputStream(Ljava/nio/file/Path;[Ljava/nio/file/OpenOption;)Ljava/io/OutputStream;+125 java.base@20.0.2
j  java.nio.file.Files.newOutputStream(Ljava/nio/file/Path;[Ljava/nio/file/OpenOption;)Ljava/io/OutputStream;+6 java.base@20.0.2
j  java.nio.file.Files.copy(Ljava/io/InputStream;Ljava/nio/file/Path;[Ljava/nio/file/CopyOption;)J+134 java.base@20.0.2
j  com.sun.glass.utils.NativeLibLoader.cacheLibrary(Ljava/io/InputStream;Ljava/lang/String;Ljava/lang/Class;)Ljava/lang/String;+386 javafx.graphics@20.0.1
j  com.sun.glass.utils.NativeLibLoader.installLibraryFromResource(Ljava/lang/String;Ljava/util/List;Ljava/lang/Class;Z)Z+76 javafx.graphics@20.0.1
j  com.sun.glass.utils.NativeLibLoader.loadLibraryFromResource(Ljava/lang/String;Ljava/util/List;Ljava/lang/Class;)Z+4 javafx.graphics@20.0.1
j  com.sun.glass.utils.NativeLibLoader.loadLibraryInternal(Ljava/lang/String;Ljava/util/List;Ljava/lang/Class;)V+32 javafx.graphics@20.0.1
j  com.sun.glass.utils.NativeLibLoader.loadLibrary(Ljava/lang/String;)V+30 javafx.graphics@20.0.1
j  com.sun.prism.sw.SWPipeline.lambda$static$0()Ljava/lang/Object;+2 javafx.graphics@20.0.1
j  com.sun.prism.sw.SWPipeline$$Lambda$65+0x000002c63f02c4c0.run()Ljava/lang/Object;+0 javafx.graphics@20.0.1
j  java.security.AccessController.executePrivileged(Ljava/security/PrivilegedAction;Ljava/security/AccessControlContext;Ljava/lang/Class;)Ljava/lang/Object;+29 java.base@20.0.2
j  java.security.AccessController.doPrivileged(Ljava/security/PrivilegedAction;)Ljava/lang/Object;+5 java.base@20.0.2
j  com.sun.prism.sw.SWPipeline.<clinit>()V+5 javafx.graphics@20.0.1
v  ~StubRoutines::call_stub 0x000002c62f28100d
j  java.lang.Class.forName0(Ljava/lang/String;ZLjava/lang/ClassLoader;Ljava/lang/Class;)Ljava/lang/Class;+0 java.base@20.0.2
j  java.lang.Class.forName(Ljava/lang/String;Ljava/lang/Class;)Ljava/lang/Class;+19 java.base@20.0.2
j  java.lang.Class.forName(Ljava/lang/String;)Ljava/lang/Class;+6 java.base@20.0.2
j  com.sun.prism.GraphicsPipeline.createPipeline()Lcom/sun/prism/GraphicsPipeline;+183 javafx.graphics@20.0.1
j  com.sun.javafx.tk.quantum.QuantumRenderer$PipelineRunnable.init()V+0 javafx.graphics@20.0.1
j  com.sun.javafx.tk.quantum.QuantumRenderer$PipelineRunnable.run()V+1 javafx.graphics@20.0.1
j  java.lang.Thread.runWith(Ljava/lang/Object;Ljava/lang/Runnable;)V+5 java.base@20.0.2
j  java.lang.Thread.run()V+19 java.base@20.0.2
v  ~StubRoutines::call_stub 0x000002c62f28100d

---------------  P R O C E S S  ---------------

Threads class SMR info:
_java_thread_list=0x000002c67f94e7f0, length=15, elements={
0x000002c61fc80400, 0x000002c63df7fe50, 0x000002c63df80b50, 0x000002c63df81950,
0x000002c63df834a0, 0x000002c63df86600, 0x000002c63df86f40, 0x000002c63df8a1e0,
0x000002c63dfb08e0, 0x000002c67f2046e0, 0x000002c63dfae780, 0x000002c63dfb0350,
0x000002c67f58df90, 0x000002c67f40e940, 0x000002c67f916a00
}

Java Threads: ( => current thread )
  0x000002c61fc80400 JavaThread "main" [_thread_blocked, id=3916, stack(0x000000cacfe00000,0x000000cacff00000)]
  0x000002c63df7fe50 JavaThread "Reference Handler" daemon [_thread_blocked, id=16692, stack(0x000000cad0500000,0x000000cad0600000)]
  0x000002c63df80b50 JavaThread "Finalizer" daemon [_thread_blocked, id=13204, stack(0x000000cad0600000,0x000000cad0700000)]
  0x000002c63df81950 JavaThread "Signal Dispatcher" daemon [_thread_blocked, id=20916, stack(0x000000cad0700000,0x000000cad0800000)]
  0x000002c63df834a0 JavaThread "Attach Listener" daemon [_thread_blocked, id=31128, stack(0x000000cad0800000,0x000000cad0900000)]
  0x000002c63df86600 JavaThread "Service Thread" daemon [_thread_blocked, id=22092, stack(0x000000cad0900000,0x000000cad0a00000)]
  0x000002c63df86f40 JavaThread "Monitor Deflation Thread" daemon [_thread_blocked, id=21624, stack(0x000000cad0a00000,0x000000cad0b00000)]
  0x000002c63df8a1e0 JavaThread "C2 CompilerThread0" daemon [_thread_blocked, id=29524, stack(0x000000cad0b00000,0x000000cad0c00000)]
  0x000002c63dfb08e0 JavaThread "C1 CompilerThread0" daemon [_thread_blocked, id=15732, stack(0x000000cad0c00000,0x000000cad0d00000)]
  0x000002c67f2046e0 JavaThread "Common-Cleaner" daemon [_thread_blocked, id=7644, stack(0x000000cad0d00000,0x000000cad0e00000)]
  0x000002c63dfae780 JavaThread "C2 CompilerThread1" daemon [_thread_blocked, id=35276, stack(0x000000cad0e00000,0x000000cad0f00000)]
  0x000002c63dfb0350 JavaThread "C2 CompilerThread2" daemon [_thread_blocked, id=28116, stack(0x000000cad0f00000,0x000000cad1000000)]
  0x000002c67f58df90 JavaThread "Monitor Ctrl-Break" daemon [_thread_in_native, id=9596, stack(0x000000cad1000000,0x000000cad1100000)]
  0x000002c67f40e940 JavaThread "Notification Thread" daemon [_thread_blocked, id=33624, stack(0x000000cad1100000,0x000000cad1200000)]
=>0x000002c67f916a00 JavaThread "QuantumRenderer-0" daemon [_thread_in_vm, id=24492, stack(0x000000cad1300000,0x000000cad1400000)]

Other Threads:
  0x000002c63df60a40 VMThread "VM Thread" [stack: 0x000000cad0400000,0x000000cad0500000] [id=19204]
  0x000002c67f651060 WatcherThread "VM Periodic Task Thread" [stack: 0x000000cad1200000,0x000000cad1300000] [id=30724]
  0x000002c61fcdd560 WorkerThread "GC Thread#0" [stack: 0x000000cacff00000,0x000000cad0000000] [id=12680]
  0x000002c61fd072e0 ConcurrentGCThread "G1 Main Marker" [stack: 0x000000cad0000000,0x000000cad0100000] [id=34924]
  0x000002c61fd07d10 WorkerThread "G1 Conc#0" [stack: 0x000000cad0100000,0x000000cad0200000] [id=15648]
  0x000002c63de22420 ConcurrentGCThread "G1 Refine#0" [stack: 0x000000cad0200000,0x000000cad0300000] [id=29908]
  0x000002c63de22dd0 ConcurrentGCThread "G1 Service" [stack: 0x000000cad0300000,0x000000cad0400000] [id=25728]

Threads with active compile tasks:

VM state: not at safepoint (normal execution)

VM Mutex/Monitor currently owned by a thread:  ([mutex/lock_event])
[0x000002c61fc7a590] Metaspace_lock - owner thread: 0x000002c67f916a00

Heap address: 0x0000000744400000, size: 3004 MB, Compressed Oops mode: Zero based, Oop shift amount: 3

CDS archive(s) mapped at: [0x000002c63e000000-0x000002c63ec60000-0x000002c63ec60000), size 12976128, SharedBaseAddress: 0x000002c63e000000, ArchiveRelocationMode: 1.
Compressed class space mapped at: 0x000002c63f000000-0x000002c67f000000, reserved size: 1073741824
Narrow klass base: 0x000002c63e000000, Narrow klass shift: 0, Narrow klass range: 0x100000000

GC Precious Log:
 CardTable entry size: 512
 Card Set container configuration: InlinePtr #cards 4 size 8 Array Of Cards #cards 16 size 48 Howl #buckets 8 coarsen threshold 3686 Howl Bitmap #cards 512 size 80 coarsen threshold 460 Card regions per heap region 1 cards per card region 4096
 CPUs: 12 total, 12 available
 Memory: 12012M
 Large Page Support: Disabled
 NUMA Support: Disabled
 Compressed Oops: Enabled (Zero based)
 Heap Region Size: 2M
 Heap Min Capacity: 8M
 Heap Initial Capacity: 188M
 Heap Max Capacity: 3004M
 Pre-touch: Disabled
 Parallel Workers: 10
 Concurrent Workers: 3
 Concurrent Refinement Workers: 10
 Periodic GC: Disabled

Heap:
 garbage-first heap   total 192512K, used 12288K [0x0000000744400000, 0x0000000800000000)
  region size 2048K, 8 young (16384K), 0 survivors (0K)
 Metaspace       used 3041K, committed 3200K, reserved 1114112K
  class space    used 319K, committed 384K, reserved 1048576K

Heap Regions: E=young(eden), S=young(survivor), O=old, HS=humongous(starts), HC=humongous(continues), CS=collection set, F=free, OA=open archive, CA=closed archive, TAMS=top-at-mark-start, PB=parsable bottom
|   0|0x0000000744400000, 0x0000000744400000, 0x0000000744600000|  0%| F|  |TAMS 0x0000000744400000| PB 0x0000000744400000| Untracked 
|   1|0x0000000744600000, 0x0000000744600000, 0x0000000744800000|  0%| F|  |TAMS 0x0000000744600000| PB 0x0000000744600000| Untracked 
|   2|0x0000000744800000, 0x0000000744800000, 0x0000000744a00000|  0%| F|  |TAMS 0x0000000744800000| PB 0x0000000744800000| Untracked 
|   3|0x0000000744a00000, 0x0000000744a00000, 0x0000000744c00000|  0%| F|  |TAMS 0x0000000744a00000| PB 0x0000000744a00000| Untracked 
|   4|0x0000000744c00000, 0x0000000744c00000, 0x0000000744e00000|  0%| F|  |TAMS 0x0000000744c00000| PB 0x0000000744c00000| Untracked 
|   5|0x0000000744e00000, 0x0000000744e00000, 0x0000000745000000|  0%| F|  |TAMS 0x0000000744e00000| PB 0x0000000744e00000| Untracked 
|   6|0x0000000745000000, 0x0000000745000000, 0x0000000745200000|  0%| F|  |TAMS 0x0000000745000000| PB 0x0000000745000000| Untracked 
|   7|0x0000000745200000, 0x0000000745200000, 0x0000000745400000|  0%| F|  |TAMS 0x0000000745200000| PB 0x0000000745200000| Untracked 
|   8|0x0000000745400000, 0x0000000745400000, 0x0000000745600000|  0%| F|  |TAMS 0x0000000745400000| PB 0x0000000745400000| Untracked 
|   9|0x0000000745600000, 0x0000000745600000, 0x0000000745800000|  0%| F|  |TAMS 0x0000000745600000| PB 0x0000000745600000| Untracked 
|  10|0x0000000745800000, 0x0000000745800000, 0x0000000745a00000|  0%| F|  |TAMS 0x0000000745800000| PB 0x0000000745800000| Untracked 
|  11|0x0000000745a00000, 0x0000000745a00000, 0x0000000745c00000|  0%| F|  |TAMS 0x0000000745a00000| PB 0x0000000745a00000| Untracked 
|  12|0x0000000745c00000, 0x0000000745c00000, 0x0000000745e00000|  0%| F|  |TAMS 0x0000000745c00000| PB 0x0000000745c00000| Untracked 
|  13|0x0000000745e00000, 0x0000000745e00000, 0x0000000746000000|  0%| F|  |TAMS 0x0000000745e00000| PB 0x0000000745e00000| Untracked 
|  14|0x0000000746000000, 0x0000000746000000, 0x0000000746200000|  0%| F|  |TAMS 0x0000000746000000| PB 0x0000000746000000| Untracked 
|  15|0x0000000746200000, 0x0000000746200000, 0x0000000746400000|  0%| F|  |TAMS 0x0000000746200000| PB 0x0000000746200000| Untracked 
|  16|0x0000000746400000, 0x0000000746400000, 0x0000000746600000|  0%| F|  |TAMS 0x0000000746400000| PB 0x0000000746400000| Untracked 
|  17|0x0000000746600000, 0x0000000746600000, 0x0000000746800000|  0%| F|  |TAMS 0x0000000746600000| PB 0x0000000746600000| Untracked 
|  18|0x0000000746800000, 0x0000000746800000, 0x0000000746a00000|  0%| F|  |TAMS 0x0000000746800000| PB 0x0000000746800000| Untracked 
|  19|0x0000000746a00000, 0x0000000746a00000, 0x0000000746c00000|  0%| F|  |TAMS 0x0000000746a00000| PB 0x0000000746a00000| Untracked 
|  20|0x0000000746c00000, 0x0000000746c00000, 0x0000000746e00000|  0%| F|  |TAMS 0x0000000746c00000| PB 0x0000000746c00000| Untracked 
|  21|0x0000000746e00000, 0x0000000746e00000, 0x0000000747000000|  0%| F|  |TAMS 0x0000000746e00000| PB 0x0000000746e00000| Untracked 
|  22|0x0000000747000000, 0x0000000747000000, 0x0000000747200000|  0%| F|  |TAMS 0x0000000747000000| PB 0x0000000747000000| Untracked 
|  23|0x0000000747200000, 0x0000000747200000, 0x0000000747400000|  0%| F|  |TAMS 0x0000000747200000| PB 0x0000000747200000| Untracked 
|  24|0x0000000747400000, 0x0000000747400000, 0x0000000747600000|  0%| F|  |TAMS 0x0000000747400000| PB 0x0000000747400000| Untracked 
|  25|0x0000000747600000, 0x0000000747600000, 0x0000000747800000|  0%| F|  |TAMS 0x0000000747600000| PB 0x0000000747600000| Untracked 
|  26|0x0000000747800000, 0x0000000747800000, 0x0000000747a00000|  0%| F|  |TAMS 0x0000000747800000| PB 0x0000000747800000| Untracked 
|  27|0x0000000747a00000, 0x0000000747a00000, 0x0000000747c00000|  0%| F|  |TAMS 0x0000000747a00000| PB 0x0000000747a00000| Untracked 
|  28|0x0000000747c00000, 0x0000000747c00000, 0x0000000747e00000|  0%| F|  |TAMS 0x0000000747c00000| PB 0x0000000747c00000| Untracked 
|  29|0x0000000747e00000, 0x0000000747e00000, 0x0000000748000000|  0%| F|  |TAMS 0x0000000747e00000| PB 0x0000000747e00000| Untracked 
|  30|0x0000000748000000, 0x0000000748000000, 0x0000000748200000|  0%| F|  |TAMS 0x0000000748000000| PB 0x0000000748000000| Untracked 
|  31|0x0000000748200000, 0x0000000748200000, 0x0000000748400000|  0%| F|  |TAMS 0x0000000748200000| PB 0x0000000748200000| Untracked 
|  32|0x0000000748400000, 0x0000000748400000, 0x0000000748600000|  0%| F|  |TAMS 0x0000000748400000| PB 0x0000000748400000| Untracked 
|  33|0x0000000748600000, 0x0000000748600000, 0x0000000748800000|  0%| F|  |TAMS 0x0000000748600000| PB 0x0000000748600000| Untracked 
|  34|0x0000000748800000, 0x0000000748800000, 0x0000000748a00000|  0%| F|  |TAMS 0x0000000748800000| PB 0x0000000748800000| Untracked 
|  35|0x0000000748a00000, 0x0000000748a00000, 0x0000000748c00000|  0%| F|  |TAMS 0x0000000748a00000| PB 0x0000000748a00000| Untracked 
|  36|0x0000000748c00000, 0x0000000748c00000, 0x0000000748e00000|  0%| F|  |TAMS 0x0000000748c00000| PB 0x0000000748c00000| Untracked 
|  37|0x0000000748e00000, 0x0000000748e00000, 0x0000000749000000|  0%| F|  |TAMS 0x0000000748e00000| PB 0x0000000748e00000| Untracked 
|  38|0x0000000749000000, 0x0000000749000000, 0x0000000749200000|  0%| F|  |TAMS 0x0000000749000000| PB 0x0000000749000000| Untracked 
|  39|0x0000000749200000, 0x0000000749200000, 0x0000000749400000|  0%| F|  |TAMS 0x0000000749200000| PB 0x0000000749200000| Untracked 
|  40|0x0000000749400000, 0x0000000749400000, 0x0000000749600000|  0%| F|  |TAMS 0x0000000749400000| PB 0x0000000749400000| Untracked 
|  41|0x0000000749600000, 0x0000000749600000, 0x0000000749800000|  0%| F|  |TAMS 0x0000000749600000| PB 0x0000000749600000| Untracked 
|  42|0x0000000749800000, 0x0000000749800000, 0x0000000749a00000|  0%| F|  |TAMS 0x0000000749800000| PB 0x0000000749800000| Untracked 
|  43|0x0000000749a00000, 0x0000000749a00000, 0x0000000749c00000|  0%| F|  |TAMS 0x0000000749a00000| PB 0x0000000749a00000| Untracked 
|  44|0x0000000749c00000, 0x0000000749c00000, 0x0000000749e00000|  0%| F|  |TAMS 0x0000000749c00000| PB 0x0000000749c00000| Untracked 
|  45|0x0000000749e00000, 0x0000000749e00000, 0x000000074a000000|  0%| F|  |TAMS 0x0000000749e00000| PB 0x0000000749e00000| Untracked 
|  46|0x000000074a000000, 0x000000074a000000, 0x000000074a200000|  0%| F|  |TAMS 0x000000074a000000| PB 0x000000074a000000| Untracked 
|  47|0x000000074a200000, 0x000000074a200000, 0x000000074a400000|  0%| F|  |TAMS 0x000000074a200000| PB 0x000000074a200000| Untracked 
|  48|0x000000074a400000, 0x000000074a400000, 0x000000074a600000|  0%| F|  |TAMS 0x000000074a400000| PB 0x000000074a400000| Untracked 
|  49|0x000000074a600000, 0x000000074a600000, 0x000000074a800000|  0%| F|  |TAMS 0x000000074a600000| PB 0x000000074a600000| Untracked 
|  50|0x000000074a800000, 0x000000074a800000, 0x000000074aa00000|  0%| F|  |TAMS 0x000000074a800000| PB 0x000000074a800000| Untracked 
|  51|0x000000074aa00000, 0x000000074aa00000, 0x000000074ac00000|  0%| F|  |TAMS 0x000000074aa00000| PB 0x000000074aa00000| Untracked 
|  52|0x000000074ac00000, 0x000000074ac00000, 0x000000074ae00000|  0%| F|  |TAMS 0x000000074ac00000| PB 0x000000074ac00000| Untracked 
|  53|0x000000074ae00000, 0x000000074ae00000, 0x000000074b000000|  0%| F|  |TAMS 0x000000074ae00000| PB 0x000000074ae00000| Untracked 
|  54|0x000000074b000000, 0x000000074b000000, 0x000000074b200000|  0%| F|  |TAMS 0x000000074b000000| PB 0x000000074b000000| Untracked 
|  55|0x000000074b200000, 0x000000074b200000, 0x000000074b400000|  0%| F|  |TAMS 0x000000074b200000| PB 0x000000074b200000| Untracked 
|  56|0x000000074b400000, 0x000000074b400000, 0x000000074b600000|  0%| F|  |TAMS 0x000000074b400000| PB 0x000000074b400000| Untracked 
|  57|0x000000074b600000, 0x000000074b600000, 0x000000074b800000|  0%| F|  |TAMS 0x000000074b600000| PB 0x000000074b600000| Untracked 
|  58|0x000000074b800000, 0x000000074b800000, 0x000000074ba00000|  0%| F|  |TAMS 0x000000074b800000| PB 0x000000074b800000| Untracked 
|  59|0x000000074ba00000, 0x000000074ba00000, 0x000000074bc00000|  0%| F|  |TAMS 0x000000074ba00000| PB 0x000000074ba00000| Untracked 
|  60|0x000000074bc00000, 0x000000074bc00000, 0x000000074be00000|  0%| F|  |TAMS 0x000000074bc00000| PB 0x000000074bc00000| Untracked 
|  61|0x000000074be00000, 0x000000074be00000, 0x000000074c000000|  0%| F|  |TAMS 0x000000074be00000| PB 0x000000074be00000| Untracked 
|  62|0x000000074c000000, 0x000000074c000000, 0x000000074c200000|  0%| F|  |TAMS 0x000000074c000000| PB 0x000000074c000000| Untracked 
|  63|0x000000074c200000, 0x000000074c200000, 0x000000074c400000|  0%| F|  |TAMS 0x000000074c200000| PB 0x000000074c200000| Untracked 
|  64|0x000000074c400000, 0x000000074c400000, 0x000000074c600000|  0%| F|  |TAMS 0x000000074c400000| PB 0x000000074c400000| Untracked 
|  65|0x000000074c600000, 0x000000074c600000, 0x000000074c800000|  0%| F|  |TAMS 0x000000074c600000| PB 0x000000074c600000| Untracked 
|  66|0x000000074c800000, 0x000000074c800000, 0x000000074ca00000|  0%| F|  |TAMS 0x000000074c800000| PB 0x000000074c800000| Untracked 
|  67|0x000000074ca00000, 0x000000074ca00000, 0x000000074cc00000|  0%| F|  |TAMS 0x000000074ca00000| PB 0x000000074ca00000| Untracked 
|  68|0x000000074cc00000, 0x000000074cc00000, 0x000000074ce00000|  0%| F|  |TAMS 0x000000074cc00000| PB 0x000000074cc00000| Untracked 
|  69|0x000000074ce00000, 0x000000074ce00000, 0x000000074d000000|  0%| F|  |TAMS 0x000000074ce00000| PB 0x000000074ce00000| Untracked 
|  70|0x000000074d000000, 0x000000074d000000, 0x000000074d200000|  0%| F|  |TAMS 0x000000074d000000| PB 0x000000074d000000| Untracked 
|  71|0x000000074d200000, 0x000000074d200000, 0x000000074d400000|  0%| F|  |TAMS 0x000000074d200000| PB 0x000000074d200000| Untracked 
|  72|0x000000074d400000, 0x000000074d400000, 0x000000074d600000|  0%| F|  |TAMS 0x000000074d400000| PB 0x000000074d400000| Untracked 
|  73|0x000000074d600000, 0x000000074d600000, 0x000000074d800000|  0%| F|  |TAMS 0x000000074d600000| PB 0x000000074d600000| Untracked 
|  74|0x000000074d800000, 0x000000074d800000, 0x000000074da00000|  0%| F|  |TAMS 0x000000074d800000| PB 0x000000074d800000| Untracked 
|  75|0x000000074da00000, 0x000000074da00000, 0x000000074dc00000|  0%| F|  |TAMS 0x000000074da00000| PB 0x000000074da00000| Untracked 
|  76|0x000000074dc00000, 0x000000074dc00000, 0x000000074de00000|  0%| F|  |TAMS 0x000000074dc00000| PB 0x000000074dc00000| Untracked 
|  77|0x000000074de00000, 0x000000074de00000, 0x000000074e000000|  0%| F|  |TAMS 0x000000074de00000| PB 0x000000074de00000| Untracked 
|  78|0x000000074e000000, 0x000000074e000000, 0x000000074e200000|  0%| F|  |TAMS 0x000000074e000000| PB 0x000000074e000000| Untracked 
|  79|0x000000074e200000, 0x000000074e200000, 0x000000074e400000|  0%| F|  |TAMS 0x000000074e200000| PB 0x000000074e200000| Untracked 
|  80|0x000000074e400000, 0x000000074e400000, 0x000000074e600000|  0%| F|  |TAMS 0x000000074e400000| PB 0x000000074e400000| Untracked 
|  81|0x000000074e600000, 0x000000074e600000, 0x000000074e800000|  0%| F|  |TAMS 0x000000074e600000| PB 0x000000074e600000| Untracked 
|  82|0x000000074e800000, 0x000000074e800000, 0x000000074ea00000|  0%| F|  |TAMS 0x000000074e800000| PB 0x000000074e800000| Untracked 
|  83|0x000000074ea00000, 0x000000074ea00000, 0x000000074ec00000|  0%| F|  |TAMS 0x000000074ea00000| PB 0x000000074ea00000| Untracked 
|  84|0x000000074ec00000, 0x000000074ec00000, 0x000000074ee00000|  0%| F|  |TAMS 0x000000074ec00000| PB 0x000000074ec00000| Untracked 
|  85|0x000000074ee00000, 0x000000074ee00000, 0x000000074f000000|  0%| F|  |TAMS 0x000000074ee00000| PB 0x000000074ee00000| Untracked 
|  86|0x000000074f000000, 0x000000074f0e46e0, 0x000000074f200000| 44%| E|  |TAMS 0x000000074f000000| PB 0x000000074f000000| Complete 
|  87|0x000000074f200000, 0x000000074f400000, 0x000000074f400000|100%| E|CS|TAMS 0x000000074f200000| PB 0x000000074f200000| Complete 
|  88|0x000000074f400000, 0x000000074f600000, 0x000000074f600000|100%| E|CS|TAMS 0x000000074f400000| PB 0x000000074f400000| Complete 
|  89|0x000000074f600000, 0x000000074f800000, 0x000000074f800000|100%| E|CS|TAMS 0x000000074f600000| PB 0x000000074f600000| Complete 
|  90|0x000000074f800000, 0x000000074fa00000, 0x000000074fa00000|100%| E|  |TAMS 0x000000074f800000| PB 0x000000074f800000| Complete 
|  91|0x000000074fa00000, 0x000000074fc00000, 0x000000074fc00000|100%| E|CS|TAMS 0x000000074fa00000| PB 0x000000074fa00000| Complete 
|  92|0x000000074fc00000, 0x000000074fe00000, 0x000000074fe00000|100%| E|CS|TAMS 0x000000074fc00000| PB 0x000000074fc00000| Complete 
|  93|0x000000074fe00000, 0x0000000750000000, 0x0000000750000000|100%| E|CS|TAMS 0x000000074fe00000| PB 0x000000074fe00000| Complete 

Card table byte_map: [0x000002c637880000,0x000002c637e60000] _byte_map_base: 0x000002c633e5e000

Marking Bits: (CMBitMap*) 0x000002c61fcddb90
 Bits: [0x000002c638440000, 0x000002c63b330000)

Polling page: 0x000002c61dbc0000

Metaspace:

Usage:
  Non-class:      2.66 MB used.
      Class:    319.65 KB used.
       Both:      2.97 MB used.

Virtual space:
  Non-class space:       64.00 MB reserved,       2.75 MB (  4%) committed,  1 nodes.
      Class space:        1.00 GB reserved,     384.00 KB ( <1%) committed,  1 nodes.
             Both:        1.06 GB reserved,       3.12 MB ( <1%) committed. 

Chunk freelists:
   Non-Class:  3.11 MB
       Class:  3.57 MB
        Both:  6.68 MB

MaxMetaspaceSize: unlimited
CompressedClassSpaceSize: 1.00 GB
Initial GC threshold: 21.00 MB
Current GC threshold: 21.00 MB
CDS: on
MetaspaceReclaimPolicy: balanced
 - commit_granule_bytes: 65536.
 - commit_granule_words: 8192.
 - virtual_space_node_default_size: 8388608.
 - enlarge_chunks_in_place: 1.
 - new_chunks_are_fully_committed: 0.
 - uncommit_free_chunks: 1.
 - use_allocation_guard: 0.


Internal statistics:

num_allocs_failed_limit: 0.
num_arena_births: 114.
num_arena_deaths: 0.
num_vsnodes_births: 2.
num_vsnodes_deaths: 0.
num_space_committed: 50.
num_space_uncommitted: 0.
num_chunks_returned_to_freelist: 0.
num_chunks_taken_from_freelist: 177.
num_chunk_merges: 0.
num_chunk_splits: 112.
num_chunks_enlarged: 68.
num_inconsistent_stats: 0.

CodeHeap 'non-profiled nmethods': size=120000Kb used=272Kb max_used=272Kb free=119727Kb
 bounds [0x000002c62f820000, 0x000002c62fa90000, 0x000002c636d50000]
CodeHeap 'profiled nmethods': size=120000Kb used=1098Kb max_used=1098Kb free=118901Kb
 bounds [0x000002c627d50000, 0x000002c627fc0000, 0x000002c62f280000]
CodeHeap 'non-nmethods': size=5760Kb used=1423Kb max_used=1438Kb free=4336Kb
 bounds [0x000002c62f280000, 0x000002c62f4f0000, 0x000002c62f820000]
 total_blobs=1235 nmethods=769 adapters=377
 compilation: enabled
              stopped_count=0, restarted_count=0
 full_count=0

Compilation events (20 events):
Event: 0.407 Thread 0x000002c63dfb08e0 nmethod 760 0x000002c627e5d190 code [0x000002c627e5d320, 0x000002c627e5d528]
Event: 0.407 Thread 0x000002c63dfb08e0  761       3       java.util.Collections$SetFromMap::add (22 bytes)
Event: 0.408 Thread 0x000002c63dfb08e0 nmethod 761 0x000002c627e5d610 code [0x000002c627e5d7a0, 0x000002c627e5d9d8]
Event: 0.408 Thread 0x000002c63dfb08e0  762       3       java.lang.invoke.MemberName$Factory::resolveOrFail (79 bytes)
Event: 0.408 Thread 0x000002c63dfb08e0 nmethod 762 0x000002c627e5da90 code [0x000002c627e5dc80, 0x000002c627e5e360]
Event: 0.408 Thread 0x000002c63dfb08e0  763       3       java.lang.invoke.MemberName::isCallerSensitive (8 bytes)
Event: 0.408 Thread 0x000002c63dfb08e0 nmethod 763 0x000002c627e5e590 code [0x000002c627e5e720, 0x000002c627e5e8f8]
Event: 0.427 Thread 0x000002c63dfb08e0  764       3       java.util.WeakHashMap::put (160 bytes)
Event: 0.428 Thread 0x000002c63dfb08e0 nmethod 764 0x000002c627e5e990 code [0x000002c627e5ec00, 0x000002c627e5fc08]
Event: 0.428 Thread 0x000002c63dfb08e0  765       3       java.util.WeakHashMap$Entry::<init> (24 bytes)
Event: 0.428 Thread 0x000002c63dfb08e0 nmethod 765 0x000002c627e60110 code [0x000002c627e602c0, 0x000002c627e606d0]
Event: 0.428 Thread 0x000002c63dfb08e0  766       3       java.util.jar.JarFile::getJarEntry (9 bytes)
Event: 0.428 Thread 0x000002c63dfb08e0 nmethod 766 0x000002c627e60810 code [0x000002c627e609e0, 0x000002c627e60eb0]
Event: 0.429 Thread 0x000002c63dfb08e0  767       3       jdk.internal.org.objectweb.asm.MethodWriter::visitMethodInsn (191 bytes)
Event: 0.429 Thread 0x000002c63dfb08e0 nmethod 767 0x000002c627e61010 code [0x000002c627e61220, 0x000002c627e619b0]
Event: 0.429 Thread 0x000002c63dfb08e0  769   !   3       java.io.WinNTFileSystem::isInvalid (78 bytes)
Event: 0.430 Thread 0x000002c63dfb08e0 nmethod 769 0x000002c627e61d10 code [0x000002c627e61ee0, 0x000002c627e62310]
Event: 0.430 Thread 0x000002c63dfb08e0  768       3       jdk.internal.org.objectweb.asm.SymbolTable::addConstantMethodref (24 bytes)
Event: 0.430 Thread 0x000002c63dfae780  770       4       java.lang.StringBuilder::append (8 bytes)
Event: 0.430 Thread 0x000002c63dfb08e0 nmethod 768 0x000002c627e62510 code [0x000002c627e626a0, 0x000002c627e62848]

GC Heap History (0 events):
No events

Dll operation events (20 events):
Event: 0.316 Loaded shared library C:\Users\16473\.openjfx\cache\20.0.1+2\amd64\api-ms-win-crt-environment-l1-1-0.dll
Event: 0.319 Loaded shared library C:\Users\16473\.openjfx\cache\20.0.1+2\amd64\api-ms-win-crt-filesystem-l1-1-0.dll
Event: 0.322 Loaded shared library C:\Users\16473\.openjfx\cache\20.0.1+2\amd64\api-ms-win-crt-heap-l1-1-0.dll
Event: 0.324 Loaded shared library C:\Users\16473\.openjfx\cache\20.0.1+2\amd64\api-ms-win-crt-locale-l1-1-0.dll
Event: 0.327 Loaded shared library C:\Users\16473\.openjfx\cache\20.0.1+2\amd64\api-ms-win-crt-math-l1-1-0.dll
Event: 0.331 Loaded shared library C:\Users\16473\.openjfx\cache\20.0.1+2\amd64\api-ms-win-crt-multibyte-l1-1-0.dll
Event: 0.336 Loaded shared library C:\Users\16473\.openjfx\cache\20.0.1+2\amd64\api-ms-win-crt-private-l1-1-0.dll
Event: 0.339 Loaded shared library C:\Users\16473\.openjfx\cache\20.0.1+2\amd64\api-ms-win-crt-process-l1-1-0.dll
Event: 0.343 Loaded shared library C:\Users\16473\.openjfx\cache\20.0.1+2\amd64\api-ms-win-crt-runtime-l1-1-0.dll
Event: 0.347 Loaded shared library C:\Users\16473\.openjfx\cache\20.0.1+2\amd64\api-ms-win-crt-stdio-l1-1-0.dll
Event: 0.350 Loaded shared library C:\Users\16473\.openjfx\cache\20.0.1+2\amd64\api-ms-win-crt-string-l1-1-0.dll
Event: 0.353 Loaded shared library C:\Users\16473\.openjfx\cache\20.0.1+2\amd64\api-ms-win-crt-time-l1-1-0.dll
Event: 0.355 Loaded shared library C:\Users\16473\.openjfx\cache\20.0.1+2\amd64\api-ms-win-crt-utility-l1-1-0.dll
Event: 0.366 Loaded shared library C:\Users\16473\.openjfx\cache\20.0.1+2\amd64\ucrtbase.dll
Event: 0.369 Loaded shared library C:\Users\16473\.openjfx\cache\20.0.1+2\amd64\vcruntime140.dll
Event: 0.372 Loaded shared library C:\Users\16473\.openjfx\cache\20.0.1+2\amd64\vcruntime140_1.dll
Event: 0.379 Loaded shared library C:\Users\16473\.openjfx\cache\20.0.1+2\amd64\msvcp140.dll
Event: 0.382 Loaded shared library C:\Users\16473\.openjfx\cache\20.0.1+2\amd64\msvcp140_1.dll
Event: 0.386 Loaded shared library C:\Users\16473\.openjfx\cache\20.0.1+2\amd64\msvcp140_2.dll
Event: 0.413 Loaded shared library C:\Users\16473\.openjfx\cache\20.0.1+2\amd64\prism_d3d.dll

Deoptimization events (20 events):
Event: 0.212 Thread 0x000002c61fc80400 DEOPT PACKING pc=0x000002c62f842e30 sp=0x000000cacfefe880
Event: 0.212 Thread 0x000002c61fc80400 DEOPT UNPACKING pc=0x000002c62f2e9d22 sp=0x000000cacfefe728 mode 2
Event: 0.212 Thread 0x000002c61fc80400 Uncommon trap: trap_request=0xffffffde fr.pc=0x000002c62f842e30 relative=0x0000000000000a10
Event: 0.212 Thread 0x000002c61fc80400 Uncommon trap: reason=class_check action=maybe_recompile pc=0x000002c62f842e30 method=java.util.HashMap.putVal(ILjava/lang/Object;Ljava/lang/Object;ZZ)Ljava/lang/Object; @ 152 c2
Event: 0.212 Thread 0x000002c61fc80400 DEOPT PACKING pc=0x000002c62f842e30 sp=0x000000cacfefe880
Event: 0.212 Thread 0x000002c61fc80400 DEOPT UNPACKING pc=0x000002c62f2e9d22 sp=0x000000cacfefe728 mode 2
Event: 0.213 Thread 0x000002c61fc80400 Uncommon trap: trap_request=0xffffffde fr.pc=0x000002c62f842e30 relative=0x0000000000000a10
Event: 0.213 Thread 0x000002c61fc80400 Uncommon trap: reason=class_check action=maybe_recompile pc=0x000002c62f842e30 method=java.util.HashMap.putVal(ILjava/lang/Object;Ljava/lang/Object;ZZ)Ljava/lang/Object; @ 152 c2
Event: 0.213 Thread 0x000002c61fc80400 DEOPT PACKING pc=0x000002c62f842e30 sp=0x000000cacfefe870
Event: 0.213 Thread 0x000002c61fc80400 DEOPT UNPACKING pc=0x000002c62f2e9d22 sp=0x000000cacfefe718 mode 2
Event: 0.213 Thread 0x000002c61fc80400 Uncommon trap: trap_request=0xffffffde fr.pc=0x000002c62f83d230 relative=0x0000000000000e30
Event: 0.213 Thread 0x000002c61fc80400 Uncommon trap: reason=class_check action=maybe_recompile pc=0x000002c62f83d230 method=java.util.HashMap.putVal(ILjava/lang/Object;Ljava/lang/Object;ZZ)Ljava/lang/Object; @ 152 c2
Event: 0.213 Thread 0x000002c61fc80400 DEOPT PACKING pc=0x000002c62f83d230 sp=0x000000cacfefe7f0
Event: 0.213 Thread 0x000002c61fc80400 DEOPT UNPACKING pc=0x000002c62f2e9d22 sp=0x000000cacfefe718 mode 2
Event: 0.213 Thread 0x000002c61fc80400 Uncommon trap: trap_request=0xffffffde fr.pc=0x000002c62f8403b8 relative=0x0000000000000998
Event: 0.213 Thread 0x000002c61fc80400 Uncommon trap: reason=class_check action=maybe_recompile pc=0x000002c62f8403b8 method=java.util.HashMap.putVal(ILjava/lang/Object;Ljava/lang/Object;ZZ)Ljava/lang/Object; @ 152 c2
Event: 0.213 Thread 0x000002c61fc80400 DEOPT PACKING pc=0x000002c62f8403b8 sp=0x000000cacfefe760
Event: 0.213 Thread 0x000002c61fc80400 DEOPT UNPACKING pc=0x000002c62f2e9d22 sp=0x000000cacfefe720 mode 2
Event: 0.368 Thread 0x000002c61fc80400 DEOPT PACKING pc=0x000002c627e3341f sp=0x000000cacfefeaf0
Event: 0.368 Thread 0x000002c61fc80400 DEOPT UNPACKING pc=0x000002c62f2ea4c2 sp=0x000000cacfefdf10 mode 0

Classes loaded (20 events):
Event: 0.401 Loading class java/util/concurrent/atomic/AtomicReference done
Event: 0.401 Loading class java/util/concurrent/LinkedBlockingQueue
Event: 0.401 Loading class java/util/AbstractQueue
Event: 0.401 Loading class java/util/AbstractQueue done
Event: 0.401 Loading class java/util/concurrent/LinkedBlockingQueue done
Event: 0.401 Loading class java/util/concurrent/LinkedBlockingQueue$Node
Event: 0.401 Loading class java/util/concurrent/LinkedBlockingQueue$Node done
Event: 0.401 Loading class java/util/concurrent/Executors
Event: 0.401 Loading class java/util/concurrent/Executors done
Event: 0.401 Loading class java/util/concurrent/Executors$DefaultThreadFactory
Event: 0.401 Loading class java/util/concurrent/Executors$DefaultThreadFactory done
Event: 0.401 Loading class java/util/concurrent/ThreadPoolExecutor$Worker
Event: 0.401 Loading class java/util/concurrent/ThreadPoolExecutor$Worker done
Event: 0.402 Loading class java/lang/Thread$ThreadNumbering
Event: 0.402 Loading class java/lang/Thread$ThreadNumbering done
Event: 0.405 Loading class java/util/concurrent/locks/AbstractQueuedSynchronizer$SharedNode
Event: 0.405 Loading class java/util/concurrent/locks/AbstractQueuedSynchronizer$SharedNode done
Event: 0.430 Loading class sun/nio/fs/WindowsChannelFactory$2
Event: 0.430 Loading class sun/nio/fs/WindowsChannelFactory$2 done
Event: 0.430 Loading class sun/nio/ch/ChannelOutputStream

Classes unloaded (0 events):
No events

Classes redefined (0 events):
No events

Internal exceptions (10 events):
Event: 0.129 Thread 0x000002c61fc80400 Exception <a 'java/lang/NoSuchMethodError'{0x000000074f845978}: 'void java.lang.invoke.DirectMethodHandle$Holder.invokeVirtual(java.lang.Object, java.lang.Object)'> (0x000000074f845978) 
thrown [s\open\src\hotspot\share\interpreter\linkResolver.cpp, line 773]
Event: 0.130 Thread 0x000002c61fc80400 Exception <a 'java/lang/NoSuchMethodError'{0x000000074f851358}: 'java.lang.Object java.lang.invoke.DirectMethodHandle$Holder.invokeInterface(java.lang.Object, java.lang.Object, java.lang.Object)'> (0x000000074f851358) 
thrown [s\open\src\hotspot\share\interpreter\linkResolver.cpp, line 773]
Event: 0.151 Thread 0x000002c61fc80400 Exception <a 'java/lang/NoSuchMethodError'{0x000000074f91a470}: 'void java.lang.invoke.DirectMethodHandle$Holder.invokeStatic(java.lang.Object, java.lang.Object, java.lang.Object)'> (0x000000074f91a470) 
thrown [s\open\src\hotspot\share\interpreter\linkResolver.cpp, line 773]
Event: 0.155 Thread 0x000002c61fc80400 Exception <a 'java/lang/NoSuchMethodError'{0x000000074f930c88}: 'java.lang.Object java.lang.invoke.Invokers$Holder.invokeExact_MT(java.lang.Object, java.lang.Object, java.lang.Object, java.lang.Object, java.lang.Object)'> (0x000000074f930c88) 
thrown [s\open\src\hotspot\share\interpreter\linkResolver.cpp, line 773]
Event: 0.164 Thread 0x000002c67f58df90 Exception <a 'java/lang/ClassNotFoundException'{0x000000074f9569a0}: jdk/net/ExtendedSocketOptions> (0x000000074f9569a0) 
thrown [s\open\src\hotspot\share\classfile\systemDictionary.cpp, line 305]
Event: 0.164 Thread 0x000002c67f58df90 Exception <a 'java/lang/NoSuchMethodError'{0x000000074f958318}: 'void java.lang.invoke.DirectMethodHandle$Holder.invokeStatic(java.lang.Object, java.lang.Object)'> (0x000000074f958318) 
thrown [s\open\src\hotspot\share\interpreter\linkResolver.cpp, line 773]
Event: 0.171 Thread 0x000002c61fc80400 Exception <a 'java/lang/NoSuchMethodError'{0x000000074f9edf10}: 'void java.lang.invoke.DirectMethodHandle$Holder.invokeStatic(java.lang.Object, java.lang.Object, java.lang.Object, java.lang.Object)'> (0x000000074f9edf10) 
thrown [s\open\src\hotspot\share\interpreter\linkResolver.cpp, line 773]
Event: 0.171 Thread 0x000002c61fc80400 Exception <a 'java/lang/NoSuchMethodError'{0x000000074f9f1bb0}: 'void java.lang.invoke.DirectMethodHandle$Holder.invokeSpecial(java.lang.Object, java.lang.Object, java.lang.Object, java.lang.Object, java.lang.Object)'> (0x000000074f9f1bb0) 
thrown [s\open\src\hotspot\share\interpreter\linkResolver.cpp, line 773]
Event: 0.174 Thread 0x000002c61fc80400 Exception <a 'java/lang/NoSuchMethodError'{0x000000074f64e428}: 'java.lang.Object java.lang.invoke.Invokers$Holder.invokeExact_MT(java.lang.Object, java.lang.Object, java.lang.Object, java.lang.Object, java.lang.Object, java.lang.Object)'> (0x000000074f64e428) 
thrown [s\open\src\hotspot\share\interpreter\linkResolver.cpp, line 773]
Event: 0.399 Thread 0x000002c61fc80400 Exception <a 'java/lang/NoSuchMethodError'{0x000000074f0254c0}: 'void java.lang.invoke.DirectMethodHandle$Holder.invokeSpecial(java.lang.Object, java.lang.Object, java.lang.Object)'> (0x000000074f0254c0) 
thrown [s\open\src\hotspot\share\interpreter\linkResolver.cpp, line 773]

VM Operations (6 events):
Event: 0.135 Executing VM operation: HandshakeAllThreads
Event: 0.135 Executing VM operation: HandshakeAllThreads done
Event: 0.135 Executing VM operation: HandshakeAllThreads
Event: 0.135 Executing VM operation: HandshakeAllThreads done
Event: 0.162 Executing VM operation: HandshakeAllThreads
Event: 0.162 Executing VM operation: HandshakeAllThreads done

Events (15 events):
Event: 0.035 Thread 0x000002c61fc80400 Thread added: 0x000002c61fc80400
Event: 0.046 Thread 0x000002c63df7fe50 Thread added: 0x000002c63df7fe50
Event: 0.047 Thread 0x000002c63df80b50 Thread added: 0x000002c63df80b50
Event: 0.047 Thread 0x000002c63df81950 Thread added: 0x000002c63df81950
Event: 0.047 Thread 0x000002c63df834a0 Thread added: 0x000002c63df834a0
Event: 0.047 Thread 0x000002c63df86600 Thread added: 0x000002c63df86600
Event: 0.047 Thread 0x000002c63df86f40 Thread added: 0x000002c63df86f40
Event: 0.047 Thread 0x000002c63df8a1e0 Thread added: 0x000002c63df8a1e0
Event: 0.047 Thread 0x000002c63dfb08e0 Thread added: 0x000002c63dfb08e0
Event: 0.064 Thread 0x000002c67f2046e0 Thread added: 0x000002c67f2046e0
Event: 0.093 Thread 0x000002c63dfae780 Thread added: 0x000002c63dfae780
Event: 0.094 Thread 0x000002c63dfb0350 Thread added: 0x000002c63dfb0350
Event: 0.160 Thread 0x000002c67f58df90 Thread added: 0x000002c67f58df90
Event: 0.160 Thread 0x000002c67f40e940 Thread added: 0x000002c67f40e940
Event: 0.405 Thread 0x000002c67f916a00 Thread added: 0x000002c67f916a00


Dynamic libraries:
0x00007ff72f500000 - 0x00007ff72f510000 	C:\Program Files\Java\jdk-20\bin\java.exe
0x00007ff9e6e30000 - 0x00007ff9e7047000 	C:\WINDOWS\SYSTEM32\ntdll.dll
0x00007ff9e6060000 - 0x00007ff9e6124000 	C:\WINDOWS\System32\KERNEL32.DLL
0x00007ff9e4550000 - 0x00007ff9e48f6000 	C:\WINDOWS\System32\KERNELBASE.dll
0x00007ff9e4430000 - 0x00007ff9e4541000 	C:\WINDOWS\System32\ucrtbase.dll
0x00007ff9e07a0000 - 0x00007ff9e07b9000 	C:\Program Files\Java\jdk-20\bin\jli.dll
0x00007ff9e5610000 - 0x00007ff9e56c3000 	C:\WINDOWS\System32\ADVAPI32.dll
0x00007ff9e56e0000 - 0x00007ff9e5787000 	C:\WINDOWS\System32\msvcrt.dll
0x00007ff9e6d40000 - 0x00007ff9e6de8000 	C:\WINDOWS\System32\sechost.dll
0x00007ff9e43d0000 - 0x00007ff9e43f8000 	C:\WINDOWS\System32\bcrypt.dll
0x00007ff9e62e0000 - 0x00007ff9e63f7000 	C:\WINDOWS\System32\RPCRT4.dll
0x00007ff9e4ce0000 - 0x00007ff9e4e8e000 	C:\WINDOWS\System32\USER32.dll
0x00007ff9e06b0000 - 0x00007ff9e06cb000 	C:\Program Files\Java\jdk-20\bin\VCRUNTIME140.dll
0x00007ff9e4400000 - 0x00007ff9e4426000 	C:\WINDOWS\System32\win32u.dll
0x00007ff9e5580000 - 0x00007ff9e55a9000 	C:\WINDOWS\System32\GDI32.dll
0x00007ff9e4900000 - 0x00007ff9e4a18000 	C:\WINDOWS\System32\gdi32full.dll
0x00007ff9e4a20000 - 0x00007ff9e4aba000 	C:\WINDOWS\System32\msvcp_win.dll
0x00007ff9c4a60000 - 0x00007ff9c4cf3000 	C:\WINDOWS\WinSxS\amd64_microsoft.windows.common-controls_6595b64144ccf1df_6.0.22621.2506_none_270c5ae97388e100\COMCTL32.dll
0x00007ff9d8110000 - 0x00007ff9d811a000 	C:\WINDOWS\SYSTEM32\VERSION.dll
0x00007ff9e54e0000 - 0x00007ff9e5511000 	C:\WINDOWS\System32\IMM32.DLL
0x00007ff9e0790000 - 0x00007ff9e079c000 	C:\Program Files\Java\jdk-20\bin\vcruntime140_1.dll
0x00007ff9a6720000 - 0x00007ff9a67ae000 	C:\Program Files\Java\jdk-20\bin\msvcp140.dll
0x00007ff999f40000 - 0x00007ff99abd8000 	C:\Program Files\Java\jdk-20\bin\server\jvm.dll
0x00007ff9d7ed0000 - 0x00007ff9d7ed9000 	C:\WINDOWS\SYSTEM32\WSOCK32.dll
0x00007ff9e5e60000 - 0x00007ff9e5ed1000 	C:\WINDOWS\System32\WS2_32.dll
0x00007ff9e0cf0000 - 0x00007ff9e0d24000 	C:\WINDOWS\SYSTEM32\WINMM.dll
0x00007ff9e3200000 - 0x00007ff9e3218000 	C:\WINDOWS\SYSTEM32\kernel.appcore.dll
0x00007ff9e06a0000 - 0x00007ff9e06aa000 	C:\Program Files\Java\jdk-20\bin\jimage.dll
0x00007ff9e1990000 - 0x00007ff9e1bc3000 	C:\WINDOWS\SYSTEM32\DBGHELP.DLL
0x00007ff9e5150000 - 0x00007ff9e54d9000 	C:\WINDOWS\System32\combase.dll
0x00007ff9e4e90000 - 0x00007ff9e4f67000 	C:\WINDOWS\System32\OLEAUT32.dll
0x00007ff9e0cb0000 - 0x00007ff9e0ce2000 	C:\WINDOWS\SYSTEM32\dbgcore.DLL
0x00007ff9e4350000 - 0x00007ff9e43ca000 	C:\WINDOWS\System32\bcryptPrimitives.dll
0x00007ff9e0290000 - 0x00007ff9e029e000 	C:\Program Files\Java\jdk-20\bin\instrument.dll
0x00007ff9e0310000 - 0x00007ff9e0336000 	C:\Program Files\Java\jdk-20\bin\java.dll
0x00007ff9a36a0000 - 0x00007ff9a3777000 	C:\Program Files\Java\jdk-20\bin\jsvml.dll
0x00007ff9e64e0000 - 0x00007ff9e6d3b000 	C:\WINDOWS\System32\SHELL32.dll
0x00007ff9e2090000 - 0x00007ff9e2986000 	C:\WINDOWS\SYSTEM32\windows.storage.dll
0x00007ff9e1f50000 - 0x00007ff9e208e000 	C:\WINDOWS\SYSTEM32\wintypes.dll
0x00007ff9e5f60000 - 0x00007ff9e6053000 	C:\WINDOWS\System32\SHCORE.dll
0x00007ff9e5520000 - 0x00007ff9e557e000 	C:\WINDOWS\System32\shlwapi.dll
0x00007ff9e40a0000 - 0x00007ff9e40c6000 	C:\WINDOWS\SYSTEM32\profapi.dll
0x00007ff9e02e0000 - 0x00007ff9e02f3000 	C:\Program Files\Java\jdk-20\bin\net.dll
0x00007ff9de1b0000 - 0x00007ff9de2e7000 	C:\WINDOWS\SYSTEM32\WINHTTP.dll
0x00007ff9e36d0000 - 0x00007ff9e3739000 	C:\WINDOWS\system32\mswsock.dll
0x00007ff9e02a0000 - 0x00007ff9e02b6000 	C:\Program Files\Java\jdk-20\bin\nio.dll
0x00007ff9dd980000 - 0x00007ff9dd998000 	C:\Program Files\Java\jdk-20\bin\zip.dll
0x00007ff9df3f0000 - 0x00007ff9df40a000 	C:\Program Files\JetBrains\IntelliJ IDEA Community Edition 2023.2.2\bin\breakgen64.dll
0x000002c61fba0000 - 0x000002c61fba3000 	C:\Users\16473\.openjfx\cache\20.0.1+2\amd64\api-ms-win-core-console-l1-1-0.dll
0x000002c61fbb0000 - 0x000002c61fbb3000 	C:\Users\16473\.openjfx\cache\20.0.1+2\amd64\api-ms-win-core-console-l1-2-0.dll
0x000002c61fbc0000 - 0x000002c61fbc3000 	C:\Users\16473\.openjfx\cache\20.0.1+2\amd64\api-ms-win-core-datetime-l1-1-0.dll
0x000002c61fbd0000 - 0x000002c61fbd3000 	C:\Users\16473\.openjfx\cache\20.0.1+2\amd64\api-ms-win-core-debug-l1-1-0.dll
0x000002c61fbe0000 - 0x000002c61fbe3000 	C:\Users\16473\.openjfx\cache\20.0.1+2\amd64\api-ms-win-core-errorhandling-l1-1-0.dll
0x000002c61fbf0000 - 0x000002c61fbf4000 	C:\Users\16473\.openjfx\cache\20.0.1+2\amd64\api-ms-win-core-file-l1-1-0.dll
0x000002c61fc00000 - 0x000002c61fc03000 	C:\Users\16473\.openjfx\cache\20.0.1+2\amd64\api-ms-win-core-file-l1-2-0.dll
0x000002c61fc10000 - 0x000002c61fc13000 	C:\Users\16473\.openjfx\cache\20.0.1+2\amd64\api-ms-win-core-file-l2-1-0.dll
0x000002c61fc20000 - 0x000002c61fc23000 	C:\Users\16473\.openjfx\cache\20.0.1+2\amd64\api-ms-win-core-handle-l1-1-0.dll
0x000002c61fc30000 - 0x000002c61fc33000 	C:\Users\16473\.openjfx\cache\20.0.1+2\amd64\api-ms-win-core-heap-l1-1-0.dll
0x000002c63dfd0000 - 0x000002c63dfd3000 	C:\Users\16473\.openjfx\cache\20.0.1+2\amd64\api-ms-win-core-interlocked-l1-1-0.dll
0x000002c63dfe0000 - 0x000002c63dfe3000 	C:\Users\16473\.openjfx\cache\20.0.1+2\amd64\api-ms-win-core-libraryloader-l1-1-0.dll
0x000002c63dff0000 - 0x000002c63dff3000 	C:\Users\16473\.openjfx\cache\20.0.1+2\amd64\api-ms-win-core-localization-l1-2-0.dll
0x000002c67fd00000 - 0x000002c67fd03000 	C:\Users\16473\.openjfx\cache\20.0.1+2\amd64\api-ms-win-core-memory-l1-1-0.dll
0x000002c67fd10000 - 0x000002c67fd13000 	C:\Users\16473\.openjfx\cache\20.0.1+2\amd64\api-ms-win-core-namedpipe-l1-1-0.dll
0x000002c67fd20000 - 0x000002c67fd23000 	C:\Users\16473\.openjfx\cache\20.0.1+2\amd64\api-ms-win-core-processenvironment-l1-1-0.dll
0x000002c67fd30000 - 0x000002c67fd33000 	C:\Users\16473\.openjfx\cache\20.0.1+2\amd64\api-ms-win-core-processthreads-l1-1-0.dll
0x000002c67fd40000 - 0x000002c67fd43000 	C:\Users\16473\.openjfx\cache\20.0.1+2\amd64\api-ms-win-core-processthreads-l1-1-1.dll
0x000002c67fd50000 - 0x000002c67fd53000 	C:\Users\16473\.openjfx\cache\20.0.1+2\amd64\api-ms-win-core-profile-l1-1-0.dll
0x000002c67fd60000 - 0x000002c67fd63000 	C:\Users\16473\.openjfx\cache\20.0.1+2\amd64\api-ms-win-core-rtlsupport-l1-1-0.dll
0x000002c67fd70000 - 0x000002c67fd73000 	C:\Users\16473\.openjfx\cache\20.0.1+2\amd64\api-ms-win-core-string-l1-1-0.dll
0x000002c67fd80000 - 0x000002c67fd83000 	C:\Users\16473\.openjfx\cache\20.0.1+2\amd64\api-ms-win-core-synch-l1-1-0.dll
0x000002c67fd90000 - 0x000002c67fd93000 	C:\Users\16473\.openjfx\cache\20.0.1+2\amd64\api-ms-win-core-synch-l1-2-0.dll
0x000002c67fda0000 - 0x000002c67fda3000 	C:\Users\16473\.openjfx\cache\20.0.1+2\amd64\api-ms-win-core-sysinfo-l1-1-0.dll
0x000002c67fdb0000 - 0x000002c67fdb3000 	C:\Users\16473\.openjfx\cache\20.0.1+2\amd64\api-ms-win-core-timezone-l1-1-0.dll
0x000002c67fdc0000 - 0x000002c67fdc3000 	C:\Users\16473\.openjfx\cache\20.0.1+2\amd64\api-ms-win-core-util-l1-1-0.dll
0x000002c67fdd0000 - 0x000002c67fdd3000 	C:\Users\16473\.openjfx\cache\20.0.1+2\amd64\api-ms-win-crt-conio-l1-1-0.dll
0x000002c67fde0000 - 0x000002c67fde4000 	C:\Users\16473\.openjfx\cache\20.0.1+2\amd64\api-ms-win-crt-convert-l1-1-0.dll
0x000002c67fdf0000 - 0x000002c67fdf3000 	C:\Users\16473\.openjfx\cache\20.0.1+2\amd64\api-ms-win-crt-environment-l1-1-0.dll
0x000002c67fe00000 - 0x000002c67fe03000 	C:\Users\16473\.openjfx\cache\20.0.1+2\amd64\api-ms-win-crt-filesystem-l1-1-0.dll
0x000002c67fe10000 - 0x000002c67fe13000 	C:\Users\16473\.openjfx\cache\20.0.1+2\amd64\api-ms-win-crt-heap-l1-1-0.dll
0x000002c67fe20000 - 0x000002c67fe23000 	C:\Users\16473\.openjfx\cache\20.0.1+2\amd64\api-ms-win-crt-locale-l1-1-0.dll
0x000002c67fe30000 - 0x000002c67fe35000 	C:\Users\16473\.openjfx\cache\20.0.1+2\amd64\api-ms-win-crt-math-l1-1-0.dll
0x000002c67fe40000 - 0x000002c67fe45000 	C:\Users\16473\.openjfx\cache\20.0.1+2\amd64\api-ms-win-crt-multibyte-l1-1-0.dll
0x000002c67fe50000 - 0x000002c67fe60000 	C:\Users\16473\.openjfx\cache\20.0.1+2\amd64\api-ms-win-crt-private-l1-1-0.dll
0x000002c67fe60000 - 0x000002c67fe63000 	C:\Users\16473\.openjfx\cache\20.0.1+2\amd64\api-ms-win-crt-process-l1-1-0.dll
0x000002c67fe70000 - 0x000002c67fe74000 	C:\Users\16473\.openjfx\cache\20.0.1+2\amd64\api-ms-win-crt-runtime-l1-1-0.dll
0x000002c67fe80000 - 0x000002c67fe84000 	C:\Users\16473\.openjfx\cache\20.0.1+2\amd64\api-ms-win-crt-stdio-l1-1-0.dll
0x000002c67fe90000 - 0x000002c67fe94000 	C:\Users\16473\.openjfx\cache\20.0.1+2\amd64\api-ms-win-crt-string-l1-1-0.dll
0x000002c67fea0000 - 0x000002c67fea3000 	C:\Users\16473\.openjfx\cache\20.0.1+2\amd64\api-ms-win-crt-time-l1-1-0.dll
0x000002c67feb0000 - 0x000002c67feb3000 	C:\Users\16473\.openjfx\cache\20.0.1+2\amd64\api-ms-win-crt-utility-l1-1-0.dll
0x00007ff9a0f00000 - 0x00007ff9a0ffc000 	C:\Users\16473\.openjfx\cache\20.0.1+2\amd64\ucrtbase.dll
0x00007ff9dd3a0000 - 0x00007ff9dd3bb000 	C:\Users\16473\.openjfx\cache\20.0.1+2\amd64\vcruntime140.dll
0x00007ff9dd440000 - 0x00007ff9dd44c000 	C:\Users\16473\.openjfx\cache\20.0.1+2\amd64\vcruntime140_1.dll
0x00007ff9a1490000 - 0x00007ff9a151e000 	C:\Users\16473\.openjfx\cache\20.0.1+2\amd64\msvcp140.dll
0x00007ff9dd3f0000 - 0x00007ff9dd3f9000 	C:\Users\16473\.openjfx\cache\20.0.1+2\amd64\msvcp140_1.dll
0x00007ff9dcc10000 - 0x00007ff9dcc40000 	C:\Users\16473\.openjfx\cache\20.0.1+2\amd64\msvcp140_2.dll
0x00007ff9dc070000 - 0x00007ff9dc09f000 	C:\Users\16473\.openjfx\cache\20.0.1+2\amd64\prism_d3d.dll
0x00007ff9bec10000 - 0x00007ff9bedb9000 	C:\WINDOWS\system32\d3d9.dll
0x00007ff9e0c80000 - 0x00007ff9e0cab000 	C:\WINDOWS\SYSTEM32\dwmapi.dll
0x00007ff9e1400000 - 0x00007ff9e1439000 	C:\WINDOWS\SYSTEM32\dxcore.dll
0x00007ff9e0a00000 - 0x00007ff9e0aab000 	C:\WINDOWS\system32\uxtheme.dll
0x00007ff9e3e60000 - 0x00007ff9e3eae000 	C:\WINDOWS\SYSTEM32\cfgmgr32.dll
0x00007ff9dd5f0000 - 0x00007ff9dd63a000 	C:\WINDOWS\SYSTEM32\directxdatabasehelper.dll

dbghelp: loaded successfully - version: 4.0.5 - missing functions: none
symbol engine: initialized successfully - sym options: 0x614 - pdb path: .;C:\Program Files\Java\jdk-20\bin;C:\WINDOWS\SYSTEM32;C:\WINDOWS\WinSxS\amd64_microsoft.windows.common-controls_6595b64144ccf1df_6.0.22621.2506_none_270c5ae97388e100;C:\Program Files\Java\jdk-20\bin\server;C:\Program Files\JetBrains\IntelliJ IDEA Community Edition 2023.2.2\bin;C:\Users\16473\.openjfx\cache\20.0.1+2\amd64

VM Arguments:
jvm_args: -javaagent:C:\Program Files\JetBrains\IntelliJ IDEA Community Edition 2023.2.2\lib\idea_rt.jar=65234:C:\Program Files\JetBrains\IntelliJ IDEA Community Edition 2023.2.2\bin -Dfile.encoding=UTF-8 -Dsun.stdout.encoding=UTF-8 -Dsun.stderr.encoding=UTF-8 --module-path=C:\Users\16473\.m2\repository\org\openjfx\javafx-graphics\20.0.1\javafx-graphics-20.0.1-win.jar;C:\Users\16473\.m2\repository\org\openjfx\javafx-controls\20.0.1\javafx-controls-20.0.1-win.jar;C:\Users\16473\.m2\repository\org\openjfx\javafx-fxml\20.0.1\javafx-fxml-20.0.1-win.jar;C:\Users\16473\.m2\repository\org\openjfx\javafx-base\20.0.1\javafx-base-20.0.1-win.jar;C:\Users\16473\Desktop\GraphicalUserInterface\target\classes -Djdk.module.main=com.example.graphicaluserinterface 
java_command: com.example.graphicaluserinterface/com.example.graphicaluserinterface.MySQLChartApp
java_class_path (initial): C:\Users\16473\.m2\repository\org\openjfx\javafx-controls\20.0.1\javafx-controls-20.0.1.jar;C:\Users\16473\.m2\repository\org\openjfx\javafx-graphics\20.0.1\javafx-graphics-20.0.1.jar;C:\Users\16473\.m2\repository\org\openjfx\javafx-base\20.0.1\javafx-base-20.0.1.jar;C:\Users\16473\.m2\repository\org\openjfx\javafx-fxml\20.0.1\javafx-fxml-20.0.1.jar;C:\Users\16473\Desktop\mysql-connector-j-8.3.0\mysql-connector-j-8.3.0.jar
Launcher Type: SUN_STANDARD

[Global flags]
     intx CICompilerCount                          = 4                                         {product} {ergonomic}
     uint ConcGCThreads                            = 3                                         {product} {ergonomic}
     uint G1ConcRefinementThreads                  = 10                                        {product} {ergonomic}
   size_t G1HeapRegionSize                         = 2097152                                   {product} {ergonomic}
    uintx GCDrainStackTargetSize                   = 64                                        {product} {ergonomic}
   size_t InitialHeapSize                          = 197132288                                 {product} {ergonomic}
   size_t MarkStackSize                            = 4194304                                   {product} {ergonomic}
   size_t MaxHeapSize                              = 3149922304                                {product} {ergonomic}
   size_t MaxNewSize                               = 1889533952                                {product} {ergonomic}
   size_t MinHeapDeltaBytes                        = 2097152                                   {product} {ergonomic}
   size_t MinHeapSize                              = 8388608                                   {product} {ergonomic}
    uintx NonNMethodCodeHeapSize                   = 5839372                                {pd product} {ergonomic}
    uintx NonProfiledCodeHeapSize                  = 122909434                              {pd product} {ergonomic}
    uintx ProfiledCodeHeapSize                     = 122909434                              {pd product} {ergonomic}
    uintx ReservedCodeCacheSize                    = 251658240                              {pd product} {ergonomic}
     bool SegmentedCodeCache                       = true                                      {product} {ergonomic}
   size_t SoftMaxHeapSize                          = 3149922304                             {manageable} {ergonomic}
     bool UseCompressedClassPointers               = true                           {product lp64_product} {ergonomic}
     bool UseCompressedOops                        = true                           {product lp64_product} {ergonomic}
     bool UseG1GC                                  = true                                      {product} {ergonomic}
     bool UseLargePagesIndividualAllocation        = false                                  {pd product} {ergonomic}

Logging:
Log output configuration:
 #0: stdout all=warning uptime,level,tags foldmultilines=false
 #1: stderr all=off uptime,level,tags foldmultilines=false

Environment Variables:
PATH=C:\Program Files\Common Files\Oracle\Java\javapath;C:\WINDOWS\system32;C:\WINDOWS;C:\WINDOWS\System32\Wbem;C:\WINDOWS\System32\WindowsPowerShell\v1.0\;C:\WINDOWS\System32\OpenSSH\;C:\Program Files\Microsoft SQL Server\150\Tools\Binn\;C:\Program Files\Microsoft SQL Server\Client SDK\ODBC\170\Tools\Binn\;C:\Program Files\dotnet\;C:\Program Files\Git\cmd;C:\Users\16473\AppData\Local\Microsoft\WindowsApps;C:\Users\16473\AppData\Local\Programs\Microsoft VS Code\bin;C:\Users\16473\AppData\Local\GitHubDesktop\bin;C:\Users\16473\.dotnet\tools
USERNAME=16473
OS=Windows_NT
PROCESSOR_IDENTIFIER=Intel64 Family 6 Model 154 Stepping 4, GenuineIntel
TMP=C:\Users\16473\AppData\Local\Temp
TEMP=C:\Users\16473\AppData\Local\Temp




---------------  S Y S T E M  ---------------

OS:
 Windows 11 , 64 bit Build 22621 (10.0.22621.3085)
OS uptime: 6 days 18:09 hours
Hyper-V role detected

CPU: total 12 (initial active 12) (6 cores per cpu, 2 threads per core) family 6 model 154 stepping 4 microcode 0x416, cx8, cmov, fxsr, ht, mmx, 3dnowpref, sse, sse2, sse3, ssse3, sse4.1, sse4.2, popcnt, lzcnt, tsc, tscinvbit, avx, avx2, aes, erms, clmul, bmi1, bmi2, adx, sha, fma, vzeroupper, clflush, clflushopt, clwb, hv, serialize, rdtscp, rdpid, fsrm, f16c, cet_ibt, cet_ss

Memory: 4k page, system-wide physical 12012M (1292M free)
TotalPageFile size 16108M (AvailPageFile size 5M)
current process WorkingSet (physical memory assigned to process): 64M, peak: 64M
current process commit charge ("private bytes"): 286M, peak: 286M

vm_info: Java HotSpot(TM) 64-Bit Server VM (20.0.2+9-78) for windows-amd64 JRE (20.0.2+9-78), built on 2023-06-14T10:08:48Z by "mach5one" with MS VC++ 17.1 (VS2022)

END.
