#
# There is insufficient memory for the Java Runtime Environment to continue.
# Native memory allocation (mmap) failed to map 65536 bytes for Failed to commit metaspace.
# Possible reasons:
#   The system is out of physical RAM or swap space
#   The process is running with CompressedOops enabled, and the Java Heap may be blocking the growth of the native heap
# Possible solutions:
#   Reduce memory load on the system
#   Increase physical memory or swap space
#   Check if swap backing store is full
#   Decrease Java heap size (-Xmx/-Xms)
#   Decrease number of Java threads
#   Decrease Java thread stack sizes (-Xss)
#   Set larger code cache with -XX:ReservedCodeCacheSize=
#   JVM is running with Zero Based Compressed Oops mode in which the Java heap is
#     placed in the first 32GB address space. The Java Heap base address is the
#     maximum limit for the native heap growth. Please use -XX:HeapBaseMinAddress
#     to set the Java Heap base and to place the Java Heap above 32GB virtual address.
# This output file may be truncated or incomplete.
#
#  Out of Memory Error (virtualSpaceNode.cpp:110), pid=7868, tid=16392
#
# JRE version: Java(TM) SE Runtime Environment (20.0.2+9) (build 20.0.2+9-78)
# Java VM: Java HotSpot(TM) 64-Bit Server VM (20.0.2+9-78, mixed mode, sharing, tiered, compressed oops, compressed class ptrs, g1 gc, windows-amd64)
# No core dump will be written. Minidumps are not enabled by default on client versions of Windows
#

---------------  S U M M A R Y ------------

Command Line: -javaagent:C:\Program Files\JetBrains\IntelliJ IDEA Community Edition 2023.2.2\lib\idea_rt.jar=51254:C:\Program Files\JetBrains\IntelliJ IDEA Community Edition 2023.2.2\bin -Dfile.encoding=UTF-8 -Dsun.stdout.encoding=UTF-8 -Dsun.stderr.encoding=UTF-8 --module-path=C:\Users\16473\.m2\repository\org\openjfx\javafx-graphics\20.0.1\javafx-graphics-20.0.1-win.jar;C:\Users\16473\.m2\repository\org\openjfx\javafx-fxml\20.0.1\javafx-fxml-20.0.1-win.jar;C:\Users\16473\.m2\repository\org\openjfx\javafx-base\20.0.1\javafx-base-20.0.1-win.jar;C:\Users\16473\Desktop\GraphicalUserInterface\target\classes;C:\Users\16473\.m2\repository\org\openjfx\javafx-controls\20.0.1\javafx-controls-20.0.1-win.jar -Djdk.module.main=com.example.graphicaluserinterface com.example.graphicaluserinterface/com.example.graphicaluserinterface.MySQLChartApp

Host: 12th Gen Intel(R) Core(TM) i7-1255U, 12 cores, 11G,  Windows 11 , 64 bit Build 22621 (10.0.22621.3085)
Time: Thu Feb 29 23:51:43 2024 Eastern Standard Time elapsed time: 1.224357 seconds (0d 0h 0m 1s)

---------------  T H R E A D  ---------------

Current thread (0x00000170fe184f40):  JavaThread "JavaFX Application Thread" [_thread_in_vm, id=16392, stack(0x0000007064200000,0x0000007064300000)]

Stack: [0x0000007064200000,0x0000007064300000]
Native frames: (J=compiled Java code, j=interpreted, Vv=VM code, C=native code)
V  [jvm.dll+0x6bc25a]
V  [jvm.dll+0x84971a]
V  [jvm.dll+0x84b315]
V  [jvm.dll+0x84ba13]
V  [jvm.dll+0x280e4f]
V  [jvm.dll+0x84565b]
V  [jvm.dll+0x660616]
V  [jvm.dll+0x66067a]
V  [jvm.dll+0x662f53]
V  [jvm.dll+0x662e1e]
V  [jvm.dll+0x66102e]
V  [jvm.dll+0x26c9df]
V  [jvm.dll+0x66b665]
V  [jvm.dll+0x21b712]
V  [jvm.dll+0x21bc45]
V  [jvm.dll+0x21c631]
V  [jvm.dll+0x211a50]
V  [jvm.dll+0x59c7cc]
V  [jvm.dll+0x22303a]
V  [jvm.dll+0x7c38c4]
V  [jvm.dll+0x7c4a0f]
V  [jvm.dll+0x7c4fbf]
V  [jvm.dll+0x7c4c68]
V  [jvm.dll+0x2705bb]
V  [jvm.dll+0x3d89fe]
C  0x00000170a8a8f8ff

Java frames: (J=compiled Java code, j=interpreted, Vv=VM code)
j  sun.security.ssl.NamedGroup$XDHScheme.createPossession(Lsun/security/ssl/NamedGroup;Ljava/security/SecureRandom;)Lsun/security/ssl/SSLPossession;+0 java.base@20.0.2
j  sun.security.ssl.NamedGroup$NamedGroupSpec.createPossession(Lsun/security/ssl/NamedGroup;Ljava/security/SecureRandom;)Lsun/security/ssl/SSLPossession;+13 java.base@20.0.2
j  sun.security.ssl.NamedGroup.createPossession(Ljava/security/SecureRandom;)Lsun/security/ssl/SSLPossession;+6 java.base@20.0.2
j  sun.security.ssl.SSLKeyExchange$T13KeyAgreement.createPossession(Lsun/security/ssl/HandshakeContext;)Lsun/security/ssl/SSLPossession;+11 java.base@20.0.2
j  sun.security.ssl.SSLKeyExchange.createPossessions(Lsun/security/ssl/HandshakeContext;)[Lsun/security/ssl/SSLPossession;+198 java.base@20.0.2
j  sun.security.ssl.KeyShareExtension$CHKeyShareProducer.getShare(Lsun/security/ssl/ClientHandshakeContext;Lsun/security/ssl/NamedGroup;)[B+57 java.base@20.0.2
j  sun.security.ssl.KeyShareExtension$CHKeyShareProducer.produce(Lsun/security/ssl/ConnectionContext;Lsun/security/ssl/SSLHandshake$HandshakeMessage;)[B+171 java.base@20.0.2
j  sun.security.ssl.SSLExtension.produce(Lsun/security/ssl/ConnectionContext;Lsun/security/ssl/SSLHandshake$HandshakeMessage;)[B+13 java.base@20.0.2
j  sun.security.ssl.SSLExtensions.produce(Lsun/security/ssl/HandshakeContext;[Lsun/security/ssl/SSLExtension;)V+145 java.base@20.0.2
j  sun.security.ssl.ClientHello$ClientHelloKickstartProducer.produce(Lsun/security/ssl/ConnectionContext;)[B+962 java.base@20.0.2
j  sun.security.ssl.SSLHandshake.kickstart(Lsun/security/ssl/HandshakeContext;)V+47 java.base@20.0.2
j  sun.security.ssl.ClientHandshakeContext.kickstart()V+9 java.base@20.0.2
j  sun.security.ssl.TransportContext.kickstart()V+234 java.base@20.0.2
j  sun.security.ssl.SSLSocketImpl.startHandshake(Z)V+108 java.base@20.0.2
j  sun.security.ssl.SSLSocketImpl.startHandshake()V+2 java.base@20.0.2
j  com.mysql.cj.protocol.ExportControlled.performTlsHandshake(Ljava/net/Socket;Lcom/mysql/cj/protocol/SocketConnection;Lcom/mysql/cj/ServerVersion;Lcom/mysql/cj/log/Log;)Ljava/net/Socket;+395
j  com.mysql.cj.protocol.StandardSocketFactory.performTlsHandshake(Lcom/mysql/cj/protocol/SocketConnection;Lcom/mysql/cj/protocol/ServerSession;Lcom/mysql/cj/log/Log;)Ljava/io/Closeable;+21
j  com.mysql.cj.protocol.a.NativeSocketConnection.performTlsHandshake(Lcom/mysql/cj/protocol/ServerSession;Lcom/mysql/cj/log/Log;)V+8
j  com.mysql.cj.protocol.a.NativeProtocol.negotiateSSLConnection()V+116
j  com.mysql.cj.protocol.a.NativeAuthenticationProvider.connect(Ljava/lang/String;Ljava/lang/String;Ljava/lang/String;)V+765
j  com.mysql.cj.protocol.a.NativeProtocol.connect(Ljava/lang/String;Ljava/lang/String;Ljava/lang/String;)V+11
j  com.mysql.cj.NativeSession.connect(Lcom/mysql/cj/conf/HostInfo;Ljava/lang/String;Ljava/lang/String;Ljava/lang/String;ILcom/mysql/cj/TransactionEventHandler;)V+110
j  com.mysql.cj.jdbc.ConnectionImpl.connectOneTryOnly(Z)V+32
j  com.mysql.cj.jdbc.ConnectionImpl.createNewIO(Z)V+27
j  com.mysql.cj.jdbc.ConnectionImpl.<init>(Lcom/mysql/cj/conf/HostInfo;)V+753
j  com.mysql.cj.jdbc.ConnectionImpl.getInstance(Lcom/mysql/cj/conf/HostInfo;)Lcom/mysql/cj/jdbc/JdbcConnection;+5
j  com.mysql.cj.jdbc.NonRegisteringDriver.connect(Ljava/lang/String;Ljava/util/Properties;)Ljava/sql/Connection;+72
j  java.sql.DriverManager.getConnection(Ljava/lang/String;Ljava/util/Properties;Ljava/lang/Class;)Ljava/sql/Connection;+133 java.sql@20.0.2
j  java.sql.DriverManager.getConnection(Ljava/lang/String;Ljava/lang/String;Ljava/lang/String;)Ljava/sql/Connection;+37 java.sql@20.0.2
j  com.example.graphicaluserinterface.MySQLChartApp.loadDataFromDatabase()V+6 com.example.graphicaluserinterface
j  com.example.graphicaluserinterface.MySQLChartApp.start(Ljavafx/stage/Stage;)V+1 com.example.graphicaluserinterface
j  com.sun.javafx.application.LauncherImpl.lambda$launchApplication1$9(Ljava/util/concurrent/atomic/AtomicBoolean;Ljavafx/application/Application;)V+20 javafx.graphics@20.0.1
j  com.sun.javafx.application.LauncherImpl$$Lambda$101+0x00000170b908db30.run()V+8 javafx.graphics@20.0.1
j  com.sun.javafx.application.PlatformImpl.lambda$runAndWait$12(Ljava/lang/Runnable;Ljava/util/concurrent/CountDownLatch;)V+1 javafx.graphics@20.0.1
j  com.sun.javafx.application.PlatformImpl$$Lambda$86+0x00000170b9083ba0.run()V+8 javafx.graphics@20.0.1
j  com.sun.javafx.application.PlatformImpl.lambda$runLater$10(Ljava/lang/Runnable;)Ljava/lang/Void;+1 javafx.graphics@20.0.1
j  com.sun.javafx.application.PlatformImpl$$Lambda$88+0x00000170b9087010.run()Ljava/lang/Object;+4 javafx.graphics@20.0.1
j  java.security.AccessController.executePrivileged(Ljava/security/PrivilegedAction;Ljava/security/AccessControlContext;Ljava/lang/Class;)Ljava/lang/Object;+29 java.base@20.0.2
j  java.security.AccessController.doPrivileged(Ljava/security/PrivilegedAction;Ljava/security/AccessControlContext;)Ljava/lang/Object;+13 java.base@20.0.2
j  com.sun.javafx.application.PlatformImpl.lambda$runLater$11(Ljava/lang/Runnable;Ljava/security/AccessControlContext;)V+7 javafx.graphics@20.0.1
j  com.sun.javafx.application.PlatformImpl$$Lambda$87+0x00000170b90863d8.run()V+8 javafx.graphics@20.0.1
j  com.sun.glass.ui.InvokeLaterDispatcher$Future.run()V+4 javafx.graphics@20.0.1
v  ~StubRoutines::call_stub 0x00000170a8a6100d
j  com.sun.glass.ui.win.WinApplication._runLoop(Ljava/lang/Runnable;)V+0 javafx.graphics@20.0.1
j  com.sun.glass.ui.win.WinApplication.lambda$runLoop$3(ILjava/lang/Runnable;)V+8 javafx.graphics@20.0.1
j  com.sun.glass.ui.win.WinApplication$$Lambda$76+0x00000170b9032e90.run()V+12 javafx.graphics@20.0.1
j  java.lang.Thread.runWith(Ljava/lang/Object;Ljava/lang/Runnable;)V+5 java.base@20.0.2
j  java.lang.Thread.run()V+19 java.base@20.0.2
v  ~StubRoutines::call_stub 0x00000170a8a6100d

---------------  P R O C E S S  ---------------

Threads class SMR info:
_java_thread_list=0x00000170fe697bc0, length=19, elements={
0x0000017097c72280, 0x00000170b7f04640, 0x00000170b7f05440, 0x00000170b7f08380,
0x00000170b7f0a130, 0x00000170b7f0d050, 0x00000170b7f0fe70, 0x00000170b7f18af0,
0x00000170b7f1caa0, 0x00000170b7eccfa0, 0x00000170fd5d2890, 0x00000170fd3f7170,
0x00000170fd7e8670, 0x00000170fe183f50, 0x00000170fe184f40, 0x00000170fe185490,
0x00000170fe186f20, 0x00000170fe1859e0, 0x00000170fe5d2e70
}

Java Threads: ( => current thread )
  0x0000017097c72280 JavaThread "main" [_thread_blocked, id=27564, stack(0x0000007062800000,0x0000007062900000)]
  0x00000170b7f04640 JavaThread "Reference Handler" daemon [_thread_blocked, id=29304, stack(0x0000007062f00000,0x0000007063000000)]
  0x00000170b7f05440 JavaThread "Finalizer" daemon [_thread_blocked, id=30000, stack(0x0000007063000000,0x0000007063100000)]
  0x00000170b7f08380 JavaThread "Signal Dispatcher" daemon [_thread_blocked, id=5268, stack(0x0000007063100000,0x0000007063200000)]
  0x00000170b7f0a130 JavaThread "Attach Listener" daemon [_thread_blocked, id=24536, stack(0x0000007063200000,0x0000007063300000)]
  0x00000170b7f0d050 JavaThread "Service Thread" daemon [_thread_blocked, id=30884, stack(0x0000007063300000,0x0000007063400000)]
  0x00000170b7f0fe70 JavaThread "Monitor Deflation Thread" daemon [_thread_blocked, id=26288, stack(0x0000007063400000,0x0000007063500000)]
  0x00000170b7f18af0 JavaThread "C2 CompilerThread0" daemon [_thread_blocked, id=31024, stack(0x0000007063500000,0x0000007063600000)]
  0x00000170b7f1caa0 JavaThread "C1 CompilerThread0" daemon [_thread_blocked, id=12352, stack(0x0000007063600000,0x0000007063700000)]
  0x00000170b7eccfa0 JavaThread "Common-Cleaner" daemon [_thread_blocked, id=25736, stack(0x0000007063700000,0x0000007063800000)]
  0x00000170fd5d2890 JavaThread "Monitor Ctrl-Break" daemon [_thread_in_native, id=35792, stack(0x0000007063a00000,0x0000007063b00000)]
  0x00000170fd3f7170 JavaThread "Notification Thread" daemon [_thread_blocked, id=11164, stack(0x0000007063b00000,0x0000007063c00000)]
  0x00000170fd7e8670 JavaThread "QuantumRenderer-0" daemon [_thread_blocked, id=34304, stack(0x0000007063d00000,0x0000007063e00000)]
  0x00000170fe183f50 JavaThread "InvokeLaterDispatcher" daemon [_thread_blocked, id=11904, stack(0x0000007063900000,0x0000007063a00000)]
=>0x00000170fe184f40 JavaThread "JavaFX Application Thread" [_thread_in_vm, id=16392, stack(0x0000007064200000,0x0000007064300000)]
  0x00000170fe185490 JavaThread "Thread-1" daemon [_thread_in_native, id=5712, stack(0x0000007064300000,0x0000007064400000)]
  0x00000170fe186f20 JavaThread "JavaFX-Launcher" [_thread_blocked, id=14372, stack(0x0000007064400000,0x0000007064500000)]
  0x00000170fe1859e0 JavaThread "mysql-cj-abandoned-connection-cleanup" daemon [_thread_blocked, id=22060, stack(0x0000007064a00000,0x0000007064b00000)]
  0x00000170fe5d2e70 JavaThread "C2 CompilerThread1" daemon [_thread_blocked, id=30636, stack(0x0000007064b00000,0x0000007064c00000)]

Other Threads:
  0x00000170b7ee37c0 VMThread "VM Thread" [stack: 0x0000007062e00000,0x0000007062f00000] [id=20060]
  0x00000170fd4e01a0 WatcherThread "VM Periodic Task Thread" [stack: 0x0000007063c00000,0x0000007063d00000] [id=32696]
  0x0000017097ccdbe0 WorkerThread "GC Thread#0" [stack: 0x0000007062900000,0x0000007062a00000] [id=27708]
  0x00000170fe5f6370 WorkerThread "GC Thread#1" [stack: 0x0000007064500000,0x0000007064600000] [id=34212]
  0x00000170fe5f6640 WorkerThread "GC Thread#2" [stack: 0x0000007064600000,0x0000007064700000] [id=16212]
  0x00000170fe5f7720 WorkerThread "GC Thread#3" [stack: 0x0000007064700000,0x0000007064800000] [id=26216]
  0x00000170fe5f79f0 WorkerThread "GC Thread#4" [stack: 0x0000007064800000,0x0000007064900000] [id=18168]
  0x00000170fe5f6910 WorkerThread "GC Thread#5" [stack: 0x0000007064900000,0x0000007064a00000] [id=21144]
  0x0000017097cda6b0 ConcurrentGCThread "G1 Main Marker" [stack: 0x0000007062a00000,0x0000007062b00000] [id=12204]
  0x0000017097cdb0e0 WorkerThread "G1 Conc#0" [stack: 0x0000007062b00000,0x0000007062c00000] [id=9860]
  0x00000170b7da44d0 ConcurrentGCThread "G1 Refine#0" [stack: 0x0000007062c00000,0x0000007062d00000] [id=28708]
  0x00000170b7da4f70 ConcurrentGCThread "G1 Service" [stack: 0x0000007062d00000,0x0000007062e00000] [id=26208]

Threads with active compile tasks:

VM state: not at safepoint (normal execution)

VM Mutex/Monitor currently owned by a thread:  ([mutex/lock_event])
[0x0000017097c6bc30] Metaspace_lock - owner thread: 0x00000170fe184f40

Heap address: 0x0000000744400000, size: 3004 MB, Compressed Oops mode: Zero based, Oop shift amount: 3

CDS archive(s) mapped at: [0x00000170b8000000-0x00000170b8c60000-0x00000170b8c60000), size 12976128, SharedBaseAddress: 0x00000170b8000000, ArchiveRelocationMode: 1.
Compressed class space mapped at: 0x00000170b9000000-0x00000170f9000000, reserved size: 1073741824
Narrow klass base: 0x00000170b8000000, Narrow klass shift: 0, Narrow klass range: 0x100000000

GC Precious Log:
 CardTable entry size: 512
 Card Set container configuration: InlinePtr #cards 4 size 8 Array Of Cards #cards 16 size 48 Howl #buckets 8 coarsen threshold 3686 Howl Bitmap #cards 512 size 80 coarsen threshold 460 Card regions per heap region 1 cards per card region 4096
 CPUs: 12 total, 12 available
 Memory: 12012M
 Large Page Support: Disabled
 NUMA Support: Disabled
 Compressed Oops: Enabled (Zero based)
 Heap Region Size: 2M
 Heap Min Capacity: 8M
 Heap Initial Capacity: 188M
 Heap Max Capacity: 3004M
 Pre-touch: Disabled
 Parallel Workers: 10
 Concurrent Workers: 3
 Concurrent Refinement Workers: 10
 Periodic GC: Disabled

Heap:
 garbage-first heap   total 192512K, used 11195K [0x0000000744400000, 0x0000000800000000)
  region size 2048K, 8 young (16384K), 2 survivors (4096K)
 Metaspace       used 11749K, committed 11968K, reserved 1114112K
  class space    used 1335K, committed 1408K, reserved 1048576K

Heap Regions: E=young(eden), S=young(survivor), O=old, HS=humongous(starts), HC=humongous(continues), CS=collection set, F=free, OA=open archive, CA=closed archive, TAMS=top-at-mark-start, PB=parsable bottom
|   0|0x0000000744400000, 0x0000000744400000, 0x0000000744600000|  0%| F|  |TAMS 0x0000000744400000| PB 0x0000000744400000| Untracked 
|   1|0x0000000744600000, 0x0000000744600000, 0x0000000744800000|  0%| F|  |TAMS 0x0000000744600000| PB 0x0000000744600000| Untracked 
|   2|0x0000000744800000, 0x0000000744800000, 0x0000000744a00000|  0%| F|  |TAMS 0x0000000744800000| PB 0x0000000744800000| Untracked 
|   3|0x0000000744a00000, 0x0000000744a00000, 0x0000000744c00000|  0%| F|  |TAMS 0x0000000744a00000| PB 0x0000000744a00000| Untracked 
|   4|0x0000000744c00000, 0x0000000744c00000, 0x0000000744e00000|  0%| F|  |TAMS 0x0000000744c00000| PB 0x0000000744c00000| Untracked 
|   5|0x0000000744e00000, 0x0000000744e00000, 0x0000000745000000|  0%| F|  |TAMS 0x0000000744e00000| PB 0x0000000744e00000| Untracked 
|   6|0x0000000745000000, 0x0000000745000000, 0x0000000745200000|  0%| F|  |TAMS 0x0000000745000000| PB 0x0000000745000000| Untracked 
|   7|0x0000000745200000, 0x0000000745200000, 0x0000000745400000|  0%| F|  |TAMS 0x0000000745200000| PB 0x0000000745200000| Untracked 
|   8|0x0000000745400000, 0x0000000745400000, 0x0000000745600000|  0%| F|  |TAMS 0x0000000745400000| PB 0x0000000745400000| Untracked 
|   9|0x0000000745600000, 0x0000000745600000, 0x0000000745800000|  0%| F|  |TAMS 0x0000000745600000| PB 0x0000000745600000| Untracked 
|  10|0x0000000745800000, 0x0000000745800000, 0x0000000745a00000|  0%| F|  |TAMS 0x0000000745800000| PB 0x0000000745800000| Untracked 
|  11|0x0000000745a00000, 0x0000000745a00000, 0x0000000745c00000|  0%| F|  |TAMS 0x0000000745a00000| PB 0x0000000745a00000| Untracked 
|  12|0x0000000745c00000, 0x0000000745c00000, 0x0000000745e00000|  0%| F|  |TAMS 0x0000000745c00000| PB 0x0000000745c00000| Untracked 
|  13|0x0000000745e00000, 0x0000000745e00000, 0x0000000746000000|  0%| F|  |TAMS 0x0000000745e00000| PB 0x0000000745e00000| Untracked 
|  14|0x0000000746000000, 0x0000000746000000, 0x0000000746200000|  0%| F|  |TAMS 0x0000000746000000| PB 0x0000000746000000| Untracked 
|  15|0x0000000746200000, 0x0000000746200000, 0x0000000746400000|  0%| F|  |TAMS 0x0000000746200000| PB 0x0000000746200000| Untracked 
|  16|0x0000000746400000, 0x0000000746400000, 0x0000000746600000|  0%| F|  |TAMS 0x0000000746400000| PB 0x0000000746400000| Untracked 
|  17|0x0000000746600000, 0x0000000746600000, 0x0000000746800000|  0%| F|  |TAMS 0x0000000746600000| PB 0x0000000746600000| Untracked 
|  18|0x0000000746800000, 0x0000000746800000, 0x0000000746a00000|  0%| F|  |TAMS 0x0000000746800000| PB 0x0000000746800000| Untracked 
|  19|0x0000000746a00000, 0x0000000746a00000, 0x0000000746c00000|  0%| F|  |TAMS 0x0000000746a00000| PB 0x0000000746a00000| Untracked 
|  20|0x0000000746c00000, 0x0000000746c00000, 0x0000000746e00000|  0%| F|  |TAMS 0x0000000746c00000| PB 0x0000000746c00000| Untracked 
|  21|0x0000000746e00000, 0x0000000746e00000, 0x0000000747000000|  0%| F|  |TAMS 0x0000000746e00000| PB 0x0000000746e00000| Untracked 
|  22|0x0000000747000000, 0x0000000747000000, 0x0000000747200000|  0%| F|  |TAMS 0x0000000747000000| PB 0x0000000747000000| Untracked 
|  23|0x0000000747200000, 0x0000000747200000, 0x0000000747400000|  0%| F|  |TAMS 0x0000000747200000| PB 0x0000000747200000| Untracked 
|  24|0x0000000747400000, 0x0000000747400000, 0x0000000747600000|  0%| F|  |TAMS 0x0000000747400000| PB 0x0000000747400000| Untracked 
|  25|0x0000000747600000, 0x0000000747600000, 0x0000000747800000|  0%| F|  |TAMS 0x0000000747600000| PB 0x0000000747600000| Untracked 
|  26|0x0000000747800000, 0x0000000747800000, 0x0000000747a00000|  0%| F|  |TAMS 0x0000000747800000| PB 0x0000000747800000| Untracked 
|  27|0x0000000747a00000, 0x0000000747a00000, 0x0000000747c00000|  0%| F|  |TAMS 0x0000000747a00000| PB 0x0000000747a00000| Untracked 
|  28|0x0000000747c00000, 0x0000000747c00000, 0x0000000747e00000|  0%| F|  |TAMS 0x0000000747c00000| PB 0x0000000747c00000| Untracked 
|  29|0x0000000747e00000, 0x0000000747e00000, 0x0000000748000000|  0%| F|  |TAMS 0x0000000747e00000| PB 0x0000000747e00000| Untracked 
|  30|0x0000000748000000, 0x0000000748000000, 0x0000000748200000|  0%| F|  |TAMS 0x0000000748000000| PB 0x0000000748000000| Untracked 
|  31|0x0000000748200000, 0x0000000748200000, 0x0000000748400000|  0%| F|  |TAMS 0x0000000748200000| PB 0x0000000748200000| Untracked 
|  32|0x0000000748400000, 0x0000000748400000, 0x0000000748600000|  0%| F|  |TAMS 0x0000000748400000| PB 0x0000000748400000| Untracked 
|  33|0x0000000748600000, 0x0000000748600000, 0x0000000748800000|  0%| F|  |TAMS 0x0000000748600000| PB 0x0000000748600000| Untracked 
|  34|0x0000000748800000, 0x0000000748800000, 0x0000000748a00000|  0%| F|  |TAMS 0x0000000748800000| PB 0x0000000748800000| Untracked 
|  35|0x0000000748a00000, 0x0000000748a00000, 0x0000000748c00000|  0%| F|  |TAMS 0x0000000748a00000| PB 0x0000000748a00000| Untracked 
|  36|0x0000000748c00000, 0x0000000748c00000, 0x0000000748e00000|  0%| F|  |TAMS 0x0000000748c00000| PB 0x0000000748c00000| Untracked 
|  37|0x0000000748e00000, 0x0000000748e00000, 0x0000000749000000|  0%| F|  |TAMS 0x0000000748e00000| PB 0x0000000748e00000| Untracked 
|  38|0x0000000749000000, 0x0000000749000000, 0x0000000749200000|  0%| F|  |TAMS 0x0000000749000000| PB 0x0000000749000000| Untracked 
|  39|0x0000000749200000, 0x0000000749200000, 0x0000000749400000|  0%| F|  |TAMS 0x0000000749200000| PB 0x0000000749200000| Untracked 
|  40|0x0000000749400000, 0x0000000749400000, 0x0000000749600000|  0%| F|  |TAMS 0x0000000749400000| PB 0x0000000749400000| Untracked 
|  41|0x0000000749600000, 0x0000000749600000, 0x0000000749800000|  0%| F|  |TAMS 0x0000000749600000| PB 0x0000000749600000| Untracked 
|  42|0x0000000749800000, 0x0000000749800000, 0x0000000749a00000|  0%| F|  |TAMS 0x0000000749800000| PB 0x0000000749800000| Untracked 
|  43|0x0000000749a00000, 0x0000000749a00000, 0x0000000749c00000|  0%| F|  |TAMS 0x0000000749a00000| PB 0x0000000749a00000| Untracked 
|  44|0x0000000749c00000, 0x0000000749c00000, 0x0000000749e00000|  0%| F|  |TAMS 0x0000000749c00000| PB 0x0000000749c00000| Untracked 
|  45|0x0000000749e00000, 0x0000000749e00000, 0x000000074a000000|  0%| F|  |TAMS 0x0000000749e00000| PB 0x0000000749e00000| Untracked 
|  46|0x000000074a000000, 0x000000074a000000, 0x000000074a200000|  0%| F|  |TAMS 0x000000074a000000| PB 0x000000074a000000| Untracked 
|  47|0x000000074a200000, 0x000000074a200000, 0x000000074a400000|  0%| F|  |TAMS 0x000000074a200000| PB 0x000000074a200000| Untracked 
|  48|0x000000074a400000, 0x000000074a400000, 0x000000074a600000|  0%| F|  |TAMS 0x000000074a400000| PB 0x000000074a400000| Untracked 
|  49|0x000000074a600000, 0x000000074a600000, 0x000000074a800000|  0%| F|  |TAMS 0x000000074a600000| PB 0x000000074a600000| Untracked 
|  50|0x000000074a800000, 0x000000074a800000, 0x000000074aa00000|  0%| F|  |TAMS 0x000000074a800000| PB 0x000000074a800000| Untracked 
|  51|0x000000074aa00000, 0x000000074aa00000, 0x000000074ac00000|  0%| F|  |TAMS 0x000000074aa00000| PB 0x000000074aa00000| Untracked 
|  52|0x000000074ac00000, 0x000000074ac00000, 0x000000074ae00000|  0%| F|  |TAMS 0x000000074ac00000| PB 0x000000074ac00000| Untracked 
|  53|0x000000074ae00000, 0x000000074ae00000, 0x000000074b000000|  0%| F|  |TAMS 0x000000074ae00000| PB 0x000000074ae00000| Untracked 
|  54|0x000000074b000000, 0x000000074b000000, 0x000000074b200000|  0%| F|  |TAMS 0x000000074b000000| PB 0x000000074b000000| Untracked 
|  55|0x000000074b200000, 0x000000074b200000, 0x000000074b400000|  0%| F|  |TAMS 0x000000074b200000| PB 0x000000074b200000| Untracked 
|  56|0x000000074b400000, 0x000000074b400000, 0x000000074b600000|  0%| F|  |TAMS 0x000000074b400000| PB 0x000000074b400000| Untracked 
|  57|0x000000074b600000, 0x000000074b600000, 0x000000074b800000|  0%| F|  |TAMS 0x000000074b600000| PB 0x000000074b600000| Untracked 
|  58|0x000000074b800000, 0x000000074b800000, 0x000000074ba00000|  0%| F|  |TAMS 0x000000074b800000| PB 0x000000074b800000| Untracked 
|  59|0x000000074ba00000, 0x000000074ba00000, 0x000000074bc00000|  0%| F|  |TAMS 0x000000074ba00000| PB 0x000000074ba00000| Untracked 
|  60|0x000000074bc00000, 0x000000074bc00000, 0x000000074be00000|  0%| F|  |TAMS 0x000000074bc00000| PB 0x000000074bc00000| Untracked 
|  61|0x000000074be00000, 0x000000074be00000, 0x000000074c000000|  0%| F|  |TAMS 0x000000074be00000| PB 0x000000074be00000| Untracked 
|  62|0x000000074c000000, 0x000000074c000000, 0x000000074c200000|  0%| F|  |TAMS 0x000000074c000000| PB 0x000000074c000000| Untracked 
|  63|0x000000074c200000, 0x000000074c200000, 0x000000074c400000|  0%| F|  |TAMS 0x000000074c200000| PB 0x000000074c200000| Untracked 
|  64|0x000000074c400000, 0x000000074c400000, 0x000000074c600000|  0%| F|  |TAMS 0x000000074c400000| PB 0x000000074c400000| Untracked 
|  65|0x000000074c600000, 0x000000074c600000, 0x000000074c800000|  0%| F|  |TAMS 0x000000074c600000| PB 0x000000074c600000| Untracked 
|  66|0x000000074c800000, 0x000000074c800000, 0x000000074ca00000|  0%| F|  |TAMS 0x000000074c800000| PB 0x000000074c800000| Untracked 
|  67|0x000000074ca00000, 0x000000074ca00000, 0x000000074cc00000|  0%| F|  |TAMS 0x000000074ca00000| PB 0x000000074ca00000| Untracked 
|  68|0x000000074cc00000, 0x000000074cc00000, 0x000000074ce00000|  0%| F|  |TAMS 0x000000074cc00000| PB 0x000000074cc00000| Untracked 
|  69|0x000000074ce00000, 0x000000074ce00000, 0x000000074d000000|  0%| F|  |TAMS 0x000000074ce00000| PB 0x000000074ce00000| Untracked 
|  70|0x000000074d000000, 0x000000074d000000, 0x000000074d200000|  0%| F|  |TAMS 0x000000074d000000| PB 0x000000074d000000| Untracked 
|  71|0x000000074d200000, 0x000000074d200000, 0x000000074d400000|  0%| F|  |TAMS 0x000000074d200000| PB 0x000000074d200000| Untracked 
|  72|0x000000074d400000, 0x000000074d400000, 0x000000074d600000|  0%| F|  |TAMS 0x000000074d400000| PB 0x000000074d400000| Untracked 
|  73|0x000000074d600000, 0x000000074d600000, 0x000000074d800000|  0%| F|  |TAMS 0x000000074d600000| PB 0x000000074d600000| Untracked 
|  74|0x000000074d800000, 0x000000074d800000, 0x000000074da00000|  0%| F|  |TAMS 0x000000074d800000| PB 0x000000074d800000| Untracked 
|  75|0x000000074da00000, 0x000000074da00000, 0x000000074dc00000|  0%| F|  |TAMS 0x000000074da00000| PB 0x000000074da00000| Untracked 
|  76|0x000000074dc00000, 0x000000074dc00000, 0x000000074de00000|  0%| F|  |TAMS 0x000000074dc00000| PB 0x000000074dc00000| Untracked 
|  77|0x000000074de00000, 0x000000074de00000, 0x000000074e000000|  0%| F|  |TAMS 0x000000074de00000| PB 0x000000074de00000| Untracked 
|  78|0x000000074e000000, 0x000000074e000000, 0x000000074e200000|  0%| F|  |TAMS 0x000000074e000000| PB 0x000000074e000000| Untracked 
|  79|0x000000074e200000, 0x000000074e200000, 0x000000074e400000|  0%| F|  |TAMS 0x000000074e200000| PB 0x000000074e200000| Untracked 
|  80|0x000000074e400000, 0x000000074e400000, 0x000000074e600000|  0%| F|  |TAMS 0x000000074e400000| PB 0x000000074e400000| Untracked 
|  81|0x000000074e600000, 0x000000074e6eec80, 0x000000074e800000| 46%| S|CS|TAMS 0x000000074e600000| PB 0x000000074e600000| Complete 
|  82|0x000000074e800000, 0x000000074ea00000, 0x000000074ea00000|100%| S|CS|TAMS 0x000000074e800000| PB 0x000000074e800000| Complete 
|  83|0x000000074ea00000, 0x000000074ea00000, 0x000000074ec00000|  0%| F|  |TAMS 0x000000074ea00000| PB 0x000000074ea00000| Untracked 
|  84|0x000000074ec00000, 0x000000074ec00000, 0x000000074ee00000|  0%| F|  |TAMS 0x000000074ec00000| PB 0x000000074ec00000| Untracked 
|  85|0x000000074ee00000, 0x000000074ee00000, 0x000000074f000000|  0%| F|  |TAMS 0x000000074ee00000| PB 0x000000074ee00000| Untracked 
|  86|0x000000074f000000, 0x000000074f000000, 0x000000074f200000|  0%| F|  |TAMS 0x000000074f000000| PB 0x000000074f000000| Untracked 
|  87|0x000000074f200000, 0x000000074f200000, 0x000000074f400000|  0%| F|  |TAMS 0x000000074f200000| PB 0x000000074f200000| Untracked 
|  88|0x000000074f400000, 0x000000074f531028, 0x000000074f600000| 59%| E|  |TAMS 0x000000074f400000| PB 0x000000074f400000| Complete 
|  89|0x000000074f600000, 0x000000074f800000, 0x000000074f800000|100%| E|CS|TAMS 0x000000074f600000| PB 0x000000074f600000| Complete 
|  90|0x000000074f800000, 0x000000074fa00000, 0x000000074fa00000|100%| E|CS|TAMS 0x000000074f800000| PB 0x000000074f800000| Complete 
|  91|0x000000074fa00000, 0x000000074fc00000, 0x000000074fc00000|100%| E|CS|TAMS 0x000000074fa00000| PB 0x000000074fa00000| Complete 
|  92|0x000000074fc00000, 0x000000074fe00000, 0x000000074fe00000|100%| E|  |TAMS 0x000000074fc00000| PB 0x000000074fc00000| Complete 
|  93|0x000000074fe00000, 0x0000000750000000, 0x0000000750000000|100%| E|CS|TAMS 0x000000074fe00000| PB 0x000000074fe00000| Complete 

Card table byte_map: [0x00000170b17a0000,0x00000170b1d80000] _byte_map_base: 0x00000170add7e000

Marking Bits: (CMBitMap*) 0x0000017097cce210
 Bits: [0x00000170b2360000, 0x00000170b5250000)

Polling page: 0x0000017097d30000

Metaspace:

Usage:
  Non-class:     10.17 MB used.
      Class:      1.30 MB used.
       Both:     11.47 MB used.

Virtual space:
  Non-class space:       64.00 MB reserved,      10.31 MB ( 16%) committed,  1 nodes.
      Class space:        1.00 GB reserved,       1.38 MB ( <1%) committed,  1 nodes.
             Both:        1.06 GB reserved,      11.69 MB (  1%) committed. 

Chunk freelists:
   Non-Class:  1022.00 KB
       Class:  2.57 MB
        Both:  3.56 MB

MaxMetaspaceSize: unlimited
CompressedClassSpaceSize: 1.00 GB
Initial GC threshold: 21.00 MB
Current GC threshold: 21.00 MB
CDS: on
MetaspaceReclaimPolicy: balanced
 - commit_granule_bytes: 65536.
 - commit_granule_words: 8192.
 - virtual_space_node_default_size: 8388608.
 - enlarge_chunks_in_place: 1.
 - new_chunks_are_fully_committed: 0.
 - uncommit_free_chunks: 1.
 - use_allocation_guard: 0.


Internal statistics:

num_allocs_failed_limit: 0.
num_arena_births: 178.
num_arena_deaths: 0.
num_vsnodes_births: 2.
num_vsnodes_deaths: 0.
num_space_committed: 187.
num_space_uncommitted: 0.
num_chunks_returned_to_freelist: 0.
num_chunks_taken_from_freelist: 421.
num_chunk_merges: 0.
num_chunk_splits: 288.
num_chunks_enlarged: 203.
num_inconsistent_stats: 0.

CodeHeap 'non-profiled nmethods': size=120000Kb used=561Kb max_used=561Kb free=119438Kb
 bounds [0x00000170a9000000, 0x00000170a9270000, 0x00000170b0530000]
CodeHeap 'profiled nmethods': size=120000Kb used=2324Kb max_used=2324Kb free=117675Kb
 bounds [0x00000170a1530000, 0x00000170a17a0000, 0x00000170a8a60000]
CodeHeap 'non-nmethods': size=5760Kb used=1597Kb max_used=1614Kb free=4162Kb
 bounds [0x00000170a8a60000, 0x00000170a8cd0000, 0x00000170a9000000]
 total_blobs=2057 nmethods=1454 adapters=514
 compilation: enabled
              stopped_count=0, restarted_count=0
 full_count=0

Compilation events (20 events):
Event: 1.155 Thread 0x00000170b7f1caa0 1432       3       java.lang.invoke.MemberName::isField (8 bytes)
Event: 1.155 Thread 0x00000170b7f1caa0 nmethod 1432 0x00000170a176f910 code [0x00000170a176faa0, 0x00000170a176fc78]
Event: 1.157 Thread 0x00000170b7f1caa0 1444       3       jdk.internal.misc.Unsafe::storeFence (5 bytes)
Event: 1.158 Thread 0x00000170b7f1caa0 nmethod 1444 0x00000170a176fd10 code [0x00000170a176fea0, 0x00000170a176ffc8]
Event: 1.165 Thread 0x00000170b7f1caa0 1445       3       java.lang.String::indexOf (64 bytes)
Event: 1.165 Thread 0x00000170b7f1caa0 nmethod 1445 0x00000170a1770090 code [0x00000170a1770280, 0x00000170a1770760]
Event: 1.165 Thread 0x00000170b7f1caa0 1447       3       sun.security.util.DisabledAlgorithmConstraints::permits (70 bytes)
Event: 1.165 Thread 0x00000170b7f1caa0 nmethod 1447 0x00000170a1770910 code [0x00000170a1770b20, 0x00000170a17711a0]
Event: 1.165 Thread 0x00000170b7f1caa0 1448   !   3       sun.security.util.DisabledAlgorithmConstraints::cachedCheckAlgorithm (116 bytes)
Event: 1.166 Thread 0x00000170b7f1caa0 nmethod 1448 0x00000170a1771410 code [0x00000170a1771680, 0x00000170a1772610]
Event: 1.166 Thread 0x00000170b7f1caa0 1451       3       java.util.HashMap::putVal (300 bytes)
Event: 1.166 Thread 0x00000170fe5d2e70 1452       4       java.util.regex.Pattern$SliceI::match (96 bytes)
Event: 1.166 Thread 0x00000170b7f18af0 1453       4       java.lang.StringLatin1::indexOf (121 bytes)
Event: 1.166 Thread 0x00000170b7f1caa0 nmethod 1451 0x00000170a1772a90 code [0x00000170a1772d20, 0x00000170a1773f48]
Event: 1.167 Thread 0x00000170b7f1caa0 1450       3       java.util.regex.Pattern$GroupHead::match (47 bytes)
Event: 1.167 Thread 0x00000170b7f1caa0 nmethod 1450 0x00000170a1774410 code [0x00000170a17745c0, 0x00000170a1774830]
Event: 1.167 Thread 0x00000170b7f1caa0 1446       3       java.lang.StringLatin1::indexOf (25 bytes)
Event: 1.167 Thread 0x00000170b7f1caa0 nmethod 1446 0x00000170a1774a10 code [0x00000170a1774bc0, 0x00000170a1774dc0]
Event: 1.167 Thread 0x00000170b7f1caa0 1449       3       java.lang.String::contains (19 bytes)
Event: 1.167 Thread 0x00000170b7f1caa0 nmethod 1449 0x00000170a1774e90 code [0x00000170a1775040, 0x00000170a17752a8]

GC Heap History (2 events):
Event: 0.757 GC heap before
{Heap before GC invocations=0 (full 0):
 garbage-first heap   total 192512K, used 20480K [0x0000000744400000, 0x0000000800000000)
  region size 2048K, 11 young (22528K), 0 survivors (0K)
 Metaspace       used 5196K, committed 5376K, reserved 1114112K
  class space    used 605K, committed 704K, reserved 1048576K
}
Event: 0.760 GC heap after
{Heap after GC invocations=1 (full 0):
 garbage-first heap   total 192512K, used 3003K [0x0000000744400000, 0x0000000800000000)
  region size 2048K, 2 young (4096K), 2 survivors (4096K)
 Metaspace       used 5196K, committed 5376K, reserved 1114112K
  class space    used 605K, committed 704K, reserved 1048576K
}

Dll operation events (20 events):
Event: 0.419 Loaded shared library C:\Users\16473\.openjfx\cache\20.0.1+2\amd64\api-ms-win-crt-locale-l1-1-0.dll
Event: 0.424 Loaded shared library C:\Users\16473\.openjfx\cache\20.0.1+2\amd64\api-ms-win-crt-math-l1-1-0.dll
Event: 0.427 Loaded shared library C:\Users\16473\.openjfx\cache\20.0.1+2\amd64\api-ms-win-crt-multibyte-l1-1-0.dll
Event: 0.431 Loaded shared library C:\Users\16473\.openjfx\cache\20.0.1+2\amd64\api-ms-win-crt-private-l1-1-0.dll
Event: 0.434 Loaded shared library C:\Users\16473\.openjfx\cache\20.0.1+2\amd64\api-ms-win-crt-process-l1-1-0.dll
Event: 0.438 Loaded shared library C:\Users\16473\.openjfx\cache\20.0.1+2\amd64\api-ms-win-crt-runtime-l1-1-0.dll
Event: 0.441 Loaded shared library C:\Users\16473\.openjfx\cache\20.0.1+2\amd64\api-ms-win-crt-stdio-l1-1-0.dll
Event: 0.445 Loaded shared library C:\Users\16473\.openjfx\cache\20.0.1+2\amd64\api-ms-win-crt-string-l1-1-0.dll
Event: 0.450 Loaded shared library C:\Users\16473\.openjfx\cache\20.0.1+2\amd64\api-ms-win-crt-time-l1-1-0.dll
Event: 0.453 Loaded shared library C:\Users\16473\.openjfx\cache\20.0.1+2\amd64\api-ms-win-crt-utility-l1-1-0.dll
Event: 0.469 Loaded shared library C:\Users\16473\.openjfx\cache\20.0.1+2\amd64\ucrtbase.dll
Event: 0.474 Loaded shared library C:\Users\16473\.openjfx\cache\20.0.1+2\amd64\vcruntime140.dll
Event: 0.479 Loaded shared library C:\Users\16473\.openjfx\cache\20.0.1+2\amd64\vcruntime140_1.dll
Event: 0.491 Loaded shared library C:\Users\16473\.openjfx\cache\20.0.1+2\amd64\msvcp140.dll
Event: 0.494 Loaded shared library C:\Users\16473\.openjfx\cache\20.0.1+2\amd64\msvcp140_1.dll
Event: 0.500 Loaded shared library C:\Users\16473\.openjfx\cache\20.0.1+2\amd64\msvcp140_2.dll
Event: 0.544 Loaded shared library C:\Users\16473\.openjfx\cache\20.0.1+2\amd64\prism_d3d.dll
Event: 0.643 Loaded shared library C:\Users\16473\.openjfx\cache\20.0.1+2\amd64\glass.dll
Event: 0.755 Loaded shared library C:\Program Files\Java\jdk-20\bin\jimage.dll
Event: 0.976 Loaded shared library C:\Program Files\Java\jdk-20\bin\sunmscapi.dll

Deoptimization events (20 events):
Event: 1.041 Thread 0x00000170b7f0a130 Uncommon trap: trap_request=0xffffff45 fr.pc=0x00000170a906bcd4 relative=0x00000000000000d4
Event: 1.041 Thread 0x00000170b7f0a130 Uncommon trap: reason=unstable_if action=reinterpret pc=0x00000170a906bcd4 method=java.util.concurrent.locks.ReentrantLock$Sync.tryRelease(I)Z @ 26 c2
Event: 1.041 Thread 0x00000170b7f0a130 DEOPT PACKING pc=0x00000170a906bcd4 sp=0x00000070632feef0
Event: 1.041 Thread 0x00000170b7f0a130 DEOPT UNPACKING pc=0x00000170a8ac9d22 sp=0x00000070632fee90 mode 2
Event: 1.047 Thread 0x00000170fe184f40 Uncommon trap: trap_request=0xffffff45 fr.pc=0x00000170a907df8c relative=0x000000000000072c
Event: 1.047 Thread 0x00000170fe184f40 Uncommon trap: reason=unstable_if action=reinterpret pc=0x00000170a907df8c method=java.util.regex.Matcher.search(I)Z @ 30 c2
Event: 1.047 Thread 0x00000170fe184f40 DEOPT PACKING pc=0x00000170a907df8c sp=0x00000070642fc1c0
Event: 1.047 Thread 0x00000170fe184f40 DEOPT UNPACKING pc=0x00000170a8ac9d22 sp=0x00000070642fc1b0 mode 2
Event: 1.061 Thread 0x00000170fe184f40 Uncommon trap: trap_request=0xffffff45 fr.pc=0x00000170a903ae2c relative=0x00000000000000ac
Event: 1.061 Thread 0x00000170fe184f40 Uncommon trap: reason=unstable_if action=reinterpret pc=0x00000170a903ae2c method=jdk.internal.misc.Unsafe.convEndian(ZI)I @ 4 c2
Event: 1.061 Thread 0x00000170fe184f40 DEOPT PACKING pc=0x00000170a903ae2c sp=0x00000070642fc340
Event: 1.061 Thread 0x00000170fe184f40 DEOPT UNPACKING pc=0x00000170a8ac9d22 sp=0x00000070642fc1f0 mode 2
Event: 1.061 Thread 0x00000170fe184f40 Uncommon trap: trap_request=0xffffff45 fr.pc=0x00000170a903c4c4 relative=0x0000000000000044
Event: 1.061 Thread 0x00000170fe184f40 Uncommon trap: reason=unstable_if action=reinterpret pc=0x00000170a903c4c4 method=jdk.internal.misc.Unsafe.convEndian(ZI)I @ 4 c2
Event: 1.061 Thread 0x00000170fe184f40 DEOPT PACKING pc=0x00000170a903c4c4 sp=0x00000070642fc250
Event: 1.061 Thread 0x00000170fe184f40 DEOPT UNPACKING pc=0x00000170a8ac9d22 sp=0x00000070642fc1e8 mode 2
Event: 1.129 Thread 0x00000170fe184f40 Uncommon trap: trap_request=0xffffff45 fr.pc=0x00000170a90787ec relative=0x00000000000003ec
Event: 1.129 Thread 0x00000170fe184f40 Uncommon trap: reason=unstable_if action=reinterpret pc=0x00000170a90787ec method=java.util.HashMap.putVal(ILjava/lang/Object;Ljava/lang/Object;ZZ)Ljava/lang/Object; @ 162 c2
Event: 1.129 Thread 0x00000170fe184f40 DEOPT PACKING pc=0x00000170a90787ec sp=0x00000070642fb320
Event: 1.129 Thread 0x00000170fe184f40 DEOPT UNPACKING pc=0x00000170a8ac9d22 sp=0x00000070642fb2c0 mode 2

Classes loaded (20 events):
Event: 1.168 Loading class sun/security/ssl/RSAKeyExchange$EphemeralRSAPossessionGenerator done
Event: 1.168 Loading class sun/security/ssl/RSAKeyExchange$RSAKAGenerator
Event: 1.168 Loading class sun/security/ssl/RSAKeyExchange$RSAKAGenerator done
Event: 1.168 Loading class sun/security/ssl/DHKeyExchange
Event: 1.168 Loading class sun/security/ssl/DHKeyExchange done
Event: 1.168 Loading class sun/security/ssl/DHKeyExchange$DHEPossessionGenerator
Event: 1.168 Loading class sun/security/ssl/DHKeyExchange$DHEPossessionGenerator done
Event: 1.168 Loading class sun/security/ssl/DHKeyExchange$DHEKAGenerator
Event: 1.168 Loading class sun/security/ssl/DHKeyExchange$DHEKAGenerator done
Event: 1.168 Loading class sun/security/ssl/ECDHKeyExchange
Event: 1.169 Loading class sun/security/ssl/ECDHKeyExchange done
Event: 1.169 Loading class sun/security/ssl/ECDHKeyExchange$ECDHEPossessionGenerator
Event: 1.169 Loading class sun/security/ssl/ECDHKeyExchange$ECDHEPossessionGenerator done
Event: 1.169 Loading class sun/security/ssl/ECDHKeyExchange$ECDHKAGenerator
Event: 1.169 Loading class sun/security/ssl/ECDHKeyExchange$ECDHKAGenerator done
Event: 1.169 Loading class sun/security/ssl/ECDHKeyExchange$ECDHEKAGenerator
Event: 1.169 Loading class sun/security/ssl/ECDHKeyExchange$ECDHEKAGenerator done
Event: 1.169 Loading class sun/security/ssl/ECDHKeyExchange$ECDHEXDHKAGenerator
Event: 1.169 Loading class sun/security/ssl/ECDHKeyExchange$ECDHEXDHKAGenerator done
Event: 1.169 Loading class sun/security/ssl/XDHKeyExchange$XDHEPossession

Classes unloaded (0 events):
No events

Classes redefined (0 events):
No events

Internal exceptions (20 events):
Event: 0.646 Thread 0x0000017097c72280 Exception <a 'java/lang/NoSuchMethodError'{0x000000074f19ff70}: 'java.lang.Object java.lang.invoke.DirectMethodHandle$Holder.newInvokeSpecial(java.lang.Object, java.lang.Object, int, java.lang.Object)'> (0x000000074f19ff70) 
thrown [s\open\src\hotspot\share\interpreter\linkResolver.cpp, line 773]
Event: 0.646 Thread 0x0000017097c72280 Exception <a 'java/lang/NoSuchMethodError'{0x000000074f1a40c8}: 'java.lang.Object java.lang.invoke.DirectMethodHandle$Holder.invokeSpecial(java.lang.Object, java.lang.Object, java.lang.Object, int, java.lang.Object)'> (0x000000074f1a40c8) 
thrown [s\open\src\hotspot\share\interpreter\linkResolver.cpp, line 773]
Event: 0.703 Thread 0x00000170fe184f40 Exception <a 'java/lang/NoSuchMethodError'{0x000000074effce40}: 'void java.lang.invoke.DirectMethodHandle$Holder.invokeStaticInit(java.lang.Object)'> (0x000000074effce40) 
thrown [s\open\src\hotspot\share\interpreter\linkResolver.cpp, line 773]
Event: 0.706 Thread 0x0000017097c72280 Exception <a 'java/lang/NoSuchMethodError'{0x000000074f1b82c0}: 'java.lang.Object java.lang.invoke.DirectMethodHandle$Holder.newInvokeSpecial(java.lang.Object, java.lang.Object, java.lang.Object, java.lang.Object, java.lang.Object, java.lang.Object)'> (0x000000074f1b82c0) 
thrown [s\open\src\hotspot\share\interpreter\linkResolver.cpp, line 773]
Event: 0.734 Thread 0x0000017097c72280 Exception <a 'java/lang/NoSuchMethodError'{0x000000074ea5e7a0}: 'java.lang.Object java.lang.invoke.DirectMethodHandle$Holder.newInvokeSpecial(java.lang.Object, java.lang.Object, java.lang.Object, java.lang.Object, java.lang.Object)'> (0x000000074ea5e7a0) 
thrown [s\open\src\hotspot\share\interpreter\linkResolver.cpp, line 773]
Event: 0.765 Thread 0x00000170fe184f40 Exception <a 'sun/nio/fs/WindowsException'{0x000000074fe780a8}> (0x000000074fe780a8) 
thrown [s\open\src\hotspot\share\prims\jni.cpp, line 519]
Event: 0.798 Thread 0x00000170fe184f40 Exception <a 'java/lang/NoSuchMethodError'{0x000000074ff8b0a8}: 'java.lang.Object java.lang.invoke.DirectMethodHandle$Holder.invokeInterface(java.lang.Object, java.lang.Object)'> (0x000000074ff8b0a8) 
thrown [s\open\src\hotspot\share\interpreter\linkResolver.cpp, line 773]
Event: 0.800 Thread 0x00000170fe184f40 Exception <a 'sun/nio/fs/WindowsException'{0x000000074ff94d00}> (0x000000074ff94d00) 
thrown [s\open\src\hotspot\share\prims\jni.cpp, line 519]
Event: 0.801 Thread 0x00000170fe184f40 Exception <a 'sun/nio/fs/WindowsException'{0x000000074ff991b8}> (0x000000074ff991b8) 
thrown [s\open\src\hotspot\share\prims\jni.cpp, line 519]
Event: 0.814 Thread 0x00000170fe184f40 Exception <a 'sun/nio/fs/WindowsException'{0x000000074fff4850}> (0x000000074fff4850) 
thrown [s\open\src\hotspot\share\prims\jni.cpp, line 519]
Event: 0.815 Thread 0x00000170fe184f40 Exception <a 'sun/nio/fs/WindowsException'{0x000000074fff5e18}> (0x000000074fff5e18) 
thrown [s\open\src\hotspot\share\prims\jni.cpp, line 519]
Event: 0.820 Thread 0x00000170fe184f40 Exception <a 'java/lang/NoSuchMethodError'{0x000000074fc0a240}: 'java.lang.Object java.lang.invoke.DirectMethodHandle$Holder.invokeVirtual(java.lang.Object, java.lang.Object, java.lang.Object)'> (0x000000074fc0a240) 
thrown [s\open\src\hotspot\share\interpreter\linkResolver.cpp, line 773]
Event: 0.876 Thread 0x00000170fe184f40 Exception <a 'sun/nio/fs/WindowsException'{0x000000074fafdd90}> (0x000000074fafdd90) 
thrown [s\open\src\hotspot\share\prims\jni.cpp, line 519]
Event: 0.959 Thread 0x00000170fe184f40 Exception <a 'sun/nio/fs/WindowsException'{0x000000074f9a8898}> (0x000000074f9a8898) 
thrown [s\open\src\hotspot\share\prims\jni.cpp, line 519]
Event: 0.960 Thread 0x00000170fe184f40 Exception <a 'java/lang/NoSuchMethodError'{0x000000074f9afd08}: 'void java.lang.invoke.DirectMethodHandle$Holder.invokeStaticInit(java.lang.Object, java.lang.Object)'> (0x000000074f9afd08) 
thrown [s\open\src\hotspot\share\interpreter\linkResolver.cpp, line 773]
Event: 1.010 Thread 0x00000170fe184f40 Exception <a 'sun/nio/fs/WindowsException'{0x000000074f6c1ac0}> (0x000000074f6c1ac0) 
thrown [s\open\src\hotspot\share\prims\jni.cpp, line 519]
Event: 1.017 Thread 0x00000170fe184f40 Exception <a 'sun/nio/fs/WindowsException'{0x000000074f6d6908}> (0x000000074f6d6908) 
thrown [s\open\src\hotspot\share\prims\jni.cpp, line 519]
Event: 1.058 Thread 0x00000170fe184f40 Exception <a 'java/lang/NoSuchMethodError'{0x000000074f42ba48}: 'java.lang.Object java.lang.invoke.DirectMethodHandle$Holder.invokeStaticInit(java.lang.Object, int, int, int, int)'> (0x000000074f42ba48) 
thrown [s\open\src\hotspot\share\interpreter\linkResolver.cpp, line 773]
Event: 1.104 Thread 0x00000170fe184f40 Exception <a 'java/lang/NoSuchMethodError'{0x000000074f483a08}: 'java.lang.Object java.lang.invoke.DirectMethodHandle$Holder.invokeStaticInit(java.lang.Object, java.lang.Object, int, int, int, int)'> (0x000000074f483a08) 
thrown [s\open\src\hotspot\share\interpreter\linkResolver.cpp, line 773]
Event: 1.148 Thread 0x00000170fe184f40 Exception <a 'java/lang/NoSuchMethodError'{0x000000074f4f1568}: 'int java.lang.invoke.DirectMethodHandle$Holder.invokeSpecial(java.lang.Object, java.lang.Object, java.lang.Object)'> (0x000000074f4f1568) 
thrown [s\open\src\hotspot\share\interpreter\linkResolver.cpp, line 773]

VM Operations (20 events):
Event: 0.187 Executing VM operation: HandshakeAllThreads
Event: 0.187 Executing VM operation: HandshakeAllThreads done
Event: 0.632 Executing VM operation: HandshakeAllThreads
Event: 0.632 Executing VM operation: HandshakeAllThreads done
Event: 0.757 Executing VM operation: G1CollectForAllocation
Event: 0.761 Executing VM operation: G1CollectForAllocation done
Event: 0.769 Executing VM operation: HandshakeAllThreads
Event: 0.769 Executing VM operation: HandshakeAllThreads done
Event: 0.776 Executing VM operation: HandshakeAllThreads
Event: 0.776 Executing VM operation: HandshakeAllThreads done
Event: 0.779 Executing VM operation: HandshakeAllThreads
Event: 0.779 Executing VM operation: HandshakeAllThreads done
Event: 0.799 Executing VM operation: HandshakeAllThreads
Event: 0.799 Executing VM operation: HandshakeAllThreads done
Event: 0.815 Executing VM operation: HandshakeAllThreads
Event: 0.815 Executing VM operation: HandshakeAllThreads done
Event: 1.018 Executing VM operation: HandshakeAllThreads
Event: 1.018 Executing VM operation: HandshakeAllThreads done
Event: 1.040 Executing VM operation: HandshakeAllThreads
Event: 1.040 Executing VM operation: HandshakeAllThreads done

Events (20 events):
Event: 0.047 Thread 0x00000170b7f08380 Thread added: 0x00000170b7f08380
Event: 0.047 Thread 0x00000170b7f0a130 Thread added: 0x00000170b7f0a130
Event: 0.048 Thread 0x00000170b7f0d050 Thread added: 0x00000170b7f0d050
Event: 0.048 Thread 0x00000170b7f0fe70 Thread added: 0x00000170b7f0fe70
Event: 0.048 Thread 0x00000170b7f18af0 Thread added: 0x00000170b7f18af0
Event: 0.048 Thread 0x00000170b7f1caa0 Thread added: 0x00000170b7f1caa0
Event: 0.065 Thread 0x00000170b7eccfa0 Thread added: 0x00000170b7eccfa0
Event: 0.102 Thread 0x00000170fd2a4990 Thread added: 0x00000170fd2a4990
Event: 0.103 Thread 0x00000170fd243b10 Thread added: 0x00000170fd243b10
Event: 0.185 Thread 0x00000170fd5d2890 Thread added: 0x00000170fd5d2890
Event: 0.185 Thread 0x00000170fd3f7170 Thread added: 0x00000170fd3f7170
Event: 0.532 Thread 0x00000170fd7e8670 Thread added: 0x00000170fd7e8670
Event: 0.632 Thread 0x00000170fd243b10 Thread exited: 0x00000170fd243b10
Event: 0.645 Thread 0x00000170fe183f50 Thread added: 0x00000170fe183f50
Event: 0.647 Thread 0x00000170fe184f40 Thread added: 0x00000170fe184f40
Event: 0.654 Thread 0x00000170fd2a4990 Thread exited: 0x00000170fd2a4990
Event: 0.723 Thread 0x00000170fe185490 Thread added: 0x00000170fe185490
Event: 0.734 Thread 0x00000170fe186f20 Thread added: 0x00000170fe186f20
Event: 0.776 Thread 0x00000170fe1859e0 Thread added: 0x00000170fe1859e0
Event: 0.827 Thread 0x00000170fe5d2e70 Thread added: 0x00000170fe5d2e70


Dynamic libraries:
0x00007ff72f500000 - 0x00007ff72f510000 	C:\Program Files\Java\jdk-20\bin\java.exe
0x00007ff9e6e30000 - 0x00007ff9e7047000 	C:\WINDOWS\SYSTEM32\ntdll.dll
0x00007ff9e6060000 - 0x00007ff9e6124000 	C:\WINDOWS\System32\KERNEL32.DLL
0x00007ff9e4550000 - 0x00007ff9e48f6000 	C:\WINDOWS\System32\KERNELBASE.dll
0x00007ff9e4430000 - 0x00007ff9e4541000 	C:\WINDOWS\System32\ucrtbase.dll
0x00007ff9e0300000 - 0x00007ff9e031b000 	C:\Program Files\Java\jdk-20\bin\VCRUNTIME140.dll
0x00007ff9e0320000 - 0x00007ff9e0339000 	C:\Program Files\Java\jdk-20\bin\jli.dll
0x00007ff9e5610000 - 0x00007ff9e56c3000 	C:\WINDOWS\System32\ADVAPI32.dll
0x00007ff9e56e0000 - 0x00007ff9e5787000 	C:\WINDOWS\System32\msvcrt.dll
0x00007ff9e6d40000 - 0x00007ff9e6de8000 	C:\WINDOWS\System32\sechost.dll
0x00007ff9e43d0000 - 0x00007ff9e43f8000 	C:\WINDOWS\System32\bcrypt.dll
0x00007ff9e62e0000 - 0x00007ff9e63f7000 	C:\WINDOWS\System32\RPCRT4.dll
0x00007ff9e4ce0000 - 0x00007ff9e4e8e000 	C:\WINDOWS\System32\USER32.dll
0x00007ff9e4400000 - 0x00007ff9e4426000 	C:\WINDOWS\System32\win32u.dll
0x00007ff9e5580000 - 0x00007ff9e55a9000 	C:\WINDOWS\System32\GDI32.dll
0x00007ff9c4a60000 - 0x00007ff9c4cf3000 	C:\WINDOWS\WinSxS\amd64_microsoft.windows.common-controls_6595b64144ccf1df_6.0.22621.2506_none_270c5ae97388e100\COMCTL32.dll
0x00007ff9e4900000 - 0x00007ff9e4a18000 	C:\WINDOWS\System32\gdi32full.dll
0x00007ff9e4a20000 - 0x00007ff9e4aba000 	C:\WINDOWS\System32\msvcp_win.dll
0x00007ff9d8110000 - 0x00007ff9d811a000 	C:\WINDOWS\SYSTEM32\VERSION.dll
0x00007ff9e54e0000 - 0x00007ff9e5511000 	C:\WINDOWS\System32\IMM32.DLL
0x00007ff9e0850000 - 0x00007ff9e085c000 	C:\Program Files\Java\jdk-20\bin\vcruntime140_1.dll
0x00007ff9be640000 - 0x00007ff9be6ce000 	C:\Program Files\Java\jdk-20\bin\msvcp140.dll
0x00007ff977760000 - 0x00007ff9783f8000 	C:\Program Files\Java\jdk-20\bin\server\jvm.dll
0x00007ff9e0cf0000 - 0x00007ff9e0d24000 	C:\WINDOWS\SYSTEM32\WINMM.dll
0x00007ff9d7ed0000 - 0x00007ff9d7ed9000 	C:\WINDOWS\SYSTEM32\WSOCK32.dll
0x00007ff9e5e60000 - 0x00007ff9e5ed1000 	C:\WINDOWS\System32\WS2_32.dll
0x00007ff9e3200000 - 0x00007ff9e3218000 	C:\WINDOWS\SYSTEM32\kernel.appcore.dll
0x00007ff9e06a0000 - 0x00007ff9e06aa000 	C:\Program Files\Java\jdk-20\bin\jimage.dll
0x00007ff9e1990000 - 0x00007ff9e1bc3000 	C:\WINDOWS\SYSTEM32\DBGHELP.DLL
0x00007ff9e5150000 - 0x00007ff9e54d9000 	C:\WINDOWS\System32\combase.dll
0x00007ff9e4e90000 - 0x00007ff9e4f67000 	C:\WINDOWS\System32\OLEAUT32.dll
0x00007ff9e0cb0000 - 0x00007ff9e0ce2000 	C:\WINDOWS\SYSTEM32\dbgcore.DLL
0x00007ff9e4350000 - 0x00007ff9e43ca000 	C:\WINDOWS\System32\bcryptPrimitives.dll
0x00007ff9e02f0000 - 0x00007ff9e02fe000 	C:\Program Files\Java\jdk-20\bin\instrument.dll
0x00007ff9dd370000 - 0x00007ff9dd396000 	C:\Program Files\Java\jdk-20\bin\java.dll
0x00007ff9a0f20000 - 0x00007ff9a0ff7000 	C:\Program Files\Java\jdk-20\bin\jsvml.dll
0x00007ff9e64e0000 - 0x00007ff9e6d3b000 	C:\WINDOWS\System32\SHELL32.dll
0x00007ff9e2090000 - 0x00007ff9e2986000 	C:\WINDOWS\SYSTEM32\windows.storage.dll
0x00007ff9e1f50000 - 0x00007ff9e208e000 	C:\WINDOWS\SYSTEM32\wintypes.dll
0x00007ff9e5f60000 - 0x00007ff9e6053000 	C:\WINDOWS\System32\SHCORE.dll
0x00007ff9e5520000 - 0x00007ff9e557e000 	C:\WINDOWS\System32\shlwapi.dll
0x00007ff9e40a0000 - 0x00007ff9e40c6000 	C:\WINDOWS\SYSTEM32\profapi.dll
0x00007ff9e02d0000 - 0x00007ff9e02e3000 	C:\Program Files\Java\jdk-20\bin\net.dll
0x00007ff9de1b0000 - 0x00007ff9de2e7000 	C:\WINDOWS\SYSTEM32\WINHTTP.dll
0x00007ff9e36d0000 - 0x00007ff9e3739000 	C:\WINDOWS\system32\mswsock.dll
0x00007ff9e0100000 - 0x00007ff9e0116000 	C:\Program Files\Java\jdk-20\bin\nio.dll
0x00007ff9dd350000 - 0x00007ff9dd368000 	C:\Program Files\Java\jdk-20\bin\zip.dll
0x00007ff9dd230000 - 0x00007ff9dd24a000 	C:\Program Files\JetBrains\IntelliJ IDEA Community Edition 2023.2.2\bin\breakgen64.dll
0x00000170b7fb0000 - 0x00000170b7fb3000 	C:\Users\16473\.openjfx\cache\20.0.1+2\amd64\api-ms-win-core-console-l1-1-0.dll
0x00000170b7fc0000 - 0x00000170b7fc3000 	C:\Users\16473\.openjfx\cache\20.0.1+2\amd64\api-ms-win-core-console-l1-2-0.dll
0x00000170b7fd0000 - 0x00000170b7fd3000 	C:\Users\16473\.openjfx\cache\20.0.1+2\amd64\api-ms-win-core-datetime-l1-1-0.dll
0x00000170b7fe0000 - 0x00000170b7fe3000 	C:\Users\16473\.openjfx\cache\20.0.1+2\amd64\api-ms-win-core-debug-l1-1-0.dll
0x00000170b7ff0000 - 0x00000170b7ff3000 	C:\Users\16473\.openjfx\cache\20.0.1+2\amd64\api-ms-win-core-errorhandling-l1-1-0.dll
0x00000170fdd00000 - 0x00000170fdd04000 	C:\Users\16473\.openjfx\cache\20.0.1+2\amd64\api-ms-win-core-file-l1-1-0.dll
0x00000170fdd10000 - 0x00000170fdd13000 	C:\Users\16473\.openjfx\cache\20.0.1+2\amd64\api-ms-win-core-file-l1-2-0.dll
0x00000170fdd20000 - 0x00000170fdd23000 	C:\Users\16473\.openjfx\cache\20.0.1+2\amd64\api-ms-win-core-file-l2-1-0.dll
0x00000170fdd30000 - 0x00000170fdd33000 	C:\Users\16473\.openjfx\cache\20.0.1+2\amd64\api-ms-win-core-handle-l1-1-0.dll
0x00000170fdd40000 - 0x00000170fdd43000 	C:\Users\16473\.openjfx\cache\20.0.1+2\amd64\api-ms-win-core-heap-l1-1-0.dll
0x00000170fdd50000 - 0x00000170fdd53000 	C:\Users\16473\.openjfx\cache\20.0.1+2\amd64\api-ms-win-core-interlocked-l1-1-0.dll
0x00000170fdd60000 - 0x00000170fdd63000 	C:\Users\16473\.openjfx\cache\20.0.1+2\amd64\api-ms-win-core-libraryloader-l1-1-0.dll
0x00000170fdd70000 - 0x00000170fdd73000 	C:\Users\16473\.openjfx\cache\20.0.1+2\amd64\api-ms-win-core-localization-l1-2-0.dll
0x00000170fdd80000 - 0x00000170fdd83000 	C:\Users\16473\.openjfx\cache\20.0.1+2\amd64\api-ms-win-core-memory-l1-1-0.dll
0x00000170fdd90000 - 0x00000170fdd93000 	C:\Users\16473\.openjfx\cache\20.0.1+2\amd64\api-ms-win-core-namedpipe-l1-1-0.dll
0x00000170fdda0000 - 0x00000170fdda3000 	C:\Users\16473\.openjfx\cache\20.0.1+2\amd64\api-ms-win-core-processenvironment-l1-1-0.dll
0x00000170fddb0000 - 0x00000170fddb3000 	C:\Users\16473\.openjfx\cache\20.0.1+2\amd64\api-ms-win-core-processthreads-l1-1-0.dll
0x00000170fddc0000 - 0x00000170fddc3000 	C:\Users\16473\.openjfx\cache\20.0.1+2\amd64\api-ms-win-core-processthreads-l1-1-1.dll
0x00000170fddd0000 - 0x00000170fddd3000 	C:\Users\16473\.openjfx\cache\20.0.1+2\amd64\api-ms-win-core-profile-l1-1-0.dll
0x00000170fdde0000 - 0x00000170fdde3000 	C:\Users\16473\.openjfx\cache\20.0.1+2\amd64\api-ms-win-core-rtlsupport-l1-1-0.dll
0x00000170fddf0000 - 0x00000170fddf3000 	C:\Users\16473\.openjfx\cache\20.0.1+2\amd64\api-ms-win-core-string-l1-1-0.dll
0x00000170fde00000 - 0x00000170fde03000 	C:\Users\16473\.openjfx\cache\20.0.1+2\amd64\api-ms-win-core-synch-l1-1-0.dll
0x00000170fde10000 - 0x00000170fde13000 	C:\Users\16473\.openjfx\cache\20.0.1+2\amd64\api-ms-win-core-synch-l1-2-0.dll
0x00000170fde20000 - 0x00000170fde23000 	C:\Users\16473\.openjfx\cache\20.0.1+2\amd64\api-ms-win-core-sysinfo-l1-1-0.dll
0x00000170fde30000 - 0x00000170fde33000 	C:\Users\16473\.openjfx\cache\20.0.1+2\amd64\api-ms-win-core-timezone-l1-1-0.dll
0x00000170fde40000 - 0x00000170fde43000 	C:\Users\16473\.openjfx\cache\20.0.1+2\amd64\api-ms-win-core-util-l1-1-0.dll
0x00000170fde50000 - 0x00000170fde53000 	C:\Users\16473\.openjfx\cache\20.0.1+2\amd64\api-ms-win-crt-conio-l1-1-0.dll
0x00000170fde60000 - 0x00000170fde64000 	C:\Users\16473\.openjfx\cache\20.0.1+2\amd64\api-ms-win-crt-convert-l1-1-0.dll
0x00000170fde70000 - 0x00000170fde73000 	C:\Users\16473\.openjfx\cache\20.0.1+2\amd64\api-ms-win-crt-environment-l1-1-0.dll
0x00000170fde80000 - 0x00000170fde83000 	C:\Users\16473\.openjfx\cache\20.0.1+2\amd64\api-ms-win-crt-filesystem-l1-1-0.dll
0x00000170fde90000 - 0x00000170fde93000 	C:\Users\16473\.openjfx\cache\20.0.1+2\amd64\api-ms-win-crt-heap-l1-1-0.dll
0x00000170fdea0000 - 0x00000170fdea3000 	C:\Users\16473\.openjfx\cache\20.0.1+2\amd64\api-ms-win-crt-locale-l1-1-0.dll
0x00000170fdeb0000 - 0x00000170fdeb5000 	C:\Users\16473\.openjfx\cache\20.0.1+2\amd64\api-ms-win-crt-math-l1-1-0.dll
0x00000170fdec0000 - 0x00000170fdec5000 	C:\Users\16473\.openjfx\cache\20.0.1+2\amd64\api-ms-win-crt-multibyte-l1-1-0.dll
0x00000170fded0000 - 0x00000170fdee0000 	C:\Users\16473\.openjfx\cache\20.0.1+2\amd64\api-ms-win-crt-private-l1-1-0.dll
0x00000170fdee0000 - 0x00000170fdee3000 	C:\Users\16473\.openjfx\cache\20.0.1+2\amd64\api-ms-win-crt-process-l1-1-0.dll
0x00000170fdef0000 - 0x00000170fdef4000 	C:\Users\16473\.openjfx\cache\20.0.1+2\amd64\api-ms-win-crt-runtime-l1-1-0.dll
0x00000170fdf00000 - 0x00000170fdf04000 	C:\Users\16473\.openjfx\cache\20.0.1+2\amd64\api-ms-win-crt-stdio-l1-1-0.dll
0x00000170fdf10000 - 0x00000170fdf14000 	C:\Users\16473\.openjfx\cache\20.0.1+2\amd64\api-ms-win-crt-string-l1-1-0.dll
0x00000170fdf20000 - 0x00000170fdf23000 	C:\Users\16473\.openjfx\cache\20.0.1+2\amd64\api-ms-win-crt-time-l1-1-0.dll
0x00000170fdf30000 - 0x00000170fdf33000 	C:\Users\16473\.openjfx\cache\20.0.1+2\amd64\api-ms-win-crt-utility-l1-1-0.dll
0x00007ff99f9c0000 - 0x00007ff99fabc000 	C:\Users\16473\.openjfx\cache\20.0.1+2\amd64\ucrtbase.dll
0x00007ff9dc0c0000 - 0x00007ff9dc0db000 	C:\Users\16473\.openjfx\cache\20.0.1+2\amd64\vcruntime140.dll
0x00007ff9dd340000 - 0x00007ff9dd34c000 	C:\Users\16473\.openjfx\cache\20.0.1+2\amd64\vcruntime140_1.dll
0x00007ff9a6720000 - 0x00007ff9a67ae000 	C:\Users\16473\.openjfx\cache\20.0.1+2\amd64\msvcp140.dll
0x00007ff9dbf00000 - 0x00007ff9dbf09000 	C:\Users\16473\.openjfx\cache\20.0.1+2\amd64\msvcp140_1.dll
0x00007ff9c2f70000 - 0x00007ff9c2fa0000 	C:\Users\16473\.openjfx\cache\20.0.1+2\amd64\msvcp140_2.dll
0x00007ff9bd480000 - 0x00007ff9bd4af000 	C:\Users\16473\.openjfx\cache\20.0.1+2\amd64\prism_d3d.dll
0x00007ff9bec10000 - 0x00007ff9bedb9000 	C:\WINDOWS\system32\d3d9.dll
0x00007ff9e0c80000 - 0x00007ff9e0cab000 	C:\WINDOWS\SYSTEM32\dwmapi.dll
0x00007ff9e1400000 - 0x00007ff9e1439000 	C:\WINDOWS\SYSTEM32\dxcore.dll
0x00007ff9e0a00000 - 0x00007ff9e0aab000 	C:\WINDOWS\system32\uxtheme.dll
0x00007ff9beb60000 - 0x00007ff9bec10000 	C:\WINDOWS\SYSTEM32\d3d9on12.dll
0x00007ff9dbf70000 - 0x00007ff9dbf99000 	C:\WINDOWS\SYSTEM32\d3d12.dll
0x00007ff9e0b70000 - 0x00007ff9e0c68000 	C:\WINDOWS\SYSTEM32\dxgi.dll
0x00007ff9e3e60000 - 0x00007ff9e3eae000 	C:\WINDOWS\SYSTEM32\cfgmgr32.dll
0x00007ff964650000 - 0x00007ff964853000 	C:\WINDOWS\SYSTEM32\D3D12Core.dll
0x00007ff969990000 - 0x00007ff969a97000 	C:\WINDOWS\System32\DriverStore\FileRepository\iigd_dch.inf_amd64_83257a102e1a6c76\igd12umd64.dll
0x00007ff963010000 - 0x00007ff963f15000 	C:\WINDOWS\System32\DriverStore\FileRepository\iigd_dch.inf_amd64_83257a102e1a6c76\igd12um64xel.dll
0x00007ff9e41e0000 - 0x00007ff9e4346000 	C:\WINDOWS\System32\CRYPT32.dll
0x00007ff9e6130000 - 0x00007ff9e62d0000 	C:\WINDOWS\System32\ole32.dll
0x00007ff9b7240000 - 0x00007ff9b7284000 	C:\WINDOWS\SYSTEM32\ControlLib.dll
0x00007ff9e57a0000 - 0x00007ff9e5c14000 	C:\WINDOWS\System32\SETUPAPI.dll
0x00007ff9e3e30000 - 0x00007ff9e3e5c000 	C:\WINDOWS\SYSTEM32\DEVOBJ.dll
0x00007ff9d81c0000 - 0x00007ff9d824b000 	C:\WINDOWS\System32\DriverStore\FileRepository\iigd_dch.inf_amd64_83257a102e1a6c76\IntelControlLib.dll
0x00007ff9e4170000 - 0x00007ff9e41db000 	C:\WINDOWS\System32\WINTRUST.dll
0x00007ff9e3e10000 - 0x00007ff9e3e22000 	C:\WINDOWS\SYSTEM32\MSASN1.dll
0x00007ff9dd5f0000 - 0x00007ff9dd63a000 	C:\WINDOWS\SYSTEM32\directxdatabasehelper.dll
0x00007ff9d7800000 - 0x00007ff9d7c38000 	C:\WINDOWS\System32\DriverStore\FileRepository\iigd_dch.inf_amd64_83257a102e1a6c76\igdgmm64.dll
0x00007ff9d38e0000 - 0x00007ff9d778d000 	C:\WINDOWS\System32\DriverStore\FileRepository\iigd_dch.inf_amd64_83257a102e1a6c76\igc64.dll
0x00007ff9cde90000 - 0x00007ff9cdebf000 	C:\WINDOWS\SYSTEM32\D3DSCache.dll
0x00007ff9e3770000 - 0x00007ff9e379c000 	C:\WINDOWS\SYSTEM32\USERENV.dll
0x00007ff964350000 - 0x00007ff96464c000 	C:\WINDOWS\System32\DriverStore\FileRepository\iigd_dch.inf_amd64_83257a102e1a6c76\igd12dxva64.dll
0x00007ff97f360000 - 0x00007ff980543000 	C:\WINDOWS\System32\DriverStore\FileRepository\iigd_dch.inf_amd64_83257a102e1a6c76\igddxvacommon64.dll
0x00007ff97d630000 - 0x00007ff97f351000 	C:\WINDOWS\System32\DriverStore\FileRepository\iigd_dch.inf_amd64_83257a102e1a6c76\media_bin_64.dll
0x00007ff9810d0000 - 0x00007ff9810f7000 	C:\WINDOWS\System32\DriverStore\FileRepository\iigd_dch.inf_amd64_83257a102e1a6c76\igdinfo64.dll
0x00007ff9e39c0000 - 0x00007ff9e39db000 	C:\WINDOWS\SYSTEM32\CRYPTSP.dll
0x00007ff9e31c0000 - 0x00007ff9e31f5000 	C:\WINDOWS\system32\rsaenh.dll
0x00007ff9e38d0000 - 0x00007ff9e38dc000 	C:\WINDOWS\SYSTEM32\CRYPTBASE.dll
0x00007ff9b9d20000 - 0x00007ff9b9d62000 	C:\Users\16473\.openjfx\cache\20.0.1+2\amd64\glass.dll

dbghelp: loaded successfully - version: 4.0.5 - missing functions: none
symbol engine: initialized successfully - sym options: 0x614 - pdb path: .;C:\Program Files\Java\jdk-20\bin;C:\WINDOWS\SYSTEM32;C:\WINDOWS\WinSxS\amd64_microsoft.windows.common-controls_6595b64144ccf1df_6.0.22621.2506_none_270c5ae97388e100;C:\Program Files\Java\jdk-20\bin\server;C:\Program Files\JetBrains\IntelliJ IDEA Community Edition 2023.2.2\bin;C:\Users\16473\.openjfx\cache\20.0.1+2\amd64;C:\WINDOWS\System32\DriverStore\FileRepository\iigd_dch.inf_amd64_83257a102e1a6c76

VM Arguments:
jvm_args: -javaagent:C:\Program Files\JetBrains\IntelliJ IDEA Community Edition 2023.2.2\lib\idea_rt.jar=51254:C:\Program Files\JetBrains\IntelliJ IDEA Community Edition 2023.2.2\bin -Dfile.encoding=UTF-8 -Dsun.stdout.encoding=UTF-8 -Dsun.stderr.encoding=UTF-8 --module-path=C:\Users\16473\.m2\repository\org\openjfx\javafx-graphics\20.0.1\javafx-graphics-20.0.1-win.jar;C:\Users\16473\.m2\repository\org\openjfx\javafx-fxml\20.0.1\javafx-fxml-20.0.1-win.jar;C:\Users\16473\.m2\repository\org\openjfx\javafx-base\20.0.1\javafx-base-20.0.1-win.jar;C:\Users\16473\Desktop\GraphicalUserInterface\target\classes;C:\Users\16473\.m2\repository\org\openjfx\javafx-controls\20.0.1\javafx-controls-20.0.1-win.jar -Djdk.module.main=com.example.graphicaluserinterface 
java_command: com.example.graphicaluserinterface/com.example.graphicaluserinterface.MySQLChartApp
java_class_path (initial): C:\Users\16473\.m2\repository\org\openjfx\javafx-controls\20.0.1\javafx-controls-20.0.1.jar;C:\Users\16473\.m2\repository\org\openjfx\javafx-graphics\20.0.1\javafx-graphics-20.0.1.jar;C:\Users\16473\.m2\repository\org\openjfx\javafx-base\20.0.1\javafx-base-20.0.1.jar;C:\Users\16473\.m2\repository\org\openjfx\javafx-fxml\20.0.1\javafx-fxml-20.0.1.jar;C:\Users\16473\Desktop\mysql-connector-j-8.3.0\mysql-connector-j-8.3.0.jar
Launcher Type: SUN_STANDARD

[Global flags]
     intx CICompilerCount                          = 4                                         {product} {ergonomic}
     uint ConcGCThreads                            = 3                                         {product} {ergonomic}
     uint G1ConcRefinementThreads                  = 10                                        {product} {ergonomic}
   size_t G1HeapRegionSize                         = 2097152                                   {product} {ergonomic}
    uintx GCDrainStackTargetSize                   = 64                                        {product} {ergonomic}
   size_t InitialHeapSize                          = 197132288                                 {product} {ergonomic}
   size_t MarkStackSize                            = 4194304                                   {product} {ergonomic}
   size_t MaxHeapSize                              = 3149922304                                {product} {ergonomic}
   size_t MaxNewSize                               = 1889533952                                {product} {ergonomic}
   size_t MinHeapDeltaBytes                        = 2097152                                   {product} {ergonomic}
   size_t MinHeapSize                              = 8388608                                   {product} {ergonomic}
    uintx NonNMethodCodeHeapSize                   = 5839372                                {pd product} {ergonomic}
    uintx NonProfiledCodeHeapSize                  = 122909434                              {pd product} {ergonomic}
    uintx ProfiledCodeHeapSize                     = 122909434                              {pd product} {ergonomic}
    uintx ReservedCodeCacheSize                    = 251658240                              {pd product} {ergonomic}
     bool SegmentedCodeCache                       = true                                      {product} {ergonomic}
   size_t SoftMaxHeapSize                          = 3149922304                             {manageable} {ergonomic}
     bool UseCompressedClassPointers               = true                           {product lp64_product} {ergonomic}
     bool UseCompressedOops                        = true                           {product lp64_product} {ergonomic}
     bool UseG1GC                                  = true                                      {product} {ergonomic}
     bool UseLargePagesIndividualAllocation        = false                                  {pd product} {ergonomic}

Logging:
Log output configuration:
 #0: stdout all=warning uptime,level,tags foldmultilines=false
 #1: stderr all=off uptime,level,tags foldmultilines=false

Environment Variables:
PATH=C:\Program Files\Common Files\Oracle\Java\javapath;C:\WINDOWS\system32;C:\WINDOWS;C:\WINDOWS\System32\Wbem;C:\WINDOWS\System32\WindowsPowerShell\v1.0\;C:\WINDOWS\System32\OpenSSH\;C:\Program Files\Microsoft SQL Server\150\Tools\Binn\;C:\Program Files\Microsoft SQL Server\Client SDK\ODBC\170\Tools\Binn\;C:\Program Files\dotnet\;C:\Program Files\Git\cmd;C:\Users\16473\AppData\Local\Microsoft\WindowsApps;C:\Users\16473\AppData\Local\Programs\Microsoft VS Code\bin;C:\Users\16473\AppData\Local\GitHubDesktop\bin;C:\Users\16473\.dotnet\tools
USERNAME=16473
OS=Windows_NT
PROCESSOR_IDENTIFIER=Intel64 Family 6 Model 154 Stepping 4, GenuineIntel
TMP=C:\Users\16473\AppData\Local\Temp
TEMP=C:\Users\16473\AppData\Local\Temp




---------------  S Y S T E M  ---------------

OS:
 Windows 11 , 64 bit Build 22621 (10.0.22621.3085)
OS uptime: 7 days 18:50 hours
Hyper-V role detected

CPU: total 12 (initial active 12) (6 cores per cpu, 2 threads per core) family 6 model 154 stepping 4 microcode 0x416, cx8, cmov, fxsr, ht, mmx, 3dnowpref, sse, sse2, sse3, ssse3, sse4.1, sse4.2, popcnt, lzcnt, tsc, tscinvbit, avx, avx2, aes, erms, clmul, bmi1, bmi2, adx, sha, fma, vzeroupper, clflush, clflushopt, clwb, hv, serialize, rdtscp, rdpid, fsrm, f16c, cet_ibt, cet_ss

Memory: 4k page, system-wide physical 12012M (1490M free)
TotalPageFile size 16108M (AvailPageFile size 4M)
current process WorkingSet (physical memory assigned to process): 181M, peak: 181M
current process commit charge ("private bytes"): 404M, peak: 404M

vm_info: Java HotSpot(TM) 64-Bit Server VM (20.0.2+9-78) for windows-amd64 JRE (20.0.2+9-78), built on 2023-06-14T10:08:48Z by "mach5one" with MS VC++ 17.1 (VS2022)

END.
