#
# There is insufficient memory for the Java Runtime Environment to continue.
# Native memory allocation (malloc) failed to allocate 614784 bytes for Chunk::new
# Possible reasons:
#   The system is out of physical RAM or swap space
#   The process is running with CompressedOops enabled, and the Java Heap may be blocking the growth of the native heap
# Possible solutions:
#   Reduce memory load on the system
#   Increase physical memory or swap space
#   Check if swap backing store is full
#   Decrease Java heap size (-Xmx/-Xms)
#   Decrease number of Java threads
#   Decrease Java thread stack sizes (-Xss)
#   Set larger code cache with -XX:ReservedCodeCacheSize=
#   JVM is running with Zero Based Compressed Oops mode in which the Java heap is
#     placed in the first 32GB address space. The Java Heap base address is the
#     maximum limit for the native heap growth. Please use -XX:HeapBaseMinAddress
#     to set the Java Heap base and to place the Java Heap above 32GB virtual address.
# This output file may be truncated or incomplete.
#
#  Out of Memory Error (arena.cpp:184), pid=19704, tid=10764
#
# JRE version: Java(TM) SE Runtime Environment (20.0.2+9) (build 20.0.2+9-78)
# Java VM: Java HotSpot(TM) 64-Bit Server VM (20.0.2+9-78, mixed mode, sharing, tiered, compressed oops, compressed class ptrs, g1 gc, windows-amd64)
# No core dump will be written. Minidumps are not enabled by default on client versions of Windows
#

---------------  S U M M A R Y ------------

Command Line: -javaagent:C:\Program Files\JetBrains\IntelliJ IDEA Community Edition 2023.2.2\lib\idea_rt.jar=51328:C:\Program Files\JetBrains\IntelliJ IDEA Community Edition 2023.2.2\bin -Dfile.encoding=UTF-8 -Dsun.stdout.encoding=UTF-8 -Dsun.stderr.encoding=UTF-8 --module-path=C:\Users\16473\.m2\repository\org\openjfx\javafx-controls\20.0.1\javafx-controls-20.0.1-win.jar;C:\Users\16473\Desktop\GraphicalUserInterface\target\classes;C:\Users\16473\.m2\repository\org\openjfx\javafx-graphics\20.0.1\javafx-graphics-20.0.1-win.jar;C:\Users\16473\.m2\repository\org\openjfx\javafx-base\20.0.1\javafx-base-20.0.1-win.jar;C:\Users\16473\.m2\repository\org\openjfx\javafx-fxml\20.0.1\javafx-fxml-20.0.1-win.jar -Djdk.module.main=com.example.graphicaluserinterface com.example.graphicaluserinterface/com.example.graphicaluserinterface.MySQLChartApp

Host: 12th Gen Intel(R) Core(TM) i7-1255U, 12 cores, 11G,  Windows 11 , 64 bit Build 22621 (10.0.22621.3085)
Time: Thu Feb 29 23:58:59 2024 Eastern Standard Time elapsed time: 1.575330 seconds (0d 0h 0m 1s)

---------------  T H R E A D  ---------------

Current thread (0x00000299929a1ca0):  JavaThread "C2 CompilerThread1" daemon [_thread_in_native, id=10764, stack(0x000000e9daa00000,0x000000e9dab00000)]


Current CompileTask:
C2:   1575 1966   !   4       java.util.zip.InflaterInputStream::read (129 bytes)

Stack: [0x000000e9daa00000,0x000000e9dab00000]
Native frames: (J=compiled Java code, j=interpreted, Vv=VM code, C=native code)
V  [jvm.dll+0x6bc25a]
V  [jvm.dll+0x84971a]
V  [jvm.dll+0x84b315]
V  [jvm.dll+0x84ba13]
V  [jvm.dll+0x280e4f]
V  [jvm.dll+0xc2ab1]
V  [jvm.dll+0xc2dd5]
V  [jvm.dll+0x3bb64c]
V  [jvm.dll+0x1e7109]
V  [jvm.dll+0x24b67b]
V  [jvm.dll+0x24a921]
V  [jvm.dll+0x1ce761]
V  [jvm.dll+0x25a0eb]
V  [jvm.dll+0x2587c0]
V  [jvm.dll+0x3f2dd5]
V  [jvm.dll+0x7f5c76]
V  [jvm.dll+0x6baecb]
C  [ucrtbase.dll+0x29363]
C  [KERNEL32.DLL+0x1257d]
C  [ntdll.dll+0x5aa58]


---------------  P R O C E S S  ---------------

Threads class SMR info:
_java_thread_list=0x0000029993b7afc0, length=20, elements={
0x000002992f351b30, 0x000002994d655240, 0x000002994d655e40, 0x000002994d657ce0,
0x000002994d65d640, 0x000002994d662400, 0x000002994d66f2f0, 0x000002994d65fb30,
0x000002994d695900, 0x000002994d6702e0, 0x00000299929a1ca0, 0x000002994d66d310,
0x000002994d66e850, 0x000002994d66eda0, 0x0000029993636f00, 0x00000299936339e0,
0x0000029993634480, 0x0000029993633f30, 0x00000299936349d0, 0x0000029993c05050
}

Java Threads: ( => current thread )
  0x000002992f351b30 JavaThread "main" [_thread_blocked, id=17664, stack(0x000000e9d9a00000,0x000000e9d9b00000)]
  0x000002994d655240 JavaThread "Reference Handler" daemon [_thread_blocked, id=26972, stack(0x000000e9da100000,0x000000e9da200000)]
  0x000002994d655e40 JavaThread "Finalizer" daemon [_thread_blocked, id=28048, stack(0x000000e9da200000,0x000000e9da300000)]
  0x000002994d657ce0 JavaThread "Signal Dispatcher" daemon [_thread_blocked, id=35240, stack(0x000000e9da300000,0x000000e9da400000)]
  0x000002994d65d640 JavaThread "Attach Listener" daemon [_thread_blocked, id=7824, stack(0x000000e9da400000,0x000000e9da500000)]
  0x000002994d662400 JavaThread "Service Thread" daemon [_thread_blocked, id=32236, stack(0x000000e9da500000,0x000000e9da600000)]
  0x000002994d66f2f0 JavaThread "Monitor Deflation Thread" daemon [_thread_blocked, id=20036, stack(0x000000e9da600000,0x000000e9da700000)]
  0x000002994d65fb30 JavaThread "C2 CompilerThread0" daemon [_thread_blocked, id=32040, stack(0x000000e9da700000,0x000000e9da800000)]
  0x000002994d695900 JavaThread "C1 CompilerThread0" daemon [_thread_blocked, id=29204, stack(0x000000e9da800000,0x000000e9da900000)]
  0x000002994d6702e0 JavaThread "Common-Cleaner" daemon [_thread_blocked, id=34364, stack(0x000000e9da900000,0x000000e9daa00000)]
=>0x00000299929a1ca0 JavaThread "C2 CompilerThread1" daemon [_thread_in_native, id=10764, stack(0x000000e9daa00000,0x000000e9dab00000)]
  0x000002994d66d310 JavaThread "Monitor Ctrl-Break" daemon [_thread_in_native, id=16480, stack(0x000000e9dac00000,0x000000e9dad00000)]
  0x000002994d66e850 JavaThread "Notification Thread" daemon [_thread_blocked, id=27964, stack(0x000000e9dad00000,0x000000e9dae00000)]
  0x000002994d66eda0 JavaThread "QuantumRenderer-0" daemon [_thread_blocked, id=24548, stack(0x000000e9daf00000,0x000000e9db000000)]
  0x0000029993636f00 JavaThread "InvokeLaterDispatcher" daemon [_thread_blocked, id=13524, stack(0x000000e9dab00000,0x000000e9dac00000)]
  0x00000299936339e0 JavaThread "JavaFX Application Thread" [_thread_in_vm, id=21584, stack(0x000000e9db400000,0x000000e9db500000)]
  0x0000029993634480 JavaThread "Thread-1" daemon [_thread_in_native, id=20128, stack(0x000000e9db500000,0x000000e9db600000)]
  0x0000029993633f30 JavaThread "JavaFX-Launcher" [_thread_blocked, id=19468, stack(0x000000e9db600000,0x000000e9db700000)]
  0x00000299936349d0 JavaThread "mysql-cj-abandoned-connection-cleanup" daemon [_thread_blocked, id=9544, stack(0x000000e9db700000,0x000000e9db800000)]
  0x0000029993c05050 JavaThread "C2 CompilerThread2" daemon [_thread_blocked, id=19464, stack(0x000000e9dbd00000,0x000000e9dbe00000)]

Other Threads:
  0x000002994d634cf0 VMThread "VM Thread" [stack: 0x000000e9da000000,0x000000e9da100000] [id=26276]
  0x0000029992ac95d0 WatcherThread "VM Periodic Task Thread" [stack: 0x000000e9dae00000,0x000000e9daf00000] [id=16780]
  0x000002992f3adc00 WorkerThread "GC Thread#0" [stack: 0x000000e9d9b00000,0x000000e9d9c00000] [id=35320]
  0x0000029993a0c150 WorkerThread "GC Thread#1" [stack: 0x000000e9db800000,0x000000e9db900000] [id=28284]
  0x0000029993a0c420 WorkerThread "GC Thread#2" [stack: 0x000000e9db900000,0x000000e9dba00000] [id=14388]
  0x0000029993a3e670 WorkerThread "GC Thread#3" [stack: 0x000000e9dba00000,0x000000e9dbb00000] [id=22176]
  0x0000029993a3e3a0 WorkerThread "GC Thread#4" [stack: 0x000000e9dbb00000,0x000000e9dbc00000] [id=16696]
  0x0000029993a3eee0 WorkerThread "GC Thread#5" [stack: 0x000000e9dbc00000,0x000000e9dbd00000] [id=5416]
  0x000002992f3bb5f0 ConcurrentGCThread "G1 Main Marker" [stack: 0x000000e9d9c00000,0x000000e9d9d00000] [id=18912]
  0x000002992f3bbf20 WorkerThread "G1 Conc#0" [stack: 0x000000e9d9d00000,0x000000e9d9e00000] [id=34192]
  0x000002992f40e8e0 ConcurrentGCThread "G1 Refine#0" [stack: 0x000000e9d9e00000,0x000000e9d9f00000] [id=9204]
  0x000002994d4f68d0 ConcurrentGCThread "G1 Service" [stack: 0x000000e9d9f00000,0x000000e9da000000] [id=19512]

Threads with active compile tasks:
C2 CompilerThread1     1596 1966   !   4       java.util.zip.InflaterInputStream::read (129 bytes)

VM state: not at safepoint (normal execution)

VM Mutex/Monitor currently owned by a thread:  ([mutex/lock_event])
[0x000002992f34bf00] Metaspace_lock - owner thread: 0x00000299936339e0

Heap address: 0x0000000744400000, size: 3004 MB, Compressed Oops mode: Zero based, Oop shift amount: 3

CDS archive(s) mapped at: [0x000002994d800000-0x000002994e460000-0x000002994e460000), size 12976128, SharedBaseAddress: 0x000002994d800000, ArchiveRelocationMode: 1.
Compressed class space mapped at: 0x000002994e800000-0x000002998e800000, reserved size: 1073741824
Narrow klass base: 0x000002994d800000, Narrow klass shift: 0, Narrow klass range: 0x100000000

GC Precious Log:
 CardTable entry size: 512
 Card Set container configuration: InlinePtr #cards 4 size 8 Array Of Cards #cards 16 size 48 Howl #buckets 8 coarsen threshold 3686 Howl Bitmap #cards 512 size 80 coarsen threshold 460 Card regions per heap region 1 cards per card region 4096
 CPUs: 12 total, 12 available
 Memory: 12012M
 Large Page Support: Disabled
 NUMA Support: Disabled
 Compressed Oops: Enabled (Zero based)
 Heap Region Size: 2M
 Heap Min Capacity: 8M
 Heap Initial Capacity: 188M
 Heap Max Capacity: 3004M
 Pre-touch: Disabled
 Parallel Workers: 10
 Concurrent Workers: 3
 Concurrent Refinement Workers: 10
 Periodic GC: Disabled

Heap:
 garbage-first heap   total 192512K, used 31104K [0x0000000744400000, 0x0000000800000000)
  region size 2048K, 18 young (36864K), 2 survivors (4096K)
 Metaspace       used 18107K, committed 18304K, reserved 1114112K
  class space    used 2395K, committed 2496K, reserved 1048576K

Heap Regions: E=young(eden), S=young(survivor), O=old, HS=humongous(starts), HC=humongous(continues), CS=collection set, F=free, OA=open archive, CA=closed archive, TAMS=top-at-mark-start, PB=parsable bottom
|   0|0x0000000744400000, 0x0000000744400000, 0x0000000744600000|  0%| F|  |TAMS 0x0000000744400000| PB 0x0000000744400000| Untracked 
|   1|0x0000000744600000, 0x0000000744600000, 0x0000000744800000|  0%| F|  |TAMS 0x0000000744600000| PB 0x0000000744600000| Untracked 
|   2|0x0000000744800000, 0x0000000744800000, 0x0000000744a00000|  0%| F|  |TAMS 0x0000000744800000| PB 0x0000000744800000| Untracked 
|   3|0x0000000744a00000, 0x0000000744a00000, 0x0000000744c00000|  0%| F|  |TAMS 0x0000000744a00000| PB 0x0000000744a00000| Untracked 
|   4|0x0000000744c00000, 0x0000000744c00000, 0x0000000744e00000|  0%| F|  |TAMS 0x0000000744c00000| PB 0x0000000744c00000| Untracked 
|   5|0x0000000744e00000, 0x0000000744e00000, 0x0000000745000000|  0%| F|  |TAMS 0x0000000744e00000| PB 0x0000000744e00000| Untracked 
|   6|0x0000000745000000, 0x0000000745000000, 0x0000000745200000|  0%| F|  |TAMS 0x0000000745000000| PB 0x0000000745000000| Untracked 
|   7|0x0000000745200000, 0x0000000745200000, 0x0000000745400000|  0%| F|  |TAMS 0x0000000745200000| PB 0x0000000745200000| Untracked 
|   8|0x0000000745400000, 0x0000000745400000, 0x0000000745600000|  0%| F|  |TAMS 0x0000000745400000| PB 0x0000000745400000| Untracked 
|   9|0x0000000745600000, 0x0000000745600000, 0x0000000745800000|  0%| F|  |TAMS 0x0000000745600000| PB 0x0000000745600000| Untracked 
|  10|0x0000000745800000, 0x0000000745800000, 0x0000000745a00000|  0%| F|  |TAMS 0x0000000745800000| PB 0x0000000745800000| Untracked 
|  11|0x0000000745a00000, 0x0000000745a00000, 0x0000000745c00000|  0%| F|  |TAMS 0x0000000745a00000| PB 0x0000000745a00000| Untracked 
|  12|0x0000000745c00000, 0x0000000745c00000, 0x0000000745e00000|  0%| F|  |TAMS 0x0000000745c00000| PB 0x0000000745c00000| Untracked 
|  13|0x0000000745e00000, 0x0000000745e00000, 0x0000000746000000|  0%| F|  |TAMS 0x0000000745e00000| PB 0x0000000745e00000| Untracked 
|  14|0x0000000746000000, 0x0000000746000000, 0x0000000746200000|  0%| F|  |TAMS 0x0000000746000000| PB 0x0000000746000000| Untracked 
|  15|0x0000000746200000, 0x0000000746200000, 0x0000000746400000|  0%| F|  |TAMS 0x0000000746200000| PB 0x0000000746200000| Untracked 
|  16|0x0000000746400000, 0x0000000746400000, 0x0000000746600000|  0%| F|  |TAMS 0x0000000746400000| PB 0x0000000746400000| Untracked 
|  17|0x0000000746600000, 0x0000000746600000, 0x0000000746800000|  0%| F|  |TAMS 0x0000000746600000| PB 0x0000000746600000| Untracked 
|  18|0x0000000746800000, 0x0000000746800000, 0x0000000746a00000|  0%| F|  |TAMS 0x0000000746800000| PB 0x0000000746800000| Untracked 
|  19|0x0000000746a00000, 0x0000000746a00000, 0x0000000746c00000|  0%| F|  |TAMS 0x0000000746a00000| PB 0x0000000746a00000| Untracked 
|  20|0x0000000746c00000, 0x0000000746c00000, 0x0000000746e00000|  0%| F|  |TAMS 0x0000000746c00000| PB 0x0000000746c00000| Untracked 
|  21|0x0000000746e00000, 0x0000000746e00000, 0x0000000747000000|  0%| F|  |TAMS 0x0000000746e00000| PB 0x0000000746e00000| Untracked 
|  22|0x0000000747000000, 0x0000000747000000, 0x0000000747200000|  0%| F|  |TAMS 0x0000000747000000| PB 0x0000000747000000| Untracked 
|  23|0x0000000747200000, 0x0000000747200000, 0x0000000747400000|  0%| F|  |TAMS 0x0000000747200000| PB 0x0000000747200000| Untracked 
|  24|0x0000000747400000, 0x0000000747400000, 0x0000000747600000|  0%| F|  |TAMS 0x0000000747400000| PB 0x0000000747400000| Untracked 
|  25|0x0000000747600000, 0x0000000747600000, 0x0000000747800000|  0%| F|  |TAMS 0x0000000747600000| PB 0x0000000747600000| Untracked 
|  26|0x0000000747800000, 0x0000000747800000, 0x0000000747a00000|  0%| F|  |TAMS 0x0000000747800000| PB 0x0000000747800000| Untracked 
|  27|0x0000000747a00000, 0x0000000747a00000, 0x0000000747c00000|  0%| F|  |TAMS 0x0000000747a00000| PB 0x0000000747a00000| Untracked 
|  28|0x0000000747c00000, 0x0000000747c00000, 0x0000000747e00000|  0%| F|  |TAMS 0x0000000747c00000| PB 0x0000000747c00000| Untracked 
|  29|0x0000000747e00000, 0x0000000747e00000, 0x0000000748000000|  0%| F|  |TAMS 0x0000000747e00000| PB 0x0000000747e00000| Untracked 
|  30|0x0000000748000000, 0x0000000748000000, 0x0000000748200000|  0%| F|  |TAMS 0x0000000748000000| PB 0x0000000748000000| Untracked 
|  31|0x0000000748200000, 0x0000000748200000, 0x0000000748400000|  0%| F|  |TAMS 0x0000000748200000| PB 0x0000000748200000| Untracked 
|  32|0x0000000748400000, 0x0000000748400000, 0x0000000748600000|  0%| F|  |TAMS 0x0000000748400000| PB 0x0000000748400000| Untracked 
|  33|0x0000000748600000, 0x0000000748600000, 0x0000000748800000|  0%| F|  |TAMS 0x0000000748600000| PB 0x0000000748600000| Untracked 
|  34|0x0000000748800000, 0x0000000748800000, 0x0000000748a00000|  0%| F|  |TAMS 0x0000000748800000| PB 0x0000000748800000| Untracked 
|  35|0x0000000748a00000, 0x0000000748a00000, 0x0000000748c00000|  0%| F|  |TAMS 0x0000000748a00000| PB 0x0000000748a00000| Untracked 
|  36|0x0000000748c00000, 0x0000000748c00000, 0x0000000748e00000|  0%| F|  |TAMS 0x0000000748c00000| PB 0x0000000748c00000| Untracked 
|  37|0x0000000748e00000, 0x0000000748e00000, 0x0000000749000000|  0%| F|  |TAMS 0x0000000748e00000| PB 0x0000000748e00000| Untracked 
|  38|0x0000000749000000, 0x0000000749000000, 0x0000000749200000|  0%| F|  |TAMS 0x0000000749000000| PB 0x0000000749000000| Untracked 
|  39|0x0000000749200000, 0x0000000749200000, 0x0000000749400000|  0%| F|  |TAMS 0x0000000749200000| PB 0x0000000749200000| Untracked 
|  40|0x0000000749400000, 0x0000000749400000, 0x0000000749600000|  0%| F|  |TAMS 0x0000000749400000| PB 0x0000000749400000| Untracked 
|  41|0x0000000749600000, 0x0000000749600000, 0x0000000749800000|  0%| F|  |TAMS 0x0000000749600000| PB 0x0000000749600000| Untracked 
|  42|0x0000000749800000, 0x0000000749800000, 0x0000000749a00000|  0%| F|  |TAMS 0x0000000749800000| PB 0x0000000749800000| Untracked 
|  43|0x0000000749a00000, 0x0000000749a00000, 0x0000000749c00000|  0%| F|  |TAMS 0x0000000749a00000| PB 0x0000000749a00000| Untracked 
|  44|0x0000000749c00000, 0x0000000749c00000, 0x0000000749e00000|  0%| F|  |TAMS 0x0000000749c00000| PB 0x0000000749c00000| Untracked 
|  45|0x0000000749e00000, 0x0000000749e00000, 0x000000074a000000|  0%| F|  |TAMS 0x0000000749e00000| PB 0x0000000749e00000| Untracked 
|  46|0x000000074a000000, 0x000000074a000000, 0x000000074a200000|  0%| F|  |TAMS 0x000000074a000000| PB 0x000000074a000000| Untracked 
|  47|0x000000074a200000, 0x000000074a200000, 0x000000074a400000|  0%| F|  |TAMS 0x000000074a200000| PB 0x000000074a200000| Untracked 
|  48|0x000000074a400000, 0x000000074a400000, 0x000000074a600000|  0%| F|  |TAMS 0x000000074a400000| PB 0x000000074a400000| Untracked 
|  49|0x000000074a600000, 0x000000074a600000, 0x000000074a800000|  0%| F|  |TAMS 0x000000074a600000| PB 0x000000074a600000| Untracked 
|  50|0x000000074a800000, 0x000000074a800000, 0x000000074aa00000|  0%| F|  |TAMS 0x000000074a800000| PB 0x000000074a800000| Untracked 
|  51|0x000000074aa00000, 0x000000074aa00000, 0x000000074ac00000|  0%| F|  |TAMS 0x000000074aa00000| PB 0x000000074aa00000| Untracked 
|  52|0x000000074ac00000, 0x000000074ac00000, 0x000000074ae00000|  0%| F|  |TAMS 0x000000074ac00000| PB 0x000000074ac00000| Untracked 
|  53|0x000000074ae00000, 0x000000074ae00000, 0x000000074b000000|  0%| F|  |TAMS 0x000000074ae00000| PB 0x000000074ae00000| Untracked 
|  54|0x000000074b000000, 0x000000074b000000, 0x000000074b200000|  0%| F|  |TAMS 0x000000074b000000| PB 0x000000074b000000| Untracked 
|  55|0x000000074b200000, 0x000000074b200000, 0x000000074b400000|  0%| F|  |TAMS 0x000000074b200000| PB 0x000000074b200000| Untracked 
|  56|0x000000074b400000, 0x000000074b400000, 0x000000074b600000|  0%| F|  |TAMS 0x000000074b400000| PB 0x000000074b400000| Untracked 
|  57|0x000000074b600000, 0x000000074b600000, 0x000000074b800000|  0%| F|  |TAMS 0x000000074b600000| PB 0x000000074b600000| Untracked 
|  58|0x000000074b800000, 0x000000074b800000, 0x000000074ba00000|  0%| F|  |TAMS 0x000000074b800000| PB 0x000000074b800000| Untracked 
|  59|0x000000074ba00000, 0x000000074ba00000, 0x000000074bc00000|  0%| F|  |TAMS 0x000000074ba00000| PB 0x000000074ba00000| Untracked 
|  60|0x000000074bc00000, 0x000000074bc00000, 0x000000074be00000|  0%| F|  |TAMS 0x000000074bc00000| PB 0x000000074bc00000| Untracked 
|  61|0x000000074be00000, 0x000000074be00000, 0x000000074c000000|  0%| F|  |TAMS 0x000000074be00000| PB 0x000000074be00000| Untracked 
|  62|0x000000074c000000, 0x000000074c000000, 0x000000074c200000|  0%| F|  |TAMS 0x000000074c000000| PB 0x000000074c000000| Untracked 
|  63|0x000000074c200000, 0x000000074c200000, 0x000000074c400000|  0%| F|  |TAMS 0x000000074c200000| PB 0x000000074c200000| Untracked 
|  64|0x000000074c400000, 0x000000074c400000, 0x000000074c600000|  0%| F|  |TAMS 0x000000074c400000| PB 0x000000074c400000| Untracked 
|  65|0x000000074c600000, 0x000000074c600000, 0x000000074c800000|  0%| F|  |TAMS 0x000000074c600000| PB 0x000000074c600000| Untracked 
|  66|0x000000074c800000, 0x000000074c800000, 0x000000074ca00000|  0%| F|  |TAMS 0x000000074c800000| PB 0x000000074c800000| Untracked 
|  67|0x000000074ca00000, 0x000000074ca00000, 0x000000074cc00000|  0%| F|  |TAMS 0x000000074ca00000| PB 0x000000074ca00000| Untracked 
|  68|0x000000074cc00000, 0x000000074cc00000, 0x000000074ce00000|  0%| F|  |TAMS 0x000000074cc00000| PB 0x000000074cc00000| Untracked 
|  69|0x000000074ce00000, 0x000000074ce00000, 0x000000074d000000|  0%| F|  |TAMS 0x000000074ce00000| PB 0x000000074ce00000| Untracked 
|  70|0x000000074d000000, 0x000000074d000000, 0x000000074d200000|  0%| F|  |TAMS 0x000000074d000000| PB 0x000000074d000000| Untracked 
|  71|0x000000074d200000, 0x000000074d200000, 0x000000074d400000|  0%| F|  |TAMS 0x000000074d200000| PB 0x000000074d200000| Untracked 
|  72|0x000000074d400000, 0x000000074d400000, 0x000000074d600000|  0%| F|  |TAMS 0x000000074d400000| PB 0x000000074d400000| Untracked 
|  73|0x000000074d600000, 0x000000074d600000, 0x000000074d800000|  0%| F|  |TAMS 0x000000074d600000| PB 0x000000074d600000| Untracked 
|  74|0x000000074d800000, 0x000000074d800000, 0x000000074da00000|  0%| F|  |TAMS 0x000000074d800000| PB 0x000000074d800000| Untracked 
|  75|0x000000074da00000, 0x000000074da00000, 0x000000074dc00000|  0%| F|  |TAMS 0x000000074da00000| PB 0x000000074da00000| Untracked 
|  76|0x000000074dc00000, 0x000000074dd10858, 0x000000074de00000| 53%| E|  |TAMS 0x000000074dc00000| PB 0x000000074dc00000| Complete 
|  77|0x000000074de00000, 0x000000074e000000, 0x000000074e000000|100%| E|CS|TAMS 0x000000074de00000| PB 0x000000074de00000| Complete 
|  78|0x000000074e000000, 0x000000074e200000, 0x000000074e200000|100%| E|CS|TAMS 0x000000074e000000| PB 0x000000074e000000| Complete 
|  79|0x000000074e200000, 0x000000074e400000, 0x000000074e400000|100%| E|CS|TAMS 0x000000074e200000| PB 0x000000074e200000| Complete 
|  80|0x000000074e400000, 0x000000074e600000, 0x000000074e600000|100%| E|CS|TAMS 0x000000074e400000| PB 0x000000074e400000| Complete 
|  81|0x000000074e600000, 0x000000074e660200, 0x000000074e800000| 18%| S|CS|TAMS 0x000000074e600000| PB 0x000000074e600000| Complete 
|  82|0x000000074e800000, 0x000000074ea00000, 0x000000074ea00000|100%| S|CS|TAMS 0x000000074e800000| PB 0x000000074e800000| Complete 
|  83|0x000000074ea00000, 0x000000074ec00000, 0x000000074ec00000|100%| E|CS|TAMS 0x000000074ea00000| PB 0x000000074ea00000| Complete 
|  84|0x000000074ec00000, 0x000000074ee00000, 0x000000074ee00000|100%| E|CS|TAMS 0x000000074ec00000| PB 0x000000074ec00000| Complete 
|  85|0x000000074ee00000, 0x000000074f000000, 0x000000074f000000|100%| E|CS|TAMS 0x000000074ee00000| PB 0x000000074ee00000| Complete 
|  86|0x000000074f000000, 0x000000074f200000, 0x000000074f200000|100%| E|CS|TAMS 0x000000074f000000| PB 0x000000074f000000| Complete 
|  87|0x000000074f200000, 0x000000074f400000, 0x000000074f400000|100%| E|CS|TAMS 0x000000074f200000| PB 0x000000074f200000| Complete 
|  88|0x000000074f400000, 0x000000074f600000, 0x000000074f600000|100%| E|CS|TAMS 0x000000074f400000| PB 0x000000074f400000| Complete 
|  89|0x000000074f600000, 0x000000074f800000, 0x000000074f800000|100%| E|CS|TAMS 0x000000074f600000| PB 0x000000074f600000| Complete 
|  90|0x000000074f800000, 0x000000074fa00000, 0x000000074fa00000|100%| E|CS|TAMS 0x000000074f800000| PB 0x000000074f800000| Complete 
|  91|0x000000074fa00000, 0x000000074fc00000, 0x000000074fc00000|100%| E|  |TAMS 0x000000074fa00000| PB 0x000000074fa00000| Complete 
|  92|0x000000074fc00000, 0x000000074fe00000, 0x000000074fe00000|100%| E|CS|TAMS 0x000000074fc00000| PB 0x000000074fc00000| Complete 
|  93|0x000000074fe00000, 0x0000000750000000, 0x0000000750000000|100%| E|CS|TAMS 0x000000074fe00000| PB 0x000000074fe00000| Complete 

Card table byte_map: [0x0000029946f60000,0x0000029947540000] _byte_map_base: 0x000002994353e000

Marking Bits: (CMBitMap*) 0x000002992f3ae140
 Bits: [0x0000029947b20000, 0x000002994aa10000)

Polling page: 0x000002992d2a0000

Metaspace:

Usage:
  Non-class:     15.34 MB used.
      Class:      2.34 MB used.
       Both:     17.68 MB used.

Virtual space:
  Non-class space:       64.00 MB reserved,      15.44 MB ( 24%) committed,  1 nodes.
      Class space:        1.00 GB reserved,       2.44 MB ( <1%) committed,  1 nodes.
             Both:        1.06 GB reserved,      17.88 MB (  2%) committed. 

Chunk freelists:
   Non-Class:  434.00 KB
       Class:  1.58 MB
        Both:  2.00 MB

MaxMetaspaceSize: unlimited
CompressedClassSpaceSize: 1.00 GB
Initial GC threshold: 21.00 MB
Current GC threshold: 21.00 MB
CDS: on
MetaspaceReclaimPolicy: balanced
 - commit_granule_bytes: 65536.
 - commit_granule_words: 8192.
 - virtual_space_node_default_size: 8388608.
 - enlarge_chunks_in_place: 1.
 - new_chunks_are_fully_committed: 0.
 - uncommit_free_chunks: 1.
 - use_allocation_guard: 0.


Internal statistics:

num_allocs_failed_limit: 0.
num_arena_births: 218.
num_arena_deaths: 0.
num_vsnodes_births: 2.
num_vsnodes_deaths: 0.
num_space_committed: 286.
num_space_uncommitted: 0.
num_chunks_returned_to_freelist: 0.
num_chunks_taken_from_freelist: 661.
num_chunk_merges: 0.
num_chunk_splits: 462.
num_chunks_enlarged: 347.
num_inconsistent_stats: 0.

CodeHeap 'non-profiled nmethods': size=120000Kb used=833Kb max_used=833Kb free=119166Kb
 bounds [0x000002993eef0000, 0x000002993f160000, 0x0000029946420000]
CodeHeap 'profiled nmethods': size=120000Kb used=3603Kb max_used=3603Kb free=116396Kb
 bounds [0x0000029937420000, 0x00000299377b0000, 0x000002993e950000]
CodeHeap 'non-nmethods': size=5760Kb used=1732Kb max_used=1732Kb free=4027Kb
 bounds [0x000002993e950000, 0x000002993ebc0000, 0x000002993eef0000]
 total_blobs=2735 nmethods=2022 adapters=623
 compilation: enabled
              stopped_count=0, restarted_count=0
 full_count=0

Compilation events (20 events):
Event: 1.500 Thread 0x000002994d695900 1971       3       java.lang.invoke.MemberName::isPublic (8 bytes)
Event: 1.501 Thread 0x000002994d695900 nmethod 1971 0x0000029937784a10 code [0x0000029937784ba0, 0x0000029937784d70]
Event: 1.501 Thread 0x000002994d695900 1973       3       com.sun.javafx.css.BitSet::containsAll (105 bytes)
Event: 1.502 Thread 0x000002994d695900 nmethod 1973 0x0000029937784e10 code [0x0000029937785000, 0x0000029937785628]
Event: 1.502 Thread 0x000002994d695900 1972       3       com.sun.javafx.css.StyleClassSet::containsAll (6 bytes)
Event: 1.502 Thread 0x000002994d695900 nmethod 1972 0x0000029937785810 code [0x00000299377859a0, 0x0000029937785ae0]
Event: 1.502 Thread 0x000002994d695900 1974       1       javafx.css.Selector::getOrdinal (5 bytes)
Event: 1.502 Thread 0x000002994d695900 nmethod 1974 0x000002993efb9990 code [0x000002993efb9b00, 0x000002993efb9bc8]
Event: 1.502 Thread 0x000002994d695900 1979       3       java.lang.invoke.MethodHandleImpl::makePairwiseConvertByEditor (617 bytes)
Event: 1.504 Thread 0x0000029993c05050 1980   !   4       java.lang.ref.ReferenceQueue::poll (40 bytes)
Event: 1.505 Thread 0x0000029993c05050 nmethod 1980 0x000002993efb9c90 code [0x000002993efb9e40, 0x000002993efb9fa0]
Event: 1.506 Thread 0x000002994d695900 nmethod 1979 0x0000029937785b90 code [0x0000029937786340, 0x000002993778b460]
Event: 1.506 Thread 0x000002994d695900 1975       3       java.lang.invoke.MethodHandle::asTypeUncached (54 bytes)
Event: 1.506 Thread 0x000002994d695900 nmethod 1975 0x000002993778d310 code [0x000002993778d5c0, 0x000002993778e020]
Event: 1.506 Thread 0x000002994d695900 1976       3       java.lang.invoke.MethodType::isConvertibleTo (164 bytes)
Event: 1.507 Thread 0x000002994d695900 nmethod 1976 0x000002993778e490 code [0x000002993778e6c0, 0x000002993778f058]
Event: 1.507 Thread 0x000002994d695900 1977       3       java.lang.invoke.MethodHandleImpl::makePairwiseConvert (8 bytes)
Event: 1.507 Thread 0x000002994d695900 nmethod 1977 0x000002993778f310 code [0x000002993778f4a0, 0x000002993778f5b8]
Event: 1.507 Thread 0x000002994d695900 1978       3       java.lang.invoke.MethodHandleImpl::makePairwiseConvert (22 bytes)
Event: 1.507 Thread 0x000002994d695900 nmethod 1978 0x000002993778f690 code [0x000002993778f820, 0x000002993778fa38]

GC Heap History (2 events):
Event: 0.759 GC heap before
{Heap before GC invocations=0 (full 0):
 garbage-first heap   total 192512K, used 20480K [0x0000000744400000, 0x0000000800000000)
  region size 2048K, 11 young (22528K), 0 survivors (0K)
 Metaspace       used 5408K, committed 5696K, reserved 1114112K
  class space    used 641K, committed 768K, reserved 1048576K
}
Event: 0.763 GC heap after
{Heap after GC invocations=1 (full 0):
 garbage-first heap   total 192512K, used 2432K [0x0000000744400000, 0x0000000800000000)
  region size 2048K, 2 young (4096K), 2 survivors (4096K)
 Metaspace       used 5408K, committed 5696K, reserved 1114112K
  class space    used 641K, committed 768K, reserved 1048576K
}

Dll operation events (20 events):
Event: 0.434 Loaded shared library C:\Users\16473\.openjfx\cache\20.0.1+2\amd64\api-ms-win-crt-math-l1-1-0.dll
Event: 0.439 Loaded shared library C:\Users\16473\.openjfx\cache\20.0.1+2\amd64\api-ms-win-crt-multibyte-l1-1-0.dll
Event: 0.444 Loaded shared library C:\Users\16473\.openjfx\cache\20.0.1+2\amd64\api-ms-win-crt-private-l1-1-0.dll
Event: 0.447 Loaded shared library C:\Users\16473\.openjfx\cache\20.0.1+2\amd64\api-ms-win-crt-process-l1-1-0.dll
Event: 0.451 Loaded shared library C:\Users\16473\.openjfx\cache\20.0.1+2\amd64\api-ms-win-crt-runtime-l1-1-0.dll
Event: 0.454 Loaded shared library C:\Users\16473\.openjfx\cache\20.0.1+2\amd64\api-ms-win-crt-stdio-l1-1-0.dll
Event: 0.458 Loaded shared library C:\Users\16473\.openjfx\cache\20.0.1+2\amd64\api-ms-win-crt-string-l1-1-0.dll
Event: 0.462 Loaded shared library C:\Users\16473\.openjfx\cache\20.0.1+2\amd64\api-ms-win-crt-time-l1-1-0.dll
Event: 0.466 Loaded shared library C:\Users\16473\.openjfx\cache\20.0.1+2\amd64\api-ms-win-crt-utility-l1-1-0.dll
Event: 0.482 Loaded shared library C:\Users\16473\.openjfx\cache\20.0.1+2\amd64\ucrtbase.dll
Event: 0.487 Loaded shared library C:\Users\16473\.openjfx\cache\20.0.1+2\amd64\vcruntime140.dll
Event: 0.491 Loaded shared library C:\Users\16473\.openjfx\cache\20.0.1+2\amd64\vcruntime140_1.dll
Event: 0.501 Loaded shared library C:\Users\16473\.openjfx\cache\20.0.1+2\amd64\msvcp140.dll
Event: 0.505 Loaded shared library C:\Users\16473\.openjfx\cache\20.0.1+2\amd64\msvcp140_1.dll
Event: 0.511 Loaded shared library C:\Users\16473\.openjfx\cache\20.0.1+2\amd64\msvcp140_2.dll
Event: 0.548 Loaded shared library C:\Users\16473\.openjfx\cache\20.0.1+2\amd64\prism_d3d.dll
Event: 0.631 Loaded shared library C:\Users\16473\.openjfx\cache\20.0.1+2\amd64\glass.dll
Event: 0.729 Loaded shared library C:\Program Files\Java\jdk-20\bin\jimage.dll
Event: 1.053 Loaded shared library C:\Program Files\Java\jdk-20\bin\sunmscapi.dll
Event: 1.349 Loaded shared library C:\Users\16473\.openjfx\cache\20.0.1+2\amd64\javafx_font.dll

Deoptimization events (20 events):
Event: 1.395 Thread 0x00000299936339e0 Uncommon trap: trap_request=0xffffffc6 fr.pc=0x000002993efa4e0c relative=0x00000000000012ac
Event: 1.395 Thread 0x00000299936339e0 Uncommon trap: reason=bimorphic_or_optimized_type_check action=maybe_recompile pc=0x000002993efa4e0c method=java.io.DataInputStream.readUnsignedShort()I @ 6 c2
Event: 1.395 Thread 0x00000299936339e0 DEOPT PACKING pc=0x000002993efa4e0c sp=0x000000e9db4fc700
Event: 1.395 Thread 0x00000299936339e0 DEOPT UNPACKING pc=0x000002993e9b9d22 sp=0x000000e9db4fc6e0 mode 2
Event: 1.395 Thread 0x00000299936339e0 Uncommon trap: trap_request=0xffffffc6 fr.pc=0x000002993efa4e0c relative=0x00000000000012ac
Event: 1.395 Thread 0x00000299936339e0 Uncommon trap: reason=bimorphic_or_optimized_type_check action=maybe_recompile pc=0x000002993efa4e0c method=java.io.DataInputStream.readUnsignedShort()I @ 6 c2
Event: 1.395 Thread 0x00000299936339e0 DEOPT PACKING pc=0x000002993efa4e0c sp=0x000000e9db4fca70
Event: 1.395 Thread 0x00000299936339e0 DEOPT UNPACKING pc=0x000002993e9b9d22 sp=0x000000e9db4fca50 mode 2
Event: 1.448 Thread 0x00000299936339e0 Uncommon trap: trap_request=0xffffff45 fr.pc=0x000002993eef9854 relative=0x0000000000000054
Event: 1.448 Thread 0x00000299936339e0 Uncommon trap: reason=unstable_if action=reinterpret pc=0x000002993eef9854 method=java.lang.CharacterData.of(I)Ljava/lang/CharacterData; @ 4 c2
Event: 1.448 Thread 0x00000299936339e0 DEOPT PACKING pc=0x000002993eef9854 sp=0x000000e9db4fdc10
Event: 1.448 Thread 0x00000299936339e0 DEOPT UNPACKING pc=0x000002993e9b9d22 sp=0x000000e9db4fdbb0 mode 2
Event: 1.501 Thread 0x00000299936339e0 Uncommon trap: trap_request=0xffffff45 fr.pc=0x000002993ef0bb10 relative=0x0000000000000270
Event: 1.501 Thread 0x00000299936339e0 Uncommon trap: reason=unstable_if action=reinterpret pc=0x000002993ef0bb10 method=java.util.HashMap.hash(Ljava/lang/Object;)I @ 1 c2
Event: 1.501 Thread 0x00000299936339e0 DEOPT PACKING pc=0x000002993ef0bb10 sp=0x000000e9db4fda30
Event: 1.501 Thread 0x00000299936339e0 DEOPT UNPACKING pc=0x000002993e9b9d22 sp=0x000000e9db4fd980 mode 2
Event: 1.503 Thread 0x00000299936339e0 Uncommon trap: trap_request=0xffffff45 fr.pc=0x000002993ef79348 relative=0x0000000000001588
Event: 1.503 Thread 0x00000299936339e0 Uncommon trap: reason=unstable_if action=reinterpret pc=0x000002993ef79348 method=java.util.concurrent.ConcurrentHashMap.transfer([Ljava/util/concurrent/ConcurrentHashMap$Node;[Ljava/util/concurrent/ConcurrentHashMap$Node;)V @ 26 c2
Event: 1.503 Thread 0x00000299936339e0 DEOPT PACKING pc=0x000002993ef79348 sp=0x000000e9db4fcfe0
Event: 1.503 Thread 0x00000299936339e0 DEOPT UNPACKING pc=0x000002993e9b9d22 sp=0x000000e9db4fcf50 mode 2

Classes loaded (20 events):
Event: 1.444 Loading class java/text/ParseException
Event: 1.444 Loading class java/text/ParseException done
Event: 1.445 Loading class sun/util/resources/LocaleData$CommonResourceBundleProvider
Event: 1.445 Loading class sun/util/resources/LocaleData$LocaleDataResourceBundleProvider
Event: 1.445 Loading class java/util/spi/ResourceBundleProvider
Event: 1.445 Loading class java/util/spi/ResourceBundleProvider done
Event: 1.445 Loading class sun/util/resources/LocaleData$LocaleDataResourceBundleProvider done
Event: 1.445 Loading class sun/util/resources/LocaleData$CommonResourceBundleProvider done
Event: 1.446 Loading class sun/text/resources/cldr/FormatData_en
Event: 1.446 Loading class sun/text/resources/cldr/FormatData_en done
Event: 1.446 Loading class sun/util/resources/Bundles$2
Event: 1.446 Loading class sun/util/resources/Bundles$2 done
Event: 1.492 Loading class jdk/internal/logger/LoggerFinderLoader
Event: 1.493 Loading class jdk/internal/logger/LoggerFinderLoader done
Event: 1.493 Loading class java/io/FilePermission$1
Event: 1.493 Loading class jdk/internal/access/JavaIOFilePermissionAccess
Event: 1.493 Loading class jdk/internal/access/JavaIOFilePermissionAccess done
Event: 1.493 Loading class java/io/FilePermission$1 done
Event: 1.496 Loading class sun/util/logging/internal/LoggingProviderImpl$JULWrapper
Event: 1.496 Loading class sun/util/logging/internal/LoggingProviderImpl$JULWrapper done

Classes unloaded (0 events):
No events

Classes redefined (0 events):
No events

Internal exceptions (20 events):
Event: 0.781 Thread 0x00000299936339e0 Exception <a 'java/lang/NoSuchMethodError'{0x000000074fef2cc8}: 'java.lang.Object java.lang.invoke.DirectMethodHandle$Holder.invokeVirtual(java.lang.Object, java.lang.Object, java.lang.Object)'> (0x000000074fef2cc8) 
thrown [s\open\src\hotspot\share\interpreter\linkResolver.cpp, line 773]
Event: 0.839 Thread 0x00000299936339e0 Exception <a 'sun/nio/fs/WindowsException'{0x000000074fde8ac8}> (0x000000074fde8ac8) 
thrown [s\open\src\hotspot\share\prims\jni.cpp, line 519]
Event: 0.918 Thread 0x00000299936339e0 Exception <a 'sun/nio/fs/WindowsException'{0x000000074f8920a0}> (0x000000074f8920a0) 
thrown [s\open\src\hotspot\share\prims\jni.cpp, line 519]
Event: 0.918 Thread 0x00000299936339e0 Exception <a 'java/lang/NoSuchMethodError'{0x000000074f899510}: 'void java.lang.invoke.DirectMethodHandle$Holder.invokeStaticInit(java.lang.Object, java.lang.Object)'> (0x000000074f899510) 
thrown [s\open\src\hotspot\share\interpreter\linkResolver.cpp, line 773]
Event: 0.959 Thread 0x00000299936339e0 Exception <a 'sun/nio/fs/WindowsException'{0x000000074f9a1670}> (0x000000074f9a1670) 
thrown [s\open\src\hotspot\share\prims\jni.cpp, line 519]
Event: 0.965 Thread 0x00000299936339e0 Exception <a 'sun/nio/fs/WindowsException'{0x000000074f9b7598}> (0x000000074f9b7598) 
thrown [s\open\src\hotspot\share\prims\jni.cpp, line 519]
Event: 0.991 Thread 0x00000299936339e0 Exception <a 'java/lang/NoSuchMethodError'{0x000000074f654150}: 'java.lang.Object java.lang.invoke.DirectMethodHandle$Holder.invokeStaticInit(java.lang.Object, int, int, int, int)'> (0x000000074f654150) 
thrown [s\open\src\hotspot\share\interpreter\linkResolver.cpp, line 773]
Event: 1.036 Thread 0x00000299936339e0 Exception <a 'java/lang/NoSuchMethodError'{0x000000074f761188}: 'java.lang.Object java.lang.invoke.DirectMethodHandle$Holder.invokeStaticInit(java.lang.Object, java.lang.Object, int, int, int, int)'> (0x000000074f761188) 
thrown [s\open\src\hotspot\share\interpreter\linkResolver.cpp, line 773]
Event: 1.079 Thread 0x00000299936339e0 Exception <a 'java/lang/NoSuchMethodError'{0x000000074f7dea90}: 'int java.lang.invoke.DirectMethodHandle$Holder.invokeSpecial(java.lang.Object, java.lang.Object, java.lang.Object)'> (0x000000074f7dea90) 
thrown [s\open\src\hotspot\share\interpreter\linkResolver.cpp, line 773]
Event: 1.196 Thread 0x00000299936339e0 Exception <a 'sun/nio/fs/WindowsException'{0x000000074f516800}> (0x000000074f516800) 
thrown [s\open\src\hotspot\share\prims\jni.cpp, line 519]
Event: 1.288 Thread 0x00000299936339e0 Exception <a 'java/io/IOException'{0x000000074f3a9bb8}> (0x000000074f3a9bb8) 
thrown [s\open\src\hotspot\share\prims\jni.cpp, line 519]
Event: 1.289 Thread 0x00000299936339e0 Exception <a 'java/lang/NoSuchMethodError'{0x000000074f3aa9a8}: 'void java.lang.invoke.DirectMethodHandle$Holder.invokeInterface(java.lang.Object, java.lang.Object)'> (0x000000074f3aa9a8) 
thrown [s\open\src\hotspot\share\interpreter\linkResolver.cpp, line 773]
Event: 1.318 Thread 0x00000299936339e0 Exception <a 'java/lang/NoSuchMethodError'{0x000000074f1df5c8}: 'java.lang.Object java.lang.invoke.DirectMethodHandle$Holder.invokeStaticInit(java.lang.Object, java.lang.Object, java.lang.Object, java.lang.Object)'> (0x000000074f1df5c8) 
thrown [s\open\src\hotspot\share\interpreter\linkResolver.cpp, line 773]
Event: 1.319 Thread 0x00000299936339e0 Exception <a 'java/lang/NullPointerException'{0x000000074f1eab98}> (0x000000074f1eab98) 
thrown [s\open\src\hotspot\share\interpreter\linkResolver.cpp, line 1373]
Event: 1.337 Thread 0x00000299936339e0 Exception <a 'java/lang/ClassNotFoundException'{0x000000074ef8c198}: com/sun/glass/ui/win/themes> (0x000000074ef8c198) 
thrown [s\open\src\hotspot\share\prims\jni.cpp, line 538]
Event: 1.338 Thread 0x00000299936339e0 Exception <a 'java/lang/ClassNotFoundException'{0x000000074ef978f0}: com/sun/glass/ui/win/themes_en> (0x000000074ef978f0) 
thrown [s\open\src\hotspot\share\prims\jni.cpp, line 538]
Event: 1.338 Thread 0x00000299936339e0 Exception <a 'java/lang/ClassNotFoundException'{0x000000074ef9f4b0}: com/sun/glass/ui/win/themes_en_CA> (0x000000074ef9f4b0) 
thrown [s\open\src\hotspot\share\prims\jni.cpp, line 538]
Event: 1.449 Thread 0x00000299936339e0 Exception <a 'java/lang/NoSuchMethodError'{0x000000074e5d9c18}: 'void java.lang.invoke.DirectMethodHandle$Holder.invokeSpecial(java.lang.Object, java.lang.Object, java.lang.Object, java.lang.Object, java.lang.Object, java.lang.Object)'> (0x000000074e5d9c18) 
thrown [s\open\src\hotspot\share\interpreter\linkResolver.cpp, line 773]
Event: 1.475 Thread 0x00000299936339e0 Exception <a 'java/lang/NoSuchMethodError'{0x000000074e3b1d38}: 'java.lang.Object java.lang.invoke.DirectMethodHandle$Holder.newInvokeSpecial(java.lang.Object, java.lang.Object, java.lang.Object, java.lang.Object, java.lang.Object, java.lang.Object, java.lang.Object)'> (0x000000074e3b1d38) 
thrown [s\open\src\hotspot\share\interpreter\linkResolver.cpp, line 773]
Event: 1.501 Thread 0x00000299936339e0 Implicit null exception at 0x000002993ef0b8e6 to 0x000002993ef0bafa

VM Operations (20 events):
Event: 0.737 Executing VM operation: HandshakeAllThreads
Event: 0.737 Executing VM operation: HandshakeAllThreads done
Event: 0.741 Executing VM operation: HandshakeAllThreads
Event: 0.741 Executing VM operation: HandshakeAllThreads done
Event: 0.755 Executing VM operation: HandshakeAllThreads
Event: 0.755 Executing VM operation: HandshakeAllThreads done
Event: 0.759 Executing VM operation: G1CollectForAllocation
Event: 0.763 Executing VM operation: G1CollectForAllocation done
Event: 0.775 Executing VM operation: HandshakeAllThreads
Event: 0.775 Executing VM operation: HandshakeAllThreads done
Event: 0.966 Executing VM operation: HandshakeAllThreads
Event: 0.966 Executing VM operation: HandshakeAllThreads done
Event: 0.979 Executing VM operation: HandshakeAllThreads
Event: 0.979 Executing VM operation: HandshakeAllThreads done
Event: 1.187 Executing VM operation: HandshakeAllThreads
Event: 1.187 Executing VM operation: HandshakeAllThreads done
Event: 1.236 Executing VM operation: ICBufferFull
Event: 1.236 Executing VM operation: ICBufferFull done
Event: 1.448 Executing VM operation: HandshakeAllThreads
Event: 1.448 Executing VM operation: HandshakeAllThreads done

Events (20 events):
Event: 0.045 Thread 0x000002994d655e40 Thread added: 0x000002994d655e40
Event: 0.045 Thread 0x000002994d657ce0 Thread added: 0x000002994d657ce0
Event: 0.045 Thread 0x000002994d65d640 Thread added: 0x000002994d65d640
Event: 0.045 Thread 0x000002994d662400 Thread added: 0x000002994d662400
Event: 0.045 Thread 0x000002994d66f2f0 Thread added: 0x000002994d66f2f0
Event: 0.045 Thread 0x000002994d65fb30 Thread added: 0x000002994d65fb30
Event: 0.046 Thread 0x000002994d695900 Thread added: 0x000002994d695900
Event: 0.065 Thread 0x000002994d6702e0 Thread added: 0x000002994d6702e0
Event: 0.097 Thread 0x00000299929a1ca0 Thread added: 0x00000299929a1ca0
Event: 0.098 Thread 0x00000299929a2850 Thread added: 0x00000299929a2850
Event: 0.215 Thread 0x000002994d66d310 Thread added: 0x000002994d66d310
Event: 0.215 Thread 0x000002994d66e850 Thread added: 0x000002994d66e850
Event: 0.540 Thread 0x000002994d66eda0 Thread added: 0x000002994d66eda0
Event: 0.611 Thread 0x00000299929a2850 Thread exited: 0x00000299929a2850
Event: 0.633 Thread 0x0000029993636f00 Thread added: 0x0000029993636f00
Event: 0.636 Thread 0x00000299936339e0 Thread added: 0x00000299936339e0
Event: 0.698 Thread 0x0000029993634480 Thread added: 0x0000029993634480
Event: 0.706 Thread 0x0000029993633f30 Thread added: 0x0000029993633f30
Event: 0.742 Thread 0x00000299936349d0 Thread added: 0x00000299936349d0
Event: 1.114 Thread 0x0000029993c05050 Thread added: 0x0000029993c05050


Dynamic libraries:
0x00007ff72f500000 - 0x00007ff72f510000 	C:\Program Files\Java\jdk-20\bin\java.exe
0x00007ff9e6e30000 - 0x00007ff9e7047000 	C:\WINDOWS\SYSTEM32\ntdll.dll
0x00007ff9e6060000 - 0x00007ff9e6124000 	C:\WINDOWS\System32\KERNEL32.DLL
0x00007ff9e4550000 - 0x00007ff9e48f6000 	C:\WINDOWS\System32\KERNELBASE.dll
0x00007ff9e4430000 - 0x00007ff9e4541000 	C:\WINDOWS\System32\ucrtbase.dll
0x00007ff9e0300000 - 0x00007ff9e031b000 	C:\Program Files\Java\jdk-20\bin\VCRUNTIME140.dll
0x00007ff9e0320000 - 0x00007ff9e0339000 	C:\Program Files\Java\jdk-20\bin\jli.dll
0x00007ff9e5610000 - 0x00007ff9e56c3000 	C:\WINDOWS\System32\ADVAPI32.dll
0x00007ff9e56e0000 - 0x00007ff9e5787000 	C:\WINDOWS\System32\msvcrt.dll
0x00007ff9e6d40000 - 0x00007ff9e6de8000 	C:\WINDOWS\System32\sechost.dll
0x00007ff9e43d0000 - 0x00007ff9e43f8000 	C:\WINDOWS\System32\bcrypt.dll
0x00007ff9e62e0000 - 0x00007ff9e63f7000 	C:\WINDOWS\System32\RPCRT4.dll
0x00007ff9e4ce0000 - 0x00007ff9e4e8e000 	C:\WINDOWS\System32\USER32.dll
0x00007ff9e4400000 - 0x00007ff9e4426000 	C:\WINDOWS\System32\win32u.dll
0x00007ff9e5580000 - 0x00007ff9e55a9000 	C:\WINDOWS\System32\GDI32.dll
0x00007ff9e4900000 - 0x00007ff9e4a18000 	C:\WINDOWS\System32\gdi32full.dll
0x00007ff9e4a20000 - 0x00007ff9e4aba000 	C:\WINDOWS\System32\msvcp_win.dll
0x00007ff9c4a60000 - 0x00007ff9c4cf3000 	C:\WINDOWS\WinSxS\amd64_microsoft.windows.common-controls_6595b64144ccf1df_6.0.22621.2506_none_270c5ae97388e100\COMCTL32.dll
0x00007ff9d8110000 - 0x00007ff9d811a000 	C:\WINDOWS\SYSTEM32\VERSION.dll
0x00007ff9e54e0000 - 0x00007ff9e5511000 	C:\WINDOWS\System32\IMM32.DLL
0x00007ff9e0850000 - 0x00007ff9e085c000 	C:\Program Files\Java\jdk-20\bin\vcruntime140_1.dll
0x00007ff9be640000 - 0x00007ff9be6ce000 	C:\Program Files\Java\jdk-20\bin\msvcp140.dll
0x00007ff977760000 - 0x00007ff9783f8000 	C:\Program Files\Java\jdk-20\bin\server\jvm.dll
0x00007ff9e0cf0000 - 0x00007ff9e0d24000 	C:\WINDOWS\SYSTEM32\WINMM.dll
0x00007ff9d7ed0000 - 0x00007ff9d7ed9000 	C:\WINDOWS\SYSTEM32\WSOCK32.dll
0x00007ff9e5e60000 - 0x00007ff9e5ed1000 	C:\WINDOWS\System32\WS2_32.dll
0x00007ff9e3200000 - 0x00007ff9e3218000 	C:\WINDOWS\SYSTEM32\kernel.appcore.dll
0x00007ff9e06a0000 - 0x00007ff9e06aa000 	C:\Program Files\Java\jdk-20\bin\jimage.dll
0x00007ff9e1990000 - 0x00007ff9e1bc3000 	C:\WINDOWS\SYSTEM32\DBGHELP.DLL
0x00007ff9e5150000 - 0x00007ff9e54d9000 	C:\WINDOWS\System32\combase.dll
0x00007ff9e4e90000 - 0x00007ff9e4f67000 	C:\WINDOWS\System32\OLEAUT32.dll
0x00007ff9e0cb0000 - 0x00007ff9e0ce2000 	C:\WINDOWS\SYSTEM32\dbgcore.DLL
0x00007ff9e4350000 - 0x00007ff9e43ca000 	C:\WINDOWS\System32\bcryptPrimitives.dll
0x00007ff9e02f0000 - 0x00007ff9e02fe000 	C:\Program Files\Java\jdk-20\bin\instrument.dll
0x00007ff9dd370000 - 0x00007ff9dd396000 	C:\Program Files\Java\jdk-20\bin\java.dll
0x00007ff9a0f20000 - 0x00007ff9a0ff7000 	C:\Program Files\Java\jdk-20\bin\jsvml.dll
0x00007ff9e64e0000 - 0x00007ff9e6d3b000 	C:\WINDOWS\System32\SHELL32.dll
0x00007ff9e2090000 - 0x00007ff9e2986000 	C:\WINDOWS\SYSTEM32\windows.storage.dll
0x00007ff9e1f50000 - 0x00007ff9e208e000 	C:\WINDOWS\SYSTEM32\wintypes.dll
0x00007ff9e5f60000 - 0x00007ff9e6053000 	C:\WINDOWS\System32\SHCORE.dll
0x00007ff9e5520000 - 0x00007ff9e557e000 	C:\WINDOWS\System32\shlwapi.dll
0x00007ff9e40a0000 - 0x00007ff9e40c6000 	C:\WINDOWS\SYSTEM32\profapi.dll
0x00007ff9e02d0000 - 0x00007ff9e02e3000 	C:\Program Files\Java\jdk-20\bin\net.dll
0x00007ff9de1b0000 - 0x00007ff9de2e7000 	C:\WINDOWS\SYSTEM32\WINHTTP.dll
0x00007ff9e36d0000 - 0x00007ff9e3739000 	C:\WINDOWS\system32\mswsock.dll
0x00007ff9e0100000 - 0x00007ff9e0116000 	C:\Program Files\Java\jdk-20\bin\nio.dll
0x00007ff9dd350000 - 0x00007ff9dd368000 	C:\Program Files\Java\jdk-20\bin\zip.dll
0x00007ff9dd230000 - 0x00007ff9dd24a000 	C:\Program Files\JetBrains\IntelliJ IDEA Community Edition 2023.2.2\bin\breakgen64.dll
0x000002992f270000 - 0x000002992f273000 	C:\Users\16473\.openjfx\cache\20.0.1+2\amd64\api-ms-win-core-console-l1-1-0.dll
0x000002992f280000 - 0x000002992f283000 	C:\Users\16473\.openjfx\cache\20.0.1+2\amd64\api-ms-win-core-console-l1-2-0.dll
0x000002992f290000 - 0x000002992f293000 	C:\Users\16473\.openjfx\cache\20.0.1+2\amd64\api-ms-win-core-datetime-l1-1-0.dll
0x000002992f2a0000 - 0x000002992f2a3000 	C:\Users\16473\.openjfx\cache\20.0.1+2\amd64\api-ms-win-core-debug-l1-1-0.dll
0x000002992f2b0000 - 0x000002992f2b3000 	C:\Users\16473\.openjfx\cache\20.0.1+2\amd64\api-ms-win-core-errorhandling-l1-1-0.dll
0x000002992f2c0000 - 0x000002992f2c4000 	C:\Users\16473\.openjfx\cache\20.0.1+2\amd64\api-ms-win-core-file-l1-1-0.dll
0x000002992f2d0000 - 0x000002992f2d3000 	C:\Users\16473\.openjfx\cache\20.0.1+2\amd64\api-ms-win-core-file-l1-2-0.dll
0x000002992f2e0000 - 0x000002992f2e3000 	C:\Users\16473\.openjfx\cache\20.0.1+2\amd64\api-ms-win-core-file-l2-1-0.dll
0x000002992f2f0000 - 0x000002992f2f3000 	C:\Users\16473\.openjfx\cache\20.0.1+2\amd64\api-ms-win-core-handle-l1-1-0.dll
0x000002992f300000 - 0x000002992f303000 	C:\Users\16473\.openjfx\cache\20.0.1+2\amd64\api-ms-win-core-heap-l1-1-0.dll
0x000002994d7c0000 - 0x000002994d7c3000 	C:\Users\16473\.openjfx\cache\20.0.1+2\amd64\api-ms-win-core-interlocked-l1-1-0.dll
0x000002994d7d0000 - 0x000002994d7d3000 	C:\Users\16473\.openjfx\cache\20.0.1+2\amd64\api-ms-win-core-libraryloader-l1-1-0.dll
0x000002994d7e0000 - 0x000002994d7e3000 	C:\Users\16473\.openjfx\cache\20.0.1+2\amd64\api-ms-win-core-localization-l1-2-0.dll
0x000002994d7f0000 - 0x000002994d7f3000 	C:\Users\16473\.openjfx\cache\20.0.1+2\amd64\api-ms-win-core-memory-l1-1-0.dll
0x00000299943d0000 - 0x00000299943d3000 	C:\Users\16473\.openjfx\cache\20.0.1+2\amd64\api-ms-win-core-namedpipe-l1-1-0.dll
0x00000299943e0000 - 0x00000299943e3000 	C:\Users\16473\.openjfx\cache\20.0.1+2\amd64\api-ms-win-core-processenvironment-l1-1-0.dll
0x00000299943f0000 - 0x00000299943f3000 	C:\Users\16473\.openjfx\cache\20.0.1+2\amd64\api-ms-win-core-processthreads-l1-1-0.dll
0x0000029994400000 - 0x0000029994403000 	C:\Users\16473\.openjfx\cache\20.0.1+2\amd64\api-ms-win-core-processthreads-l1-1-1.dll
0x0000029994410000 - 0x0000029994413000 	C:\Users\16473\.openjfx\cache\20.0.1+2\amd64\api-ms-win-core-profile-l1-1-0.dll
0x0000029994420000 - 0x0000029994423000 	C:\Users\16473\.openjfx\cache\20.0.1+2\amd64\api-ms-win-core-rtlsupport-l1-1-0.dll
0x0000029994430000 - 0x0000029994433000 	C:\Users\16473\.openjfx\cache\20.0.1+2\amd64\api-ms-win-core-string-l1-1-0.dll
0x0000029994440000 - 0x0000029994443000 	C:\Users\16473\.openjfx\cache\20.0.1+2\amd64\api-ms-win-core-synch-l1-1-0.dll
0x0000029994450000 - 0x0000029994453000 	C:\Users\16473\.openjfx\cache\20.0.1+2\amd64\api-ms-win-core-synch-l1-2-0.dll
0x0000029994460000 - 0x0000029994463000 	C:\Users\16473\.openjfx\cache\20.0.1+2\amd64\api-ms-win-core-sysinfo-l1-1-0.dll
0x0000029994470000 - 0x0000029994473000 	C:\Users\16473\.openjfx\cache\20.0.1+2\amd64\api-ms-win-core-timezone-l1-1-0.dll
0x0000029994480000 - 0x0000029994483000 	C:\Users\16473\.openjfx\cache\20.0.1+2\amd64\api-ms-win-core-util-l1-1-0.dll
0x0000029994490000 - 0x0000029994493000 	C:\Users\16473\.openjfx\cache\20.0.1+2\amd64\api-ms-win-crt-conio-l1-1-0.dll
0x00000299944a0000 - 0x00000299944a4000 	C:\Users\16473\.openjfx\cache\20.0.1+2\amd64\api-ms-win-crt-convert-l1-1-0.dll
0x00000299944b0000 - 0x00000299944b3000 	C:\Users\16473\.openjfx\cache\20.0.1+2\amd64\api-ms-win-crt-environment-l1-1-0.dll
0x00000299944c0000 - 0x00000299944c3000 	C:\Users\16473\.openjfx\cache\20.0.1+2\amd64\api-ms-win-crt-filesystem-l1-1-0.dll
0x00000299944d0000 - 0x00000299944d3000 	C:\Users\16473\.openjfx\cache\20.0.1+2\amd64\api-ms-win-crt-heap-l1-1-0.dll
0x00000299944e0000 - 0x00000299944e3000 	C:\Users\16473\.openjfx\cache\20.0.1+2\amd64\api-ms-win-crt-locale-l1-1-0.dll
0x00000299944f0000 - 0x00000299944f5000 	C:\Users\16473\.openjfx\cache\20.0.1+2\amd64\api-ms-win-crt-math-l1-1-0.dll
0x0000029994500000 - 0x0000029994505000 	C:\Users\16473\.openjfx\cache\20.0.1+2\amd64\api-ms-win-crt-multibyte-l1-1-0.dll
0x0000029994510000 - 0x0000029994520000 	C:\Users\16473\.openjfx\cache\20.0.1+2\amd64\api-ms-win-crt-private-l1-1-0.dll
0x0000029994520000 - 0x0000029994523000 	C:\Users\16473\.openjfx\cache\20.0.1+2\amd64\api-ms-win-crt-process-l1-1-0.dll
0x0000029994530000 - 0x0000029994534000 	C:\Users\16473\.openjfx\cache\20.0.1+2\amd64\api-ms-win-crt-runtime-l1-1-0.dll
0x0000029994540000 - 0x0000029994544000 	C:\Users\16473\.openjfx\cache\20.0.1+2\amd64\api-ms-win-crt-stdio-l1-1-0.dll
0x0000029994550000 - 0x0000029994554000 	C:\Users\16473\.openjfx\cache\20.0.1+2\amd64\api-ms-win-crt-string-l1-1-0.dll
0x0000029994560000 - 0x0000029994563000 	C:\Users\16473\.openjfx\cache\20.0.1+2\amd64\api-ms-win-crt-time-l1-1-0.dll
0x0000029994570000 - 0x0000029994573000 	C:\Users\16473\.openjfx\cache\20.0.1+2\amd64\api-ms-win-crt-utility-l1-1-0.dll
0x00007ff99f9c0000 - 0x00007ff99fabc000 	C:\Users\16473\.openjfx\cache\20.0.1+2\amd64\ucrtbase.dll
0x00007ff9dc0c0000 - 0x00007ff9dc0db000 	C:\Users\16473\.openjfx\cache\20.0.1+2\amd64\vcruntime140.dll
0x00007ff9dd340000 - 0x00007ff9dd34c000 	C:\Users\16473\.openjfx\cache\20.0.1+2\amd64\vcruntime140_1.dll
0x00007ff9a6720000 - 0x00007ff9a67ae000 	C:\Users\16473\.openjfx\cache\20.0.1+2\amd64\msvcp140.dll
0x00007ff9dbf00000 - 0x00007ff9dbf09000 	C:\Users\16473\.openjfx\cache\20.0.1+2\amd64\msvcp140_1.dll
0x00007ff9c2f70000 - 0x00007ff9c2fa0000 	C:\Users\16473\.openjfx\cache\20.0.1+2\amd64\msvcp140_2.dll
0x00007ff9bd480000 - 0x00007ff9bd4af000 	C:\Users\16473\.openjfx\cache\20.0.1+2\amd64\prism_d3d.dll
0x00007ff9bec10000 - 0x00007ff9bedb9000 	C:\WINDOWS\system32\d3d9.dll
0x00007ff9e0c80000 - 0x00007ff9e0cab000 	C:\WINDOWS\SYSTEM32\dwmapi.dll
0x00007ff9e1400000 - 0x00007ff9e1439000 	C:\WINDOWS\SYSTEM32\dxcore.dll
0x00007ff9e0a00000 - 0x00007ff9e0aab000 	C:\WINDOWS\system32\uxtheme.dll
0x00007ff9beb60000 - 0x00007ff9bec10000 	C:\WINDOWS\SYSTEM32\d3d9on12.dll
0x00007ff9e0b70000 - 0x00007ff9e0c68000 	C:\WINDOWS\SYSTEM32\dxgi.dll
0x00007ff9dbf70000 - 0x00007ff9dbf99000 	C:\WINDOWS\SYSTEM32\d3d12.dll
0x00007ff9e3e60000 - 0x00007ff9e3eae000 	C:\WINDOWS\SYSTEM32\cfgmgr32.dll
0x00007ff964650000 - 0x00007ff964853000 	C:\WINDOWS\SYSTEM32\D3D12Core.dll
0x00007ff969990000 - 0x00007ff969a97000 	C:\WINDOWS\System32\DriverStore\FileRepository\iigd_dch.inf_amd64_83257a102e1a6c76\igd12umd64.dll
0x00007ff963010000 - 0x00007ff963f15000 	C:\WINDOWS\System32\DriverStore\FileRepository\iigd_dch.inf_amd64_83257a102e1a6c76\igd12um64xel.dll
0x00007ff9e41e0000 - 0x00007ff9e4346000 	C:\WINDOWS\System32\CRYPT32.dll
0x00007ff9e6130000 - 0x00007ff9e62d0000 	C:\WINDOWS\System32\ole32.dll
0x00007ff9b7240000 - 0x00007ff9b7284000 	C:\WINDOWS\SYSTEM32\ControlLib.dll
0x00007ff9e57a0000 - 0x00007ff9e5c14000 	C:\WINDOWS\System32\SETUPAPI.dll
0x00007ff9e3e30000 - 0x00007ff9e3e5c000 	C:\WINDOWS\SYSTEM32\DEVOBJ.dll
0x00007ff9d81c0000 - 0x00007ff9d824b000 	C:\WINDOWS\System32\DriverStore\FileRepository\iigd_dch.inf_amd64_83257a102e1a6c76\IntelControlLib.dll
0x00007ff9e4170000 - 0x00007ff9e41db000 	C:\WINDOWS\System32\WINTRUST.dll
0x00007ff9e3e10000 - 0x00007ff9e3e22000 	C:\WINDOWS\SYSTEM32\MSASN1.dll
0x00007ff9dd5f0000 - 0x00007ff9dd63a000 	C:\WINDOWS\SYSTEM32\directxdatabasehelper.dll
0x00007ff9d7800000 - 0x00007ff9d7c38000 	C:\WINDOWS\System32\DriverStore\FileRepository\iigd_dch.inf_amd64_83257a102e1a6c76\igdgmm64.dll
0x00007ff9d38e0000 - 0x00007ff9d778d000 	C:\WINDOWS\System32\DriverStore\FileRepository\iigd_dch.inf_amd64_83257a102e1a6c76\igc64.dll
0x00007ff9cde90000 - 0x00007ff9cdebf000 	C:\WINDOWS\SYSTEM32\D3DSCache.dll
0x00007ff9e3770000 - 0x00007ff9e379c000 	C:\WINDOWS\SYSTEM32\USERENV.dll
0x00007ff964350000 - 0x00007ff96464c000 	C:\WINDOWS\System32\DriverStore\FileRepository\iigd_dch.inf_amd64_83257a102e1a6c76\igd12dxva64.dll
0x00007ff97f360000 - 0x00007ff980543000 	C:\WINDOWS\System32\DriverStore\FileRepository\iigd_dch.inf_amd64_83257a102e1a6c76\igddxvacommon64.dll
0x00007ff97d630000 - 0x00007ff97f351000 	C:\WINDOWS\System32\DriverStore\FileRepository\iigd_dch.inf_amd64_83257a102e1a6c76\media_bin_64.dll
0x00007ff9810d0000 - 0x00007ff9810f7000 	C:\WINDOWS\System32\DriverStore\FileRepository\iigd_dch.inf_amd64_83257a102e1a6c76\igdinfo64.dll
0x00007ff9e39c0000 - 0x00007ff9e39db000 	C:\WINDOWS\SYSTEM32\CRYPTSP.dll
0x00007ff9e31c0000 - 0x00007ff9e31f5000 	C:\WINDOWS\system32\rsaenh.dll
0x00007ff9e38d0000 - 0x00007ff9e38dc000 	C:\WINDOWS\SYSTEM32\CRYPTBASE.dll
0x00007ff9b9d20000 - 0x00007ff9b9d62000 	C:\Users\16473\.openjfx\cache\20.0.1+2\amd64\glass.dll

dbghelp: loaded successfully - version: 4.0.5 - missing functions: none
symbol engine: initialized successfully - sym options: 0x614 - pdb path: .;C:\Program Files\Java\jdk-20\bin;C:\WINDOWS\SYSTEM32;C:\WINDOWS\WinSxS\amd64_microsoft.windows.common-controls_6595b64144ccf1df_6.0.22621.2506_none_270c5ae97388e100;C:\Program Files\Java\jdk-20\bin\server;C:\Program Files\JetBrains\IntelliJ IDEA Community Edition 2023.2.2\bin;C:\Users\16473\.openjfx\cache\20.0.1+2\amd64;C:\WINDOWS\System32\DriverStore\FileRepository\iigd_dch.inf_amd64_83257a102e1a6c76;C:\Program Files\Common Files\Microsoft Shared\Ink

VM Arguments:
jvm_args: -javaagent:C:\Program Files\JetBrains\IntelliJ IDEA Community Edition 2023.2.2\lib\idea_rt.jar=51328:C:\Program Files\JetBrains\IntelliJ IDEA Community Edition 2023.2.2\bin -Dfile.encoding=UTF-8 -Dsun.stdout.encoding=UTF-8 -Dsun.stderr.encoding=UTF-8 --module-path=C:\Users\16473\.m2\repository\org\openjfx\javafx-controls\20.0.1\javafx-controls-20.0.1-win.jar;C:\Users\16473\Desktop\GraphicalUserInterface\target\classes;C:\Users\16473\.m2\repository\org\openjfx\javafx-graphics\20.0.1\javafx-graphics-20.0.1-win.jar;C:\Users\16473\.m2\repository\org\openjfx\javafx-base\20.0.1\javafx-base-20.0.1-win.jar;C:\Users\16473\.m2\repository\org\openjfx\javafx-fxml\20.0.1\javafx-fxml-20.0.1-win.jar -Djdk.module.main=com.example.graphicaluserinterface 
java_command: com.example.graphicaluserinterface/com.example.graphicaluserinterface.MySQLChartApp
java_class_path (initial): C:\Users\16473\.m2\repository\org\openjfx\javafx-controls\20.0.1\javafx-controls-20.0.1.jar;C:\Users\16473\.m2\repository\org\openjfx\javafx-graphics\20.0.1\javafx-graphics-20.0.1.jar;C:\Users\16473\.m2\repository\org\openjfx\javafx-base\20.0.1\javafx-base-20.0.1.jar;C:\Users\16473\.m2\repository\org\openjfx\javafx-fxml\20.0.1\javafx-fxml-20.0.1.jar;C:\Users\16473\Desktop\mysql-connector-j-8.3.0\mysql-connector-j-8.3.0.jar
Launcher Type: SUN_STANDARD

[Global flags]
     intx CICompilerCount                          = 4                                         {product} {ergonomic}
     uint ConcGCThreads                            = 3                                         {product} {ergonomic}
     uint G1ConcRefinementThreads                  = 10                                        {product} {ergonomic}
   size_t G1HeapRegionSize                         = 2097152                                   {product} {ergonomic}
    uintx GCDrainStackTargetSize                   = 64                                        {product} {ergonomic}
   size_t InitialHeapSize                          = 197132288                                 {product} {ergonomic}
   size_t MarkStackSize                            = 4194304                                   {product} {ergonomic}
   size_t MaxHeapSize                              = 3149922304                                {product} {ergonomic}
   size_t MaxNewSize                               = 1889533952                                {product} {ergonomic}
   size_t MinHeapDeltaBytes                        = 2097152                                   {product} {ergonomic}
   size_t MinHeapSize                              = 8388608                                   {product} {ergonomic}
    uintx NonNMethodCodeHeapSize                   = 5839372                                {pd product} {ergonomic}
    uintx NonProfiledCodeHeapSize                  = 122909434                              {pd product} {ergonomic}
    uintx ProfiledCodeHeapSize                     = 122909434                              {pd product} {ergonomic}
    uintx ReservedCodeCacheSize                    = 251658240                              {pd product} {ergonomic}
     bool SegmentedCodeCache                       = true                                      {product} {ergonomic}
   size_t SoftMaxHeapSize                          = 3149922304                             {manageable} {ergonomic}
     bool UseCompressedClassPointers               = true                           {product lp64_product} {ergonomic}
     bool UseCompressedOops                        = true                           {product lp64_product} {ergonomic}
     bool UseG1GC                                  = true                                      {product} {ergonomic}
     bool UseLargePagesIndividualAllocation        = false                                  {pd product} {ergonomic}

Logging:
Log output configuration:
 #0: stdout all=warning uptime,level,tags foldmultilines=false
 #1: stderr all=off uptime,level,tags foldmultilines=false

Environment Variables:
PATH=C:\Program Files\Common Files\Oracle\Java\javapath;C:\WINDOWS\system32;C:\WINDOWS;C:\WINDOWS\System32\Wbem;C:\WINDOWS\System32\WindowsPowerShell\v1.0\;C:\WINDOWS\System32\OpenSSH\;C:\Program Files\Microsoft SQL Server\150\Tools\Binn\;C:\Program Files\Microsoft SQL Server\Client SDK\ODBC\170\Tools\Binn\;C:\Program Files\dotnet\;C:\Program Files\Git\cmd;C:\Users\16473\AppData\Local\Microsoft\WindowsApps;C:\Users\16473\AppData\Local\Programs\Microsoft VS Code\bin;C:\Users\16473\AppData\Local\GitHubDesktop\bin;C:\Users\16473\.dotnet\tools
USERNAME=16473
OS=Windows_NT
PROCESSOR_IDENTIFIER=Intel64 Family 6 Model 154 Stepping 4, GenuineIntel
TMP=C:\Users\16473\AppData\Local\Temp
TEMP=C:\Users\16473\AppData\Local\Temp




---------------  S Y S T E M  ---------------

OS:
 Windows 11 , 64 bit Build 22621 (10.0.22621.3085)
OS uptime: 7 days 18:57 hours
Hyper-V role detected

CPU: total 12 (initial active 12) (6 cores per cpu, 2 threads per core) family 6 model 154 stepping 4 microcode 0x416, cx8, cmov, fxsr, ht, mmx, 3dnowpref, sse, sse2, sse3, ssse3, sse4.1, sse4.2, popcnt, lzcnt, tsc, tscinvbit, avx, avx2, aes, erms, clmul, bmi1, bmi2, adx, sha, fma, vzeroupper, clflush, clflushopt, clwb, hv, serialize, rdtscp, rdpid, fsrm, f16c, cet_ibt, cet_ss

Memory: 4k page, system-wide physical 12012M (1545M free)
TotalPageFile size 16108M (AvailPageFile size 5M)
current process WorkingSet (physical memory assigned to process): 144M, peak: 144M
current process commit charge ("private bytes"): 346M, peak: 378M

vm_info: Java HotSpot(TM) 64-Bit Server VM (20.0.2+9-78) for windows-amd64 JRE (20.0.2+9-78), built on 2023-06-14T10:08:48Z by "mach5one" with MS VC++ 17.1 (VS2022)

END.
