#
# There is insufficient memory for the Java Runtime Environment to continue.
# Native memory allocation (malloc) failed to allocate 159536 bytes for Chunk::new
# Possible reasons:
#   The system is out of physical RAM or swap space
#   The process is running with CompressedOops enabled, and the Java Heap may be blocking the growth of the native heap
# Possible solutions:
#   Reduce memory load on the system
#   Increase physical memory or swap space
#   Check if swap backing store is full
#   Decrease Java heap size (-Xmx/-Xms)
#   Decrease number of Java threads
#   Decrease Java thread stack sizes (-Xss)
#   Set larger code cache with -XX:ReservedCodeCacheSize=
#   JVM is running with Zero Based Compressed Oops mode in which the Java heap is
#     placed in the first 32GB address space. The Java Heap base address is the
#     maximum limit for the native heap growth. Please use -XX:HeapBaseMinAddress
#     to set the Java Heap base and to place the Java Heap above 32GB virtual address.
# This output file may be truncated or incomplete.
#
#  Out of Memory Error (arena.cpp:184), pid=2216, tid=25508
#
# JRE version: Java(TM) SE Runtime Environment (20.0.2+9) (build 20.0.2+9-78)
# Java VM: Java HotSpot(TM) 64-Bit Server VM (20.0.2+9-78, mixed mode, sharing, tiered, compressed oops, compressed class ptrs, g1 gc, windows-amd64)
# No core dump will be written. Minidumps are not enabled by default on client versions of Windows
#

---------------  S U M M A R Y ------------

Command Line: -javaagent:C:\Program Files\JetBrains\IntelliJ IDEA Community Edition 2023.2.2\lib\idea_rt.jar=50572:C:\Program Files\JetBrains\IntelliJ IDEA Community Edition 2023.2.2\bin -Dfile.encoding=UTF-8 -Dsun.stdout.encoding=UTF-8 -Dsun.stderr.encoding=UTF-8 --module-path=C:\Users\16473\.m2\repository\org\openjfx\javafx-graphics\20.0.1\javafx-graphics-20.0.1-win.jar;C:\Users\16473\.m2\repository\org\openjfx\javafx-controls\20.0.1\javafx-controls-20.0.1-win.jar;C:\Users\16473\.m2\repository\org\openjfx\javafx-fxml\20.0.1\javafx-fxml-20.0.1-win.jar;C:\Users\16473\Desktop\GraphicalUserInterface\target\classes;C:\Users\16473\.m2\repository\org\openjfx\javafx-base\20.0.1\javafx-base-20.0.1-win.jar -Djdk.module.main=com.example.graphicaluserinterface com.example.graphicaluserinterface/com.example.graphicaluserinterface.MySQLChartApp

Host: 12th Gen Intel(R) Core(TM) i7-1255U, 12 cores, 11G,  Windows 11 , 64 bit Build 22621 (10.0.22621.3085)
Time: Mon Mar  4 20:11:44 2024 Eastern Standard Time elapsed time: 51.087049 seconds (0d 0h 0m 51s)

---------------  T H R E A D  ---------------

Current thread (0x000001d52b9de2d0):  JavaThread "C2 CompilerThread0" daemon [_thread_in_native, id=25508, stack(0x0000008a42800000,0x0000008a42900000)]


Current CompileTask:
C2:  51087 5272       4       java.text.DecimalFormat::expandAffix (200 bytes)

Stack: [0x0000008a42800000,0x0000008a42900000]
Native frames: (J=compiled Java code, j=interpreted, Vv=VM code, C=native code)
V  [jvm.dll+0x6bc25a]
V  [jvm.dll+0x84971a]
V  [jvm.dll+0x84b315]
V  [jvm.dll+0x84ba13]
V  [jvm.dll+0x280e4f]
V  [jvm.dll+0xc2ab1]
V  [jvm.dll+0xc2dd5]
V  [jvm.dll+0x3bb612]
V  [jvm.dll+0x1e6f13]
V  [jvm.dll+0x24b67b]
V  [jvm.dll+0x24a921]
V  [jvm.dll+0x1ce761]
V  [jvm.dll+0x25a0eb]
V  [jvm.dll+0x2587c0]
V  [jvm.dll+0x3f2dd5]
V  [jvm.dll+0x7f5c76]
V  [jvm.dll+0x6baecb]
C  [ucrtbase.dll+0x29363]
C  [KERNEL32.DLL+0x1257d]
C  [ntdll.dll+0x5aa58]


---------------  P R O C E S S  ---------------

Threads class SMR info:
_java_thread_list=0x000001d5729785b0, length=22, elements={
0x000001d50d6e0b50, 0x000001d52b9c51d0, 0x000001d52b9c5c70, 0x000001d52b9c8e70,
0x000001d52b9cec60, 0x000001d52b9cf6d0, 0x000001d52b9d0140, 0x000001d52b9de2d0,
0x000001d52b9feec0, 0x000001d570c8d3c0, 0x000001d570ef59f0, 0x000001d571095110,
0x000001d5711f1990, 0x000001d57178d9f0, 0x000001d57178df40, 0x000001d57178e490,
0x000001d57178f9d0, 0x000001d57178ff20, 0x000001d5728c0300, 0x000001d5728c32d0,
0x000001d570e11090, 0x000001d57ac56ab0
}

Java Threads: ( => current thread )
  0x000001d50d6e0b50 JavaThread "main" [_thread_blocked, id=2800, stack(0x0000008a41b00000,0x0000008a41c00000)]
  0x000001d52b9c51d0 JavaThread "Reference Handler" daemon [_thread_blocked, id=22272, stack(0x0000008a42200000,0x0000008a42300000)]
  0x000001d52b9c5c70 JavaThread "Finalizer" daemon [_thread_blocked, id=23632, stack(0x0000008a42300000,0x0000008a42400000)]
  0x000001d52b9c8e70 JavaThread "Signal Dispatcher" daemon [_thread_blocked, id=25260, stack(0x0000008a42400000,0x0000008a42500000)]
  0x000001d52b9cec60 JavaThread "Attach Listener" daemon [_thread_blocked, id=23484, stack(0x0000008a42500000,0x0000008a42600000)]
  0x000001d52b9cf6d0 JavaThread "Service Thread" daemon [_thread_blocked, id=20464, stack(0x0000008a42600000,0x0000008a42700000)]
  0x000001d52b9d0140 JavaThread "Monitor Deflation Thread" daemon [_thread_blocked, id=3660, stack(0x0000008a42700000,0x0000008a42800000)]
=>0x000001d52b9de2d0 JavaThread "C2 CompilerThread0" daemon [_thread_in_native, id=25508, stack(0x0000008a42800000,0x0000008a42900000)]
  0x000001d52b9feec0 JavaThread "C1 CompilerThread0" daemon [_thread_blocked, id=17624, stack(0x0000008a42900000,0x0000008a42a00000)]
  0x000001d570c8d3c0 JavaThread "Common-Cleaner" daemon [_thread_blocked, id=7476, stack(0x0000008a42a00000,0x0000008a42b00000)]
  0x000001d570ef59f0 JavaThread "Monitor Ctrl-Break" daemon [_thread_in_native, id=12244, stack(0x0000008a42d00000,0x0000008a42e00000)]
  0x000001d571095110 JavaThread "Notification Thread" daemon [_thread_blocked, id=10028, stack(0x0000008a42e00000,0x0000008a42f00000)]
  0x000001d5711f1990 JavaThread "QuantumRenderer-0" daemon [_thread_in_Java, id=12060, stack(0x0000008a42b00000,0x0000008a42c00000)]
  0x000001d57178d9f0 JavaThread "InvokeLaterDispatcher" daemon [_thread_blocked, id=11484, stack(0x0000008a43400000,0x0000008a43500000)]
  0x000001d57178df40 JavaThread "JavaFX Application Thread" [_thread_in_native, id=5216, stack(0x0000008a43500000,0x0000008a43600000)]
  0x000001d57178e490 JavaThread "Thread-1" daemon [_thread_in_native, id=22516, stack(0x0000008a43700000,0x0000008a43800000)]
  0x000001d57178f9d0 JavaThread "JavaFX-Launcher" [_thread_blocked, id=3196, stack(0x0000008a43800000,0x0000008a43900000)]
  0x000001d57178ff20 JavaThread "mysql-cj-abandoned-connection-cleanup" daemon [_thread_blocked, id=4152, stack(0x0000008a43f00000,0x0000008a44000000)]
  0x000001d5728c0300 JavaThread "Prism Font Disposer" daemon [_thread_blocked, id=344, stack(0x0000008a44700000,0x0000008a44800000)]
  0x000001d5728c32d0 JavaThread "Cleaner-0" daemon [_thread_blocked, id=10732, stack(0x0000008a44900000,0x0000008a44a00000)]
  0x000001d570e11090 JavaThread "C2 CompilerThread1" daemon [_thread_in_native, id=4836, stack(0x0000008a44d00000,0x0000008a44e00000)]
  0x000001d57ac56ab0 JavaThread "C2 CompilerThread2" daemon [_thread_in_native, id=9508, stack(0x0000008a44e00000,0x0000008a44f00000)]

Other Threads:
  0x000001d52b9a47b0 VMThread "VM Thread" [stack: 0x0000008a42100000,0x0000008a42200000] [id=21724]
  0x000001d570ffe4f0 WatcherThread "VM Periodic Task Thread" [stack: 0x0000008a42f00000,0x0000008a43000000] [id=7412]
  0x000001d50d73e1d0 WorkerThread "GC Thread#0" [stack: 0x0000008a41c00000,0x0000008a41d00000] [id=4576]
  0x000001d572805610 WorkerThread "GC Thread#1" [stack: 0x0000008a43900000,0x0000008a43a00000] [id=24676]
  0x000001d572805bb0 WorkerThread "GC Thread#2" [stack: 0x0000008a43a00000,0x0000008a43b00000] [id=13660]
  0x000001d572806420 WorkerThread "GC Thread#3" [stack: 0x0000008a43b00000,0x0000008a43c00000] [id=7460]
  0x000001d572805e80 WorkerThread "GC Thread#4" [stack: 0x0000008a43c00000,0x0000008a43d00000] [id=7296]
  0x000001d5728066f0 WorkerThread "GC Thread#5" [stack: 0x0000008a43d00000,0x0000008a43e00000] [id=13308]
  0x000001d572806150 WorkerThread "GC Thread#6" [stack: 0x0000008a43e00000,0x0000008a43f00000] [id=584]
  0x000001d5728058e0 WorkerThread "GC Thread#7" [stack: 0x0000008a44400000,0x0000008a44500000] [id=12156]
  0x000001d572cd5630 WorkerThread "GC Thread#8" [stack: 0x0000008a44500000,0x0000008a44600000] [id=8200]
  0x000001d572cd6440 WorkerThread "GC Thread#9" [stack: 0x0000008a44600000,0x0000008a44700000] [id=16732]
  0x000001d50d74aba0 ConcurrentGCThread "G1 Main Marker" [stack: 0x0000008a41d00000,0x0000008a41e00000] [id=24384]
  0x000001d50d74b670 WorkerThread "G1 Conc#0" [stack: 0x0000008a41e00000,0x0000008a41f00000] [id=9308]
  0x000001d572cd5ea0 WorkerThread "G1 Conc#1" [stack: 0x0000008a44000000,0x0000008a44100000] [id=14068]
  0x000001d572cd5900 WorkerThread "G1 Conc#2" [stack: 0x0000008a44800000,0x0000008a44900000] [id=20928]
  0x000001d52b8654e0 ConcurrentGCThread "G1 Refine#0" [stack: 0x0000008a41f00000,0x0000008a42000000] [id=8136]
  0x000001d50d79e310 ConcurrentGCThread "G1 Service" [stack: 0x0000008a42000000,0x0000008a42100000] [id=18836]

Threads with active compile tasks:
C2 CompilerThread0    51153 5272       4       java.text.DecimalFormat::expandAffix (200 bytes)
C2 CompilerThread1    51153 5273       4       java.util.stream.AbstractPipeline::evaluate (94 bytes)
C2 CompilerThread2    51153 5085 %     4       com.sun.marlin.Renderer::_endRendering @ 787 (2639 bytes)

VM state: not at safepoint (normal execution)

VM Mutex/Monitor currently owned by a thread: None

Heap address: 0x0000000744400000, size: 3004 MB, Compressed Oops mode: Zero based, Oop shift amount: 3

CDS archive(s) mapped at: [0x000001d52bc00000-0x000001d52c860000-0x000001d52c860000), size 12976128, SharedBaseAddress: 0x000001d52bc00000, ArchiveRelocationMode: 1.
Compressed class space mapped at: 0x000001d52cc00000-0x000001d56cc00000, reserved size: 1073741824
Narrow klass base: 0x000001d52bc00000, Narrow klass shift: 0, Narrow klass range: 0x100000000

GC Precious Log:
 CardTable entry size: 512
 Card Set container configuration: InlinePtr #cards 4 size 8 Array Of Cards #cards 16 size 48 Howl #buckets 8 coarsen threshold 3686 Howl Bitmap #cards 512 size 80 coarsen threshold 460 Card regions per heap region 1 cards per card region 4096
 CPUs: 12 total, 12 available
 Memory: 12012M
 Large Page Support: Disabled
 NUMA Support: Disabled
 Compressed Oops: Enabled (Zero based)
 Heap Region Size: 2M
 Heap Min Capacity: 8M
 Heap Initial Capacity: 188M
 Heap Max Capacity: 3004M
 Pre-touch: Disabled
 Parallel Workers: 10
 Concurrent Workers: 3
 Concurrent Refinement Workers: 10
 Periodic GC: Disabled

Heap:
 garbage-first heap   total 57344K, used 27787K [0x0000000744400000, 0x0000000800000000)
  region size 2048K, 12 young (24576K), 4 survivors (8192K)
 Metaspace       used 26291K, committed 26624K, reserved 1114112K
  class space    used 3545K, committed 3712K, reserved 1048576K

Heap Regions: E=young(eden), S=young(survivor), O=old, HS=humongous(starts), HC=humongous(continues), CS=collection set, F=free, OA=open archive, CA=closed archive, TAMS=top-at-mark-start, PB=parsable bottom
|   0|0x0000000744400000, 0x0000000744600000, 0x0000000744600000|100%| O|  |TAMS 0x0000000744400000| PB 0x0000000744400000| Untracked 
|   1|0x0000000744600000, 0x0000000744722c00, 0x0000000744800000| 56%| O|  |TAMS 0x0000000744600000| PB 0x0000000744600000| Complete 
|   2|0x0000000744800000, 0x0000000744a00000, 0x0000000744a00000|100%|HS|  |TAMS 0x0000000744800000| PB 0x0000000744800000| Complete 
|   3|0x0000000744a00000, 0x0000000744a00000, 0x0000000744c00000|  0%| F|  |TAMS 0x0000000744a00000| PB 0x0000000744a00000| Untracked 
|   4|0x0000000744c00000, 0x0000000744c00000, 0x0000000744e00000|  0%| F|  |TAMS 0x0000000744c00000| PB 0x0000000744c00000| Untracked 
|   5|0x0000000744e00000, 0x0000000744e00000, 0x0000000745000000|  0%| F|  |TAMS 0x0000000744e00000| PB 0x0000000744e00000| Untracked 
|   6|0x0000000745000000, 0x0000000745000000, 0x0000000745200000|  0%| F|  |TAMS 0x0000000745000000| PB 0x0000000745000000| Untracked 
|   7|0x0000000745200000, 0x0000000745200000, 0x0000000745400000|  0%| F|  |TAMS 0x0000000745200000| PB 0x0000000745200000| Untracked 
|   8|0x0000000745400000, 0x0000000745400000, 0x0000000745600000|  0%| F|  |TAMS 0x0000000745400000| PB 0x0000000745400000| Untracked 
|   9|0x0000000745600000, 0x0000000745600000, 0x0000000745800000|  0%| F|  |TAMS 0x0000000745600000| PB 0x0000000745600000| Untracked 
|  10|0x0000000745800000, 0x0000000745800000, 0x0000000745a00000|  0%| F|  |TAMS 0x0000000745800000| PB 0x0000000745800000| Untracked 
|  11|0x0000000745a00000, 0x0000000745a00000, 0x0000000745c00000|  0%| F|  |TAMS 0x0000000745a00000| PB 0x0000000745a00000| Untracked 
|  12|0x0000000745c00000, 0x0000000745c00000, 0x0000000745e00000|  0%| F|  |TAMS 0x0000000745c00000| PB 0x0000000745c00000| Untracked 
|  13|0x0000000745e00000, 0x0000000745e00000, 0x0000000746000000|  0%| F|  |TAMS 0x0000000745e00000| PB 0x0000000745e00000| Untracked 
|  14|0x0000000746000000, 0x0000000746000000, 0x0000000746200000|  0%| F|  |TAMS 0x0000000746000000| PB 0x0000000746000000| Untracked 
|  15|0x0000000746200000, 0x0000000746200000, 0x0000000746400000|  0%| F|  |TAMS 0x0000000746200000| PB 0x0000000746200000| Untracked 
|  16|0x0000000746400000, 0x0000000746500800, 0x0000000746600000| 50%| E|  |TAMS 0x0000000746400000| PB 0x0000000746400000| Complete 
|  17|0x0000000746600000, 0x0000000746800000, 0x0000000746800000|100%| E|CS|TAMS 0x0000000746600000| PB 0x0000000746600000| Complete 
|  18|0x0000000746800000, 0x0000000746a00000, 0x0000000746a00000|100%| E|CS|TAMS 0x0000000746800000| PB 0x0000000746800000| Complete 
|  19|0x0000000746a00000, 0x0000000746c00000, 0x0000000746c00000|100%| S|CS|TAMS 0x0000000746a00000| PB 0x0000000746a00000| Complete 
|  20|0x0000000746c00000, 0x0000000746e00000, 0x0000000746e00000|100%| S|CS|TAMS 0x0000000746c00000| PB 0x0000000746c00000| Complete 
|  21|0x0000000746e00000, 0x0000000747000000, 0x0000000747000000|100%| S|CS|TAMS 0x0000000746e00000| PB 0x0000000746e00000| Complete 
|  22|0x0000000747000000, 0x0000000747200000, 0x0000000747200000|100%| S|CS|TAMS 0x0000000747000000| PB 0x0000000747000000| Complete 
|  85|0x000000074ee00000, 0x000000074f000000, 0x000000074f000000|100%| E|CS|TAMS 0x000000074ee00000| PB 0x000000074ee00000| Complete 
|  86|0x000000074f000000, 0x000000074f200000, 0x000000074f200000|100%| E|CS|TAMS 0x000000074f000000| PB 0x000000074f000000| Complete 
|  87|0x000000074f200000, 0x000000074f400000, 0x000000074f400000|100%| E|CS|TAMS 0x000000074f200000| PB 0x000000074f200000| Complete 
|  88|0x000000074f400000, 0x000000074f600000, 0x000000074f600000|100%| E|CS|TAMS 0x000000074f400000| PB 0x000000074f400000| Complete 
|  93|0x000000074fe00000, 0x0000000750000000, 0x0000000750000000|100%| E|CS|TAMS 0x000000074fe00000| PB 0x000000074fe00000| Complete 

Card table byte_map: [0x000001d5252e0000,0x000001d5258c0000] _byte_map_base: 0x000001d5218be000

Marking Bits: (CMBitMap*) 0x000001d50d73e700
 Bits: [0x000001d525ea0000, 0x000001d528d90000)

Polling page: 0x000001d50b470000

Metaspace:

Usage:
  Non-class:     22.21 MB used.
      Class:      3.46 MB used.
       Both:     25.68 MB used.

Virtual space:
  Non-class space:       64.00 MB reserved,      22.38 MB ( 35%) committed,  1 nodes.
      Class space:        1.00 GB reserved,       3.62 MB ( <1%) committed,  1 nodes.
             Both:        1.06 GB reserved,      26.00 MB (  2%) committed. 

Chunk freelists:
   Non-Class:  1.38 MB
       Class:  272.00 KB
        Both:  1.64 MB

MaxMetaspaceSize: unlimited
CompressedClassSpaceSize: 1.00 GB
Initial GC threshold: 21.00 MB
Current GC threshold: 35.25 MB
CDS: on
MetaspaceReclaimPolicy: balanced
 - commit_granule_bytes: 65536.
 - commit_granule_words: 8192.
 - virtual_space_node_default_size: 8388608.
 - enlarge_chunks_in_place: 1.
 - new_chunks_are_fully_committed: 0.
 - uncommit_free_chunks: 1.
 - use_allocation_guard: 0.


Internal statistics:

num_allocs_failed_limit: 3.
num_arena_births: 268.
num_arena_deaths: 0.
num_vsnodes_births: 2.
num_vsnodes_deaths: 0.
num_space_committed: 416.
num_space_uncommitted: 0.
num_chunks_returned_to_freelist: 3.
num_chunks_taken_from_freelist: 1005.
num_chunk_merges: 3.
num_chunk_splits: 729.
num_chunks_enlarged: 578.
num_inconsistent_stats: 0.

CodeHeap 'non-profiled nmethods': size=120000Kb used=2651Kb max_used=2651Kb free=117348Kb
 bounds [0x000001d51d280000, 0x000001d51d520000, 0x000001d5247b0000]
CodeHeap 'profiled nmethods': size=120000Kb used=10853Kb max_used=10853Kb free=109147Kb
 bounds [0x000001d5157b0000, 0x000001d516250000, 0x000001d51cce0000]
CodeHeap 'non-nmethods': size=5760Kb used=1979Kb max_used=2025Kb free=3781Kb
 bounds [0x000001d51cce0000, 0x000001d51cf50000, 0x000001d51d280000]
 total_blobs=6191 nmethods=5283 adapters=816
 compilation: enabled
              stopped_count=0, restarted_count=0
 full_count=0

Compilation events (20 events):
Event: 51.040 Thread 0x000001d52b9feec0 5281       3       java.lang.Double::compareTo (9 bytes)
Event: 51.041 Thread 0x000001d52b9feec0 nmethod 5281 0x000001d516242190 code [0x000001d516242340, 0x000001d5162425d8]
Event: 51.041 Thread 0x000001d52b9feec0 5282       3       java.lang.Double::compareTo (12 bytes)
Event: 51.041 Thread 0x000001d52b9feec0 nmethod 5282 0x000001d516242710 code [0x000001d5162428a0, 0x000001d5162429e0]
Event: 51.046 Thread 0x000001d52b9feec0 5283       3       com.sun.javafx.geom.transform.Affine2D::getDegree (4 bytes)
Event: 51.046 Thread 0x000001d52b9feec0 nmethod 5283 0x000001d516242a90 code [0x000001d516242c20, 0x000001d516242d38]
Event: 51.058 Thread 0x000001d52b9feec0 5284       3       com.sun.javafx.binding.BindingHelperObserver::invalidated (32 bytes)
Event: 51.059 Thread 0x000001d52b9feec0 nmethod 5284 0x000001d516242e10 code [0x000001d516242fe0, 0x000001d5162434d0]
Event: 51.059 Thread 0x000001d52b9feec0 5285       3       javafx.beans.binding.StringBinding::invalidate (24 bytes)
Event: 51.060 Thread 0x000001d52b9feec0 nmethod 5285 0x000001d516243610 code [0x000001d5162437c0, 0x000001d516243b48]
Event: 51.065 Thread 0x000001d52b9feec0 5286       3       com.sun.prism.impl.shape.DMarlinPrismUtils::nearZero (22 bytes)
Event: 51.066 Thread 0x000001d52b9feec0 nmethod 5286 0x000001d516243c90 code [0x000001d516243e60, 0x000001d516244028]
Event: 51.066 Thread 0x000001d52b9feec0 5287       3       com.sun.marlin.TransformingPathConsumer2D::deltaTransformConsumer (150 bytes)
Event: 51.068 Thread 0x000001d52b9feec0 nmethod 5287 0x000001d516244110 code [0x000001d516244360, 0x000001d516244dc8]
Event: 51.068 Thread 0x000001d52b9feec0 5288       3       com.sun.marlin.Stroker::pathDone (35 bytes)
Event: 51.069 Thread 0x000001d52b9feec0 nmethod 5288 0x000001d516245110 code [0x000001d5162452c0, 0x000001d5162455e0]
Event: 51.070 Thread 0x000001d52b9feec0 5289       3       javafx.scene.Node$NodeTransformation::getTranslateZ (19 bytes)
Event: 51.071 Thread 0x000001d52b9feec0 nmethod 5289 0x000001d516245710 code [0x000001d5162458c0, 0x000001d516245c78]
Event: 51.071 Thread 0x000001d52b9feec0 5290       3       javafx.scene.Node$NodeTransformation::hasTransforms (25 bytes)
Event: 51.071 Thread 0x000001d52b9feec0 nmethod 5290 0x000001d516245d90 code [0x000001d516245f20, 0x000001d516246188]

GC Heap History (8 events):
Event: 1.371 GC heap before
{Heap before GC invocations=0 (full 0):
 garbage-first heap   total 192512K, used 20480K [0x0000000744400000, 0x0000000800000000)
  region size 2048K, 11 young (22528K), 0 survivors (0K)
 Metaspace       used 5127K, committed 5312K, reserved 1114112K
  class space    used 558K, committed 640K, reserved 1048576K
}
Event: 1.378 GC heap after
{Heap after GC invocations=1 (full 0):
 garbage-first heap   total 192512K, used 3294K [0x0000000744400000, 0x0000000800000000)
  region size 2048K, 2 young (4096K), 2 survivors (4096K)
 Metaspace       used 5127K, committed 5312K, reserved 1114112K
  class space    used 558K, committed 640K, reserved 1048576K
}
Event: 3.002 GC heap before
{Heap before GC invocations=1 (full 0):
 garbage-first heap   total 192512K, used 36062K [0x0000000744400000, 0x0000000800000000)
  region size 2048K, 19 young (38912K), 2 survivors (4096K)
 Metaspace       used 19007K, committed 19264K, reserved 1114112K
  class space    used 2523K, committed 2624K, reserved 1048576K
}
Event: 3.011 GC heap after
{Heap after GC invocations=2 (full 0):
 garbage-first heap   total 192512K, used 8532K [0x0000000744400000, 0x0000000800000000)
  region size 2048K, 3 young (6144K), 3 survivors (6144K)
 Metaspace       used 19007K, committed 19264K, reserved 1114112K
  class space    used 2523K, committed 2624K, reserved 1048576K
}
Event: 3.420 GC heap before
{Heap before GC invocations=2 (full 0):
 garbage-first heap   total 192512K, used 16724K [0x0000000744400000, 0x0000000800000000)
  region size 2048K, 8 young (16384K), 3 survivors (6144K)
 Metaspace       used 21213K, committed 21504K, reserved 1114112K
  class space    used 2866K, committed 3008K, reserved 1048576K
}
Event: 3.424 GC heap after
{Heap after GC invocations=3 (full 0):
 garbage-first heap   total 192512K, used 9494K [0x0000000744400000, 0x0000000800000000)
  region size 2048K, 4 young (8192K), 4 survivors (8192K)
 Metaspace       used 21213K, committed 21504K, reserved 1114112K
  class space    used 2866K, committed 3008K, reserved 1048576K
}
Event: 50.363 GC heap before
{Heap before GC invocations=4 (full 0):
 garbage-first heap   total 49152K, used 46358K [0x0000000744400000, 0x0000000800000000)
  region size 2048K, 21 young (43008K), 4 survivors (8192K)
 Metaspace       used 26002K, committed 26368K, reserved 1114112K
  class space    used 3544K, committed 3712K, reserved 1048576K
}
Event: 50.372 GC heap after
{Heap after GC invocations=5 (full 0):
 garbage-first heap   total 57344K, used 13451K [0x0000000744400000, 0x0000000800000000)
  region size 2048K, 4 young (8192K), 4 survivors (8192K)
 Metaspace       used 26002K, committed 26368K, reserved 1114112K
  class space    used 3544K, committed 3712K, reserved 1048576K
}

Dll operation events (20 events):
Event: 0.839 Loaded shared library C:\Users\16473\.openjfx\cache\20.0.1+2\amd64\api-ms-win-crt-multibyte-l1-1-0.dll
Event: 0.848 Loaded shared library C:\Users\16473\.openjfx\cache\20.0.1+2\amd64\api-ms-win-crt-private-l1-1-0.dll
Event: 0.854 Loaded shared library C:\Users\16473\.openjfx\cache\20.0.1+2\amd64\api-ms-win-crt-process-l1-1-0.dll
Event: 0.859 Loaded shared library C:\Users\16473\.openjfx\cache\20.0.1+2\amd64\api-ms-win-crt-runtime-l1-1-0.dll
Event: 0.867 Loaded shared library C:\Users\16473\.openjfx\cache\20.0.1+2\amd64\api-ms-win-crt-stdio-l1-1-0.dll
Event: 0.873 Loaded shared library C:\Users\16473\.openjfx\cache\20.0.1+2\amd64\api-ms-win-crt-string-l1-1-0.dll
Event: 0.879 Loaded shared library C:\Users\16473\.openjfx\cache\20.0.1+2\amd64\api-ms-win-crt-time-l1-1-0.dll
Event: 0.883 Loaded shared library C:\Users\16473\.openjfx\cache\20.0.1+2\amd64\api-ms-win-crt-utility-l1-1-0.dll
Event: 0.912 Loaded shared library C:\Users\16473\.openjfx\cache\20.0.1+2\amd64\ucrtbase.dll
Event: 0.918 Loaded shared library C:\Users\16473\.openjfx\cache\20.0.1+2\amd64\vcruntime140.dll
Event: 0.927 Loaded shared library C:\Users\16473\.openjfx\cache\20.0.1+2\amd64\vcruntime140_1.dll
Event: 0.945 Loaded shared library C:\Users\16473\.openjfx\cache\20.0.1+2\amd64\msvcp140.dll
Event: 0.952 Loaded shared library C:\Users\16473\.openjfx\cache\20.0.1+2\amd64\msvcp140_1.dll
Event: 0.959 Loaded shared library C:\Users\16473\.openjfx\cache\20.0.1+2\amd64\msvcp140_2.dll
Event: 1.025 Loaded shared library C:\Users\16473\.openjfx\cache\20.0.1+2\amd64\prism_d3d.dll
Event: 1.086 Loaded shared library C:\Program Files\Java\jdk-20\bin\jimage.dll
Event: 1.213 Loaded shared library C:\Users\16473\.openjfx\cache\20.0.1+2\amd64\glass.dll
Event: 1.818 Loaded shared library C:\Program Files\Java\jdk-20\bin\sunmscapi.dll
Event: 2.581 Loaded shared library C:\Users\16473\.openjfx\cache\20.0.1+2\amd64\javafx_font.dll
Event: 3.085 Loaded shared library C:\Users\16473\.openjfx\cache\20.0.1+2\amd64\javafx_iio.dll

Deoptimization events (20 events):
Event: 50.466 Thread 0x000001d57178df40 DEOPT PACKING pc=0x000001d51d3e9c14 sp=0x0000008a435fdab0
Event: 50.466 Thread 0x000001d57178df40 DEOPT UNPACKING pc=0x000001d51cd49d22 sp=0x0000008a435fd970 mode 2
Event: 50.622 Thread 0x000001d5711f1990 DEOPT PACKING pc=0x000001d5160d330b sp=0x0000008a42bfd240
Event: 50.622 Thread 0x000001d5711f1990 DEOPT UNPACKING pc=0x000001d51cd4a4c2 sp=0x0000008a42bfc6d8 mode 0
Event: 50.956 Thread 0x000001d57178df40 Uncommon trap: trap_request=0xffffffde fr.pc=0x000001d51d5101e4 relative=0x00000000000001e4
Event: 50.956 Thread 0x000001d57178df40 Uncommon trap: reason=class_check action=maybe_recompile pc=0x000001d51d5101e4 method=java.lang.reflect.Array.newInstance(Ljava/lang/Class;I)Ljava/lang/Object; @ 2 c2
Event: 50.956 Thread 0x000001d57178df40 DEOPT PACKING pc=0x000001d51d5101e4 sp=0x0000008a435fd310
Event: 50.956 Thread 0x000001d57178df40 DEOPT UNPACKING pc=0x000001d51cd49d22 sp=0x0000008a435fd210 mode 2
Event: 50.956 Thread 0x000001d57178df40 Uncommon trap: trap_request=0xffffffde fr.pc=0x000001d51d5101e4 relative=0x00000000000001e4
Event: 50.956 Thread 0x000001d57178df40 Uncommon trap: reason=class_check action=maybe_recompile pc=0x000001d51d5101e4 method=java.lang.reflect.Array.newInstance(Ljava/lang/Class;I)Ljava/lang/Object; @ 2 c2
Event: 50.956 Thread 0x000001d57178df40 DEOPT PACKING pc=0x000001d51d5101e4 sp=0x0000008a435fd310
Event: 50.956 Thread 0x000001d57178df40 DEOPT UNPACKING pc=0x000001d51cd49d22 sp=0x0000008a435fd210 mode 2
Event: 50.956 Thread 0x000001d57178df40 Uncommon trap: trap_request=0xffffffde fr.pc=0x000001d51d5101e4 relative=0x00000000000001e4
Event: 50.956 Thread 0x000001d57178df40 Uncommon trap: reason=class_check action=maybe_recompile pc=0x000001d51d5101e4 method=java.lang.reflect.Array.newInstance(Ljava/lang/Class;I)Ljava/lang/Object; @ 2 c2
Event: 50.956 Thread 0x000001d57178df40 DEOPT PACKING pc=0x000001d51d5101e4 sp=0x0000008a435fd310
Event: 50.956 Thread 0x000001d57178df40 DEOPT UNPACKING pc=0x000001d51cd49d22 sp=0x0000008a435fd210 mode 2
Event: 50.956 Thread 0x000001d57178df40 Uncommon trap: trap_request=0xffffffde fr.pc=0x000001d51d5101e4 relative=0x00000000000001e4
Event: 50.956 Thread 0x000001d57178df40 Uncommon trap: reason=class_check action=maybe_recompile pc=0x000001d51d5101e4 method=java.lang.reflect.Array.newInstance(Ljava/lang/Class;I)Ljava/lang/Object; @ 2 c2
Event: 50.956 Thread 0x000001d57178df40 DEOPT PACKING pc=0x000001d51d5101e4 sp=0x0000008a435fd310
Event: 50.956 Thread 0x000001d57178df40 DEOPT UNPACKING pc=0x000001d51cd49d22 sp=0x0000008a435fd210 mode 2

Classes loaded (20 events):
Event: 3.352 Loading class java/util/concurrent/locks/ReentrantReadWriteLock$Sync$HoldCounter
Event: 3.353 Loading class java/util/concurrent/locks/ReentrantReadWriteLock$Sync$HoldCounter done
Event: 3.366 Loading class java/util/EnumMap$Values
Event: 3.366 Loading class java/util/EnumMap$Values done
Event: 3.366 Loading class java/util/EnumMap$ValueIterator
Event: 3.366 Loading class java/util/EnumMap$EnumMapIterator
Event: 3.366 Loading class java/util/EnumMap$EnumMapIterator done
Event: 3.366 Loading class java/util/EnumMap$ValueIterator done
Event: 3.395 Loading class java/nio/ShortBuffer
Event: 3.395 Loading class java/nio/ShortBuffer done
Event: 3.395 Loading class java/nio/DoubleBuffer
Event: 3.395 Loading class java/nio/DoubleBuffer done
Event: 3.396 Loading class java/nio/DirectFloatBufferU
Event: 3.396 Loading class java/nio/DirectFloatBufferU done
Event: 3.444 Loading class jdk/internal/ref/CleanerImpl$InnocuousThreadFactory
Event: 3.444 Loading class jdk/internal/ref/CleanerImpl$InnocuousThreadFactory done
Event: 3.456 Loading class sun/misc/Unsafe
Event: 3.456 Loading class sun/misc/Unsafe done
Event: 3.457 Loading class java/lang/invoke/DirectMethodHandle$StaticAccessor
Event: 3.457 Loading class java/lang/invoke/DirectMethodHandle$StaticAccessor done

Classes unloaded (0 events):
No events

Classes redefined (0 events):
No events

Internal exceptions (20 events):
Event: 2.906 Thread 0x000001d57178df40 Implicit null exception at 0x000001d51d33609d to 0x000001d51d3362fc
Event: 2.907 Thread 0x000001d57178df40 Implicit null exception at 0x000001d51d29b11d to 0x000001d51d29b199
Event: 2.976 Thread 0x000001d57178df40 Implicit null exception at 0x000001d51d3327fe to 0x000001d51d332e24
Event: 3.034 Thread 0x000001d57178df40 Exception <a 'java/lang/IncompatibleClassChangeError'{0x000000074ffd5a80}: Found class java.lang.Object, but interface was expected> (0x000000074ffd5a80) 
thrown [s\open\src\hotspot\share\interpreter\linkResolver.cpp, line 840]
Event: 3.121 Thread 0x000001d57178df40 Exception <a 'java/lang/NoSuchMethodError'{0x000000074fdff060}: 'int java.lang.invoke.DirectMethodHandle$Holder.invokeSpecial(java.lang.Object, java.lang.Object, int)'> (0x000000074fdff060) 
thrown [s\open\src\hotspot\share\interpreter\linkResolver.cpp, line 773]
Event: 3.121 Thread 0x000001d57178df40 Exception <a 'java/lang/NoSuchMethodError'{0x000000074fa1a928}: 'int java.lang.invoke.DirectMethodHandle$Holder.invokeSpecial(java.lang.Object, java.lang.Object, java.lang.Object, int)'> (0x000000074fa1a928) 
thrown [s\open\src\hotspot\share\interpreter\linkResolver.cpp, line 773]
Event: 3.122 Thread 0x000001d57178df40 Exception <a 'java/lang/NoSuchMethodError'{0x000000074fa2ca70}: 'java.lang.Object java.lang.invoke.DirectMethodHandle$Holder.invokeStatic(java.lang.Object, java.lang.Object, java.lang.Object, java.lang.Object, int)'> (0x000000074fa2ca70) 
thrown [s\open\src\hotspot\share\interpreter\linkResolver.cpp, line 773]
Event: 3.201 Thread 0x000001d57178df40 Exception <a 'java/lang/NoSuchMethodError'{0x000000074f84a8b0}: 'java.lang.Object java.lang.invoke.DirectMethodHandle$Holder.newInvokeSpecial(java.lang.Object, java.lang.Object, int)'> (0x000000074f84a8b0) 
thrown [s\open\src\hotspot\share\interpreter\linkResolver.cpp, line 773]
Event: 3.305 Thread 0x000001d57178df40 Exception <a 'java/lang/NoSuchMethodError'{0x000000074f8cc1d0}: 'long java.lang.invoke.DirectMethodHandle$Holder.invokeStatic(java.lang.Object, java.lang.Object, java.lang.Object)'> (0x000000074f8cc1d0) 
thrown [s\open\src\hotspot\share\interpreter\linkResolver.cpp, line 773]
Event: 3.305 Thread 0x000001d57178df40 Exception <a 'java/lang/NoSuchMethodError'{0x000000074f8cf5a0}: 'long java.lang.invoke.DirectMethodHandle$Holder.invokeStaticInit(java.lang.Object, java.lang.Object, java.lang.Object)'> (0x000000074f8cf5a0) 
thrown [s\open\src\hotspot\share\interpreter\linkResolver.cpp, line 773]
Event: 3.307 Thread 0x000001d57178df40 Exception <a 'java/lang/NoSuchMethodError'{0x000000074f98b6f8}: 'java.lang.Object java.lang.invoke.DirectMethodHandle$Holder.newInvokeSpecial(java.lang.Object, java.lang.Object, long)'> (0x000000074f98b6f8) 
thrown [s\open\src\hotspot\share\interpreter\linkResolver.cpp, line 773]
Event: 3.308 Thread 0x000001d57178df40 Exception <a 'java/lang/NoSuchMethodError'{0x000000074f98eff0}: 'java.lang.Object java.lang.invoke.Invokers$Holder.linkToTargetMethod(java.lang.Object, long, java.lang.Object)'> (0x000000074f98eff0) 
thrown [s\open\src\hotspot\share\interpreter\linkResolver.cpp, line 773]
Event: 3.356 Thread 0x000001d5711f1990 Exception <a 'java/lang/NoSuchMethodError'{0x000000074f68b508}: 'int java.lang.invoke.DirectMethodHandle$Holder.invokeStaticInit(java.lang.Object, java.lang.Object)'> (0x000000074f68b508) 
thrown [s\open\src\hotspot\share\interpreter\linkResolver.cpp, line 773]
Event: 5.202 Thread 0x000001d57178df40 Exception <a 'java/io/IOException'{0x0000000746393880}> (0x0000000746393880) 
thrown [s\open\src\hotspot\share\prims\jni.cpp, line 519]
Event: 5.244 Thread 0x000001d57178df40 Exception <a 'java/lang/ClassNotFoundException'{0x000000074607b9d0}: com/sun/javafx/scene/control/skin/resources/controls> (0x000000074607b9d0) 
thrown [s\open\src\hotspot\share\prims\jni.cpp, line 538]
Event: 5.245 Thread 0x000001d57178df40 Exception <a 'java/lang/ClassNotFoundException'{0x0000000746089a80}: com/sun/javafx/scene/control/skin/resources/controls_en> (0x0000000746089a80) 
thrown [s\open\src\hotspot\share\prims\jni.cpp, line 538]
Event: 5.245 Thread 0x000001d57178df40 Exception <a 'java/lang/ClassNotFoundException'{0x000000074608ad00}: com/sun/javafx/scene/control/skin/resources/controls_en_CA> (0x000000074608ad00) 
thrown [s\open\src\hotspot\share\prims\jni.cpp, line 538]
Event: 50.187 Thread 0x000001d57178df40 Exception <a 'java/lang/NoSuchMethodError'{0x0000000744c19330}: 'java.lang.Object java.lang.invoke.DirectMethodHandle$Holder.newInvokeSpecial(java.lang.Object, java.lang.Object, int, int, int, int, int, java.lang.Object)'> (0x0000000744c19330) 
thrown [s\open\src\hotspot\share\interpreter\linkResolver.cpp, line 773]
Event: 50.188 Thread 0x000001d57178df40 Exception <a 'java/lang/NoSuchMethodError'{0x0000000744c2b870}: 'java.lang.Object java.lang.invoke.DirectMethodHandle$Holder.newInvokeSpecial(java.lang.Object, java.lang.Object, java.lang.Object, int, int, int, int, int)'> (0x0000000744c2b870) 
thrown [s\open\src\hotspot\share\interpreter\linkResolver.cpp, line 773]
Event: 50.188 Thread 0x000001d57178df40 Exception <a 'java/lang/NoSuchMethodError'{0x0000000744c32bb0}: 'java.lang.Object java.lang.invoke.Invokers$Holder.linkToTargetMethod(java.lang.Object, java.lang.Object, int, int, int, int, int, java.lang.Object)'> (0x0000000744c32bb0) 
thrown [s\open\src\hotspot\share\interpreter\linkResolver.cpp, line 773]

VM Operations (20 events):
Event: 18.406 Executing VM operation: Cleanup
Event: 18.406 Executing VM operation: Cleanup done
Event: 20.407 Executing VM operation: Cleanup
Event: 20.407 Executing VM operation: Cleanup done
Event: 21.408 Executing VM operation: Cleanup
Event: 21.409 Executing VM operation: Cleanup done
Event: 31.413 Executing VM operation: Cleanup
Event: 31.413 Executing VM operation: Cleanup done
Event: 36.415 Executing VM operation: Cleanup
Event: 36.415 Executing VM operation: Cleanup done
Event: 46.421 Executing VM operation: Cleanup
Event: 46.421 Executing VM operation: Cleanup done
Event: 49.422 Executing VM operation: Cleanup
Event: 49.422 Executing VM operation: Cleanup done
Event: 50.355 Executing VM operation: ICBufferFull
Event: 50.355 Executing VM operation: ICBufferFull done
Event: 50.362 Executing VM operation: G1CollectForAllocation
Event: 50.372 Executing VM operation: G1CollectForAllocation done
Event: 50.983 Executing VM operation: ICBufferFull
Event: 50.984 Executing VM operation: ICBufferFull done

Events (20 events):
Event: 3.029 Thread 0x000001d5728c0300 Thread added: 0x000001d5728c0300
Event: 3.263 Thread 0x000001d5730c4c40 Thread exited: 0x000001d5730c4c40
Event: 3.297 Thread 0x000001d5717af3e0 Thread exited: 0x000001d5717af3e0
Event: 3.444 Thread 0x000001d5728c32d0 Thread added: 0x000001d5728c32d0
Event: 3.728 Thread 0x000001d57a6da290 Thread added: 0x000001d57a6da290
Event: 4.271 Thread 0x000001d57a6da290 Thread exited: 0x000001d57a6da290
Event: 5.177 Thread 0x000001d57a94dac0 Thread added: 0x000001d57a94dac0
Event: 5.481 Thread 0x000001d57acaa9a0 Thread added: 0x000001d57acaa9a0
Event: 6.282 Thread 0x000001d57acaa9a0 Thread exited: 0x000001d57acaa9a0
Event: 6.305 Thread 0x000001d57a94dac0 Thread exited: 0x000001d57a94dac0
Event: 11.818 Thread 0x000001d57aa845a0 Thread added: 0x000001d57aa845a0
Event: 11.823 Thread 0x000001d57aa84b30 Thread added: 0x000001d57aa84b30
Event: 12.591 Thread 0x000001d57aa84b30 Thread exited: 0x000001d57aa84b30
Event: 12.627 Thread 0x000001d57aa845a0 Thread exited: 0x000001d57aa845a0
Event: 13.512 Thread 0x000001d57aa845a0 Thread added: 0x000001d57aa845a0
Event: 15.028 Thread 0x000001d57aa845a0 Thread exited: 0x000001d57aa845a0
Event: 19.573 Thread 0x000001d57aa845a0 Thread added: 0x000001d57aa845a0
Event: 19.754 Thread 0x000001d57aa845a0 Thread exited: 0x000001d57aa845a0
Event: 50.225 Thread 0x000001d570e11090 Thread added: 0x000001d570e11090
Event: 50.418 Thread 0x000001d57ac56ab0 Thread added: 0x000001d57ac56ab0


Dynamic libraries:
0x00007ff6f1ec0000 - 0x00007ff6f1ed0000 	C:\Program Files\Java\jdk-20\bin\java.exe
0x00007ffc6d5d0000 - 0x00007ffc6d7e7000 	C:\WINDOWS\SYSTEM32\ntdll.dll
0x00007ffc6b320000 - 0x00007ffc6b3e4000 	C:\WINDOWS\System32\KERNEL32.DLL
0x00007ffc6a910000 - 0x00007ffc6acb6000 	C:\WINDOWS\System32\KERNELBASE.dll
0x00007ffc6b0e0000 - 0x00007ffc6b1f1000 	C:\WINDOWS\System32\ucrtbase.dll
0x00007ffc63500000 - 0x00007ffc63519000 	C:\Program Files\Java\jdk-20\bin\jli.dll
0x00007ffc634e0000 - 0x00007ffc634fb000 	C:\Program Files\Java\jdk-20\bin\VCRUNTIME140.dll
0x00007ffc6d040000 - 0x00007ffc6d0f3000 	C:\WINDOWS\System32\ADVAPI32.dll
0x00007ffc6b740000 - 0x00007ffc6b7e7000 	C:\WINDOWS\System32\msvcrt.dll
0x00007ffc6b690000 - 0x00007ffc6b738000 	C:\WINDOWS\System32\sechost.dll
0x00007ffc6aff0000 - 0x00007ffc6b018000 	C:\WINDOWS\System32\bcrypt.dll
0x00007ffc6d260000 - 0x00007ffc6d377000 	C:\WINDOWS\System32\RPCRT4.dll
0x00007ffc6d390000 - 0x00007ffc6d53e000 	C:\WINDOWS\System32\USER32.dll
0x00007ffc6afc0000 - 0x00007ffc6afe6000 	C:\WINDOWS\System32\win32u.dll
0x00007ffc458c0000 - 0x00007ffc45b53000 	C:\WINDOWS\WinSxS\amd64_microsoft.windows.common-controls_6595b64144ccf1df_6.0.22621.2506_none_270c5ae97388e100\COMCTL32.dll
0x00007ffc6cff0000 - 0x00007ffc6d019000 	C:\WINDOWS\System32\GDI32.dll
0x00007ffc6b200000 - 0x00007ffc6b318000 	C:\WINDOWS\System32\gdi32full.dll
0x00007ffc6ae30000 - 0x00007ffc6aeca000 	C:\WINDOWS\System32\msvcp_win.dll
0x00007ffc52c10000 - 0x00007ffc52c1a000 	C:\WINDOWS\SYSTEM32\VERSION.dll
0x00007ffc6bff0000 - 0x00007ffc6c021000 	C:\WINDOWS\System32\IMM32.DLL
0x00007ffc634d0000 - 0x00007ffc634dc000 	C:\Program Files\Java\jdk-20\bin\vcruntime140_1.dll
0x00007ffc3da40000 - 0x00007ffc3dace000 	C:\Program Files\Java\jdk-20\bin\msvcp140.dll
0x00007ffbd44a0000 - 0x00007ffbd5138000 	C:\Program Files\Java\jdk-20\bin\server\jvm.dll
0x00007ffc624e0000 - 0x00007ffc62514000 	C:\WINDOWS\SYSTEM32\WINMM.dll
0x00007ffc622f0000 - 0x00007ffc622f9000 	C:\WINDOWS\SYSTEM32\WSOCK32.dll
0x00007ffc6b610000 - 0x00007ffc6b681000 	C:\WINDOWS\System32\WS2_32.dll
0x00007ffc69910000 - 0x00007ffc69928000 	C:\WINDOWS\SYSTEM32\kernel.appcore.dll
0x00007ffc634c0000 - 0x00007ffc634ca000 	C:\Program Files\Java\jdk-20\bin\jimage.dll
0x00007ffc67cc0000 - 0x00007ffc67ef3000 	C:\WINDOWS\SYSTEM32\DBGHELP.DLL
0x00007ffc6b7f0000 - 0x00007ffc6bb79000 	C:\WINDOWS\System32\combase.dll
0x00007ffc6be30000 - 0x00007ffc6bf07000 	C:\WINDOWS\System32\OLEAUT32.dll
0x00007ffc5e340000 - 0x00007ffc5e372000 	C:\WINDOWS\SYSTEM32\dbgcore.DLL
0x00007ffc6aed0000 - 0x00007ffc6af4a000 	C:\WINDOWS\System32\bcryptPrimitives.dll
0x00007ffc65810000 - 0x00007ffc6581e000 	C:\Program Files\Java\jdk-20\bin\instrument.dll
0x00007ffc3da10000 - 0x00007ffc3da36000 	C:\Program Files\Java\jdk-20\bin\java.dll
0x00007ffc3d930000 - 0x00007ffc3da07000 	C:\Program Files\Java\jdk-20\bin\jsvml.dll
0x00007ffc6c5e0000 - 0x00007ffc6ce3b000 	C:\WINDOWS\System32\SHELL32.dll
0x00007ffc68820000 - 0x00007ffc69116000 	C:\WINDOWS\SYSTEM32\windows.storage.dll
0x00007ffc686e0000 - 0x00007ffc6881e000 	C:\WINDOWS\SYSTEM32\wintypes.dll
0x00007ffc6b510000 - 0x00007ffc6b603000 	C:\WINDOWS\System32\SHCORE.dll
0x00007ffc6bf10000 - 0x00007ffc6bf6e000 	C:\WINDOWS\System32\shlwapi.dll
0x00007ffc6a840000 - 0x00007ffc6a866000 	C:\WINDOWS\SYSTEM32\profapi.dll
0x00007ffc634a0000 - 0x00007ffc634b3000 	C:\Program Files\Java\jdk-20\bin\net.dll
0x00007ffc61ed0000 - 0x00007ffc62007000 	C:\WINDOWS\SYSTEM32\WINHTTP.dll
0x00007ffc69d80000 - 0x00007ffc69de9000 	C:\WINDOWS\system32\mswsock.dll
0x00007ffc3d820000 - 0x00007ffc3d836000 	C:\Program Files\Java\jdk-20\bin\nio.dll
0x00007ffc3d910000 - 0x00007ffc3d928000 	C:\Program Files\Java\jdk-20\bin\zip.dll
0x00007ffc500b0000 - 0x00007ffc500ca000 	C:\Program Files\JetBrains\IntelliJ IDEA Community Edition 2023.2.2\bin\breakgen64.dll
0x000001d50d680000 - 0x000001d50d683000 	C:\Users\16473\.openjfx\cache\20.0.1+2\amd64\api-ms-win-core-console-l1-1-0.dll
0x000001d50d690000 - 0x000001d50d693000 	C:\Users\16473\.openjfx\cache\20.0.1+2\amd64\api-ms-win-core-console-l1-2-0.dll
0x000001d52bb30000 - 0x000001d52bb33000 	C:\Users\16473\.openjfx\cache\20.0.1+2\amd64\api-ms-win-core-datetime-l1-1-0.dll
0x000001d52bb40000 - 0x000001d52bb43000 	C:\Users\16473\.openjfx\cache\20.0.1+2\amd64\api-ms-win-core-debug-l1-1-0.dll
0x000001d52bb50000 - 0x000001d52bb53000 	C:\Users\16473\.openjfx\cache\20.0.1+2\amd64\api-ms-win-core-errorhandling-l1-1-0.dll
0x000001d52bb60000 - 0x000001d52bb64000 	C:\Users\16473\.openjfx\cache\20.0.1+2\amd64\api-ms-win-core-file-l1-1-0.dll
0x000001d52bb70000 - 0x000001d52bb73000 	C:\Users\16473\.openjfx\cache\20.0.1+2\amd64\api-ms-win-core-file-l1-2-0.dll
0x000001d52bb80000 - 0x000001d52bb83000 	C:\Users\16473\.openjfx\cache\20.0.1+2\amd64\api-ms-win-core-file-l2-1-0.dll
0x000001d52bb90000 - 0x000001d52bb93000 	C:\Users\16473\.openjfx\cache\20.0.1+2\amd64\api-ms-win-core-handle-l1-1-0.dll
0x000001d52bba0000 - 0x000001d52bba3000 	C:\Users\16473\.openjfx\cache\20.0.1+2\amd64\api-ms-win-core-heap-l1-1-0.dll
0x000001d52bbb0000 - 0x000001d52bbb3000 	C:\Users\16473\.openjfx\cache\20.0.1+2\amd64\api-ms-win-core-interlocked-l1-1-0.dll
0x000001d52bbc0000 - 0x000001d52bbc3000 	C:\Users\16473\.openjfx\cache\20.0.1+2\amd64\api-ms-win-core-libraryloader-l1-1-0.dll
0x000001d52bbd0000 - 0x000001d52bbd3000 	C:\Users\16473\.openjfx\cache\20.0.1+2\amd64\api-ms-win-core-localization-l1-2-0.dll
0x000001d52bbe0000 - 0x000001d52bbe3000 	C:\Users\16473\.openjfx\cache\20.0.1+2\amd64\api-ms-win-core-memory-l1-1-0.dll
0x000001d52bbf0000 - 0x000001d52bbf3000 	C:\Users\16473\.openjfx\cache\20.0.1+2\amd64\api-ms-win-core-namedpipe-l1-1-0.dll
0x000001d571800000 - 0x000001d571803000 	C:\Users\16473\.openjfx\cache\20.0.1+2\amd64\api-ms-win-core-processenvironment-l1-1-0.dll
0x000001d571810000 - 0x000001d571813000 	C:\Users\16473\.openjfx\cache\20.0.1+2\amd64\api-ms-win-core-processthreads-l1-1-0.dll
0x000001d571820000 - 0x000001d571823000 	C:\Users\16473\.openjfx\cache\20.0.1+2\amd64\api-ms-win-core-processthreads-l1-1-1.dll
0x000001d571830000 - 0x000001d571833000 	C:\Users\16473\.openjfx\cache\20.0.1+2\amd64\api-ms-win-core-profile-l1-1-0.dll
0x000001d571840000 - 0x000001d571843000 	C:\Users\16473\.openjfx\cache\20.0.1+2\amd64\api-ms-win-core-rtlsupport-l1-1-0.dll
0x000001d571850000 - 0x000001d571853000 	C:\Users\16473\.openjfx\cache\20.0.1+2\amd64\api-ms-win-core-string-l1-1-0.dll
0x000001d571860000 - 0x000001d571863000 	C:\Users\16473\.openjfx\cache\20.0.1+2\amd64\api-ms-win-core-synch-l1-1-0.dll
0x000001d571870000 - 0x000001d571873000 	C:\Users\16473\.openjfx\cache\20.0.1+2\amd64\api-ms-win-core-synch-l1-2-0.dll
0x000001d571880000 - 0x000001d571883000 	C:\Users\16473\.openjfx\cache\20.0.1+2\amd64\api-ms-win-core-sysinfo-l1-1-0.dll
0x000001d571890000 - 0x000001d571893000 	C:\Users\16473\.openjfx\cache\20.0.1+2\amd64\api-ms-win-core-timezone-l1-1-0.dll
0x000001d5718a0000 - 0x000001d5718a3000 	C:\Users\16473\.openjfx\cache\20.0.1+2\amd64\api-ms-win-core-util-l1-1-0.dll
0x000001d5718b0000 - 0x000001d5718b3000 	C:\Users\16473\.openjfx\cache\20.0.1+2\amd64\api-ms-win-crt-conio-l1-1-0.dll
0x000001d5718c0000 - 0x000001d5718c4000 	C:\Users\16473\.openjfx\cache\20.0.1+2\amd64\api-ms-win-crt-convert-l1-1-0.dll
0x000001d5718d0000 - 0x000001d5718d3000 	C:\Users\16473\.openjfx\cache\20.0.1+2\amd64\api-ms-win-crt-environment-l1-1-0.dll
0x000001d5718e0000 - 0x000001d5718e3000 	C:\Users\16473\.openjfx\cache\20.0.1+2\amd64\api-ms-win-crt-filesystem-l1-1-0.dll
0x000001d5718f0000 - 0x000001d5718f3000 	C:\Users\16473\.openjfx\cache\20.0.1+2\amd64\api-ms-win-crt-heap-l1-1-0.dll
0x000001d571900000 - 0x000001d571903000 	C:\Users\16473\.openjfx\cache\20.0.1+2\amd64\api-ms-win-crt-locale-l1-1-0.dll
0x000001d571910000 - 0x000001d571915000 	C:\Users\16473\.openjfx\cache\20.0.1+2\amd64\api-ms-win-crt-math-l1-1-0.dll
0x000001d571920000 - 0x000001d571925000 	C:\Users\16473\.openjfx\cache\20.0.1+2\amd64\api-ms-win-crt-multibyte-l1-1-0.dll
0x000001d571930000 - 0x000001d571940000 	C:\Users\16473\.openjfx\cache\20.0.1+2\amd64\api-ms-win-crt-private-l1-1-0.dll
0x000001d571940000 - 0x000001d571943000 	C:\Users\16473\.openjfx\cache\20.0.1+2\amd64\api-ms-win-crt-process-l1-1-0.dll
0x000001d571950000 - 0x000001d571954000 	C:\Users\16473\.openjfx\cache\20.0.1+2\amd64\api-ms-win-crt-runtime-l1-1-0.dll
0x000001d571960000 - 0x000001d571964000 	C:\Users\16473\.openjfx\cache\20.0.1+2\amd64\api-ms-win-crt-stdio-l1-1-0.dll
0x000001d571970000 - 0x000001d571974000 	C:\Users\16473\.openjfx\cache\20.0.1+2\amd64\api-ms-win-crt-string-l1-1-0.dll
0x000001d571980000 - 0x000001d571983000 	C:\Users\16473\.openjfx\cache\20.0.1+2\amd64\api-ms-win-crt-time-l1-1-0.dll
0x000001d571990000 - 0x000001d571993000 	C:\Users\16473\.openjfx\cache\20.0.1+2\amd64\api-ms-win-crt-utility-l1-1-0.dll
0x00007ffc3ce10000 - 0x00007ffc3cf0c000 	C:\Users\16473\.openjfx\cache\20.0.1+2\amd64\ucrtbase.dll
0x00007ffc40c20000 - 0x00007ffc40c3b000 	C:\Users\16473\.openjfx\cache\20.0.1+2\amd64\vcruntime140.dll
0x00007ffc52850000 - 0x00007ffc5285c000 	C:\Users\16473\.openjfx\cache\20.0.1+2\amd64\vcruntime140_1.dll
0x00007ffc3f180000 - 0x00007ffc3f20e000 	C:\Users\16473\.openjfx\cache\20.0.1+2\amd64\msvcp140.dll
0x00007ffc52440000 - 0x00007ffc52449000 	C:\Users\16473\.openjfx\cache\20.0.1+2\amd64\msvcp140_1.dll
0x00007ffc3f3a0000 - 0x00007ffc3f3d0000 	C:\Users\16473\.openjfx\cache\20.0.1+2\amd64\msvcp140_2.dll
0x00007ffc3f370000 - 0x00007ffc3f39f000 	C:\Users\16473\.openjfx\cache\20.0.1+2\amd64\prism_d3d.dll
0x00007ffbf2ee0000 - 0x00007ffbf3089000 	C:\WINDOWS\system32\d3d9.dll
0x00007ffc67bd0000 - 0x00007ffc67bfb000 	C:\WINDOWS\SYSTEM32\dwmapi.dll
0x00007ffc67a60000 - 0x00007ffc67a99000 	C:\WINDOWS\SYSTEM32\dxcore.dll
0x00007ffc67940000 - 0x00007ffc679eb000 	C:\WINDOWS\system32\uxtheme.dll
0x00007ffbeebe0000 - 0x00007ffbeec90000 	C:\WINDOWS\SYSTEM32\d3d9on12.dll
0x00007ffc31930000 - 0x00007ffc31959000 	C:\WINDOWS\SYSTEM32\d3d12.dll
0x00007ffc67aa0000 - 0x00007ffc67b98000 	C:\WINDOWS\SYSTEM32\dxgi.dll
0x00007ffc6a580000 - 0x00007ffc6a5ce000 	C:\WINDOWS\SYSTEM32\cfgmgr32.dll
0x00007ffbee870000 - 0x00007ffbeea73000 	C:\WINDOWS\SYSTEM32\D3D12Core.dll
0x00007ffbee760000 - 0x00007ffbee867000 	C:\WINDOWS\System32\DriverStore\FileRepository\iigd_dch.inf_amd64_83257a102e1a6c76\igd12umd64.dll
0x00007ffbed850000 - 0x00007ffbee755000 	C:\WINDOWS\System32\DriverStore\FileRepository\iigd_dch.inf_amd64_83257a102e1a6c76\igd12um64xel.dll
0x00007ffc6acc0000 - 0x00007ffc6ae26000 	C:\WINDOWS\System32\CRYPT32.dll
0x00007ffc6ce50000 - 0x00007ffc6cff0000 	C:\WINDOWS\System32\ole32.dll
0x00007ffc271e0000 - 0x00007ffc27224000 	C:\WINDOWS\SYSTEM32\ControlLib.dll
0x00007ffc6c160000 - 0x00007ffc6c5d4000 	C:\WINDOWS\System32\SETUPAPI.dll
0x00007ffc6a550000 - 0x00007ffc6a57c000 	C:\WINDOWS\SYSTEM32\DEVOBJ.dll
0x00007ffc5e4e0000 - 0x00007ffc5e56b000 	C:\WINDOWS\System32\DriverStore\FileRepository\iigd_dch.inf_amd64_83257a102e1a6c76\IntelControlLib.dll
0x00007ffc6af50000 - 0x00007ffc6afbb000 	C:\WINDOWS\System32\WINTRUST.dll
0x00007ffc6a530000 - 0x00007ffc6a542000 	C:\WINDOWS\SYSTEM32\MSASN1.dll
0x00007ffc64f80000 - 0x00007ffc64fca000 	C:\WINDOWS\SYSTEM32\directxdatabasehelper.dll
0x00007ffc5d430000 - 0x00007ffc5d868000 	C:\WINDOWS\System32\DriverStore\FileRepository\iigd_dch.inf_amd64_83257a102e1a6c76\igdgmm64.dll
0x00007ffc55580000 - 0x00007ffc5942d000 	C:\WINDOWS\System32\DriverStore\FileRepository\iigd_dch.inf_amd64_83257a102e1a6c76\igc64.dll
0x00007ffc31900000 - 0x00007ffc3192f000 	C:\WINDOWS\SYSTEM32\D3DSCache.dll
0x00007ffc69e20000 - 0x00007ffc69e4c000 	C:\WINDOWS\SYSTEM32\USERENV.dll
0x00007ffbec900000 - 0x00007ffbecbfc000 	C:\WINDOWS\System32\DriverStore\FileRepository\iigd_dch.inf_amd64_83257a102e1a6c76\igd12dxva64.dll
0x00007ffc0b930000 - 0x00007ffc0cb13000 	C:\WINDOWS\System32\DriverStore\FileRepository\iigd_dch.inf_amd64_83257a102e1a6c76\igddxvacommon64.dll
0x00007ffc09c00000 - 0x00007ffc0b921000 	C:\WINDOWS\System32\DriverStore\FileRepository\iigd_dch.inf_amd64_83257a102e1a6c76\media_bin_64.dll
0x00007ffc09bd0000 - 0x00007ffc09bf7000 	C:\WINDOWS\System32\DriverStore\FileRepository\iigd_dch.inf_amd64_83257a102e1a6c76\igdinfo64.dll
0x00007ffc6a070000 - 0x00007ffc6a08b000 	C:\WINDOWS\SYSTEM32\CRYPTSP.dll
0x00007ffc69870000 - 0x00007ffc698a5000 	C:\WINDOWS\system32\rsaenh.dll
0x00007ffc69f80000 - 0x00007ffc69f8c000 	C:\WINDOWS\SYSTEM32\CRYPTBASE.dll
0x00007ffc61580000 - 0x00007ffc61807000 	C:\WINDOWS\SYSTEM32\twinapi.appcore.dll

dbghelp: loaded successfully - version: 4.0.5 - missing functions: none
symbol engine: initialized successfully - sym options: 0x614 - pdb path: .;C:\Program Files\Java\jdk-20\bin;C:\WINDOWS\SYSTEM32;C:\WINDOWS\WinSxS\amd64_microsoft.windows.common-controls_6595b64144ccf1df_6.0.22621.2506_none_270c5ae97388e100;C:\Program Files\Java\jdk-20\bin\server;C:\Program Files\JetBrains\IntelliJ IDEA Community Edition 2023.2.2\bin;C:\Users\16473\.openjfx\cache\20.0.1+2\amd64;C:\WINDOWS\System32\DriverStore\FileRepository\iigd_dch.inf_amd64_83257a102e1a6c76;C:\Program Files\Common Files\Microsoft Shared\Ink

VM Arguments:
jvm_args: -javaagent:C:\Program Files\JetBrains\IntelliJ IDEA Community Edition 2023.2.2\lib\idea_rt.jar=50572:C:\Program Files\JetBrains\IntelliJ IDEA Community Edition 2023.2.2\bin -Dfile.encoding=UTF-8 -Dsun.stdout.encoding=UTF-8 -Dsun.stderr.encoding=UTF-8 --module-path=C:\Users\16473\.m2\repository\org\openjfx\javafx-graphics\20.0.1\javafx-graphics-20.0.1-win.jar;C:\Users\16473\.m2\repository\org\openjfx\javafx-controls\20.0.1\javafx-controls-20.0.1-win.jar;C:\Users\16473\.m2\repository\org\openjfx\javafx-fxml\20.0.1\javafx-fxml-20.0.1-win.jar;C:\Users\16473\Desktop\GraphicalUserInterface\target\classes;C:\Users\16473\.m2\repository\org\openjfx\javafx-base\20.0.1\javafx-base-20.0.1-win.jar -Djdk.module.main=com.example.graphicaluserinterface 
java_command: com.example.graphicaluserinterface/com.example.graphicaluserinterface.MySQLChartApp
java_class_path (initial): C:\Users\16473\.m2\repository\org\openjfx\javafx-controls\20.0.1\javafx-controls-20.0.1.jar;C:\Users\16473\.m2\repository\org\openjfx\javafx-graphics\20.0.1\javafx-graphics-20.0.1.jar;C:\Users\16473\.m2\repository\org\openjfx\javafx-base\20.0.1\javafx-base-20.0.1.jar;C:\Users\16473\.m2\repository\org\openjfx\javafx-fxml\20.0.1\javafx-fxml-20.0.1.jar;C:\Users\16473\Desktop\mysql-connector-j-8.3.0\mysql-connector-j-8.3.0.jar
Launcher Type: SUN_STANDARD

[Global flags]
     intx CICompilerCount                          = 4                                         {product} {ergonomic}
     uint ConcGCThreads                            = 3                                         {product} {ergonomic}
     uint G1ConcRefinementThreads                  = 10                                        {product} {ergonomic}
   size_t G1HeapRegionSize                         = 2097152                                   {product} {ergonomic}
    uintx GCDrainStackTargetSize                   = 64                                        {product} {ergonomic}
   size_t InitialHeapSize                          = 197132288                                 {product} {ergonomic}
   size_t MarkStackSize                            = 4194304                                   {product} {ergonomic}
   size_t MaxHeapSize                              = 3149922304                                {product} {ergonomic}
   size_t MaxNewSize                               = 1889533952                                {product} {ergonomic}
   size_t MinHeapDeltaBytes                        = 2097152                                   {product} {ergonomic}
   size_t MinHeapSize                              = 8388608                                   {product} {ergonomic}
    uintx NonNMethodCodeHeapSize                   = 5839372                                {pd product} {ergonomic}
    uintx NonProfiledCodeHeapSize                  = 122909434                              {pd product} {ergonomic}
    uintx ProfiledCodeHeapSize                     = 122909434                              {pd product} {ergonomic}
    uintx ReservedCodeCacheSize                    = 251658240                              {pd product} {ergonomic}
     bool SegmentedCodeCache                       = true                                      {product} {ergonomic}
   size_t SoftMaxHeapSize                          = 3149922304                             {manageable} {ergonomic}
     bool UseCompressedClassPointers               = true                           {product lp64_product} {ergonomic}
     bool UseCompressedOops                        = true                           {product lp64_product} {ergonomic}
     bool UseG1GC                                  = true                                      {product} {ergonomic}
     bool UseLargePagesIndividualAllocation        = false                                  {pd product} {ergonomic}

Logging:
Log output configuration:
 #0: stdout all=warning uptime,level,tags foldmultilines=false
 #1: stderr all=off uptime,level,tags foldmultilines=false

Environment Variables:
PATH=C:\Program Files\Common Files\Oracle\Java\javapath;C:\WINDOWS\system32;C:\WINDOWS;C:\WINDOWS\System32\Wbem;C:\WINDOWS\System32\WindowsPowerShell\v1.0\;C:\WINDOWS\System32\OpenSSH\;C:\Program Files\Microsoft SQL Server\150\Tools\Binn\;C:\Program Files\Microsoft SQL Server\Client SDK\ODBC\170\Tools\Binn\;C:\Program Files\dotnet\;C:\Program Files\Git\cmd;C:\Users\16473\AppData\Local\Microsoft\WindowsApps;C:\Users\16473\AppData\Local\Programs\Microsoft VS Code\bin;C:\Users\16473\AppData\Local\GitHubDesktop\bin;C:\Users\16473\.dotnet\tools
USERNAME=16473
OS=Windows_NT
PROCESSOR_IDENTIFIER=Intel64 Family 6 Model 154 Stepping 4, GenuineIntel
TMP=C:\Users\16473\AppData\Local\Temp
TEMP=C:\Users\16473\AppData\Local\Temp




---------------  S Y S T E M  ---------------

OS:
 Windows 11 , 64 bit Build 22621 (10.0.22621.3085)
OS uptime: 0 days 0:40 hours
Hyper-V role detected

CPU: total 12 (initial active 12) (6 cores per cpu, 2 threads per core) family 6 model 154 stepping 4 microcode 0x416, cx8, cmov, fxsr, ht, mmx, 3dnowpref, sse, sse2, sse3, ssse3, sse4.1, sse4.2, popcnt, lzcnt, tsc, tscinvbit, avx, avx2, aes, erms, clmul, bmi1, bmi2, adx, sha, fma, vzeroupper, clflush, clflushopt, clwb, hv, serialize, rdtscp, rdpid, fsrm, f16c, cet_ibt, cet_ss

Memory: 4k page, system-wide physical 12012M (1921M free)
TotalPageFile size 16108M (AvailPageFile size 0M)
current process WorkingSet (physical memory assigned to process): 368M, peak: 378M
current process commit charge ("private bytes"): 419M, peak: 446M

vm_info: Java HotSpot(TM) 64-Bit Server VM (20.0.2+9-78) for windows-amd64 JRE (20.0.2+9-78), built on 2023-06-14T10:08:48Z by "mach5one" with MS VC++ 17.1 (VS2022)

END.
